2026-02-05 12:25:29,475 INFO:main.py:246:print_splash_screen:PDB2PQR v3.7.1: biomolecular structure conversion software.
2026-02-05 12:25:29,475 INFO:main.py:248:print_splash_screen:Please cite:  Jurrus E, et al.  Improvements to the APBS biomolecular solvation software suite.  Protein Sci 27 112-128 (2018).
2026-02-05 12:25:29,475 INFO:main.py:248:print_splash_screen:Please cite:  Dolinsky TJ, et al.  PDB2PQR: expanding and upgrading automated preparation of biomolecular structures for molecular simulations. Nucleic Acids Res 35 W522-W525 (2007).
2026-02-05 12:25:29,475 INFO:main.py:770:main_driver:Checking and transforming input arguments.
2026-02-05 12:25:29,475 INFO:main.py:774:main_driver:Loading topology files.
2026-02-05 12:25:29,529 INFO:main.py:776:main_driver:Loading molecule: data/04_out/aligned_struct/A0A0N7F297.aligned.pdb
2026-02-05 12:25:29,542 INFO:main.py:781:main_driver:Setting up molecule.
2026-02-05 12:25:29,552 INFO:main.py:423:setup_molecule:Created biomolecule object with 519 residues and 4154 atoms.
2026-02-05 12:25:29,553 INFO:main.py:785:main_driver:Setting termini states for biomolecule chains.
2026-02-05 12:25:29,560 INFO:main.py:616:non_trivial:Loading forcefield.
2026-02-05 12:25:29,566 INFO:main.py:620:non_trivial:Loading hydrogen topology definitions.
2026-02-05 12:25:29,570 INFO:main.py:474:is_repairable:This biomolecule is clean.  No repair needed.
2026-02-05 12:25:29,570 INFO:main.py:635:non_trivial:Updating disulfide bridges.
2026-02-05 12:25:29,570 INFO:main.py:638:non_trivial:Debumping biomolecule.
2026-02-05 12:25:29,650 INFO:main.py:661:non_trivial:Adding hydrogens to biomolecule.
2026-02-05 12:25:29,908 INFO:main.py:664:non_trivial:Debumping biomolecule (again).
2026-02-05 12:25:30,260 INFO:main.py:666:non_trivial:Optimizing hydrogen bonds
2026-02-05 12:25:30,260 INFO:__init__.py:375:initialize_wat_optimization:Initializing water bonding optimization...
2026-02-05 12:25:30,364 INFO:main.py:678:non_trivial:Applying force field to biomolecule states.
2026-02-05 12:25:30,368 INFO:main.py:725:non_trivial:Regenerating headers.
2026-02-05 12:25:30,369 INFO:main.py:750:non_trivial:Regenerating PDB lines.
2026-02-05 12:25:30,400 WARNING:main.py:326:print_pqr:Ignoring 390 header lines in output.
2026-02-05 12:45:19,001 INFO:main.py:246:print_splash_screen:PDB2PQR v3.7.1: biomolecular structure conversion software.
2026-02-05 12:45:19,002 INFO:main.py:248:print_splash_screen:Please cite:  Jurrus E, et al.  Improvements to the APBS biomolecular solvation software suite.  Protein Sci 27 112-128 (2018).
2026-02-05 12:45:19,002 INFO:main.py:248:print_splash_screen:Please cite:  Dolinsky TJ, et al.  PDB2PQR: expanding and upgrading automated preparation of biomolecular structures for molecular simulations. Nucleic Acids Res 35 W522-W525 (2007).
2026-02-05 12:45:19,002 INFO:main.py:770:main_driver:Checking and transforming input arguments.
2026-02-05 12:45:19,002 INFO:main.py:774:main_driver:Loading topology files.
2026-02-05 12:45:19,044 INFO:main.py:776:main_driver:Loading molecule: data/04_out/aligned_struct/A0A0N7F297.aligned.pdb
2026-02-05 12:45:19,055 INFO:main.py:781:main_driver:Setting up molecule.
2026-02-05 12:45:19,067 INFO:main.py:423:setup_molecule:Created biomolecule object with 519 residues and 4154 atoms.
2026-02-05 12:45:19,067 INFO:main.py:785:main_driver:Setting termini states for biomolecule chains.
2026-02-05 12:45:19,074 INFO:main.py:616:non_trivial:Loading forcefield.
2026-02-05 12:45:19,081 INFO:main.py:620:non_trivial:Loading hydrogen topology definitions.
2026-02-05 12:45:19,083 INFO:main.py:474:is_repairable:This biomolecule is clean.  No repair needed.
2026-02-05 12:45:19,083 INFO:main.py:635:non_trivial:Updating disulfide bridges.
2026-02-05 12:45:19,084 INFO:main.py:638:non_trivial:Debumping biomolecule.
2026-02-05 12:45:19,149 INFO:main.py:661:non_trivial:Adding hydrogens to biomolecule.
2026-02-05 12:45:19,347 INFO:main.py:664:non_trivial:Debumping biomolecule (again).
2026-02-05 12:45:19,617 INFO:main.py:666:non_trivial:Optimizing hydrogen bonds
2026-02-05 12:45:19,618 INFO:__init__.py:375:initialize_wat_optimization:Initializing water bonding optimization...
2026-02-05 12:45:19,698 INFO:main.py:678:non_trivial:Applying force field to biomolecule states.
2026-02-05 12:45:19,701 INFO:main.py:725:non_trivial:Regenerating headers.
2026-02-05 12:45:19,702 INFO:main.py:750:non_trivial:Regenerating PDB lines.
2026-02-05 12:45:19,726 WARNING:main.py:326:print_pqr:Ignoring 390 header lines in output.
