2026-02-05 12:25:31,939 INFO:main.py:246:print_splash_screen:PDB2PQR v3.7.1: biomolecular structure conversion software.
2026-02-05 12:25:31,940 INFO:main.py:248:print_splash_screen:Please cite:  Jurrus E, et al.  Improvements to the APBS biomolecular solvation software suite.  Protein Sci 27 112-128 (2018).
2026-02-05 12:25:31,940 INFO:main.py:248:print_splash_screen:Please cite:  Dolinsky TJ, et al.  PDB2PQR: expanding and upgrading automated preparation of biomolecular structures for molecular simulations. Nucleic Acids Res 35 W522-W525 (2007).
2026-02-05 12:25:31,940 INFO:main.py:770:main_driver:Checking and transforming input arguments.
2026-02-05 12:25:31,940 INFO:main.py:774:main_driver:Loading topology files.
2026-02-05 12:25:31,982 INFO:main.py:776:main_driver:Loading molecule: data/04_out/aligned_struct/A0A0N9HTU1.aligned.pdb
2026-02-05 12:25:31,998 INFO:main.py:781:main_driver:Setting up molecule.
2026-02-05 12:25:32,013 INFO:main.py:423:setup_molecule:Created biomolecule object with 493 residues and 3983 atoms.
2026-02-05 12:25:32,013 INFO:main.py:785:main_driver:Setting termini states for biomolecule chains.
2026-02-05 12:25:32,025 INFO:main.py:616:non_trivial:Loading forcefield.
2026-02-05 12:25:32,032 INFO:main.py:620:non_trivial:Loading hydrogen topology definitions.
2026-02-05 12:25:32,035 INFO:main.py:474:is_repairable:This biomolecule is clean.  No repair needed.
2026-02-05 12:25:32,035 INFO:main.py:635:non_trivial:Updating disulfide bridges.
2026-02-05 12:25:32,036 INFO:main.py:638:non_trivial:Debumping biomolecule.
2026-02-05 12:25:32,114 INFO:main.py:661:non_trivial:Adding hydrogens to biomolecule.
2026-02-05 12:25:32,362 INFO:main.py:664:non_trivial:Debumping biomolecule (again).
2026-02-05 12:25:32,706 INFO:main.py:666:non_trivial:Optimizing hydrogen bonds
2026-02-05 12:25:32,706 INFO:__init__.py:375:initialize_wat_optimization:Initializing water bonding optimization...
2026-02-05 12:25:32,809 INFO:main.py:678:non_trivial:Applying force field to biomolecule states.
2026-02-05 12:25:32,813 INFO:main.py:725:non_trivial:Regenerating headers.
2026-02-05 12:25:32,814 INFO:main.py:750:non_trivial:Regenerating PDB lines.
2026-02-05 12:25:32,843 WARNING:main.py:326:print_pqr:Ignoring 390 header lines in output.
2026-02-05 12:45:20,910 INFO:main.py:246:print_splash_screen:PDB2PQR v3.7.1: biomolecular structure conversion software.
2026-02-05 12:45:20,911 INFO:main.py:248:print_splash_screen:Please cite:  Jurrus E, et al.  Improvements to the APBS biomolecular solvation software suite.  Protein Sci 27 112-128 (2018).
2026-02-05 12:45:20,911 INFO:main.py:248:print_splash_screen:Please cite:  Dolinsky TJ, et al.  PDB2PQR: expanding and upgrading automated preparation of biomolecular structures for molecular simulations. Nucleic Acids Res 35 W522-W525 (2007).
2026-02-05 12:45:20,911 INFO:main.py:770:main_driver:Checking and transforming input arguments.
2026-02-05 12:45:20,911 INFO:main.py:774:main_driver:Loading topology files.
2026-02-05 12:45:20,950 INFO:main.py:776:main_driver:Loading molecule: data/04_out/aligned_struct/A0A0N9HTU1.aligned.pdb
2026-02-05 12:45:20,970 INFO:main.py:781:main_driver:Setting up molecule.
2026-02-05 12:45:20,989 INFO:main.py:423:setup_molecule:Created biomolecule object with 493 residues and 3983 atoms.
2026-02-05 12:45:21,005 INFO:main.py:785:main_driver:Setting termini states for biomolecule chains.
2026-02-05 12:45:21,034 INFO:main.py:616:non_trivial:Loading forcefield.
2026-02-05 12:45:21,060 INFO:main.py:620:non_trivial:Loading hydrogen topology definitions.
2026-02-05 12:45:21,063 INFO:main.py:474:is_repairable:This biomolecule is clean.  No repair needed.
2026-02-05 12:45:21,063 INFO:main.py:635:non_trivial:Updating disulfide bridges.
2026-02-05 12:45:21,063 INFO:main.py:638:non_trivial:Debumping biomolecule.
2026-02-05 12:45:21,140 INFO:main.py:661:non_trivial:Adding hydrogens to biomolecule.
2026-02-05 12:45:21,330 INFO:main.py:664:non_trivial:Debumping biomolecule (again).
2026-02-05 12:45:21,590 INFO:main.py:666:non_trivial:Optimizing hydrogen bonds
2026-02-05 12:45:21,590 INFO:__init__.py:375:initialize_wat_optimization:Initializing water bonding optimization...
2026-02-05 12:45:21,668 INFO:main.py:678:non_trivial:Applying force field to biomolecule states.
2026-02-05 12:45:21,671 INFO:main.py:725:non_trivial:Regenerating headers.
2026-02-05 12:45:21,672 INFO:main.py:750:non_trivial:Regenerating PDB lines.
2026-02-05 12:45:21,694 WARNING:main.py:326:print_pqr:Ignoring 390 header lines in output.
