2026-02-05 12:25:19,719 INFO:main.py:246:print_splash_screen:PDB2PQR v3.7.1: biomolecular structure conversion software.
2026-02-05 12:25:19,719 INFO:main.py:248:print_splash_screen:Please cite:  Jurrus E, et al.  Improvements to the APBS biomolecular solvation software suite.  Protein Sci 27 112-128 (2018).
2026-02-05 12:25:19,719 INFO:main.py:248:print_splash_screen:Please cite:  Dolinsky TJ, et al.  PDB2PQR: expanding and upgrading automated preparation of biomolecular structures for molecular simulations. Nucleic Acids Res 35 W522-W525 (2007).
2026-02-05 12:25:19,719 INFO:main.py:770:main_driver:Checking and transforming input arguments.
2026-02-05 12:25:19,720 INFO:main.py:774:main_driver:Loading topology files.
2026-02-05 12:25:19,770 INFO:main.py:776:main_driver:Loading molecule: data/04_out/aligned_struct/A0A067F4I6.aligned.pdb
2026-02-05 12:25:19,789 INFO:main.py:781:main_driver:Setting up molecule.
2026-02-05 12:25:19,803 INFO:main.py:423:setup_molecule:Created biomolecule object with 513 residues and 4097 atoms.
2026-02-05 12:25:19,803 INFO:main.py:785:main_driver:Setting termini states for biomolecule chains.
2026-02-05 12:25:19,810 INFO:main.py:616:non_trivial:Loading forcefield.
2026-02-05 12:25:19,816 INFO:main.py:620:non_trivial:Loading hydrogen topology definitions.
2026-02-05 12:25:19,820 INFO:main.py:474:is_repairable:This biomolecule is clean.  No repair needed.
2026-02-05 12:25:19,820 INFO:main.py:635:non_trivial:Updating disulfide bridges.
2026-02-05 12:25:19,820 INFO:main.py:638:non_trivial:Debumping biomolecule.
2026-02-05 12:25:19,899 INFO:main.py:661:non_trivial:Adding hydrogens to biomolecule.
2026-02-05 12:25:20,154 INFO:main.py:664:non_trivial:Debumping biomolecule (again).
2026-02-05 12:25:20,499 INFO:main.py:666:non_trivial:Optimizing hydrogen bonds
2026-02-05 12:25:20,499 INFO:__init__.py:375:initialize_wat_optimization:Initializing water bonding optimization...
2026-02-05 12:25:20,603 INFO:main.py:678:non_trivial:Applying force field to biomolecule states.
2026-02-05 12:25:20,607 INFO:main.py:725:non_trivial:Regenerating headers.
2026-02-05 12:25:20,608 INFO:main.py:750:non_trivial:Regenerating PDB lines.
2026-02-05 12:25:20,637 WARNING:main.py:326:print_pqr:Ignoring 390 header lines in output.
2026-02-05 12:45:09,538 INFO:main.py:246:print_splash_screen:PDB2PQR v3.7.1: biomolecular structure conversion software.
2026-02-05 12:45:09,539 INFO:main.py:248:print_splash_screen:Please cite:  Jurrus E, et al.  Improvements to the APBS biomolecular solvation software suite.  Protein Sci 27 112-128 (2018).
2026-02-05 12:45:09,539 INFO:main.py:248:print_splash_screen:Please cite:  Dolinsky TJ, et al.  PDB2PQR: expanding and upgrading automated preparation of biomolecular structures for molecular simulations. Nucleic Acids Res 35 W522-W525 (2007).
2026-02-05 12:45:09,540 INFO:main.py:770:main_driver:Checking and transforming input arguments.
2026-02-05 12:45:09,540 INFO:main.py:774:main_driver:Loading topology files.
2026-02-05 12:45:09,584 INFO:main.py:776:main_driver:Loading molecule: data/04_out/aligned_struct/A0A067F4I6.aligned.pdb
2026-02-05 12:45:09,596 INFO:main.py:781:main_driver:Setting up molecule.
2026-02-05 12:45:09,607 INFO:main.py:423:setup_molecule:Created biomolecule object with 513 residues and 4097 atoms.
2026-02-05 12:45:09,607 INFO:main.py:785:main_driver:Setting termini states for biomolecule chains.
2026-02-05 12:45:09,615 INFO:main.py:616:non_trivial:Loading forcefield.
2026-02-05 12:45:09,622 INFO:main.py:620:non_trivial:Loading hydrogen topology definitions.
2026-02-05 12:45:09,626 INFO:main.py:474:is_repairable:This biomolecule is clean.  No repair needed.
2026-02-05 12:45:09,626 INFO:main.py:635:non_trivial:Updating disulfide bridges.
2026-02-05 12:45:09,627 INFO:main.py:638:non_trivial:Debumping biomolecule.
2026-02-05 12:45:09,738 INFO:main.py:661:non_trivial:Adding hydrogens to biomolecule.
2026-02-05 12:45:09,997 INFO:main.py:664:non_trivial:Debumping biomolecule (again).
2026-02-05 12:45:10,348 INFO:main.py:666:non_trivial:Optimizing hydrogen bonds
2026-02-05 12:45:10,349 INFO:__init__.py:375:initialize_wat_optimization:Initializing water bonding optimization...
2026-02-05 12:45:10,454 INFO:main.py:678:non_trivial:Applying force field to biomolecule states.
2026-02-05 12:45:10,458 INFO:main.py:725:non_trivial:Regenerating headers.
2026-02-05 12:45:10,459 INFO:main.py:750:non_trivial:Regenerating PDB lines.
2026-02-05 12:45:10,490 WARNING:main.py:326:print_pqr:Ignoring 390 header lines in output.
