2026-02-05 12:25:30,727 INFO:main.py:246:print_splash_screen:PDB2PQR v3.7.1: biomolecular structure conversion software.
2026-02-05 12:25:30,728 INFO:main.py:248:print_splash_screen:Please cite:  Jurrus E, et al.  Improvements to the APBS biomolecular solvation software suite.  Protein Sci 27 112-128 (2018).
2026-02-05 12:25:30,728 INFO:main.py:248:print_splash_screen:Please cite:  Dolinsky TJ, et al.  PDB2PQR: expanding and upgrading automated preparation of biomolecular structures for molecular simulations. Nucleic Acids Res 35 W522-W525 (2007).
2026-02-05 12:25:30,728 INFO:main.py:770:main_driver:Checking and transforming input arguments.
2026-02-05 12:25:30,728 INFO:main.py:774:main_driver:Loading topology files.
2026-02-05 12:25:30,772 INFO:main.py:776:main_driver:Loading molecule: data/04_out/aligned_struct/A0A0N9HT29.aligned.pdb
2026-02-05 12:25:30,785 INFO:main.py:781:main_driver:Setting up molecule.
2026-02-05 12:25:30,795 INFO:main.py:423:setup_molecule:Created biomolecule object with 507 residues and 4036 atoms.
2026-02-05 12:25:30,795 INFO:main.py:785:main_driver:Setting termini states for biomolecule chains.
2026-02-05 12:25:30,803 INFO:main.py:616:non_trivial:Loading forcefield.
2026-02-05 12:25:30,809 INFO:main.py:620:non_trivial:Loading hydrogen topology definitions.
2026-02-05 12:25:30,812 INFO:main.py:474:is_repairable:This biomolecule is clean.  No repair needed.
2026-02-05 12:25:30,812 INFO:main.py:635:non_trivial:Updating disulfide bridges.
2026-02-05 12:25:30,813 INFO:main.py:638:non_trivial:Debumping biomolecule.
2026-02-05 12:25:30,893 INFO:main.py:661:non_trivial:Adding hydrogens to biomolecule.
2026-02-05 12:25:31,154 INFO:main.py:664:non_trivial:Debumping biomolecule (again).
2026-02-05 12:25:31,504 INFO:main.py:666:non_trivial:Optimizing hydrogen bonds
2026-02-05 12:25:31,504 INFO:__init__.py:375:initialize_wat_optimization:Initializing water bonding optimization...
2026-02-05 12:25:31,606 INFO:main.py:678:non_trivial:Applying force field to biomolecule states.
2026-02-05 12:25:31,610 INFO:main.py:725:non_trivial:Regenerating headers.
2026-02-05 12:25:31,611 INFO:main.py:750:non_trivial:Regenerating PDB lines.
2026-02-05 12:25:31,640 WARNING:main.py:326:print_pqr:Ignoring 390 header lines in output.
2026-02-05 12:45:19,935 INFO:main.py:246:print_splash_screen:PDB2PQR v3.7.1: biomolecular structure conversion software.
2026-02-05 12:45:19,936 INFO:main.py:248:print_splash_screen:Please cite:  Jurrus E, et al.  Improvements to the APBS biomolecular solvation software suite.  Protein Sci 27 112-128 (2018).
2026-02-05 12:45:19,936 INFO:main.py:248:print_splash_screen:Please cite:  Dolinsky TJ, et al.  PDB2PQR: expanding and upgrading automated preparation of biomolecular structures for molecular simulations. Nucleic Acids Res 35 W522-W525 (2007).
2026-02-05 12:45:19,936 INFO:main.py:770:main_driver:Checking and transforming input arguments.
2026-02-05 12:45:19,936 INFO:main.py:774:main_driver:Loading topology files.
2026-02-05 12:45:19,979 INFO:main.py:776:main_driver:Loading molecule: data/04_out/aligned_struct/A0A0N9HT29.aligned.pdb
2026-02-05 12:45:19,988 INFO:main.py:781:main_driver:Setting up molecule.
2026-02-05 12:45:19,998 INFO:main.py:423:setup_molecule:Created biomolecule object with 507 residues and 4036 atoms.
2026-02-05 12:45:19,999 INFO:main.py:785:main_driver:Setting termini states for biomolecule chains.
2026-02-05 12:45:20,010 INFO:main.py:616:non_trivial:Loading forcefield.
2026-02-05 12:45:20,016 INFO:main.py:620:non_trivial:Loading hydrogen topology definitions.
2026-02-05 12:45:20,019 INFO:main.py:474:is_repairable:This biomolecule is clean.  No repair needed.
2026-02-05 12:45:20,019 INFO:main.py:635:non_trivial:Updating disulfide bridges.
2026-02-05 12:45:20,019 INFO:main.py:638:non_trivial:Debumping biomolecule.
2026-02-05 12:45:20,097 INFO:main.py:661:non_trivial:Adding hydrogens to biomolecule.
2026-02-05 12:45:20,294 INFO:main.py:664:non_trivial:Debumping biomolecule (again).
2026-02-05 12:45:20,561 INFO:main.py:666:non_trivial:Optimizing hydrogen bonds
2026-02-05 12:45:20,561 INFO:__init__.py:375:initialize_wat_optimization:Initializing water bonding optimization...
2026-02-05 12:45:20,641 INFO:main.py:678:non_trivial:Applying force field to biomolecule states.
2026-02-05 12:45:20,644 INFO:main.py:725:non_trivial:Regenerating headers.
2026-02-05 12:45:20,645 INFO:main.py:750:non_trivial:Regenerating PDB lines.
2026-02-05 12:45:20,668 WARNING:main.py:326:print_pqr:Ignoring 390 header lines in output.
