2026-02-05 12:25:35,551 INFO:main.py:246:print_splash_screen:PDB2PQR v3.7.1: biomolecular structure conversion software.
2026-02-05 12:25:35,551 INFO:main.py:248:print_splash_screen:Please cite:  Jurrus E, et al.  Improvements to the APBS biomolecular solvation software suite.  Protein Sci 27 112-128 (2018).
2026-02-05 12:25:35,551 INFO:main.py:248:print_splash_screen:Please cite:  Dolinsky TJ, et al.  PDB2PQR: expanding and upgrading automated preparation of biomolecular structures for molecular simulations. Nucleic Acids Res 35 W522-W525 (2007).
2026-02-05 12:25:35,551 INFO:main.py:770:main_driver:Checking and transforming input arguments.
2026-02-05 12:25:35,551 INFO:main.py:774:main_driver:Loading topology files.
2026-02-05 12:25:35,590 INFO:main.py:776:main_driver:Loading molecule: data/04_out/aligned_struct/A0A0S2IHL2.aligned.pdb
2026-02-05 12:25:35,603 INFO:main.py:781:main_driver:Setting up molecule.
2026-02-05 12:25:35,613 INFO:main.py:423:setup_molecule:Created biomolecule object with 520 residues and 4184 atoms.
2026-02-05 12:25:35,613 INFO:main.py:785:main_driver:Setting termini states for biomolecule chains.
2026-02-05 12:25:35,620 INFO:main.py:616:non_trivial:Loading forcefield.
2026-02-05 12:25:35,627 INFO:main.py:620:non_trivial:Loading hydrogen topology definitions.
2026-02-05 12:25:35,630 INFO:main.py:474:is_repairable:This biomolecule is clean.  No repair needed.
2026-02-05 12:25:35,630 INFO:main.py:635:non_trivial:Updating disulfide bridges.
2026-02-05 12:25:35,630 INFO:main.py:638:non_trivial:Debumping biomolecule.
2026-02-05 12:25:35,711 INFO:main.py:661:non_trivial:Adding hydrogens to biomolecule.
2026-02-05 12:25:35,973 INFO:main.py:664:non_trivial:Debumping biomolecule (again).
2026-02-05 12:25:36,334 INFO:main.py:666:non_trivial:Optimizing hydrogen bonds
2026-02-05 12:25:36,334 INFO:__init__.py:375:initialize_wat_optimization:Initializing water bonding optimization...
2026-02-05 12:25:36,445 INFO:main.py:678:non_trivial:Applying force field to biomolecule states.
2026-02-05 12:25:36,449 INFO:main.py:725:non_trivial:Regenerating headers.
2026-02-05 12:25:36,450 INFO:main.py:750:non_trivial:Regenerating PDB lines.
2026-02-05 12:25:36,481 WARNING:main.py:326:print_pqr:Ignoring 391 header lines in output.
2026-02-05 12:45:23,766 INFO:main.py:246:print_splash_screen:PDB2PQR v3.7.1: biomolecular structure conversion software.
2026-02-05 12:45:23,767 INFO:main.py:248:print_splash_screen:Please cite:  Jurrus E, et al.  Improvements to the APBS biomolecular solvation software suite.  Protein Sci 27 112-128 (2018).
2026-02-05 12:45:23,767 INFO:main.py:248:print_splash_screen:Please cite:  Dolinsky TJ, et al.  PDB2PQR: expanding and upgrading automated preparation of biomolecular structures for molecular simulations. Nucleic Acids Res 35 W522-W525 (2007).
2026-02-05 12:45:23,767 INFO:main.py:770:main_driver:Checking and transforming input arguments.
2026-02-05 12:45:23,767 INFO:main.py:774:main_driver:Loading topology files.
2026-02-05 12:45:23,815 INFO:main.py:776:main_driver:Loading molecule: data/04_out/aligned_struct/A0A0S2IHL2.aligned.pdb
2026-02-05 12:45:23,830 INFO:main.py:781:main_driver:Setting up molecule.
2026-02-05 12:45:23,841 INFO:main.py:423:setup_molecule:Created biomolecule object with 520 residues and 4184 atoms.
2026-02-05 12:45:23,842 INFO:main.py:785:main_driver:Setting termini states for biomolecule chains.
2026-02-05 12:45:23,851 INFO:main.py:616:non_trivial:Loading forcefield.
2026-02-05 12:45:23,857 INFO:main.py:620:non_trivial:Loading hydrogen topology definitions.
2026-02-05 12:45:23,865 INFO:main.py:474:is_repairable:This biomolecule is clean.  No repair needed.
2026-02-05 12:45:23,865 INFO:main.py:635:non_trivial:Updating disulfide bridges.
2026-02-05 12:45:23,866 INFO:main.py:638:non_trivial:Debumping biomolecule.
2026-02-05 12:45:23,935 INFO:main.py:661:non_trivial:Adding hydrogens to biomolecule.
2026-02-05 12:45:24,134 INFO:main.py:664:non_trivial:Debumping biomolecule (again).
2026-02-05 12:45:24,407 INFO:main.py:666:non_trivial:Optimizing hydrogen bonds
2026-02-05 12:45:24,407 INFO:__init__.py:375:initialize_wat_optimization:Initializing water bonding optimization...
2026-02-05 12:45:24,489 INFO:main.py:678:non_trivial:Applying force field to biomolecule states.
2026-02-05 12:45:24,492 INFO:main.py:725:non_trivial:Regenerating headers.
2026-02-05 12:45:24,493 INFO:main.py:750:non_trivial:Regenerating PDB lines.
2026-02-05 12:45:24,518 WARNING:main.py:326:print_pqr:Ignoring 391 header lines in output.
