2026-02-05 12:25:36,824 INFO:main.py:246:print_splash_screen:PDB2PQR v3.7.1: biomolecular structure conversion software.
2026-02-05 12:25:36,824 INFO:main.py:248:print_splash_screen:Please cite:  Jurrus E, et al.  Improvements to the APBS biomolecular solvation software suite.  Protein Sci 27 112-128 (2018).
2026-02-05 12:25:36,824 INFO:main.py:248:print_splash_screen:Please cite:  Dolinsky TJ, et al.  PDB2PQR: expanding and upgrading automated preparation of biomolecular structures for molecular simulations. Nucleic Acids Res 35 W522-W525 (2007).
2026-02-05 12:25:36,824 INFO:main.py:770:main_driver:Checking and transforming input arguments.
2026-02-05 12:25:36,824 INFO:main.py:774:main_driver:Loading topology files.
2026-02-05 12:25:36,871 INFO:main.py:776:main_driver:Loading molecule: data/04_out/aligned_struct/A0A0S2II38.aligned.pdb
2026-02-05 12:25:36,882 INFO:main.py:781:main_driver:Setting up molecule.
2026-02-05 12:25:36,892 INFO:main.py:423:setup_molecule:Created biomolecule object with 481 residues and 3819 atoms.
2026-02-05 12:25:36,892 INFO:main.py:785:main_driver:Setting termini states for biomolecule chains.
2026-02-05 12:25:36,899 INFO:main.py:616:non_trivial:Loading forcefield.
2026-02-05 12:25:36,905 INFO:main.py:620:non_trivial:Loading hydrogen topology definitions.
2026-02-05 12:25:36,908 INFO:main.py:474:is_repairable:This biomolecule is clean.  No repair needed.
2026-02-05 12:25:36,908 INFO:main.py:635:non_trivial:Updating disulfide bridges.
2026-02-05 12:25:36,908 INFO:main.py:638:non_trivial:Debumping biomolecule.
2026-02-05 12:25:36,981 INFO:main.py:661:non_trivial:Adding hydrogens to biomolecule.
2026-02-05 12:25:37,217 INFO:main.py:664:non_trivial:Debumping biomolecule (again).
2026-02-05 12:25:37,542 INFO:main.py:666:non_trivial:Optimizing hydrogen bonds
2026-02-05 12:25:37,542 INFO:__init__.py:375:initialize_wat_optimization:Initializing water bonding optimization...
2026-02-05 12:25:37,642 INFO:main.py:678:non_trivial:Applying force field to biomolecule states.
2026-02-05 12:25:37,646 INFO:main.py:725:non_trivial:Regenerating headers.
2026-02-05 12:25:37,647 INFO:main.py:750:non_trivial:Regenerating PDB lines.
2026-02-05 12:25:37,675 WARNING:main.py:326:print_pqr:Ignoring 391 header lines in output.
2026-02-05 12:45:24,733 INFO:main.py:246:print_splash_screen:PDB2PQR v3.7.1: biomolecular structure conversion software.
2026-02-05 12:45:24,733 INFO:main.py:248:print_splash_screen:Please cite:  Jurrus E, et al.  Improvements to the APBS biomolecular solvation software suite.  Protein Sci 27 112-128 (2018).
2026-02-05 12:45:24,733 INFO:main.py:248:print_splash_screen:Please cite:  Dolinsky TJ, et al.  PDB2PQR: expanding and upgrading automated preparation of biomolecular structures for molecular simulations. Nucleic Acids Res 35 W522-W525 (2007).
2026-02-05 12:45:24,733 INFO:main.py:770:main_driver:Checking and transforming input arguments.
2026-02-05 12:45:24,733 INFO:main.py:774:main_driver:Loading topology files.
2026-02-05 12:45:24,762 INFO:main.py:776:main_driver:Loading molecule: data/04_out/aligned_struct/A0A0S2II38.aligned.pdb
2026-02-05 12:45:24,778 INFO:main.py:781:main_driver:Setting up molecule.
2026-02-05 12:45:24,789 INFO:main.py:423:setup_molecule:Created biomolecule object with 481 residues and 3819 atoms.
2026-02-05 12:45:24,789 INFO:main.py:785:main_driver:Setting termini states for biomolecule chains.
2026-02-05 12:45:24,795 INFO:main.py:616:non_trivial:Loading forcefield.
2026-02-05 12:45:24,802 INFO:main.py:620:non_trivial:Loading hydrogen topology definitions.
2026-02-05 12:45:24,806 INFO:main.py:474:is_repairable:This biomolecule is clean.  No repair needed.
2026-02-05 12:45:24,806 INFO:main.py:635:non_trivial:Updating disulfide bridges.
2026-02-05 12:45:24,806 INFO:main.py:638:non_trivial:Debumping biomolecule.
2026-02-05 12:45:24,863 INFO:main.py:661:non_trivial:Adding hydrogens to biomolecule.
2026-02-05 12:45:25,046 INFO:main.py:664:non_trivial:Debumping biomolecule (again).
2026-02-05 12:45:25,292 INFO:main.py:666:non_trivial:Optimizing hydrogen bonds
2026-02-05 12:45:25,292 INFO:__init__.py:375:initialize_wat_optimization:Initializing water bonding optimization...
2026-02-05 12:45:25,367 INFO:main.py:678:non_trivial:Applying force field to biomolecule states.
2026-02-05 12:45:25,370 INFO:main.py:725:non_trivial:Regenerating headers.
2026-02-05 12:45:25,370 INFO:main.py:750:non_trivial:Regenerating PDB lines.
2026-02-05 12:45:25,393 WARNING:main.py:326:print_pqr:Ignoring 391 header lines in output.
