2026-02-05 12:25:18,550 INFO:main.py:246:print_splash_screen:PDB2PQR v3.7.1: biomolecular structure conversion software.
2026-02-05 12:25:18,550 INFO:main.py:248:print_splash_screen:Please cite:  Jurrus E, et al.  Improvements to the APBS biomolecular solvation software suite.  Protein Sci 27 112-128 (2018).
2026-02-05 12:25:18,550 INFO:main.py:248:print_splash_screen:Please cite:  Dolinsky TJ, et al.  PDB2PQR: expanding and upgrading automated preparation of biomolecular structures for molecular simulations. Nucleic Acids Res 35 W522-W525 (2007).
2026-02-05 12:25:18,550 INFO:main.py:770:main_driver:Checking and transforming input arguments.
2026-02-05 12:25:18,551 INFO:main.py:774:main_driver:Loading topology files.
2026-02-05 12:25:18,595 INFO:main.py:776:main_driver:Loading molecule: data/04_out/aligned_struct/A0A067ELB0.aligned.pdb
2026-02-05 12:25:18,612 INFO:main.py:781:main_driver:Setting up molecule.
2026-02-05 12:25:18,627 INFO:main.py:423:setup_molecule:Created biomolecule object with 475 residues and 3890 atoms.
2026-02-05 12:25:18,628 INFO:main.py:785:main_driver:Setting termini states for biomolecule chains.
2026-02-05 12:25:18,634 INFO:main.py:616:non_trivial:Loading forcefield.
2026-02-05 12:25:18,641 INFO:main.py:620:non_trivial:Loading hydrogen topology definitions.
2026-02-05 12:25:18,644 INFO:main.py:474:is_repairable:This biomolecule is clean.  No repair needed.
2026-02-05 12:25:18,644 INFO:main.py:635:non_trivial:Updating disulfide bridges.
2026-02-05 12:25:18,644 INFO:main.py:638:non_trivial:Debumping biomolecule.
2026-02-05 12:25:18,721 INFO:main.py:661:non_trivial:Adding hydrogens to biomolecule.
2026-02-05 12:25:18,962 INFO:main.py:664:non_trivial:Debumping biomolecule (again).
2026-02-05 12:25:19,295 INFO:main.py:666:non_trivial:Optimizing hydrogen bonds
2026-02-05 12:25:19,295 INFO:__init__.py:375:initialize_wat_optimization:Initializing water bonding optimization...
2026-02-05 12:25:19,399 INFO:main.py:678:non_trivial:Applying force field to biomolecule states.
2026-02-05 12:25:19,403 INFO:main.py:725:non_trivial:Regenerating headers.
2026-02-05 12:25:19,404 INFO:main.py:750:non_trivial:Regenerating PDB lines.
2026-02-05 12:25:19,433 WARNING:main.py:326:print_pqr:Ignoring 390 header lines in output.
2026-02-05 12:45:08,310 INFO:main.py:246:print_splash_screen:PDB2PQR v3.7.1: biomolecular structure conversion software.
2026-02-05 12:45:08,311 INFO:main.py:248:print_splash_screen:Please cite:  Jurrus E, et al.  Improvements to the APBS biomolecular solvation software suite.  Protein Sci 27 112-128 (2018).
2026-02-05 12:45:08,312 INFO:main.py:248:print_splash_screen:Please cite:  Dolinsky TJ, et al.  PDB2PQR: expanding and upgrading automated preparation of biomolecular structures for molecular simulations. Nucleic Acids Res 35 W522-W525 (2007).
2026-02-05 12:45:08,312 INFO:main.py:770:main_driver:Checking and transforming input arguments.
2026-02-05 12:45:08,312 INFO:main.py:774:main_driver:Loading topology files.
2026-02-05 12:45:08,348 INFO:main.py:776:main_driver:Loading molecule: data/04_out/aligned_struct/A0A067ELB0.aligned.pdb
2026-02-05 12:45:08,360 INFO:main.py:781:main_driver:Setting up molecule.
2026-02-05 12:45:08,371 INFO:main.py:423:setup_molecule:Created biomolecule object with 475 residues and 3890 atoms.
2026-02-05 12:45:08,372 INFO:main.py:785:main_driver:Setting termini states for biomolecule chains.
2026-02-05 12:45:08,383 INFO:main.py:616:non_trivial:Loading forcefield.
2026-02-05 12:45:08,389 INFO:main.py:620:non_trivial:Loading hydrogen topology definitions.
2026-02-05 12:45:08,393 INFO:main.py:474:is_repairable:This biomolecule is clean.  No repair needed.
2026-02-05 12:45:08,393 INFO:main.py:635:non_trivial:Updating disulfide bridges.
2026-02-05 12:45:08,393 INFO:main.py:638:non_trivial:Debumping biomolecule.
2026-02-05 12:45:08,476 INFO:main.py:661:non_trivial:Adding hydrogens to biomolecule.
2026-02-05 12:45:08,721 INFO:main.py:664:non_trivial:Debumping biomolecule (again).
2026-02-05 12:45:09,054 INFO:main.py:666:non_trivial:Optimizing hydrogen bonds
2026-02-05 12:45:09,055 INFO:__init__.py:375:initialize_wat_optimization:Initializing water bonding optimization...
2026-02-05 12:45:09,157 INFO:main.py:678:non_trivial:Applying force field to biomolecule states.
2026-02-05 12:45:09,161 INFO:main.py:725:non_trivial:Regenerating headers.
2026-02-05 12:45:09,162 INFO:main.py:750:non_trivial:Regenerating PDB lines.
2026-02-05 12:45:09,192 WARNING:main.py:326:print_pqr:Ignoring 390 header lines in output.
