2026-02-05 12:25:22,122 INFO:main.py:246:print_splash_screen:PDB2PQR v3.7.1: biomolecular structure conversion software.
2026-02-05 12:25:22,122 INFO:main.py:248:print_splash_screen:Please cite:  Jurrus E, et al.  Improvements to the APBS biomolecular solvation software suite.  Protein Sci 27 112-128 (2018).
2026-02-05 12:25:22,122 INFO:main.py:248:print_splash_screen:Please cite:  Dolinsky TJ, et al.  PDB2PQR: expanding and upgrading automated preparation of biomolecular structures for molecular simulations. Nucleic Acids Res 35 W522-W525 (2007).
2026-02-05 12:25:22,122 INFO:main.py:770:main_driver:Checking and transforming input arguments.
2026-02-05 12:25:22,122 INFO:main.py:774:main_driver:Loading topology files.
2026-02-05 12:25:22,172 INFO:main.py:776:main_driver:Loading molecule: data/04_out/aligned_struct/A0A068Q5V6.aligned.pdb
2026-02-05 12:25:22,190 INFO:main.py:781:main_driver:Setting up molecule.
2026-02-05 12:25:22,200 INFO:main.py:423:setup_molecule:Created biomolecule object with 497 residues and 3992 atoms.
2026-02-05 12:25:22,200 INFO:main.py:785:main_driver:Setting termini states for biomolecule chains.
2026-02-05 12:25:22,212 INFO:main.py:616:non_trivial:Loading forcefield.
2026-02-05 12:25:22,219 INFO:main.py:620:non_trivial:Loading hydrogen topology definitions.
2026-02-05 12:25:22,222 INFO:main.py:474:is_repairable:This biomolecule is clean.  No repair needed.
2026-02-05 12:25:22,222 INFO:main.py:635:non_trivial:Updating disulfide bridges.
2026-02-05 12:25:22,223 INFO:main.py:638:non_trivial:Debumping biomolecule.
2026-02-05 12:25:22,300 INFO:main.py:661:non_trivial:Adding hydrogens to biomolecule.
2026-02-05 12:25:22,549 INFO:main.py:664:non_trivial:Debumping biomolecule (again).
2026-02-05 12:25:22,890 INFO:main.py:666:non_trivial:Optimizing hydrogen bonds
2026-02-05 12:25:22,890 INFO:__init__.py:375:initialize_wat_optimization:Initializing water bonding optimization...
2026-02-05 12:25:22,993 INFO:main.py:678:non_trivial:Applying force field to biomolecule states.
2026-02-05 12:25:22,997 INFO:main.py:725:non_trivial:Regenerating headers.
2026-02-05 12:25:22,998 INFO:main.py:750:non_trivial:Regenerating PDB lines.
2026-02-05 12:25:23,027 WARNING:main.py:326:print_pqr:Ignoring 390 header lines in output.
2026-02-05 12:45:12,075 INFO:main.py:246:print_splash_screen:PDB2PQR v3.7.1: biomolecular structure conversion software.
2026-02-05 12:45:12,076 INFO:main.py:248:print_splash_screen:Please cite:  Jurrus E, et al.  Improvements to the APBS biomolecular solvation software suite.  Protein Sci 27 112-128 (2018).
2026-02-05 12:45:12,076 INFO:main.py:248:print_splash_screen:Please cite:  Dolinsky TJ, et al.  PDB2PQR: expanding and upgrading automated preparation of biomolecular structures for molecular simulations. Nucleic Acids Res 35 W522-W525 (2007).
2026-02-05 12:45:12,076 INFO:main.py:770:main_driver:Checking and transforming input arguments.
2026-02-05 12:45:12,076 INFO:main.py:774:main_driver:Loading topology files.
2026-02-05 12:45:12,122 INFO:main.py:776:main_driver:Loading molecule: data/04_out/aligned_struct/A0A068Q5V6.aligned.pdb
2026-02-05 12:45:12,133 INFO:main.py:781:main_driver:Setting up molecule.
2026-02-05 12:45:12,143 INFO:main.py:423:setup_molecule:Created biomolecule object with 497 residues and 3992 atoms.
2026-02-05 12:45:12,143 INFO:main.py:785:main_driver:Setting termini states for biomolecule chains.
2026-02-05 12:45:12,150 INFO:main.py:616:non_trivial:Loading forcefield.
2026-02-05 12:45:12,156 INFO:main.py:620:non_trivial:Loading hydrogen topology definitions.
2026-02-05 12:45:12,159 INFO:main.py:474:is_repairable:This biomolecule is clean.  No repair needed.
2026-02-05 12:45:12,159 INFO:main.py:635:non_trivial:Updating disulfide bridges.
2026-02-05 12:45:12,160 INFO:main.py:638:non_trivial:Debumping biomolecule.
2026-02-05 12:45:12,240 INFO:main.py:661:non_trivial:Adding hydrogens to biomolecule.
2026-02-05 12:45:12,491 INFO:main.py:664:non_trivial:Debumping biomolecule (again).
2026-02-05 12:45:12,837 INFO:main.py:666:non_trivial:Optimizing hydrogen bonds
2026-02-05 12:45:12,837 INFO:__init__.py:375:initialize_wat_optimization:Initializing water bonding optimization...
2026-02-05 12:45:12,940 INFO:main.py:678:non_trivial:Applying force field to biomolecule states.
2026-02-05 12:45:12,944 INFO:main.py:725:non_trivial:Regenerating headers.
2026-02-05 12:45:12,944 INFO:main.py:750:non_trivial:Regenerating PDB lines.
2026-02-05 12:45:12,975 WARNING:main.py:326:print_pqr:Ignoring 390 header lines in output.
