2026-02-05 12:25:51,371 INFO:main.py:246:print_splash_screen:PDB2PQR v3.7.1: biomolecular structure conversion software.
2026-02-05 12:25:51,372 INFO:main.py:248:print_splash_screen:Please cite:  Jurrus E, et al.  Improvements to the APBS biomolecular solvation software suite.  Protein Sci 27 112-128 (2018).
2026-02-05 12:25:51,372 INFO:main.py:248:print_splash_screen:Please cite:  Dolinsky TJ, et al.  PDB2PQR: expanding and upgrading automated preparation of biomolecular structures for molecular simulations. Nucleic Acids Res 35 W522-W525 (2007).
2026-02-05 12:25:51,372 INFO:main.py:770:main_driver:Checking and transforming input arguments.
2026-02-05 12:25:51,372 INFO:main.py:774:main_driver:Loading topology files.
2026-02-05 12:25:51,411 INFO:main.py:776:main_driver:Loading molecule: data/04_out/aligned_struct/A0A1D8QMD2.aligned.pdb
2026-02-05 12:25:51,427 INFO:main.py:781:main_driver:Setting up molecule.
2026-02-05 12:25:51,441 INFO:main.py:423:setup_molecule:Created biomolecule object with 507 residues and 4039 atoms.
2026-02-05 12:25:51,441 INFO:main.py:785:main_driver:Setting termini states for biomolecule chains.
2026-02-05 12:25:51,448 INFO:main.py:616:non_trivial:Loading forcefield.
2026-02-05 12:25:51,455 INFO:main.py:620:non_trivial:Loading hydrogen topology definitions.
2026-02-05 12:25:51,458 INFO:main.py:474:is_repairable:This biomolecule is clean.  No repair needed.
2026-02-05 12:25:51,458 INFO:main.py:635:non_trivial:Updating disulfide bridges.
2026-02-05 12:25:51,458 INFO:main.py:638:non_trivial:Debumping biomolecule.
2026-02-05 12:25:51,538 INFO:main.py:661:non_trivial:Adding hydrogens to biomolecule.
2026-02-05 12:25:51,792 INFO:main.py:664:non_trivial:Debumping biomolecule (again).
2026-02-05 12:25:52,023 WARNING:debump.py:179:debump_biomolecule:WARNING: Unable to debump THR A 203
2026-02-05 12:25:52,171 INFO:main.py:666:non_trivial:Optimizing hydrogen bonds
2026-02-05 12:25:52,171 INFO:__init__.py:375:initialize_wat_optimization:Initializing water bonding optimization...
2026-02-05 12:25:52,273 INFO:main.py:678:non_trivial:Applying force field to biomolecule states.
2026-02-05 12:25:52,277 INFO:main.py:725:non_trivial:Regenerating headers.
2026-02-05 12:25:52,278 INFO:main.py:750:non_trivial:Regenerating PDB lines.
2026-02-05 12:25:52,307 WARNING:main.py:326:print_pqr:Ignoring 390 header lines in output.
2026-02-05 12:45:36,006 INFO:main.py:246:print_splash_screen:PDB2PQR v3.7.1: biomolecular structure conversion software.
2026-02-05 12:45:36,007 INFO:main.py:248:print_splash_screen:Please cite:  Jurrus E, et al.  Improvements to the APBS biomolecular solvation software suite.  Protein Sci 27 112-128 (2018).
2026-02-05 12:45:36,007 INFO:main.py:248:print_splash_screen:Please cite:  Dolinsky TJ, et al.  PDB2PQR: expanding and upgrading automated preparation of biomolecular structures for molecular simulations. Nucleic Acids Res 35 W522-W525 (2007).
2026-02-05 12:45:36,007 INFO:main.py:770:main_driver:Checking and transforming input arguments.
2026-02-05 12:45:36,007 INFO:main.py:774:main_driver:Loading topology files.
2026-02-05 12:45:36,046 INFO:main.py:776:main_driver:Loading molecule: data/04_out/aligned_struct/A0A1D8QMD2.aligned.pdb
2026-02-05 12:45:36,065 INFO:main.py:781:main_driver:Setting up molecule.
2026-02-05 12:45:36,073 INFO:main.py:423:setup_molecule:Created biomolecule object with 507 residues and 4039 atoms.
2026-02-05 12:45:36,073 INFO:main.py:785:main_driver:Setting termini states for biomolecule chains.
2026-02-05 12:45:36,078 INFO:main.py:616:non_trivial:Loading forcefield.
2026-02-05 12:45:36,085 INFO:main.py:620:non_trivial:Loading hydrogen topology definitions.
2026-02-05 12:45:36,088 INFO:main.py:474:is_repairable:This biomolecule is clean.  No repair needed.
2026-02-05 12:45:36,088 INFO:main.py:635:non_trivial:Updating disulfide bridges.
2026-02-05 12:45:36,088 INFO:main.py:638:non_trivial:Debumping biomolecule.
2026-02-05 12:45:36,186 INFO:main.py:661:non_trivial:Adding hydrogens to biomolecule.
2026-02-05 12:45:36,377 INFO:main.py:664:non_trivial:Debumping biomolecule (again).
2026-02-05 12:45:36,595 WARNING:debump.py:179:debump_biomolecule:WARNING: Unable to debump THR A 203
2026-02-05 12:45:36,711 INFO:main.py:666:non_trivial:Optimizing hydrogen bonds
2026-02-05 12:45:36,711 INFO:__init__.py:375:initialize_wat_optimization:Initializing water bonding optimization...
2026-02-05 12:45:36,789 INFO:main.py:678:non_trivial:Applying force field to biomolecule states.
2026-02-05 12:45:36,792 INFO:main.py:725:non_trivial:Regenerating headers.
2026-02-05 12:45:36,792 INFO:main.py:750:non_trivial:Regenerating PDB lines.
2026-02-05 12:45:36,815 WARNING:main.py:326:print_pqr:Ignoring 390 header lines in output.
