2026-02-05 12:25:53,836 INFO:main.py:246:print_splash_screen:PDB2PQR v3.7.1: biomolecular structure conversion software.
2026-02-05 12:25:53,837 INFO:main.py:248:print_splash_screen:Please cite:  Jurrus E, et al.  Improvements to the APBS biomolecular solvation software suite.  Protein Sci 27 112-128 (2018).
2026-02-05 12:25:53,837 INFO:main.py:248:print_splash_screen:Please cite:  Dolinsky TJ, et al.  PDB2PQR: expanding and upgrading automated preparation of biomolecular structures for molecular simulations. Nucleic Acids Res 35 W522-W525 (2007).
2026-02-05 12:25:53,837 INFO:main.py:770:main_driver:Checking and transforming input arguments.
2026-02-05 12:25:53,837 INFO:main.py:774:main_driver:Loading topology files.
2026-02-05 12:25:53,872 INFO:main.py:776:main_driver:Loading molecule: data/04_out/aligned_struct/A0A1I9Q5Z0.aligned.pdb
2026-02-05 12:25:53,883 INFO:main.py:781:main_driver:Setting up molecule.
2026-02-05 12:25:53,895 INFO:main.py:423:setup_molecule:Created biomolecule object with 481 residues and 3826 atoms.
2026-02-05 12:25:53,896 INFO:main.py:785:main_driver:Setting termini states for biomolecule chains.
2026-02-05 12:25:53,907 INFO:main.py:616:non_trivial:Loading forcefield.
2026-02-05 12:25:53,914 INFO:main.py:620:non_trivial:Loading hydrogen topology definitions.
2026-02-05 12:25:53,917 INFO:main.py:474:is_repairable:This biomolecule is clean.  No repair needed.
2026-02-05 12:25:53,917 INFO:main.py:635:non_trivial:Updating disulfide bridges.
2026-02-05 12:25:53,917 INFO:main.py:638:non_trivial:Debumping biomolecule.
2026-02-05 12:25:53,988 INFO:main.py:661:non_trivial:Adding hydrogens to biomolecule.
2026-02-05 12:25:54,226 INFO:main.py:664:non_trivial:Debumping biomolecule (again).
2026-02-05 12:25:54,395 WARNING:debump.py:179:debump_biomolecule:WARNING: Unable to debump GLU A 151
2026-02-05 12:25:54,555 INFO:main.py:666:non_trivial:Optimizing hydrogen bonds
2026-02-05 12:25:54,555 INFO:__init__.py:375:initialize_wat_optimization:Initializing water bonding optimization...
2026-02-05 12:25:54,652 INFO:main.py:678:non_trivial:Applying force field to biomolecule states.
2026-02-05 12:25:54,657 INFO:main.py:725:non_trivial:Regenerating headers.
2026-02-05 12:25:54,657 INFO:main.py:750:non_trivial:Regenerating PDB lines.
2026-02-05 12:25:54,686 WARNING:main.py:326:print_pqr:Ignoring 390 header lines in output.
2026-02-05 12:45:38,014 INFO:main.py:246:print_splash_screen:PDB2PQR v3.7.1: biomolecular structure conversion software.
2026-02-05 12:45:38,015 INFO:main.py:248:print_splash_screen:Please cite:  Jurrus E, et al.  Improvements to the APBS biomolecular solvation software suite.  Protein Sci 27 112-128 (2018).
2026-02-05 12:45:38,015 INFO:main.py:248:print_splash_screen:Please cite:  Dolinsky TJ, et al.  PDB2PQR: expanding and upgrading automated preparation of biomolecular structures for molecular simulations. Nucleic Acids Res 35 W522-W525 (2007).
2026-02-05 12:45:38,015 INFO:main.py:770:main_driver:Checking and transforming input arguments.
2026-02-05 12:45:38,015 INFO:main.py:774:main_driver:Loading topology files.
2026-02-05 12:45:38,054 INFO:main.py:776:main_driver:Loading molecule: data/04_out/aligned_struct/A0A1I9Q5Z0.aligned.pdb
2026-02-05 12:45:38,066 INFO:main.py:781:main_driver:Setting up molecule.
2026-02-05 12:45:38,075 INFO:main.py:423:setup_molecule:Created biomolecule object with 481 residues and 3826 atoms.
2026-02-05 12:45:38,076 INFO:main.py:785:main_driver:Setting termini states for biomolecule chains.
2026-02-05 12:45:38,082 INFO:main.py:616:non_trivial:Loading forcefield.
2026-02-05 12:45:38,091 INFO:main.py:620:non_trivial:Loading hydrogen topology definitions.
2026-02-05 12:45:38,094 INFO:main.py:474:is_repairable:This biomolecule is clean.  No repair needed.
2026-02-05 12:45:38,094 INFO:main.py:635:non_trivial:Updating disulfide bridges.
2026-02-05 12:45:38,095 INFO:main.py:638:non_trivial:Debumping biomolecule.
2026-02-05 12:45:38,159 INFO:main.py:661:non_trivial:Adding hydrogens to biomolecule.
2026-02-05 12:45:38,343 INFO:main.py:664:non_trivial:Debumping biomolecule (again).
2026-02-05 12:45:38,473 WARNING:debump.py:179:debump_biomolecule:WARNING: Unable to debump GLU A 151
2026-02-05 12:45:38,594 INFO:main.py:666:non_trivial:Optimizing hydrogen bonds
2026-02-05 12:45:38,594 INFO:__init__.py:375:initialize_wat_optimization:Initializing water bonding optimization...
2026-02-05 12:45:38,667 INFO:main.py:678:non_trivial:Applying force field to biomolecule states.
2026-02-05 12:45:38,670 INFO:main.py:725:non_trivial:Regenerating headers.
2026-02-05 12:45:38,671 INFO:main.py:750:non_trivial:Regenerating PDB lines.
2026-02-05 12:45:38,694 WARNING:main.py:326:print_pqr:Ignoring 390 header lines in output.
