2026-02-05 12:25:45,278 INFO:main.py:246:print_splash_screen:PDB2PQR v3.7.1: biomolecular structure conversion software.
2026-02-05 12:25:45,278 INFO:main.py:248:print_splash_screen:Please cite:  Jurrus E, et al.  Improvements to the APBS biomolecular solvation software suite.  Protein Sci 27 112-128 (2018).
2026-02-05 12:25:45,278 INFO:main.py:248:print_splash_screen:Please cite:  Dolinsky TJ, et al.  PDB2PQR: expanding and upgrading automated preparation of biomolecular structures for molecular simulations. Nucleic Acids Res 35 W522-W525 (2007).
2026-02-05 12:25:45,278 INFO:main.py:770:main_driver:Checking and transforming input arguments.
2026-02-05 12:25:45,278 INFO:main.py:774:main_driver:Loading topology files.
2026-02-05 12:25:45,324 INFO:main.py:776:main_driver:Loading molecule: data/04_out/aligned_struct/A0A165U5Z9.aligned.pdb
2026-02-05 12:25:45,336 INFO:main.py:781:main_driver:Setting up molecule.
2026-02-05 12:25:45,347 INFO:main.py:423:setup_molecule:Created biomolecule object with 513 residues and 4097 atoms.
2026-02-05 12:25:45,347 INFO:main.py:785:main_driver:Setting termini states for biomolecule chains.
2026-02-05 12:25:45,357 INFO:main.py:616:non_trivial:Loading forcefield.
2026-02-05 12:25:45,364 INFO:main.py:620:non_trivial:Loading hydrogen topology definitions.
2026-02-05 12:25:45,368 INFO:main.py:474:is_repairable:This biomolecule is clean.  No repair needed.
2026-02-05 12:25:45,368 INFO:main.py:635:non_trivial:Updating disulfide bridges.
2026-02-05 12:25:45,368 INFO:main.py:638:non_trivial:Debumping biomolecule.
2026-02-05 12:25:45,454 INFO:main.py:661:non_trivial:Adding hydrogens to biomolecule.
2026-02-05 12:25:45,715 INFO:main.py:664:non_trivial:Debumping biomolecule (again).
2026-02-05 12:25:46,105 INFO:main.py:666:non_trivial:Optimizing hydrogen bonds
2026-02-05 12:25:46,105 INFO:__init__.py:375:initialize_wat_optimization:Initializing water bonding optimization...
2026-02-05 12:25:46,212 INFO:main.py:678:non_trivial:Applying force field to biomolecule states.
2026-02-05 12:25:46,217 INFO:main.py:725:non_trivial:Regenerating headers.
2026-02-05 12:25:46,218 INFO:main.py:750:non_trivial:Regenerating PDB lines.
2026-02-05 12:25:46,248 WARNING:main.py:326:print_pqr:Ignoring 391 header lines in output.
2026-02-05 12:45:31,286 INFO:main.py:246:print_splash_screen:PDB2PQR v3.7.1: biomolecular structure conversion software.
2026-02-05 12:45:31,287 INFO:main.py:248:print_splash_screen:Please cite:  Jurrus E, et al.  Improvements to the APBS biomolecular solvation software suite.  Protein Sci 27 112-128 (2018).
2026-02-05 12:45:31,287 INFO:main.py:248:print_splash_screen:Please cite:  Dolinsky TJ, et al.  PDB2PQR: expanding and upgrading automated preparation of biomolecular structures for molecular simulations. Nucleic Acids Res 35 W522-W525 (2007).
2026-02-05 12:45:31,287 INFO:main.py:770:main_driver:Checking and transforming input arguments.
2026-02-05 12:45:31,287 INFO:main.py:774:main_driver:Loading topology files.
2026-02-05 12:45:31,338 INFO:main.py:776:main_driver:Loading molecule: data/04_out/aligned_struct/A0A165U5Z9.aligned.pdb
2026-02-05 12:45:31,350 INFO:main.py:781:main_driver:Setting up molecule.
2026-02-05 12:45:31,358 INFO:main.py:423:setup_molecule:Created biomolecule object with 513 residues and 4097 atoms.
2026-02-05 12:45:31,358 INFO:main.py:785:main_driver:Setting termini states for biomolecule chains.
2026-02-05 12:45:31,363 INFO:main.py:616:non_trivial:Loading forcefield.
2026-02-05 12:45:31,370 INFO:main.py:620:non_trivial:Loading hydrogen topology definitions.
2026-02-05 12:45:31,373 INFO:main.py:474:is_repairable:This biomolecule is clean.  No repair needed.
2026-02-05 12:45:31,373 INFO:main.py:635:non_trivial:Updating disulfide bridges.
2026-02-05 12:45:31,373 INFO:main.py:638:non_trivial:Debumping biomolecule.
2026-02-05 12:45:31,438 INFO:main.py:661:non_trivial:Adding hydrogens to biomolecule.
2026-02-05 12:45:31,638 INFO:main.py:664:non_trivial:Debumping biomolecule (again).
2026-02-05 12:45:31,913 INFO:main.py:666:non_trivial:Optimizing hydrogen bonds
2026-02-05 12:45:31,913 INFO:__init__.py:375:initialize_wat_optimization:Initializing water bonding optimization...
2026-02-05 12:45:31,995 INFO:main.py:678:non_trivial:Applying force field to biomolecule states.
2026-02-05 12:45:31,998 INFO:main.py:725:non_trivial:Regenerating headers.
2026-02-05 12:45:31,998 INFO:main.py:750:non_trivial:Regenerating PDB lines.
2026-02-05 12:45:32,022 WARNING:main.py:326:print_pqr:Ignoring 391 header lines in output.
