2026-02-05 12:25:40,361 INFO:main.py:246:print_splash_screen:PDB2PQR v3.7.1: biomolecular structure conversion software.
2026-02-05 12:25:40,361 INFO:main.py:248:print_splash_screen:Please cite:  Jurrus E, et al.  Improvements to the APBS biomolecular solvation software suite.  Protein Sci 27 112-128 (2018).
2026-02-05 12:25:40,361 INFO:main.py:248:print_splash_screen:Please cite:  Dolinsky TJ, et al.  PDB2PQR: expanding and upgrading automated preparation of biomolecular structures for molecular simulations. Nucleic Acids Res 35 W522-W525 (2007).
2026-02-05 12:25:40,361 INFO:main.py:770:main_driver:Checking and transforming input arguments.
2026-02-05 12:25:40,361 INFO:main.py:774:main_driver:Loading topology files.
2026-02-05 12:25:40,413 INFO:main.py:776:main_driver:Loading molecule: data/04_out/aligned_struct/A0A125QZE2.aligned.pdb
2026-02-05 12:25:40,427 INFO:main.py:781:main_driver:Setting up molecule.
2026-02-05 12:25:40,438 INFO:main.py:423:setup_molecule:Created biomolecule object with 503 residues and 3959 atoms.
2026-02-05 12:25:40,439 INFO:main.py:785:main_driver:Setting termini states for biomolecule chains.
2026-02-05 12:25:40,448 INFO:main.py:616:non_trivial:Loading forcefield.
2026-02-05 12:25:40,461 INFO:main.py:620:non_trivial:Loading hydrogen topology definitions.
2026-02-05 12:25:40,465 INFO:main.py:474:is_repairable:This biomolecule is clean.  No repair needed.
2026-02-05 12:25:40,465 INFO:main.py:635:non_trivial:Updating disulfide bridges.
2026-02-05 12:25:40,465 INFO:main.py:638:non_trivial:Debumping biomolecule.
2026-02-05 12:25:40,541 INFO:main.py:661:non_trivial:Adding hydrogens to biomolecule.
2026-02-05 12:25:40,791 INFO:main.py:664:non_trivial:Debumping biomolecule (again).
2026-02-05 12:25:41,128 INFO:main.py:666:non_trivial:Optimizing hydrogen bonds
2026-02-05 12:25:41,128 INFO:__init__.py:375:initialize_wat_optimization:Initializing water bonding optimization...
2026-02-05 12:25:41,229 INFO:main.py:678:non_trivial:Applying force field to biomolecule states.
2026-02-05 12:25:41,233 INFO:main.py:725:non_trivial:Regenerating headers.
2026-02-05 12:25:41,234 INFO:main.py:750:non_trivial:Regenerating PDB lines.
2026-02-05 12:25:41,263 WARNING:main.py:326:print_pqr:Ignoring 390 header lines in output.
2026-02-05 12:45:27,491 INFO:main.py:246:print_splash_screen:PDB2PQR v3.7.1: biomolecular structure conversion software.
2026-02-05 12:45:27,492 INFO:main.py:248:print_splash_screen:Please cite:  Jurrus E, et al.  Improvements to the APBS biomolecular solvation software suite.  Protein Sci 27 112-128 (2018).
2026-02-05 12:45:27,492 INFO:main.py:248:print_splash_screen:Please cite:  Dolinsky TJ, et al.  PDB2PQR: expanding and upgrading automated preparation of biomolecular structures for molecular simulations. Nucleic Acids Res 35 W522-W525 (2007).
2026-02-05 12:45:27,492 INFO:main.py:770:main_driver:Checking and transforming input arguments.
2026-02-05 12:45:27,492 INFO:main.py:774:main_driver:Loading topology files.
2026-02-05 12:45:27,520 INFO:main.py:776:main_driver:Loading molecule: data/04_out/aligned_struct/A0A125QZE2.aligned.pdb
2026-02-05 12:45:27,529 INFO:main.py:781:main_driver:Setting up molecule.
2026-02-05 12:45:27,539 INFO:main.py:423:setup_molecule:Created biomolecule object with 503 residues and 3959 atoms.
2026-02-05 12:45:27,540 INFO:main.py:785:main_driver:Setting termini states for biomolecule chains.
2026-02-05 12:45:27,549 INFO:main.py:616:non_trivial:Loading forcefield.
2026-02-05 12:45:27,557 INFO:main.py:620:non_trivial:Loading hydrogen topology definitions.
2026-02-05 12:45:27,559 INFO:main.py:474:is_repairable:This biomolecule is clean.  No repair needed.
2026-02-05 12:45:27,559 INFO:main.py:635:non_trivial:Updating disulfide bridges.
2026-02-05 12:45:27,560 INFO:main.py:638:non_trivial:Debumping biomolecule.
2026-02-05 12:45:27,634 INFO:main.py:661:non_trivial:Adding hydrogens to biomolecule.
2026-02-05 12:45:27,823 INFO:main.py:664:non_trivial:Debumping biomolecule (again).
2026-02-05 12:45:28,078 INFO:main.py:666:non_trivial:Optimizing hydrogen bonds
2026-02-05 12:45:28,079 INFO:__init__.py:375:initialize_wat_optimization:Initializing water bonding optimization...
2026-02-05 12:45:28,153 INFO:main.py:678:non_trivial:Applying force field to biomolecule states.
2026-02-05 12:45:28,156 INFO:main.py:725:non_trivial:Regenerating headers.
2026-02-05 12:45:28,157 INFO:main.py:750:non_trivial:Regenerating PDB lines.
2026-02-05 12:45:28,179 WARNING:main.py:326:print_pqr:Ignoring 390 header lines in output.
