2026-02-05 12:25:58,578 INFO:main.py:246:print_splash_screen:PDB2PQR v3.7.1: biomolecular structure conversion software.
2026-02-05 12:25:58,578 INFO:main.py:248:print_splash_screen:Please cite:  Jurrus E, et al.  Improvements to the APBS biomolecular solvation software suite.  Protein Sci 27 112-128 (2018).
2026-02-05 12:25:58,578 INFO:main.py:248:print_splash_screen:Please cite:  Dolinsky TJ, et al.  PDB2PQR: expanding and upgrading automated preparation of biomolecular structures for molecular simulations. Nucleic Acids Res 35 W522-W525 (2007).
2026-02-05 12:25:58,578 INFO:main.py:770:main_driver:Checking and transforming input arguments.
2026-02-05 12:25:58,578 INFO:main.py:774:main_driver:Loading topology files.
2026-02-05 12:25:58,628 INFO:main.py:776:main_driver:Loading molecule: data/04_out/aligned_struct/A0A2Z5D852.aligned.pdb
2026-02-05 12:25:58,644 INFO:main.py:781:main_driver:Setting up molecule.
2026-02-05 12:25:58,662 INFO:main.py:423:setup_molecule:Created biomolecule object with 506 residues and 4069 atoms.
2026-02-05 12:25:58,662 INFO:main.py:785:main_driver:Setting termini states for biomolecule chains.
2026-02-05 12:25:58,669 INFO:main.py:616:non_trivial:Loading forcefield.
2026-02-05 12:25:58,679 INFO:main.py:620:non_trivial:Loading hydrogen topology definitions.
2026-02-05 12:25:58,682 INFO:main.py:474:is_repairable:This biomolecule is clean.  No repair needed.
2026-02-05 12:25:58,682 INFO:main.py:635:non_trivial:Updating disulfide bridges.
2026-02-05 12:25:58,682 INFO:main.py:638:non_trivial:Debumping biomolecule.
2026-02-05 12:25:58,762 INFO:main.py:661:non_trivial:Adding hydrogens to biomolecule.
2026-02-05 12:25:59,015 INFO:main.py:664:non_trivial:Debumping biomolecule (again).
2026-02-05 12:25:59,370 INFO:main.py:666:non_trivial:Optimizing hydrogen bonds
2026-02-05 12:25:59,371 INFO:__init__.py:375:initialize_wat_optimization:Initializing water bonding optimization...
2026-02-05 12:25:59,477 INFO:main.py:678:non_trivial:Applying force field to biomolecule states.
2026-02-05 12:25:59,482 INFO:main.py:725:non_trivial:Regenerating headers.
2026-02-05 12:25:59,482 INFO:main.py:750:non_trivial:Regenerating PDB lines.
2026-02-05 12:25:59,513 WARNING:main.py:326:print_pqr:Ignoring 390 header lines in output.
2026-02-05 12:45:41,710 INFO:main.py:246:print_splash_screen:PDB2PQR v3.7.1: biomolecular structure conversion software.
2026-02-05 12:45:41,711 INFO:main.py:248:print_splash_screen:Please cite:  Jurrus E, et al.  Improvements to the APBS biomolecular solvation software suite.  Protein Sci 27 112-128 (2018).
2026-02-05 12:45:41,711 INFO:main.py:248:print_splash_screen:Please cite:  Dolinsky TJ, et al.  PDB2PQR: expanding and upgrading automated preparation of biomolecular structures for molecular simulations. Nucleic Acids Res 35 W522-W525 (2007).
2026-02-05 12:45:41,711 INFO:main.py:770:main_driver:Checking and transforming input arguments.
2026-02-05 12:45:41,711 INFO:main.py:774:main_driver:Loading topology files.
2026-02-05 12:45:41,739 INFO:main.py:776:main_driver:Loading molecule: data/04_out/aligned_struct/A0A2Z5D852.aligned.pdb
2026-02-05 12:45:41,752 INFO:main.py:781:main_driver:Setting up molecule.
2026-02-05 12:45:41,767 INFO:main.py:423:setup_molecule:Created biomolecule object with 506 residues and 4069 atoms.
2026-02-05 12:45:41,768 INFO:main.py:785:main_driver:Setting termini states for biomolecule chains.
2026-02-05 12:45:41,778 INFO:main.py:616:non_trivial:Loading forcefield.
2026-02-05 12:45:41,789 INFO:main.py:620:non_trivial:Loading hydrogen topology definitions.
2026-02-05 12:45:41,795 INFO:main.py:474:is_repairable:This biomolecule is clean.  No repair needed.
2026-02-05 12:45:41,795 INFO:main.py:635:non_trivial:Updating disulfide bridges.
2026-02-05 12:45:41,797 INFO:main.py:638:non_trivial:Debumping biomolecule.
2026-02-05 12:45:41,867 INFO:main.py:661:non_trivial:Adding hydrogens to biomolecule.
2026-02-05 12:45:42,061 INFO:main.py:664:non_trivial:Debumping biomolecule (again).
2026-02-05 12:45:42,329 INFO:main.py:666:non_trivial:Optimizing hydrogen bonds
2026-02-05 12:45:42,329 INFO:__init__.py:375:initialize_wat_optimization:Initializing water bonding optimization...
2026-02-05 12:45:42,409 INFO:main.py:678:non_trivial:Applying force field to biomolecule states.
2026-02-05 12:45:42,412 INFO:main.py:725:non_trivial:Regenerating headers.
2026-02-05 12:45:42,413 INFO:main.py:750:non_trivial:Regenerating PDB lines.
2026-02-05 12:45:42,437 WARNING:main.py:326:print_pqr:Ignoring 390 header lines in output.
