2026-02-05 12:26:02,212 INFO:main.py:246:print_splash_screen:PDB2PQR v3.7.1: biomolecular structure conversion software.
2026-02-05 12:26:02,212 INFO:main.py:248:print_splash_screen:Please cite:  Jurrus E, et al.  Improvements to the APBS biomolecular solvation software suite.  Protein Sci 27 112-128 (2018).
2026-02-05 12:26:02,212 INFO:main.py:248:print_splash_screen:Please cite:  Dolinsky TJ, et al.  PDB2PQR: expanding and upgrading automated preparation of biomolecular structures for molecular simulations. Nucleic Acids Res 35 W522-W525 (2007).
2026-02-05 12:26:02,212 INFO:main.py:770:main_driver:Checking and transforming input arguments.
2026-02-05 12:26:02,212 INFO:main.py:774:main_driver:Loading topology files.
2026-02-05 12:26:02,268 INFO:main.py:776:main_driver:Loading molecule: data/04_out/aligned_struct/A0A3Q7HS74.aligned.pdb
2026-02-05 12:26:02,283 INFO:main.py:781:main_driver:Setting up molecule.
2026-02-05 12:26:02,298 INFO:main.py:423:setup_molecule:Created biomolecule object with 475 residues and 3844 atoms.
2026-02-05 12:26:02,299 INFO:main.py:785:main_driver:Setting termini states for biomolecule chains.
2026-02-05 12:26:02,306 INFO:main.py:616:non_trivial:Loading forcefield.
2026-02-05 12:26:02,313 INFO:main.py:620:non_trivial:Loading hydrogen topology definitions.
2026-02-05 12:26:02,316 INFO:main.py:474:is_repairable:This biomolecule is clean.  No repair needed.
2026-02-05 12:26:02,316 INFO:main.py:635:non_trivial:Updating disulfide bridges.
2026-02-05 12:26:02,316 INFO:main.py:638:non_trivial:Debumping biomolecule.
2026-02-05 12:26:02,389 INFO:main.py:661:non_trivial:Adding hydrogens to biomolecule.
2026-02-05 12:26:02,629 INFO:main.py:664:non_trivial:Debumping biomolecule (again).
2026-02-05 12:26:02,954 INFO:main.py:666:non_trivial:Optimizing hydrogen bonds
2026-02-05 12:26:02,954 INFO:__init__.py:375:initialize_wat_optimization:Initializing water bonding optimization...
2026-02-05 12:26:03,051 INFO:main.py:678:non_trivial:Applying force field to biomolecule states.
2026-02-05 12:26:03,055 INFO:main.py:725:non_trivial:Regenerating headers.
2026-02-05 12:26:03,056 INFO:main.py:750:non_trivial:Regenerating PDB lines.
2026-02-05 12:26:03,084 WARNING:main.py:326:print_pqr:Ignoring 390 header lines in output.
2026-02-05 12:45:44,483 INFO:main.py:246:print_splash_screen:PDB2PQR v3.7.1: biomolecular structure conversion software.
2026-02-05 12:45:44,484 INFO:main.py:248:print_splash_screen:Please cite:  Jurrus E, et al.  Improvements to the APBS biomolecular solvation software suite.  Protein Sci 27 112-128 (2018).
2026-02-05 12:45:44,484 INFO:main.py:248:print_splash_screen:Please cite:  Dolinsky TJ, et al.  PDB2PQR: expanding and upgrading automated preparation of biomolecular structures for molecular simulations. Nucleic Acids Res 35 W522-W525 (2007).
2026-02-05 12:45:44,484 INFO:main.py:770:main_driver:Checking and transforming input arguments.
2026-02-05 12:45:44,484 INFO:main.py:774:main_driver:Loading topology files.
2026-02-05 12:45:44,515 INFO:main.py:776:main_driver:Loading molecule: data/04_out/aligned_struct/A0A3Q7HS74.aligned.pdb
2026-02-05 12:45:44,526 INFO:main.py:781:main_driver:Setting up molecule.
2026-02-05 12:45:44,537 INFO:main.py:423:setup_molecule:Created biomolecule object with 475 residues and 3844 atoms.
2026-02-05 12:45:44,537 INFO:main.py:785:main_driver:Setting termini states for biomolecule chains.
2026-02-05 12:45:44,542 INFO:main.py:616:non_trivial:Loading forcefield.
2026-02-05 12:45:44,553 INFO:main.py:620:non_trivial:Loading hydrogen topology definitions.
2026-02-05 12:45:44,556 INFO:main.py:474:is_repairable:This biomolecule is clean.  No repair needed.
2026-02-05 12:45:44,556 INFO:main.py:635:non_trivial:Updating disulfide bridges.
2026-02-05 12:45:44,556 INFO:main.py:638:non_trivial:Debumping biomolecule.
2026-02-05 12:45:44,615 INFO:main.py:661:non_trivial:Adding hydrogens to biomolecule.
2026-02-05 12:45:44,800 INFO:main.py:664:non_trivial:Debumping biomolecule (again).
2026-02-05 12:45:45,052 INFO:main.py:666:non_trivial:Optimizing hydrogen bonds
2026-02-05 12:45:45,052 INFO:__init__.py:375:initialize_wat_optimization:Initializing water bonding optimization...
2026-02-05 12:45:45,129 INFO:main.py:678:non_trivial:Applying force field to biomolecule states.
2026-02-05 12:45:45,132 INFO:main.py:725:non_trivial:Regenerating headers.
2026-02-05 12:45:45,133 INFO:main.py:750:non_trivial:Regenerating PDB lines.
2026-02-05 12:45:45,156 WARNING:main.py:326:print_pqr:Ignoring 390 header lines in output.
