2026-02-05 12:26:03,389 INFO:main.py:246:print_splash_screen:PDB2PQR v3.7.1: biomolecular structure conversion software.
2026-02-05 12:26:03,389 INFO:main.py:248:print_splash_screen:Please cite:  Jurrus E, et al.  Improvements to the APBS biomolecular solvation software suite.  Protein Sci 27 112-128 (2018).
2026-02-05 12:26:03,389 INFO:main.py:248:print_splash_screen:Please cite:  Dolinsky TJ, et al.  PDB2PQR: expanding and upgrading automated preparation of biomolecular structures for molecular simulations. Nucleic Acids Res 35 W522-W525 (2007).
2026-02-05 12:26:03,389 INFO:main.py:770:main_driver:Checking and transforming input arguments.
2026-02-05 12:26:03,390 INFO:main.py:774:main_driver:Loading topology files.
2026-02-05 12:26:03,435 INFO:main.py:776:main_driver:Loading molecule: data/04_out/aligned_struct/A0A3Q9R4N5.aligned.pdb
2026-02-05 12:26:03,458 INFO:main.py:781:main_driver:Setting up molecule.
2026-02-05 12:26:03,473 INFO:main.py:423:setup_molecule:Created biomolecule object with 496 residues and 3927 atoms.
2026-02-05 12:26:03,473 INFO:main.py:785:main_driver:Setting termini states for biomolecule chains.
2026-02-05 12:26:03,479 INFO:main.py:616:non_trivial:Loading forcefield.
2026-02-05 12:26:03,485 INFO:main.py:620:non_trivial:Loading hydrogen topology definitions.
2026-02-05 12:26:03,489 INFO:main.py:474:is_repairable:This biomolecule is clean.  No repair needed.
2026-02-05 12:26:03,489 INFO:main.py:635:non_trivial:Updating disulfide bridges.
2026-02-05 12:26:03,489 INFO:main.py:638:non_trivial:Debumping biomolecule.
2026-02-05 12:26:03,566 INFO:main.py:661:non_trivial:Adding hydrogens to biomolecule.
2026-02-05 12:26:03,812 INFO:main.py:664:non_trivial:Debumping biomolecule (again).
2026-02-05 12:26:04,155 INFO:main.py:666:non_trivial:Optimizing hydrogen bonds
2026-02-05 12:26:04,155 INFO:__init__.py:375:initialize_wat_optimization:Initializing water bonding optimization...
2026-02-05 12:26:04,253 INFO:main.py:678:non_trivial:Applying force field to biomolecule states.
2026-02-05 12:26:04,257 INFO:main.py:725:non_trivial:Regenerating headers.
2026-02-05 12:26:04,258 INFO:main.py:750:non_trivial:Regenerating PDB lines.
2026-02-05 12:26:04,287 WARNING:main.py:326:print_pqr:Ignoring 390 header lines in output.
2026-02-05 12:45:45,371 INFO:main.py:246:print_splash_screen:PDB2PQR v3.7.1: biomolecular structure conversion software.
2026-02-05 12:45:45,372 INFO:main.py:248:print_splash_screen:Please cite:  Jurrus E, et al.  Improvements to the APBS biomolecular solvation software suite.  Protein Sci 27 112-128 (2018).
2026-02-05 12:45:45,372 INFO:main.py:248:print_splash_screen:Please cite:  Dolinsky TJ, et al.  PDB2PQR: expanding and upgrading automated preparation of biomolecular structures for molecular simulations. Nucleic Acids Res 35 W522-W525 (2007).
2026-02-05 12:45:45,372 INFO:main.py:770:main_driver:Checking and transforming input arguments.
2026-02-05 12:45:45,373 INFO:main.py:774:main_driver:Loading topology files.
2026-02-05 12:45:45,402 INFO:main.py:776:main_driver:Loading molecule: data/04_out/aligned_struct/A0A3Q9R4N5.aligned.pdb
2026-02-05 12:45:45,411 INFO:main.py:781:main_driver:Setting up molecule.
2026-02-05 12:45:45,419 INFO:main.py:423:setup_molecule:Created biomolecule object with 496 residues and 3927 atoms.
2026-02-05 12:45:45,420 INFO:main.py:785:main_driver:Setting termini states for biomolecule chains.
2026-02-05 12:45:45,427 INFO:main.py:616:non_trivial:Loading forcefield.
2026-02-05 12:45:45,436 INFO:main.py:620:non_trivial:Loading hydrogen topology definitions.
2026-02-05 12:45:45,442 INFO:main.py:474:is_repairable:This biomolecule is clean.  No repair needed.
2026-02-05 12:45:45,442 INFO:main.py:635:non_trivial:Updating disulfide bridges.
2026-02-05 12:45:45,442 INFO:main.py:638:non_trivial:Debumping biomolecule.
2026-02-05 12:45:45,511 INFO:main.py:661:non_trivial:Adding hydrogens to biomolecule.
2026-02-05 12:45:45,699 INFO:main.py:664:non_trivial:Debumping biomolecule (again).
2026-02-05 12:45:45,958 INFO:main.py:666:non_trivial:Optimizing hydrogen bonds
2026-02-05 12:45:45,958 INFO:__init__.py:375:initialize_wat_optimization:Initializing water bonding optimization...
2026-02-05 12:45:46,032 INFO:main.py:678:non_trivial:Applying force field to biomolecule states.
2026-02-05 12:45:46,035 INFO:main.py:725:non_trivial:Regenerating headers.
2026-02-05 12:45:46,036 INFO:main.py:750:non_trivial:Regenerating PDB lines.
2026-02-05 12:45:46,058 WARNING:main.py:326:print_pqr:Ignoring 390 header lines in output.
