2026-02-05 12:26:01,054 INFO:main.py:246:print_splash_screen:PDB2PQR v3.7.1: biomolecular structure conversion software.
2026-02-05 12:26:01,055 INFO:main.py:248:print_splash_screen:Please cite:  Jurrus E, et al.  Improvements to the APBS biomolecular solvation software suite.  Protein Sci 27 112-128 (2018).
2026-02-05 12:26:01,055 INFO:main.py:248:print_splash_screen:Please cite:  Dolinsky TJ, et al.  PDB2PQR: expanding and upgrading automated preparation of biomolecular structures for molecular simulations. Nucleic Acids Res 35 W522-W525 (2007).
2026-02-05 12:26:01,055 INFO:main.py:770:main_driver:Checking and transforming input arguments.
2026-02-05 12:26:01,055 INFO:main.py:774:main_driver:Loading topology files.
2026-02-05 12:26:01,100 INFO:main.py:776:main_driver:Loading molecule: data/04_out/aligned_struct/A0A3Q7HBJ5.aligned.pdb
2026-02-05 12:26:01,116 INFO:main.py:781:main_driver:Setting up molecule.
2026-02-05 12:26:01,126 INFO:main.py:423:setup_molecule:Created biomolecule object with 476 residues and 3836 atoms.
2026-02-05 12:26:01,126 INFO:main.py:785:main_driver:Setting termini states for biomolecule chains.
2026-02-05 12:26:01,133 INFO:main.py:616:non_trivial:Loading forcefield.
2026-02-05 12:26:01,140 INFO:main.py:620:non_trivial:Loading hydrogen topology definitions.
2026-02-05 12:26:01,143 INFO:main.py:474:is_repairable:This biomolecule is clean.  No repair needed.
2026-02-05 12:26:01,143 INFO:main.py:635:non_trivial:Updating disulfide bridges.
2026-02-05 12:26:01,143 INFO:main.py:638:non_trivial:Debumping biomolecule.
2026-02-05 12:26:01,220 INFO:main.py:661:non_trivial:Adding hydrogens to biomolecule.
2026-02-05 12:26:01,459 INFO:main.py:664:non_trivial:Debumping biomolecule (again).
2026-02-05 12:26:01,786 INFO:main.py:666:non_trivial:Optimizing hydrogen bonds
2026-02-05 12:26:01,786 INFO:__init__.py:375:initialize_wat_optimization:Initializing water bonding optimization...
2026-02-05 12:26:01,884 INFO:main.py:678:non_trivial:Applying force field to biomolecule states.
2026-02-05 12:26:01,888 INFO:main.py:725:non_trivial:Regenerating headers.
2026-02-05 12:26:01,889 INFO:main.py:750:non_trivial:Regenerating PDB lines.
2026-02-05 12:26:01,917 WARNING:main.py:326:print_pqr:Ignoring 391 header lines in output.
2026-02-05 12:45:43,593 INFO:main.py:246:print_splash_screen:PDB2PQR v3.7.1: biomolecular structure conversion software.
2026-02-05 12:45:43,594 INFO:main.py:248:print_splash_screen:Please cite:  Jurrus E, et al.  Improvements to the APBS biomolecular solvation software suite.  Protein Sci 27 112-128 (2018).
2026-02-05 12:45:43,594 INFO:main.py:248:print_splash_screen:Please cite:  Dolinsky TJ, et al.  PDB2PQR: expanding and upgrading automated preparation of biomolecular structures for molecular simulations. Nucleic Acids Res 35 W522-W525 (2007).
2026-02-05 12:45:43,594 INFO:main.py:770:main_driver:Checking and transforming input arguments.
2026-02-05 12:45:43,594 INFO:main.py:774:main_driver:Loading topology files.
2026-02-05 12:45:43,624 INFO:main.py:776:main_driver:Loading molecule: data/04_out/aligned_struct/A0A3Q7HBJ5.aligned.pdb
2026-02-05 12:45:43,633 INFO:main.py:781:main_driver:Setting up molecule.
2026-02-05 12:45:43,646 INFO:main.py:423:setup_molecule:Created biomolecule object with 476 residues and 3836 atoms.
2026-02-05 12:45:43,646 INFO:main.py:785:main_driver:Setting termini states for biomolecule chains.
2026-02-05 12:45:43,651 INFO:main.py:616:non_trivial:Loading forcefield.
2026-02-05 12:45:43,656 INFO:main.py:620:non_trivial:Loading hydrogen topology definitions.
2026-02-05 12:45:43,658 INFO:main.py:474:is_repairable:This biomolecule is clean.  No repair needed.
2026-02-05 12:45:43,659 INFO:main.py:635:non_trivial:Updating disulfide bridges.
2026-02-05 12:45:43,660 INFO:main.py:638:non_trivial:Debumping biomolecule.
2026-02-05 12:45:43,735 INFO:main.py:661:non_trivial:Adding hydrogens to biomolecule.
2026-02-05 12:45:43,918 INFO:main.py:664:non_trivial:Debumping biomolecule (again).
2026-02-05 12:45:44,169 INFO:main.py:666:non_trivial:Optimizing hydrogen bonds
2026-02-05 12:45:44,169 INFO:__init__.py:375:initialize_wat_optimization:Initializing water bonding optimization...
2026-02-05 12:45:44,245 INFO:main.py:678:non_trivial:Applying force field to biomolecule states.
2026-02-05 12:45:44,248 INFO:main.py:725:non_trivial:Regenerating headers.
2026-02-05 12:45:44,249 INFO:main.py:750:non_trivial:Regenerating PDB lines.
2026-02-05 12:45:44,271 WARNING:main.py:326:print_pqr:Ignoring 391 header lines in output.
