2026-02-05 12:26:04,603 INFO:main.py:246:print_splash_screen:PDB2PQR v3.7.1: biomolecular structure conversion software.
2026-02-05 12:26:04,603 INFO:main.py:248:print_splash_screen:Please cite:  Jurrus E, et al.  Improvements to the APBS biomolecular solvation software suite.  Protein Sci 27 112-128 (2018).
2026-02-05 12:26:04,603 INFO:main.py:248:print_splash_screen:Please cite:  Dolinsky TJ, et al.  PDB2PQR: expanding and upgrading automated preparation of biomolecular structures for molecular simulations. Nucleic Acids Res 35 W522-W525 (2007).
2026-02-05 12:26:04,603 INFO:main.py:770:main_driver:Checking and transforming input arguments.
2026-02-05 12:26:04,603 INFO:main.py:774:main_driver:Loading topology files.
2026-02-05 12:26:04,646 INFO:main.py:776:main_driver:Loading molecule: data/04_out/aligned_struct/A0A481NR20.aligned.pdb
2026-02-05 12:26:04,658 INFO:main.py:781:main_driver:Setting up molecule.
2026-02-05 12:26:04,671 INFO:main.py:423:setup_molecule:Created biomolecule object with 513 residues and 4124 atoms.
2026-02-05 12:26:04,672 INFO:main.py:785:main_driver:Setting termini states for biomolecule chains.
2026-02-05 12:26:04,679 INFO:main.py:616:non_trivial:Loading forcefield.
2026-02-05 12:26:04,685 INFO:main.py:620:non_trivial:Loading hydrogen topology definitions.
2026-02-05 12:26:04,688 INFO:main.py:474:is_repairable:This biomolecule is clean.  No repair needed.
2026-02-05 12:26:04,689 INFO:main.py:635:non_trivial:Updating disulfide bridges.
2026-02-05 12:26:04,689 INFO:main.py:638:non_trivial:Debumping biomolecule.
2026-02-05 12:26:04,770 INFO:main.py:661:non_trivial:Adding hydrogens to biomolecule.
2026-02-05 12:26:05,027 INFO:main.py:664:non_trivial:Debumping biomolecule (again).
2026-02-05 12:26:05,386 INFO:main.py:666:non_trivial:Optimizing hydrogen bonds
2026-02-05 12:26:05,386 INFO:__init__.py:375:initialize_wat_optimization:Initializing water bonding optimization...
2026-02-05 12:26:05,493 INFO:main.py:678:non_trivial:Applying force field to biomolecule states.
2026-02-05 12:26:05,498 INFO:main.py:725:non_trivial:Regenerating headers.
2026-02-05 12:26:05,498 INFO:main.py:750:non_trivial:Regenerating PDB lines.
2026-02-05 12:26:05,529 WARNING:main.py:326:print_pqr:Ignoring 391 header lines in output.
2026-02-05 12:45:46,295 INFO:main.py:246:print_splash_screen:PDB2PQR v3.7.1: biomolecular structure conversion software.
2026-02-05 12:45:46,296 INFO:main.py:248:print_splash_screen:Please cite:  Jurrus E, et al.  Improvements to the APBS biomolecular solvation software suite.  Protein Sci 27 112-128 (2018).
2026-02-05 12:45:46,296 INFO:main.py:248:print_splash_screen:Please cite:  Dolinsky TJ, et al.  PDB2PQR: expanding and upgrading automated preparation of biomolecular structures for molecular simulations. Nucleic Acids Res 35 W522-W525 (2007).
2026-02-05 12:45:46,296 INFO:main.py:770:main_driver:Checking and transforming input arguments.
2026-02-05 12:45:46,297 INFO:main.py:774:main_driver:Loading topology files.
2026-02-05 12:45:46,335 INFO:main.py:776:main_driver:Loading molecule: data/04_out/aligned_struct/A0A481NR20.aligned.pdb
2026-02-05 12:45:46,345 INFO:main.py:781:main_driver:Setting up molecule.
2026-02-05 12:45:46,358 INFO:main.py:423:setup_molecule:Created biomolecule object with 513 residues and 4124 atoms.
2026-02-05 12:45:46,358 INFO:main.py:785:main_driver:Setting termini states for biomolecule chains.
2026-02-05 12:45:46,373 INFO:main.py:616:non_trivial:Loading forcefield.
2026-02-05 12:45:46,378 INFO:main.py:620:non_trivial:Loading hydrogen topology definitions.
2026-02-05 12:45:46,381 INFO:main.py:474:is_repairable:This biomolecule is clean.  No repair needed.
2026-02-05 12:45:46,381 INFO:main.py:635:non_trivial:Updating disulfide bridges.
2026-02-05 12:45:46,382 INFO:main.py:638:non_trivial:Debumping biomolecule.
2026-02-05 12:45:46,459 INFO:main.py:661:non_trivial:Adding hydrogens to biomolecule.
2026-02-05 12:45:46,657 INFO:main.py:664:non_trivial:Debumping biomolecule (again).
2026-02-05 12:45:46,933 INFO:main.py:666:non_trivial:Optimizing hydrogen bonds
2026-02-05 12:45:46,933 INFO:__init__.py:375:initialize_wat_optimization:Initializing water bonding optimization...
2026-02-05 12:45:47,015 INFO:main.py:678:non_trivial:Applying force field to biomolecule states.
2026-02-05 12:45:47,018 INFO:main.py:725:non_trivial:Regenerating headers.
2026-02-05 12:45:47,019 INFO:main.py:750:non_trivial:Regenerating PDB lines.
2026-02-05 12:45:47,042 WARNING:main.py:326:print_pqr:Ignoring 391 header lines in output.
