2026-02-05 12:26:09,654 INFO:main.py:246:print_splash_screen:PDB2PQR v3.7.1: biomolecular structure conversion software.
2026-02-05 12:26:09,654 INFO:main.py:248:print_splash_screen:Please cite:  Jurrus E, et al.  Improvements to the APBS biomolecular solvation software suite.  Protein Sci 27 112-128 (2018).
2026-02-05 12:26:09,654 INFO:main.py:248:print_splash_screen:Please cite:  Dolinsky TJ, et al.  PDB2PQR: expanding and upgrading automated preparation of biomolecular structures for molecular simulations. Nucleic Acids Res 35 W522-W525 (2007).
2026-02-05 12:26:09,654 INFO:main.py:770:main_driver:Checking and transforming input arguments.
2026-02-05 12:26:09,654 INFO:main.py:774:main_driver:Loading topology files.
2026-02-05 12:26:09,691 INFO:main.py:776:main_driver:Loading molecule: data/04_out/aligned_struct/A0A5B8ND22.aligned.pdb
2026-02-05 12:26:09,703 INFO:main.py:781:main_driver:Setting up molecule.
2026-02-05 12:26:09,713 INFO:main.py:423:setup_molecule:Created biomolecule object with 489 residues and 3978 atoms.
2026-02-05 12:26:09,713 INFO:main.py:785:main_driver:Setting termini states for biomolecule chains.
2026-02-05 12:26:09,720 INFO:main.py:616:non_trivial:Loading forcefield.
2026-02-05 12:26:09,727 INFO:main.py:620:non_trivial:Loading hydrogen topology definitions.
2026-02-05 12:26:09,730 INFO:main.py:474:is_repairable:This biomolecule is clean.  No repair needed.
2026-02-05 12:26:09,730 INFO:main.py:635:non_trivial:Updating disulfide bridges.
2026-02-05 12:26:09,730 INFO:main.py:638:non_trivial:Debumping biomolecule.
2026-02-05 12:26:09,810 INFO:main.py:661:non_trivial:Adding hydrogens to biomolecule.
2026-02-05 12:26:10,063 INFO:main.py:664:non_trivial:Debumping biomolecule (again).
2026-02-05 12:26:10,393 WARNING:debump.py:179:debump_biomolecule:WARNING: Unable to debump LYS A 457
2026-02-05 12:26:10,408 INFO:main.py:666:non_trivial:Optimizing hydrogen bonds
2026-02-05 12:26:10,408 INFO:__init__.py:375:initialize_wat_optimization:Initializing water bonding optimization...
2026-02-05 12:26:10,517 INFO:main.py:678:non_trivial:Applying force field to biomolecule states.
2026-02-05 12:26:10,522 INFO:main.py:725:non_trivial:Regenerating headers.
2026-02-05 12:26:10,522 INFO:main.py:750:non_trivial:Regenerating PDB lines.
2026-02-05 12:26:10,552 WARNING:main.py:326:print_pqr:Ignoring 390 header lines in output.
2026-02-05 12:45:50,089 INFO:main.py:246:print_splash_screen:PDB2PQR v3.7.1: biomolecular structure conversion software.
2026-02-05 12:45:50,090 INFO:main.py:248:print_splash_screen:Please cite:  Jurrus E, et al.  Improvements to the APBS biomolecular solvation software suite.  Protein Sci 27 112-128 (2018).
2026-02-05 12:45:50,090 INFO:main.py:248:print_splash_screen:Please cite:  Dolinsky TJ, et al.  PDB2PQR: expanding and upgrading automated preparation of biomolecular structures for molecular simulations. Nucleic Acids Res 35 W522-W525 (2007).
2026-02-05 12:45:50,090 INFO:main.py:770:main_driver:Checking and transforming input arguments.
2026-02-05 12:45:50,091 INFO:main.py:774:main_driver:Loading topology files.
2026-02-05 12:45:50,131 INFO:main.py:776:main_driver:Loading molecule: data/04_out/aligned_struct/A0A5B8ND22.aligned.pdb
2026-02-05 12:45:50,140 INFO:main.py:781:main_driver:Setting up molecule.
2026-02-05 12:45:50,152 INFO:main.py:423:setup_molecule:Created biomolecule object with 489 residues and 3978 atoms.
2026-02-05 12:45:50,153 INFO:main.py:785:main_driver:Setting termini states for biomolecule chains.
2026-02-05 12:45:50,165 INFO:main.py:616:non_trivial:Loading forcefield.
2026-02-05 12:45:50,172 INFO:main.py:620:non_trivial:Loading hydrogen topology definitions.
2026-02-05 12:45:50,174 INFO:main.py:474:is_repairable:This biomolecule is clean.  No repair needed.
2026-02-05 12:45:50,174 INFO:main.py:635:non_trivial:Updating disulfide bridges.
2026-02-05 12:45:50,174 INFO:main.py:638:non_trivial:Debumping biomolecule.
2026-02-05 12:45:50,236 INFO:main.py:661:non_trivial:Adding hydrogens to biomolecule.
2026-02-05 12:45:50,427 INFO:main.py:664:non_trivial:Debumping biomolecule (again).
2026-02-05 12:45:50,682 WARNING:debump.py:179:debump_biomolecule:WARNING: Unable to debump LYS A 457
2026-02-05 12:45:50,694 INFO:main.py:666:non_trivial:Optimizing hydrogen bonds
2026-02-05 12:45:50,694 INFO:__init__.py:375:initialize_wat_optimization:Initializing water bonding optimization...
2026-02-05 12:45:50,794 INFO:main.py:678:non_trivial:Applying force field to biomolecule states.
2026-02-05 12:45:50,797 INFO:main.py:725:non_trivial:Regenerating headers.
2026-02-05 12:45:50,798 INFO:main.py:750:non_trivial:Regenerating PDB lines.
2026-02-05 12:45:50,821 WARNING:main.py:326:print_pqr:Ignoring 390 header lines in output.
