2026-02-05 12:26:08,282 INFO:main.py:246:print_splash_screen:PDB2PQR v3.7.1: biomolecular structure conversion software.
2026-02-05 12:26:08,283 INFO:main.py:248:print_splash_screen:Please cite:  Jurrus E, et al.  Improvements to the APBS biomolecular solvation software suite.  Protein Sci 27 112-128 (2018).
2026-02-05 12:26:08,283 INFO:main.py:248:print_splash_screen:Please cite:  Dolinsky TJ, et al.  PDB2PQR: expanding and upgrading automated preparation of biomolecular structures for molecular simulations. Nucleic Acids Res 35 W522-W525 (2007).
2026-02-05 12:26:08,283 INFO:main.py:770:main_driver:Checking and transforming input arguments.
2026-02-05 12:26:08,283 INFO:main.py:774:main_driver:Loading topology files.
2026-02-05 12:26:08,342 INFO:main.py:776:main_driver:Loading molecule: data/04_out/aligned_struct/A0A5B8NBK9.aligned.pdb
2026-02-05 12:26:08,361 INFO:main.py:781:main_driver:Setting up molecule.
2026-02-05 12:26:08,372 INFO:main.py:423:setup_molecule:Created biomolecule object with 512 residues and 4080 atoms.
2026-02-05 12:26:08,373 INFO:main.py:785:main_driver:Setting termini states for biomolecule chains.
2026-02-05 12:26:08,380 INFO:main.py:616:non_trivial:Loading forcefield.
2026-02-05 12:26:08,386 INFO:main.py:620:non_trivial:Loading hydrogen topology definitions.
2026-02-05 12:26:08,390 INFO:main.py:474:is_repairable:This biomolecule is clean.  No repair needed.
2026-02-05 12:26:08,390 INFO:main.py:635:non_trivial:Updating disulfide bridges.
2026-02-05 12:26:08,390 INFO:main.py:638:non_trivial:Debumping biomolecule.
2026-02-05 12:26:08,472 INFO:main.py:661:non_trivial:Adding hydrogens to biomolecule.
2026-02-05 12:26:08,729 INFO:main.py:664:non_trivial:Debumping biomolecule (again).
2026-02-05 12:26:09,077 INFO:main.py:666:non_trivial:Optimizing hydrogen bonds
2026-02-05 12:26:09,077 INFO:__init__.py:375:initialize_wat_optimization:Initializing water bonding optimization...
2026-02-05 12:26:09,181 INFO:main.py:678:non_trivial:Applying force field to biomolecule states.
2026-02-05 12:26:09,185 INFO:main.py:725:non_trivial:Regenerating headers.
2026-02-05 12:26:09,186 INFO:main.py:750:non_trivial:Regenerating PDB lines.
2026-02-05 12:26:09,216 WARNING:main.py:326:print_pqr:Ignoring 391 header lines in output.
2026-02-05 12:45:49,162 INFO:main.py:246:print_splash_screen:PDB2PQR v3.7.1: biomolecular structure conversion software.
2026-02-05 12:45:49,163 INFO:main.py:248:print_splash_screen:Please cite:  Jurrus E, et al.  Improvements to the APBS biomolecular solvation software suite.  Protein Sci 27 112-128 (2018).
2026-02-05 12:45:49,163 INFO:main.py:248:print_splash_screen:Please cite:  Dolinsky TJ, et al.  PDB2PQR: expanding and upgrading automated preparation of biomolecular structures for molecular simulations. Nucleic Acids Res 35 W522-W525 (2007).
2026-02-05 12:45:49,163 INFO:main.py:770:main_driver:Checking and transforming input arguments.
2026-02-05 12:45:49,163 INFO:main.py:774:main_driver:Loading topology files.
2026-02-05 12:45:49,205 INFO:main.py:776:main_driver:Loading molecule: data/04_out/aligned_struct/A0A5B8NBK9.aligned.pdb
2026-02-05 12:45:49,216 INFO:main.py:781:main_driver:Setting up molecule.
2026-02-05 12:45:49,224 INFO:main.py:423:setup_molecule:Created biomolecule object with 512 residues and 4080 atoms.
2026-02-05 12:45:49,224 INFO:main.py:785:main_driver:Setting termini states for biomolecule chains.
2026-02-05 12:45:49,235 INFO:main.py:616:non_trivial:Loading forcefield.
2026-02-05 12:45:49,242 INFO:main.py:620:non_trivial:Loading hydrogen topology definitions.
2026-02-05 12:45:49,245 INFO:main.py:474:is_repairable:This biomolecule is clean.  No repair needed.
2026-02-05 12:45:49,245 INFO:main.py:635:non_trivial:Updating disulfide bridges.
2026-02-05 12:45:49,245 INFO:main.py:638:non_trivial:Debumping biomolecule.
2026-02-05 12:45:49,307 INFO:main.py:661:non_trivial:Adding hydrogens to biomolecule.
2026-02-05 12:45:49,504 INFO:main.py:664:non_trivial:Debumping biomolecule (again).
2026-02-05 12:45:49,773 INFO:main.py:666:non_trivial:Optimizing hydrogen bonds
2026-02-05 12:45:49,773 INFO:__init__.py:375:initialize_wat_optimization:Initializing water bonding optimization...
2026-02-05 12:45:49,852 INFO:main.py:678:non_trivial:Applying force field to biomolecule states.
2026-02-05 12:45:49,856 INFO:main.py:725:non_trivial:Regenerating headers.
2026-02-05 12:45:49,856 INFO:main.py:750:non_trivial:Regenerating PDB lines.
2026-02-05 12:45:49,879 WARNING:main.py:326:print_pqr:Ignoring 391 header lines in output.
