2026-02-05 12:26:13,595 INFO:main.py:246:print_splash_screen:PDB2PQR v3.7.1: biomolecular structure conversion software.
2026-02-05 12:26:13,595 INFO:main.py:248:print_splash_screen:Please cite:  Jurrus E, et al.  Improvements to the APBS biomolecular solvation software suite.  Protein Sci 27 112-128 (2018).
2026-02-05 12:26:13,595 INFO:main.py:248:print_splash_screen:Please cite:  Dolinsky TJ, et al.  PDB2PQR: expanding and upgrading automated preparation of biomolecular structures for molecular simulations. Nucleic Acids Res 35 W522-W525 (2007).
2026-02-05 12:26:13,595 INFO:main.py:770:main_driver:Checking and transforming input arguments.
2026-02-05 12:26:13,595 INFO:main.py:774:main_driver:Loading topology files.
2026-02-05 12:26:13,633 INFO:main.py:776:main_driver:Loading molecule: data/04_out/aligned_struct/A0A804M4E3.aligned.pdb
2026-02-05 12:26:13,647 INFO:main.py:781:main_driver:Setting up molecule.
2026-02-05 12:26:13,658 INFO:main.py:423:setup_molecule:Created biomolecule object with 557 residues and 4279 atoms.
2026-02-05 12:26:13,658 INFO:main.py:785:main_driver:Setting termini states for biomolecule chains.
2026-02-05 12:26:13,666 INFO:main.py:616:non_trivial:Loading forcefield.
2026-02-05 12:26:13,672 INFO:main.py:620:non_trivial:Loading hydrogen topology definitions.
2026-02-05 12:26:13,676 INFO:main.py:474:is_repairable:This biomolecule is clean.  No repair needed.
2026-02-05 12:26:13,676 INFO:main.py:635:non_trivial:Updating disulfide bridges.
2026-02-05 12:26:13,677 INFO:main.py:638:non_trivial:Debumping biomolecule.
2026-02-05 12:26:13,760 INFO:main.py:661:non_trivial:Adding hydrogens to biomolecule.
2026-02-05 12:26:14,027 INFO:main.py:664:non_trivial:Debumping biomolecule (again).
2026-02-05 12:26:14,301 WARNING:debump.py:179:debump_biomolecule:WARNING: Unable to debump ASP A 249
2026-02-05 12:26:14,449 INFO:main.py:666:non_trivial:Optimizing hydrogen bonds
2026-02-05 12:26:14,449 INFO:__init__.py:375:initialize_wat_optimization:Initializing water bonding optimization...
2026-02-05 12:26:14,552 INFO:main.py:678:non_trivial:Applying force field to biomolecule states.
2026-02-05 12:26:14,557 INFO:main.py:725:non_trivial:Regenerating headers.
2026-02-05 12:26:14,557 INFO:main.py:750:non_trivial:Regenerating PDB lines.
2026-02-05 12:26:14,588 WARNING:main.py:326:print_pqr:Ignoring 391 header lines in output.
2026-02-05 12:45:53,059 INFO:main.py:246:print_splash_screen:PDB2PQR v3.7.1: biomolecular structure conversion software.
2026-02-05 12:45:53,060 INFO:main.py:248:print_splash_screen:Please cite:  Jurrus E, et al.  Improvements to the APBS biomolecular solvation software suite.  Protein Sci 27 112-128 (2018).
2026-02-05 12:45:53,060 INFO:main.py:248:print_splash_screen:Please cite:  Dolinsky TJ, et al.  PDB2PQR: expanding and upgrading automated preparation of biomolecular structures for molecular simulations. Nucleic Acids Res 35 W522-W525 (2007).
2026-02-05 12:45:53,060 INFO:main.py:770:main_driver:Checking and transforming input arguments.
2026-02-05 12:45:53,060 INFO:main.py:774:main_driver:Loading topology files.
2026-02-05 12:45:53,095 INFO:main.py:776:main_driver:Loading molecule: data/04_out/aligned_struct/A0A804M4E3.aligned.pdb
2026-02-05 12:45:53,107 INFO:main.py:781:main_driver:Setting up molecule.
2026-02-05 12:45:53,117 INFO:main.py:423:setup_molecule:Created biomolecule object with 557 residues and 4279 atoms.
2026-02-05 12:45:53,118 INFO:main.py:785:main_driver:Setting termini states for biomolecule chains.
2026-02-05 12:45:53,124 INFO:main.py:616:non_trivial:Loading forcefield.
2026-02-05 12:45:53,129 INFO:main.py:620:non_trivial:Loading hydrogen topology definitions.
2026-02-05 12:45:53,133 INFO:main.py:474:is_repairable:This biomolecule is clean.  No repair needed.
2026-02-05 12:45:53,133 INFO:main.py:635:non_trivial:Updating disulfide bridges.
2026-02-05 12:45:53,133 INFO:main.py:638:non_trivial:Debumping biomolecule.
2026-02-05 12:45:53,201 INFO:main.py:661:non_trivial:Adding hydrogens to biomolecule.
2026-02-05 12:45:53,405 INFO:main.py:664:non_trivial:Debumping biomolecule (again).
2026-02-05 12:45:53,566 WARNING:debump.py:179:debump_biomolecule:WARNING: Unable to debump ASP A 249
2026-02-05 12:45:53,679 INFO:main.py:666:non_trivial:Optimizing hydrogen bonds
2026-02-05 12:45:53,679 INFO:__init__.py:375:initialize_wat_optimization:Initializing water bonding optimization...
2026-02-05 12:45:53,758 INFO:main.py:678:non_trivial:Applying force field to biomolecule states.
2026-02-05 12:45:53,762 INFO:main.py:725:non_trivial:Regenerating headers.
2026-02-05 12:45:53,763 INFO:main.py:750:non_trivial:Regenerating PDB lines.
2026-02-05 12:45:53,788 WARNING:main.py:326:print_pqr:Ignoring 391 header lines in output.
