2026-02-05 12:26:15,104 INFO:main.py:246:print_splash_screen:PDB2PQR v3.7.1: biomolecular structure conversion software.
2026-02-05 12:26:15,104 INFO:main.py:248:print_splash_screen:Please cite:  Jurrus E, et al.  Improvements to the APBS biomolecular solvation software suite.  Protein Sci 27 112-128 (2018).
2026-02-05 12:26:15,104 INFO:main.py:248:print_splash_screen:Please cite:  Dolinsky TJ, et al.  PDB2PQR: expanding and upgrading automated preparation of biomolecular structures for molecular simulations. Nucleic Acids Res 35 W522-W525 (2007).
2026-02-05 12:26:15,104 INFO:main.py:770:main_driver:Checking and transforming input arguments.
2026-02-05 12:26:15,104 INFO:main.py:774:main_driver:Loading topology files.
2026-02-05 12:26:15,140 INFO:main.py:776:main_driver:Loading molecule: data/04_out/aligned_struct/A1YJE3.aligned.pdb
2026-02-05 12:26:15,153 INFO:main.py:781:main_driver:Setting up molecule.
2026-02-05 12:26:15,163 INFO:main.py:423:setup_molecule:Created biomolecule object with 517 residues and 4194 atoms.
2026-02-05 12:26:15,163 INFO:main.py:785:main_driver:Setting termini states for biomolecule chains.
2026-02-05 12:26:15,171 INFO:main.py:616:non_trivial:Loading forcefield.
2026-02-05 12:26:15,177 INFO:main.py:620:non_trivial:Loading hydrogen topology definitions.
2026-02-05 12:26:15,181 INFO:main.py:474:is_repairable:This biomolecule is clean.  No repair needed.
2026-02-05 12:26:15,181 INFO:main.py:635:non_trivial:Updating disulfide bridges.
2026-02-05 12:26:15,181 INFO:main.py:638:non_trivial:Debumping biomolecule.
2026-02-05 12:26:15,263 INFO:main.py:661:non_trivial:Adding hydrogens to biomolecule.
2026-02-05 12:26:15,522 INFO:main.py:664:non_trivial:Debumping biomolecule (again).
2026-02-05 12:26:15,961 INFO:main.py:666:non_trivial:Optimizing hydrogen bonds
2026-02-05 12:26:15,962 INFO:__init__.py:375:initialize_wat_optimization:Initializing water bonding optimization...
2026-02-05 12:26:16,117 INFO:main.py:678:non_trivial:Applying force field to biomolecule states.
2026-02-05 12:26:16,122 INFO:main.py:725:non_trivial:Regenerating headers.
2026-02-05 12:26:16,123 INFO:main.py:750:non_trivial:Regenerating PDB lines.
2026-02-05 12:26:16,157 WARNING:main.py:326:print_pqr:Ignoring 391 header lines in output.
2026-02-05 12:45:54,026 INFO:main.py:246:print_splash_screen:PDB2PQR v3.7.1: biomolecular structure conversion software.
2026-02-05 12:45:54,027 INFO:main.py:248:print_splash_screen:Please cite:  Jurrus E, et al.  Improvements to the APBS biomolecular solvation software suite.  Protein Sci 27 112-128 (2018).
2026-02-05 12:45:54,027 INFO:main.py:248:print_splash_screen:Please cite:  Dolinsky TJ, et al.  PDB2PQR: expanding and upgrading automated preparation of biomolecular structures for molecular simulations. Nucleic Acids Res 35 W522-W525 (2007).
2026-02-05 12:45:54,027 INFO:main.py:770:main_driver:Checking and transforming input arguments.
2026-02-05 12:45:54,027 INFO:main.py:774:main_driver:Loading topology files.
2026-02-05 12:45:54,060 INFO:main.py:776:main_driver:Loading molecule: data/04_out/aligned_struct/A1YJE3.aligned.pdb
2026-02-05 12:45:54,079 INFO:main.py:781:main_driver:Setting up molecule.
2026-02-05 12:45:54,090 INFO:main.py:423:setup_molecule:Created biomolecule object with 517 residues and 4194 atoms.
2026-02-05 12:45:54,090 INFO:main.py:785:main_driver:Setting termini states for biomolecule chains.
2026-02-05 12:45:54,098 INFO:main.py:616:non_trivial:Loading forcefield.
2026-02-05 12:45:54,114 INFO:main.py:620:non_trivial:Loading hydrogen topology definitions.
2026-02-05 12:45:54,116 INFO:main.py:474:is_repairable:This biomolecule is clean.  No repair needed.
2026-02-05 12:45:54,116 INFO:main.py:635:non_trivial:Updating disulfide bridges.
2026-02-05 12:45:54,116 INFO:main.py:638:non_trivial:Debumping biomolecule.
2026-02-05 12:45:54,188 INFO:main.py:661:non_trivial:Adding hydrogens to biomolecule.
2026-02-05 12:45:54,386 INFO:main.py:664:non_trivial:Debumping biomolecule (again).
2026-02-05 12:45:54,660 INFO:main.py:666:non_trivial:Optimizing hydrogen bonds
2026-02-05 12:45:54,660 INFO:__init__.py:375:initialize_wat_optimization:Initializing water bonding optimization...
2026-02-05 12:45:54,742 INFO:main.py:678:non_trivial:Applying force field to biomolecule states.
2026-02-05 12:45:54,745 INFO:main.py:725:non_trivial:Regenerating headers.
2026-02-05 12:45:54,746 INFO:main.py:750:non_trivial:Regenerating PDB lines.
2026-02-05 12:45:54,769 WARNING:main.py:326:print_pqr:Ignoring 391 header lines in output.
