2026-02-05 12:26:16,485 INFO:main.py:246:print_splash_screen:PDB2PQR v3.7.1: biomolecular structure conversion software.
2026-02-05 12:26:16,486 INFO:main.py:248:print_splash_screen:Please cite:  Jurrus E, et al.  Improvements to the APBS biomolecular solvation software suite.  Protein Sci 27 112-128 (2018).
2026-02-05 12:26:16,486 INFO:main.py:248:print_splash_screen:Please cite:  Dolinsky TJ, et al.  PDB2PQR: expanding and upgrading automated preparation of biomolecular structures for molecular simulations. Nucleic Acids Res 35 W522-W525 (2007).
2026-02-05 12:26:16,486 INFO:main.py:770:main_driver:Checking and transforming input arguments.
2026-02-05 12:26:16,487 INFO:main.py:774:main_driver:Loading topology files.
2026-02-05 12:26:16,530 INFO:main.py:776:main_driver:Loading molecule: data/04_out/aligned_struct/A2WLP4.aligned.pdb
2026-02-05 12:26:16,541 INFO:main.py:781:main_driver:Setting up molecule.
2026-02-05 12:26:16,552 INFO:main.py:423:setup_molecule:Created biomolecule object with 490 residues and 3862 atoms.
2026-02-05 12:26:16,552 INFO:main.py:785:main_driver:Setting termini states for biomolecule chains.
2026-02-05 12:26:16,579 INFO:main.py:616:non_trivial:Loading forcefield.
2026-02-05 12:26:16,601 INFO:main.py:620:non_trivial:Loading hydrogen topology definitions.
2026-02-05 12:26:16,625 INFO:main.py:474:is_repairable:This biomolecule is clean.  No repair needed.
2026-02-05 12:26:16,625 INFO:main.py:635:non_trivial:Updating disulfide bridges.
2026-02-05 12:26:16,625 INFO:main.py:638:non_trivial:Debumping biomolecule.
2026-02-05 12:26:16,717 INFO:main.py:661:non_trivial:Adding hydrogens to biomolecule.
2026-02-05 12:26:16,961 INFO:main.py:664:non_trivial:Debumping biomolecule (again).
2026-02-05 12:26:17,343 INFO:main.py:666:non_trivial:Optimizing hydrogen bonds
2026-02-05 12:26:17,343 INFO:__init__.py:375:initialize_wat_optimization:Initializing water bonding optimization...
2026-02-05 12:26:17,492 INFO:main.py:678:non_trivial:Applying force field to biomolecule states.
2026-02-05 12:26:17,496 INFO:main.py:725:non_trivial:Regenerating headers.
2026-02-05 12:26:17,497 INFO:main.py:750:non_trivial:Regenerating PDB lines.
2026-02-05 12:26:17,524 WARNING:main.py:326:print_pqr:Ignoring 391 header lines in output.
2026-02-05 12:45:54,987 INFO:main.py:246:print_splash_screen:PDB2PQR v3.7.1: biomolecular structure conversion software.
2026-02-05 12:45:54,989 INFO:main.py:248:print_splash_screen:Please cite:  Jurrus E, et al.  Improvements to the APBS biomolecular solvation software suite.  Protein Sci 27 112-128 (2018).
2026-02-05 12:45:54,989 INFO:main.py:248:print_splash_screen:Please cite:  Dolinsky TJ, et al.  PDB2PQR: expanding and upgrading automated preparation of biomolecular structures for molecular simulations. Nucleic Acids Res 35 W522-W525 (2007).
2026-02-05 12:45:54,989 INFO:main.py:770:main_driver:Checking and transforming input arguments.
2026-02-05 12:45:54,989 INFO:main.py:774:main_driver:Loading topology files.
2026-02-05 12:45:55,017 INFO:main.py:776:main_driver:Loading molecule: data/04_out/aligned_struct/A2WLP4.aligned.pdb
2026-02-05 12:45:55,026 INFO:main.py:781:main_driver:Setting up molecule.
2026-02-05 12:45:55,040 INFO:main.py:423:setup_molecule:Created biomolecule object with 490 residues and 3862 atoms.
2026-02-05 12:45:55,040 INFO:main.py:785:main_driver:Setting termini states for biomolecule chains.
2026-02-05 12:45:55,050 INFO:main.py:616:non_trivial:Loading forcefield.
2026-02-05 12:45:55,055 INFO:main.py:620:non_trivial:Loading hydrogen topology definitions.
2026-02-05 12:45:55,058 INFO:main.py:474:is_repairable:This biomolecule is clean.  No repair needed.
2026-02-05 12:45:55,058 INFO:main.py:635:non_trivial:Updating disulfide bridges.
2026-02-05 12:45:55,058 INFO:main.py:638:non_trivial:Debumping biomolecule.
2026-02-05 12:45:55,140 INFO:main.py:661:non_trivial:Adding hydrogens to biomolecule.
2026-02-05 12:45:55,324 INFO:main.py:664:non_trivial:Debumping biomolecule (again).
2026-02-05 12:45:55,578 INFO:main.py:666:non_trivial:Optimizing hydrogen bonds
2026-02-05 12:45:55,578 INFO:__init__.py:375:initialize_wat_optimization:Initializing water bonding optimization...
2026-02-05 12:45:55,652 INFO:main.py:678:non_trivial:Applying force field to biomolecule states.
2026-02-05 12:45:55,655 INFO:main.py:725:non_trivial:Regenerating headers.
2026-02-05 12:45:55,656 INFO:main.py:750:non_trivial:Regenerating PDB lines.
2026-02-05 12:45:55,679 WARNING:main.py:326:print_pqr:Ignoring 391 header lines in output.
