2026-02-05 12:26:25,680 INFO:main.py:246:print_splash_screen:PDB2PQR v3.7.1: biomolecular structure conversion software.
2026-02-05 12:26:25,680 INFO:main.py:248:print_splash_screen:Please cite:  Jurrus E, et al.  Improvements to the APBS biomolecular solvation software suite.  Protein Sci 27 112-128 (2018).
2026-02-05 12:26:25,681 INFO:main.py:248:print_splash_screen:Please cite:  Dolinsky TJ, et al.  PDB2PQR: expanding and upgrading automated preparation of biomolecular structures for molecular simulations. Nucleic Acids Res 35 W522-W525 (2007).
2026-02-05 12:26:25,681 INFO:main.py:770:main_driver:Checking and transforming input arguments.
2026-02-05 12:26:25,681 INFO:main.py:774:main_driver:Loading topology files.
2026-02-05 12:26:25,786 INFO:main.py:776:main_driver:Loading molecule: data/04_out/aligned_struct/A8CDR5.aligned.pdb
2026-02-05 12:26:25,798 INFO:main.py:781:main_driver:Setting up molecule.
2026-02-05 12:26:25,814 INFO:main.py:423:setup_molecule:Created biomolecule object with 486 residues and 3869 atoms.
2026-02-05 12:26:25,815 INFO:main.py:785:main_driver:Setting termini states for biomolecule chains.
2026-02-05 12:26:25,822 INFO:main.py:616:non_trivial:Loading forcefield.
2026-02-05 12:26:25,829 INFO:main.py:620:non_trivial:Loading hydrogen topology definitions.
2026-02-05 12:26:25,832 INFO:main.py:474:is_repairable:This biomolecule is clean.  No repair needed.
2026-02-05 12:26:25,832 INFO:main.py:635:non_trivial:Updating disulfide bridges.
2026-02-05 12:26:25,833 INFO:main.py:638:non_trivial:Debumping biomolecule.
2026-02-05 12:26:25,909 INFO:main.py:661:non_trivial:Adding hydrogens to biomolecule.
2026-02-05 12:26:26,152 INFO:main.py:664:non_trivial:Debumping biomolecule (again).
2026-02-05 12:26:26,546 INFO:main.py:666:non_trivial:Optimizing hydrogen bonds
2026-02-05 12:26:26,546 INFO:__init__.py:375:initialize_wat_optimization:Initializing water bonding optimization...
2026-02-05 12:26:26,643 INFO:main.py:678:non_trivial:Applying force field to biomolecule states.
2026-02-05 12:26:26,647 INFO:main.py:725:non_trivial:Regenerating headers.
2026-02-05 12:26:26,648 INFO:main.py:750:non_trivial:Regenerating PDB lines.
2026-02-05 12:26:26,677 WARNING:main.py:326:print_pqr:Ignoring 390 header lines in output.
2026-02-05 12:46:00,623 INFO:main.py:246:print_splash_screen:PDB2PQR v3.7.1: biomolecular structure conversion software.
2026-02-05 12:46:00,624 INFO:main.py:248:print_splash_screen:Please cite:  Jurrus E, et al.  Improvements to the APBS biomolecular solvation software suite.  Protein Sci 27 112-128 (2018).
2026-02-05 12:46:00,624 INFO:main.py:248:print_splash_screen:Please cite:  Dolinsky TJ, et al.  PDB2PQR: expanding and upgrading automated preparation of biomolecular structures for molecular simulations. Nucleic Acids Res 35 W522-W525 (2007).
2026-02-05 12:46:00,624 INFO:main.py:770:main_driver:Checking and transforming input arguments.
2026-02-05 12:46:00,624 INFO:main.py:774:main_driver:Loading topology files.
2026-02-05 12:46:00,652 INFO:main.py:776:main_driver:Loading molecule: data/04_out/aligned_struct/A8CDR5.aligned.pdb
2026-02-05 12:46:00,665 INFO:main.py:781:main_driver:Setting up molecule.
2026-02-05 12:46:00,673 INFO:main.py:423:setup_molecule:Created biomolecule object with 486 residues and 3869 atoms.
2026-02-05 12:46:00,673 INFO:main.py:785:main_driver:Setting termini states for biomolecule chains.
2026-02-05 12:46:00,678 INFO:main.py:616:non_trivial:Loading forcefield.
2026-02-05 12:46:00,683 INFO:main.py:620:non_trivial:Loading hydrogen topology definitions.
2026-02-05 12:46:00,686 INFO:main.py:474:is_repairable:This biomolecule is clean.  No repair needed.
2026-02-05 12:46:00,686 INFO:main.py:635:non_trivial:Updating disulfide bridges.
2026-02-05 12:46:00,686 INFO:main.py:638:non_trivial:Debumping biomolecule.
2026-02-05 12:46:00,757 INFO:main.py:661:non_trivial:Adding hydrogens to biomolecule.
2026-02-05 12:46:00,949 INFO:main.py:664:non_trivial:Debumping biomolecule (again).
2026-02-05 12:46:01,204 INFO:main.py:666:non_trivial:Optimizing hydrogen bonds
2026-02-05 12:46:01,204 INFO:__init__.py:375:initialize_wat_optimization:Initializing water bonding optimization...
2026-02-05 12:46:01,284 INFO:main.py:678:non_trivial:Applying force field to biomolecule states.
2026-02-05 12:46:01,287 INFO:main.py:725:non_trivial:Regenerating headers.
2026-02-05 12:46:01,288 INFO:main.py:750:non_trivial:Regenerating PDB lines.
2026-02-05 12:46:01,310 WARNING:main.py:326:print_pqr:Ignoring 390 header lines in output.
