2026-02-05 12:26:29,928 INFO:main.py:246:print_splash_screen:PDB2PQR v3.7.1: biomolecular structure conversion software.
2026-02-05 12:26:29,928 INFO:main.py:248:print_splash_screen:Please cite:  Jurrus E, et al.  Improvements to the APBS biomolecular solvation software suite.  Protein Sci 27 112-128 (2018).
2026-02-05 12:26:29,928 INFO:main.py:248:print_splash_screen:Please cite:  Dolinsky TJ, et al.  PDB2PQR: expanding and upgrading automated preparation of biomolecular structures for molecular simulations. Nucleic Acids Res 35 W522-W525 (2007).
2026-02-05 12:26:29,928 INFO:main.py:770:main_driver:Checking and transforming input arguments.
2026-02-05 12:26:29,928 INFO:main.py:774:main_driver:Loading topology files.
2026-02-05 12:26:29,970 INFO:main.py:776:main_driver:Loading molecule: data/04_out/aligned_struct/B1NF20.aligned.pdb
2026-02-05 12:26:30,026 INFO:main.py:781:main_driver:Setting up molecule.
2026-02-05 12:26:30,047 INFO:main.py:423:setup_molecule:Created biomolecule object with 494 residues and 3919 atoms.
2026-02-05 12:26:30,047 INFO:main.py:785:main_driver:Setting termini states for biomolecule chains.
2026-02-05 12:26:30,066 INFO:main.py:616:non_trivial:Loading forcefield.
2026-02-05 12:26:30,072 INFO:main.py:620:non_trivial:Loading hydrogen topology definitions.
2026-02-05 12:26:30,076 INFO:main.py:474:is_repairable:This biomolecule is clean.  No repair needed.
2026-02-05 12:26:30,076 INFO:main.py:635:non_trivial:Updating disulfide bridges.
2026-02-05 12:26:30,077 INFO:main.py:638:non_trivial:Debumping biomolecule.
2026-02-05 12:26:30,161 INFO:main.py:661:non_trivial:Adding hydrogens to biomolecule.
2026-02-05 12:26:30,462 INFO:main.py:664:non_trivial:Debumping biomolecule (again).
2026-02-05 12:26:30,803 INFO:main.py:666:non_trivial:Optimizing hydrogen bonds
2026-02-05 12:26:30,803 INFO:__init__.py:375:initialize_wat_optimization:Initializing water bonding optimization...
2026-02-05 12:26:30,905 INFO:main.py:678:non_trivial:Applying force field to biomolecule states.
2026-02-05 12:26:30,909 INFO:main.py:725:non_trivial:Regenerating headers.
2026-02-05 12:26:30,910 INFO:main.py:750:non_trivial:Regenerating PDB lines.
2026-02-05 12:26:30,939 WARNING:main.py:326:print_pqr:Ignoring 390 header lines in output.
2026-02-05 12:46:03,421 INFO:main.py:246:print_splash_screen:PDB2PQR v3.7.1: biomolecular structure conversion software.
2026-02-05 12:46:03,422 INFO:main.py:248:print_splash_screen:Please cite:  Jurrus E, et al.  Improvements to the APBS biomolecular solvation software suite.  Protein Sci 27 112-128 (2018).
2026-02-05 12:46:03,422 INFO:main.py:248:print_splash_screen:Please cite:  Dolinsky TJ, et al.  PDB2PQR: expanding and upgrading automated preparation of biomolecular structures for molecular simulations. Nucleic Acids Res 35 W522-W525 (2007).
2026-02-05 12:46:03,422 INFO:main.py:770:main_driver:Checking and transforming input arguments.
2026-02-05 12:46:03,422 INFO:main.py:774:main_driver:Loading topology files.
2026-02-05 12:46:03,473 INFO:main.py:776:main_driver:Loading molecule: data/04_out/aligned_struct/B1NF20.aligned.pdb
2026-02-05 12:46:03,486 INFO:main.py:781:main_driver:Setting up molecule.
2026-02-05 12:46:03,494 INFO:main.py:423:setup_molecule:Created biomolecule object with 494 residues and 3919 atoms.
2026-02-05 12:46:03,494 INFO:main.py:785:main_driver:Setting termini states for biomolecule chains.
2026-02-05 12:46:03,501 INFO:main.py:616:non_trivial:Loading forcefield.
2026-02-05 12:46:03,514 INFO:main.py:620:non_trivial:Loading hydrogen topology definitions.
2026-02-05 12:46:03,517 INFO:main.py:474:is_repairable:This biomolecule is clean.  No repair needed.
2026-02-05 12:46:03,517 INFO:main.py:635:non_trivial:Updating disulfide bridges.
2026-02-05 12:46:03,517 INFO:main.py:638:non_trivial:Debumping biomolecule.
2026-02-05 12:46:03,577 INFO:main.py:661:non_trivial:Adding hydrogens to biomolecule.
2026-02-05 12:46:03,766 INFO:main.py:664:non_trivial:Debumping biomolecule (again).
2026-02-05 12:46:04,031 INFO:main.py:666:non_trivial:Optimizing hydrogen bonds
2026-02-05 12:46:04,031 INFO:__init__.py:375:initialize_wat_optimization:Initializing water bonding optimization...
2026-02-05 12:46:04,109 INFO:main.py:678:non_trivial:Applying force field to biomolecule states.
2026-02-05 12:46:04,112 INFO:main.py:725:non_trivial:Regenerating headers.
2026-02-05 12:46:04,113 INFO:main.py:750:non_trivial:Regenerating PDB lines.
2026-02-05 12:46:04,135 WARNING:main.py:326:print_pqr:Ignoring 390 header lines in output.
