2026-02-05 12:26:31,339 INFO:main.py:246:print_splash_screen:PDB2PQR v3.7.1: biomolecular structure conversion software.
2026-02-05 12:26:31,340 INFO:main.py:248:print_splash_screen:Please cite:  Jurrus E, et al.  Improvements to the APBS biomolecular solvation software suite.  Protein Sci 27 112-128 (2018).
2026-02-05 12:26:31,340 INFO:main.py:248:print_splash_screen:Please cite:  Dolinsky TJ, et al.  PDB2PQR: expanding and upgrading automated preparation of biomolecular structures for molecular simulations. Nucleic Acids Res 35 W522-W525 (2007).
2026-02-05 12:26:31,340 INFO:main.py:770:main_driver:Checking and transforming input arguments.
2026-02-05 12:26:31,340 INFO:main.py:774:main_driver:Loading topology files.
2026-02-05 12:26:31,376 INFO:main.py:776:main_driver:Loading molecule: data/04_out/aligned_struct/B3RFJ6.aligned.pdb
2026-02-05 12:26:31,389 INFO:main.py:781:main_driver:Setting up molecule.
2026-02-05 12:26:31,400 INFO:main.py:423:setup_molecule:Created biomolecule object with 553 residues and 4395 atoms.
2026-02-05 12:26:31,401 INFO:main.py:785:main_driver:Setting termini states for biomolecule chains.
2026-02-05 12:26:31,409 INFO:main.py:616:non_trivial:Loading forcefield.
2026-02-05 12:26:31,415 INFO:main.py:620:non_trivial:Loading hydrogen topology definitions.
2026-02-05 12:26:31,419 INFO:main.py:474:is_repairable:This biomolecule is clean.  No repair needed.
2026-02-05 12:26:31,419 INFO:main.py:635:non_trivial:Updating disulfide bridges.
2026-02-05 12:26:31,420 INFO:main.py:638:non_trivial:Debumping biomolecule.
2026-02-05 12:26:31,505 INFO:main.py:661:non_trivial:Adding hydrogens to biomolecule.
2026-02-05 12:26:31,778 INFO:main.py:664:non_trivial:Debumping biomolecule (again).
2026-02-05 12:26:32,148 INFO:main.py:666:non_trivial:Optimizing hydrogen bonds
2026-02-05 12:26:32,148 INFO:__init__.py:375:initialize_wat_optimization:Initializing water bonding optimization...
2026-02-05 12:26:32,261 INFO:main.py:678:non_trivial:Applying force field to biomolecule states.
2026-02-05 12:26:32,266 INFO:main.py:725:non_trivial:Regenerating headers.
2026-02-05 12:26:32,267 INFO:main.py:750:non_trivial:Regenerating PDB lines.
2026-02-05 12:26:32,299 WARNING:main.py:326:print_pqr:Ignoring 390 header lines in output.
2026-02-05 12:46:04,351 INFO:main.py:246:print_splash_screen:PDB2PQR v3.7.1: biomolecular structure conversion software.
2026-02-05 12:46:04,352 INFO:main.py:248:print_splash_screen:Please cite:  Jurrus E, et al.  Improvements to the APBS biomolecular solvation software suite.  Protein Sci 27 112-128 (2018).
2026-02-05 12:46:04,352 INFO:main.py:248:print_splash_screen:Please cite:  Dolinsky TJ, et al.  PDB2PQR: expanding and upgrading automated preparation of biomolecular structures for molecular simulations. Nucleic Acids Res 35 W522-W525 (2007).
2026-02-05 12:46:04,352 INFO:main.py:770:main_driver:Checking and transforming input arguments.
2026-02-05 12:46:04,352 INFO:main.py:774:main_driver:Loading topology files.
2026-02-05 12:46:04,387 INFO:main.py:776:main_driver:Loading molecule: data/04_out/aligned_struct/B3RFJ6.aligned.pdb
2026-02-05 12:46:04,398 INFO:main.py:781:main_driver:Setting up molecule.
2026-02-05 12:46:04,406 INFO:main.py:423:setup_molecule:Created biomolecule object with 553 residues and 4395 atoms.
2026-02-05 12:46:04,406 INFO:main.py:785:main_driver:Setting termini states for biomolecule chains.
2026-02-05 12:46:04,415 INFO:main.py:616:non_trivial:Loading forcefield.
2026-02-05 12:46:04,420 INFO:main.py:620:non_trivial:Loading hydrogen topology definitions.
2026-02-05 12:46:04,423 INFO:main.py:474:is_repairable:This biomolecule is clean.  No repair needed.
2026-02-05 12:46:04,423 INFO:main.py:635:non_trivial:Updating disulfide bridges.
2026-02-05 12:46:04,424 INFO:main.py:638:non_trivial:Debumping biomolecule.
2026-02-05 12:46:04,516 INFO:main.py:661:non_trivial:Adding hydrogens to biomolecule.
2026-02-05 12:46:04,723 INFO:main.py:664:non_trivial:Debumping biomolecule (again).
2026-02-05 12:46:05,002 INFO:main.py:666:non_trivial:Optimizing hydrogen bonds
2026-02-05 12:46:05,002 INFO:__init__.py:375:initialize_wat_optimization:Initializing water bonding optimization...
2026-02-05 12:46:05,086 INFO:main.py:678:non_trivial:Applying force field to biomolecule states.
2026-02-05 12:46:05,089 INFO:main.py:725:non_trivial:Regenerating headers.
2026-02-05 12:46:05,090 INFO:main.py:750:non_trivial:Regenerating PDB lines.
2026-02-05 12:46:05,116 WARNING:main.py:326:print_pqr:Ignoring 390 header lines in output.
