2026-02-05 12:26:32,629 INFO:main.py:246:print_splash_screen:PDB2PQR v3.7.1: biomolecular structure conversion software.
2026-02-05 12:26:32,629 INFO:main.py:248:print_splash_screen:Please cite:  Jurrus E, et al.  Improvements to the APBS biomolecular solvation software suite.  Protein Sci 27 112-128 (2018).
2026-02-05 12:26:32,636 INFO:main.py:248:print_splash_screen:Please cite:  Dolinsky TJ, et al.  PDB2PQR: expanding and upgrading automated preparation of biomolecular structures for molecular simulations. Nucleic Acids Res 35 W522-W525 (2007).
2026-02-05 12:26:32,637 INFO:main.py:770:main_driver:Checking and transforming input arguments.
2026-02-05 12:26:32,637 INFO:main.py:774:main_driver:Loading topology files.
2026-02-05 12:26:32,683 INFO:main.py:776:main_driver:Loading molecule: data/04_out/aligned_struct/B4FVP3.aligned.pdb
2026-02-05 12:26:32,695 INFO:main.py:781:main_driver:Setting up molecule.
2026-02-05 12:26:32,705 INFO:main.py:423:setup_molecule:Created biomolecule object with 505 residues and 3932 atoms.
2026-02-05 12:26:32,705 INFO:main.py:785:main_driver:Setting termini states for biomolecule chains.
2026-02-05 12:26:32,712 INFO:main.py:616:non_trivial:Loading forcefield.
2026-02-05 12:26:32,718 INFO:main.py:620:non_trivial:Loading hydrogen topology definitions.
2026-02-05 12:26:32,722 INFO:main.py:474:is_repairable:This biomolecule is clean.  No repair needed.
2026-02-05 12:26:32,722 INFO:main.py:635:non_trivial:Updating disulfide bridges.
2026-02-05 12:26:32,722 INFO:main.py:638:non_trivial:Debumping biomolecule.
2026-02-05 12:26:32,797 INFO:main.py:661:non_trivial:Adding hydrogens to biomolecule.
2026-02-05 12:26:33,039 INFO:main.py:664:non_trivial:Debumping biomolecule (again).
2026-02-05 12:26:33,372 INFO:main.py:666:non_trivial:Optimizing hydrogen bonds
2026-02-05 12:26:33,372 INFO:__init__.py:375:initialize_wat_optimization:Initializing water bonding optimization...
2026-02-05 12:26:33,469 INFO:main.py:678:non_trivial:Applying force field to biomolecule states.
2026-02-05 12:26:33,473 INFO:main.py:725:non_trivial:Regenerating headers.
2026-02-05 12:26:33,474 INFO:main.py:750:non_trivial:Regenerating PDB lines.
2026-02-05 12:26:33,503 WARNING:main.py:326:print_pqr:Ignoring 390 header lines in output.
2026-02-05 12:46:05,331 INFO:main.py:246:print_splash_screen:PDB2PQR v3.7.1: biomolecular structure conversion software.
2026-02-05 12:46:05,332 INFO:main.py:248:print_splash_screen:Please cite:  Jurrus E, et al.  Improvements to the APBS biomolecular solvation software suite.  Protein Sci 27 112-128 (2018).
2026-02-05 12:46:05,333 INFO:main.py:248:print_splash_screen:Please cite:  Dolinsky TJ, et al.  PDB2PQR: expanding and upgrading automated preparation of biomolecular structures for molecular simulations. Nucleic Acids Res 35 W522-W525 (2007).
2026-02-05 12:46:05,333 INFO:main.py:770:main_driver:Checking and transforming input arguments.
2026-02-05 12:46:05,333 INFO:main.py:774:main_driver:Loading topology files.
2026-02-05 12:46:05,369 INFO:main.py:776:main_driver:Loading molecule: data/04_out/aligned_struct/B4FVP3.aligned.pdb
2026-02-05 12:46:05,382 INFO:main.py:781:main_driver:Setting up molecule.
2026-02-05 12:46:05,393 INFO:main.py:423:setup_molecule:Created biomolecule object with 505 residues and 3932 atoms.
2026-02-05 12:46:05,393 INFO:main.py:785:main_driver:Setting termini states for biomolecule chains.
2026-02-05 12:46:05,399 INFO:main.py:616:non_trivial:Loading forcefield.
2026-02-05 12:46:05,409 INFO:main.py:620:non_trivial:Loading hydrogen topology definitions.
2026-02-05 12:46:05,411 INFO:main.py:474:is_repairable:This biomolecule is clean.  No repair needed.
2026-02-05 12:46:05,412 INFO:main.py:635:non_trivial:Updating disulfide bridges.
2026-02-05 12:46:05,412 INFO:main.py:638:non_trivial:Debumping biomolecule.
2026-02-05 12:46:05,487 INFO:main.py:661:non_trivial:Adding hydrogens to biomolecule.
2026-02-05 12:46:05,673 INFO:main.py:664:non_trivial:Debumping biomolecule (again).
2026-02-05 12:46:05,928 INFO:main.py:666:non_trivial:Optimizing hydrogen bonds
2026-02-05 12:46:05,928 INFO:__init__.py:375:initialize_wat_optimization:Initializing water bonding optimization...
2026-02-05 12:46:06,002 INFO:main.py:678:non_trivial:Applying force field to biomolecule states.
2026-02-05 12:46:06,005 INFO:main.py:725:non_trivial:Regenerating headers.
2026-02-05 12:46:06,006 INFO:main.py:750:non_trivial:Regenerating PDB lines.
2026-02-05 12:46:06,029 WARNING:main.py:326:print_pqr:Ignoring 390 header lines in output.
