2026-02-05 12:26:33,788 INFO:main.py:246:print_splash_screen:PDB2PQR v3.7.1: biomolecular structure conversion software.
2026-02-05 12:26:33,788 INFO:main.py:248:print_splash_screen:Please cite:  Jurrus E, et al.  Improvements to the APBS biomolecular solvation software suite.  Protein Sci 27 112-128 (2018).
2026-02-05 12:26:33,788 INFO:main.py:248:print_splash_screen:Please cite:  Dolinsky TJ, et al.  PDB2PQR: expanding and upgrading automated preparation of biomolecular structures for molecular simulations. Nucleic Acids Res 35 W522-W525 (2007).
2026-02-05 12:26:33,788 INFO:main.py:770:main_driver:Checking and transforming input arguments.
2026-02-05 12:26:33,788 INFO:main.py:774:main_driver:Loading topology files.
2026-02-05 12:26:33,824 INFO:main.py:776:main_driver:Loading molecule: data/04_out/aligned_struct/B5BSX1.aligned.pdb
2026-02-05 12:26:33,849 INFO:main.py:781:main_driver:Setting up molecule.
2026-02-05 12:26:33,859 INFO:main.py:423:setup_molecule:Created biomolecule object with 493 residues and 3966 atoms.
2026-02-05 12:26:33,860 INFO:main.py:785:main_driver:Setting termini states for biomolecule chains.
2026-02-05 12:26:33,868 INFO:main.py:616:non_trivial:Loading forcefield.
2026-02-05 12:26:33,877 INFO:main.py:620:non_trivial:Loading hydrogen topology definitions.
2026-02-05 12:26:33,881 INFO:main.py:474:is_repairable:This biomolecule is clean.  No repair needed.
2026-02-05 12:26:33,881 INFO:main.py:635:non_trivial:Updating disulfide bridges.
2026-02-05 12:26:33,882 INFO:main.py:638:non_trivial:Debumping biomolecule.
2026-02-05 12:26:33,960 INFO:main.py:661:non_trivial:Adding hydrogens to biomolecule.
2026-02-05 12:26:34,207 INFO:main.py:664:non_trivial:Debumping biomolecule (again).
2026-02-05 12:26:34,543 INFO:main.py:666:non_trivial:Optimizing hydrogen bonds
2026-02-05 12:26:34,543 INFO:__init__.py:375:initialize_wat_optimization:Initializing water bonding optimization...
2026-02-05 12:26:34,643 INFO:main.py:678:non_trivial:Applying force field to biomolecule states.
2026-02-05 12:26:34,647 INFO:main.py:725:non_trivial:Regenerating headers.
2026-02-05 12:26:34,648 INFO:main.py:750:non_trivial:Regenerating PDB lines.
2026-02-05 12:26:34,677 WARNING:main.py:326:print_pqr:Ignoring 390 header lines in output.
2026-02-05 12:46:06,248 INFO:main.py:246:print_splash_screen:PDB2PQR v3.7.1: biomolecular structure conversion software.
2026-02-05 12:46:06,249 INFO:main.py:248:print_splash_screen:Please cite:  Jurrus E, et al.  Improvements to the APBS biomolecular solvation software suite.  Protein Sci 27 112-128 (2018).
2026-02-05 12:46:06,249 INFO:main.py:248:print_splash_screen:Please cite:  Dolinsky TJ, et al.  PDB2PQR: expanding and upgrading automated preparation of biomolecular structures for molecular simulations. Nucleic Acids Res 35 W522-W525 (2007).
2026-02-05 12:46:06,249 INFO:main.py:770:main_driver:Checking and transforming input arguments.
2026-02-05 12:46:06,249 INFO:main.py:774:main_driver:Loading topology files.
2026-02-05 12:46:06,283 INFO:main.py:776:main_driver:Loading molecule: data/04_out/aligned_struct/B5BSX1.aligned.pdb
2026-02-05 12:46:06,292 INFO:main.py:781:main_driver:Setting up molecule.
2026-02-05 12:46:06,300 INFO:main.py:423:setup_molecule:Created biomolecule object with 493 residues and 3966 atoms.
2026-02-05 12:46:06,301 INFO:main.py:785:main_driver:Setting termini states for biomolecule chains.
2026-02-05 12:46:06,308 INFO:main.py:616:non_trivial:Loading forcefield.
2026-02-05 12:46:06,314 INFO:main.py:620:non_trivial:Loading hydrogen topology definitions.
2026-02-05 12:46:06,317 INFO:main.py:474:is_repairable:This biomolecule is clean.  No repair needed.
2026-02-05 12:46:06,317 INFO:main.py:635:non_trivial:Updating disulfide bridges.
2026-02-05 12:46:06,317 INFO:main.py:638:non_trivial:Debumping biomolecule.
2026-02-05 12:46:06,390 INFO:main.py:661:non_trivial:Adding hydrogens to biomolecule.
2026-02-05 12:46:06,581 INFO:main.py:664:non_trivial:Debumping biomolecule (again).
2026-02-05 12:46:06,839 INFO:main.py:666:non_trivial:Optimizing hydrogen bonds
2026-02-05 12:46:06,839 INFO:__init__.py:375:initialize_wat_optimization:Initializing water bonding optimization...
2026-02-05 12:46:06,917 INFO:main.py:678:non_trivial:Applying force field to biomolecule states.
2026-02-05 12:46:06,921 INFO:main.py:725:non_trivial:Regenerating headers.
2026-02-05 12:46:06,921 INFO:main.py:750:non_trivial:Regenerating PDB lines.
2026-02-05 12:46:06,944 WARNING:main.py:326:print_pqr:Ignoring 390 header lines in output.
