2026-02-05 12:26:44,386 INFO:main.py:246:print_splash_screen:PDB2PQR v3.7.1: biomolecular structure conversion software.
2026-02-05 12:26:44,387 INFO:main.py:248:print_splash_screen:Please cite:  Jurrus E, et al.  Improvements to the APBS biomolecular solvation software suite.  Protein Sci 27 112-128 (2018).
2026-02-05 12:26:44,387 INFO:main.py:248:print_splash_screen:Please cite:  Dolinsky TJ, et al.  PDB2PQR: expanding and upgrading automated preparation of biomolecular structures for molecular simulations. Nucleic Acids Res 35 W522-W525 (2007).
2026-02-05 12:26:44,387 INFO:main.py:770:main_driver:Checking and transforming input arguments.
2026-02-05 12:26:44,387 INFO:main.py:774:main_driver:Loading topology files.
2026-02-05 12:26:44,424 INFO:main.py:776:main_driver:Loading molecule: data/04_out/aligned_struct/B9DFU2.aligned.pdb
2026-02-05 12:26:44,438 INFO:main.py:781:main_driver:Setting up molecule.
2026-02-05 12:26:44,449 INFO:main.py:423:setup_molecule:Created biomolecule object with 522 residues and 4201 atoms.
2026-02-05 12:26:44,449 INFO:main.py:785:main_driver:Setting termini states for biomolecule chains.
2026-02-05 12:26:44,458 INFO:main.py:616:non_trivial:Loading forcefield.
2026-02-05 12:26:44,473 INFO:main.py:620:non_trivial:Loading hydrogen topology definitions.
2026-02-05 12:26:44,476 INFO:main.py:474:is_repairable:This biomolecule is clean.  No repair needed.
2026-02-05 12:26:44,476 INFO:main.py:635:non_trivial:Updating disulfide bridges.
2026-02-05 12:26:44,476 INFO:main.py:638:non_trivial:Debumping biomolecule.
2026-02-05 12:26:44,557 INFO:main.py:661:non_trivial:Adding hydrogens to biomolecule.
2026-02-05 12:26:44,820 INFO:main.py:664:non_trivial:Debumping biomolecule (again).
2026-02-05 12:26:45,176 INFO:main.py:666:non_trivial:Optimizing hydrogen bonds
2026-02-05 12:26:45,176 INFO:__init__.py:375:initialize_wat_optimization:Initializing water bonding optimization...
2026-02-05 12:26:45,280 INFO:main.py:678:non_trivial:Applying force field to biomolecule states.
2026-02-05 12:26:45,284 INFO:main.py:725:non_trivial:Regenerating headers.
2026-02-05 12:26:45,285 INFO:main.py:750:non_trivial:Regenerating PDB lines.
2026-02-05 12:26:45,315 WARNING:main.py:326:print_pqr:Ignoring 391 header lines in output.
2026-02-05 12:46:14,768 INFO:main.py:246:print_splash_screen:PDB2PQR v3.7.1: biomolecular structure conversion software.
2026-02-05 12:46:14,769 INFO:main.py:248:print_splash_screen:Please cite:  Jurrus E, et al.  Improvements to the APBS biomolecular solvation software suite.  Protein Sci 27 112-128 (2018).
2026-02-05 12:46:14,769 INFO:main.py:248:print_splash_screen:Please cite:  Dolinsky TJ, et al.  PDB2PQR: expanding and upgrading automated preparation of biomolecular structures for molecular simulations. Nucleic Acids Res 35 W522-W525 (2007).
2026-02-05 12:46:14,769 INFO:main.py:770:main_driver:Checking and transforming input arguments.
2026-02-05 12:46:14,769 INFO:main.py:774:main_driver:Loading topology files.
2026-02-05 12:46:14,806 INFO:main.py:776:main_driver:Loading molecule: data/04_out/aligned_struct/B9DFU2.aligned.pdb
2026-02-05 12:46:14,828 INFO:main.py:781:main_driver:Setting up molecule.
2026-02-05 12:46:14,837 INFO:main.py:423:setup_molecule:Created biomolecule object with 522 residues and 4201 atoms.
2026-02-05 12:46:14,838 INFO:main.py:785:main_driver:Setting termini states for biomolecule chains.
2026-02-05 12:46:14,845 INFO:main.py:616:non_trivial:Loading forcefield.
2026-02-05 12:46:14,849 INFO:main.py:620:non_trivial:Loading hydrogen topology definitions.
2026-02-05 12:46:14,852 INFO:main.py:474:is_repairable:This biomolecule is clean.  No repair needed.
2026-02-05 12:46:14,852 INFO:main.py:635:non_trivial:Updating disulfide bridges.
2026-02-05 12:46:14,852 INFO:main.py:638:non_trivial:Debumping biomolecule.
2026-02-05 12:46:14,928 INFO:main.py:661:non_trivial:Adding hydrogens to biomolecule.
2026-02-05 12:46:15,134 INFO:main.py:664:non_trivial:Debumping biomolecule (again).
2026-02-05 12:46:15,415 INFO:main.py:666:non_trivial:Optimizing hydrogen bonds
2026-02-05 12:46:15,415 INFO:__init__.py:375:initialize_wat_optimization:Initializing water bonding optimization...
2026-02-05 12:46:15,498 INFO:main.py:678:non_trivial:Applying force field to biomolecule states.
2026-02-05 12:46:15,501 INFO:main.py:725:non_trivial:Regenerating headers.
2026-02-05 12:46:15,502 INFO:main.py:750:non_trivial:Regenerating PDB lines.
2026-02-05 12:46:15,526 WARNING:main.py:326:print_pqr:Ignoring 391 header lines in output.
