2026-02-05 12:26:45,612 INFO:main.py:246:print_splash_screen:PDB2PQR v3.7.1: biomolecular structure conversion software.
2026-02-05 12:26:45,612 INFO:main.py:248:print_splash_screen:Please cite:  Jurrus E, et al.  Improvements to the APBS biomolecular solvation software suite.  Protein Sci 27 112-128 (2018).
2026-02-05 12:26:45,612 INFO:main.py:248:print_splash_screen:Please cite:  Dolinsky TJ, et al.  PDB2PQR: expanding and upgrading automated preparation of biomolecular structures for molecular simulations. Nucleic Acids Res 35 W522-W525 (2007).
2026-02-05 12:26:45,612 INFO:main.py:770:main_driver:Checking and transforming input arguments.
2026-02-05 12:26:45,612 INFO:main.py:774:main_driver:Loading topology files.
2026-02-05 12:26:45,656 INFO:main.py:776:main_driver:Loading molecule: data/04_out/aligned_struct/B9G934.aligned.pdb
2026-02-05 12:26:45,671 INFO:main.py:781:main_driver:Setting up molecule.
2026-02-05 12:26:45,684 INFO:main.py:423:setup_molecule:Created biomolecule object with 511 residues and 4067 atoms.
2026-02-05 12:26:45,684 INFO:main.py:785:main_driver:Setting termini states for biomolecule chains.
2026-02-05 12:26:45,692 INFO:main.py:616:non_trivial:Loading forcefield.
2026-02-05 12:26:45,699 INFO:main.py:620:non_trivial:Loading hydrogen topology definitions.
2026-02-05 12:26:45,702 INFO:main.py:474:is_repairable:This biomolecule is clean.  No repair needed.
2026-02-05 12:26:45,702 INFO:main.py:635:non_trivial:Updating disulfide bridges.
2026-02-05 12:26:45,703 INFO:main.py:638:non_trivial:Debumping biomolecule.
2026-02-05 12:26:45,780 INFO:main.py:661:non_trivial:Adding hydrogens to biomolecule.
2026-02-05 12:26:46,032 INFO:main.py:664:non_trivial:Debumping biomolecule (again).
2026-02-05 12:26:46,375 INFO:main.py:666:non_trivial:Optimizing hydrogen bonds
2026-02-05 12:26:46,375 INFO:__init__.py:375:initialize_wat_optimization:Initializing water bonding optimization...
2026-02-05 12:26:46,477 INFO:main.py:678:non_trivial:Applying force field to biomolecule states.
2026-02-05 12:26:46,482 INFO:main.py:725:non_trivial:Regenerating headers.
2026-02-05 12:26:46,482 INFO:main.py:750:non_trivial:Regenerating PDB lines.
2026-02-05 12:26:46,512 WARNING:main.py:326:print_pqr:Ignoring 390 header lines in output.
2026-02-05 12:46:15,834 INFO:main.py:246:print_splash_screen:PDB2PQR v3.7.1: biomolecular structure conversion software.
2026-02-05 12:46:15,835 INFO:main.py:248:print_splash_screen:Please cite:  Jurrus E, et al.  Improvements to the APBS biomolecular solvation software suite.  Protein Sci 27 112-128 (2018).
2026-02-05 12:46:15,835 INFO:main.py:248:print_splash_screen:Please cite:  Dolinsky TJ, et al.  PDB2PQR: expanding and upgrading automated preparation of biomolecular structures for molecular simulations. Nucleic Acids Res 35 W522-W525 (2007).
2026-02-05 12:46:15,835 INFO:main.py:770:main_driver:Checking and transforming input arguments.
2026-02-05 12:46:15,835 INFO:main.py:774:main_driver:Loading topology files.
2026-02-05 12:46:15,878 INFO:main.py:776:main_driver:Loading molecule: data/04_out/aligned_struct/B9G934.aligned.pdb
2026-02-05 12:46:15,887 INFO:main.py:781:main_driver:Setting up molecule.
2026-02-05 12:46:15,895 INFO:main.py:423:setup_molecule:Created biomolecule object with 511 residues and 4067 atoms.
2026-02-05 12:46:15,895 INFO:main.py:785:main_driver:Setting termini states for biomolecule chains.
2026-02-05 12:46:15,901 INFO:main.py:616:non_trivial:Loading forcefield.
2026-02-05 12:46:15,906 INFO:main.py:620:non_trivial:Loading hydrogen topology definitions.
2026-02-05 12:46:15,908 INFO:main.py:474:is_repairable:This biomolecule is clean.  No repair needed.
2026-02-05 12:46:15,908 INFO:main.py:635:non_trivial:Updating disulfide bridges.
2026-02-05 12:46:15,909 INFO:main.py:638:non_trivial:Debumping biomolecule.
2026-02-05 12:46:15,971 INFO:main.py:661:non_trivial:Adding hydrogens to biomolecule.
2026-02-05 12:46:16,169 INFO:main.py:664:non_trivial:Debumping biomolecule (again).
2026-02-05 12:46:16,438 INFO:main.py:666:non_trivial:Optimizing hydrogen bonds
2026-02-05 12:46:16,438 INFO:__init__.py:375:initialize_wat_optimization:Initializing water bonding optimization...
2026-02-05 12:46:16,518 INFO:main.py:678:non_trivial:Applying force field to biomolecule states.
2026-02-05 12:46:16,522 INFO:main.py:725:non_trivial:Regenerating headers.
2026-02-05 12:46:16,522 INFO:main.py:750:non_trivial:Regenerating PDB lines.
2026-02-05 12:46:16,546 WARNING:main.py:326:print_pqr:Ignoring 390 header lines in output.
