2026-02-05 12:26:50,379 INFO:main.py:246:print_splash_screen:PDB2PQR v3.7.1: biomolecular structure conversion software.
2026-02-05 12:26:50,379 INFO:main.py:248:print_splash_screen:Please cite:  Jurrus E, et al.  Improvements to the APBS biomolecular solvation software suite.  Protein Sci 27 112-128 (2018).
2026-02-05 12:26:50,379 INFO:main.py:248:print_splash_screen:Please cite:  Dolinsky TJ, et al.  PDB2PQR: expanding and upgrading automated preparation of biomolecular structures for molecular simulations. Nucleic Acids Res 35 W522-W525 (2007).
2026-02-05 12:26:50,379 INFO:main.py:770:main_driver:Checking and transforming input arguments.
2026-02-05 12:26:50,379 INFO:main.py:774:main_driver:Loading topology files.
2026-02-05 12:26:50,416 INFO:main.py:776:main_driver:Loading molecule: data/04_out/aligned_struct/C0SJS3.aligned.pdb
2026-02-05 12:26:50,428 INFO:main.py:781:main_driver:Setting up molecule.
2026-02-05 12:26:50,442 INFO:main.py:423:setup_molecule:Created biomolecule object with 478 residues and 3813 atoms.
2026-02-05 12:26:50,442 INFO:main.py:785:main_driver:Setting termini states for biomolecule chains.
2026-02-05 12:26:50,448 INFO:main.py:616:non_trivial:Loading forcefield.
2026-02-05 12:26:50,456 INFO:main.py:620:non_trivial:Loading hydrogen topology definitions.
2026-02-05 12:26:50,459 INFO:main.py:474:is_repairable:This biomolecule is clean.  No repair needed.
2026-02-05 12:26:50,460 INFO:main.py:635:non_trivial:Updating disulfide bridges.
2026-02-05 12:26:50,460 INFO:main.py:638:non_trivial:Debumping biomolecule.
2026-02-05 12:26:50,536 INFO:main.py:661:non_trivial:Adding hydrogens to biomolecule.
2026-02-05 12:26:50,770 INFO:main.py:664:non_trivial:Debumping biomolecule (again).
2026-02-05 12:26:51,092 INFO:main.py:666:non_trivial:Optimizing hydrogen bonds
2026-02-05 12:26:51,092 INFO:__init__.py:375:initialize_wat_optimization:Initializing water bonding optimization...
2026-02-05 12:26:51,190 INFO:main.py:678:non_trivial:Applying force field to biomolecule states.
2026-02-05 12:26:51,195 INFO:main.py:725:non_trivial:Regenerating headers.
2026-02-05 12:26:51,195 INFO:main.py:750:non_trivial:Regenerating PDB lines.
2026-02-05 12:26:51,223 WARNING:main.py:326:print_pqr:Ignoring 391 header lines in output.
2026-02-05 12:46:19,650 INFO:main.py:246:print_splash_screen:PDB2PQR v3.7.1: biomolecular structure conversion software.
2026-02-05 12:46:19,651 INFO:main.py:248:print_splash_screen:Please cite:  Jurrus E, et al.  Improvements to the APBS biomolecular solvation software suite.  Protein Sci 27 112-128 (2018).
2026-02-05 12:46:19,651 INFO:main.py:248:print_splash_screen:Please cite:  Dolinsky TJ, et al.  PDB2PQR: expanding and upgrading automated preparation of biomolecular structures for molecular simulations. Nucleic Acids Res 35 W522-W525 (2007).
2026-02-05 12:46:19,651 INFO:main.py:770:main_driver:Checking and transforming input arguments.
2026-02-05 12:46:19,651 INFO:main.py:774:main_driver:Loading topology files.
2026-02-05 12:46:19,682 INFO:main.py:776:main_driver:Loading molecule: data/04_out/aligned_struct/C0SJS3.aligned.pdb
2026-02-05 12:46:19,700 INFO:main.py:781:main_driver:Setting up molecule.
2026-02-05 12:46:19,713 INFO:main.py:423:setup_molecule:Created biomolecule object with 478 residues and 3813 atoms.
2026-02-05 12:46:19,713 INFO:main.py:785:main_driver:Setting termini states for biomolecule chains.
2026-02-05 12:46:19,718 INFO:main.py:616:non_trivial:Loading forcefield.
2026-02-05 12:46:19,724 INFO:main.py:620:non_trivial:Loading hydrogen topology definitions.
2026-02-05 12:46:19,728 INFO:main.py:474:is_repairable:This biomolecule is clean.  No repair needed.
2026-02-05 12:46:19,728 INFO:main.py:635:non_trivial:Updating disulfide bridges.
2026-02-05 12:46:19,728 INFO:main.py:638:non_trivial:Debumping biomolecule.
2026-02-05 12:46:19,787 INFO:main.py:661:non_trivial:Adding hydrogens to biomolecule.
2026-02-05 12:46:19,970 INFO:main.py:664:non_trivial:Debumping biomolecule (again).
2026-02-05 12:46:20,223 INFO:main.py:666:non_trivial:Optimizing hydrogen bonds
2026-02-05 12:46:20,223 INFO:__init__.py:375:initialize_wat_optimization:Initializing water bonding optimization...
2026-02-05 12:46:20,298 INFO:main.py:678:non_trivial:Applying force field to biomolecule states.
2026-02-05 12:46:20,301 INFO:main.py:725:non_trivial:Regenerating headers.
2026-02-05 12:46:20,301 INFO:main.py:750:non_trivial:Regenerating PDB lines.
2026-02-05 12:46:20,323 WARNING:main.py:326:print_pqr:Ignoring 391 header lines in output.
