2026-02-05 12:26:49,239 INFO:main.py:246:print_splash_screen:PDB2PQR v3.7.1: biomolecular structure conversion software.
2026-02-05 12:26:49,239 INFO:main.py:248:print_splash_screen:Please cite:  Jurrus E, et al.  Improvements to the APBS biomolecular solvation software suite.  Protein Sci 27 112-128 (2018).
2026-02-05 12:26:49,239 INFO:main.py:248:print_splash_screen:Please cite:  Dolinsky TJ, et al.  PDB2PQR: expanding and upgrading automated preparation of biomolecular structures for molecular simulations. Nucleic Acids Res 35 W522-W525 (2007).
2026-02-05 12:26:49,239 INFO:main.py:770:main_driver:Checking and transforming input arguments.
2026-02-05 12:26:49,239 INFO:main.py:774:main_driver:Loading topology files.
2026-02-05 12:26:49,278 INFO:main.py:776:main_driver:Loading molecule: data/04_out/aligned_struct/C0SJS2.aligned.pdb
2026-02-05 12:26:49,293 INFO:main.py:781:main_driver:Setting up molecule.
2026-02-05 12:26:49,308 INFO:main.py:423:setup_molecule:Created biomolecule object with 473 residues and 3751 atoms.
2026-02-05 12:26:49,309 INFO:main.py:785:main_driver:Setting termini states for biomolecule chains.
2026-02-05 12:26:49,318 INFO:main.py:616:non_trivial:Loading forcefield.
2026-02-05 12:26:49,327 INFO:main.py:620:non_trivial:Loading hydrogen topology definitions.
2026-02-05 12:26:49,331 INFO:main.py:474:is_repairable:This biomolecule is clean.  No repair needed.
2026-02-05 12:26:49,331 INFO:main.py:635:non_trivial:Updating disulfide bridges.
2026-02-05 12:26:49,331 INFO:main.py:638:non_trivial:Debumping biomolecule.
2026-02-05 12:26:49,403 INFO:main.py:661:non_trivial:Adding hydrogens to biomolecule.
2026-02-05 12:26:49,647 INFO:main.py:664:non_trivial:Debumping biomolecule (again).
2026-02-05 12:26:49,964 INFO:main.py:666:non_trivial:Optimizing hydrogen bonds
2026-02-05 12:26:49,964 INFO:__init__.py:375:initialize_wat_optimization:Initializing water bonding optimization...
2026-02-05 12:26:50,057 INFO:main.py:678:non_trivial:Applying force field to biomolecule states.
2026-02-05 12:26:50,061 INFO:main.py:725:non_trivial:Regenerating headers.
2026-02-05 12:26:50,062 INFO:main.py:750:non_trivial:Regenerating PDB lines.
2026-02-05 12:26:50,089 WARNING:main.py:326:print_pqr:Ignoring 390 header lines in output.
2026-02-05 12:46:18,742 INFO:main.py:246:print_splash_screen:PDB2PQR v3.7.1: biomolecular structure conversion software.
2026-02-05 12:46:18,743 INFO:main.py:248:print_splash_screen:Please cite:  Jurrus E, et al.  Improvements to the APBS biomolecular solvation software suite.  Protein Sci 27 112-128 (2018).
2026-02-05 12:46:18,743 INFO:main.py:248:print_splash_screen:Please cite:  Dolinsky TJ, et al.  PDB2PQR: expanding and upgrading automated preparation of biomolecular structures for molecular simulations. Nucleic Acids Res 35 W522-W525 (2007).
2026-02-05 12:46:18,743 INFO:main.py:770:main_driver:Checking and transforming input arguments.
2026-02-05 12:46:18,743 INFO:main.py:774:main_driver:Loading topology files.
2026-02-05 12:46:18,779 INFO:main.py:776:main_driver:Loading molecule: data/04_out/aligned_struct/C0SJS2.aligned.pdb
2026-02-05 12:46:18,795 INFO:main.py:781:main_driver:Setting up molecule.
2026-02-05 12:46:18,807 INFO:main.py:423:setup_molecule:Created biomolecule object with 473 residues and 3751 atoms.
2026-02-05 12:46:18,807 INFO:main.py:785:main_driver:Setting termini states for biomolecule chains.
2026-02-05 12:46:18,814 INFO:main.py:616:non_trivial:Loading forcefield.
2026-02-05 12:46:18,820 INFO:main.py:620:non_trivial:Loading hydrogen topology definitions.
2026-02-05 12:46:18,823 INFO:main.py:474:is_repairable:This biomolecule is clean.  No repair needed.
2026-02-05 12:46:18,823 INFO:main.py:635:non_trivial:Updating disulfide bridges.
2026-02-05 12:46:18,824 INFO:main.py:638:non_trivial:Debumping biomolecule.
2026-02-05 12:46:18,888 INFO:main.py:661:non_trivial:Adding hydrogens to biomolecule.
2026-02-05 12:46:19,064 INFO:main.py:664:non_trivial:Debumping biomolecule (again).
2026-02-05 12:46:19,308 INFO:main.py:666:non_trivial:Optimizing hydrogen bonds
2026-02-05 12:46:19,308 INFO:__init__.py:375:initialize_wat_optimization:Initializing water bonding optimization...
2026-02-05 12:46:19,381 INFO:main.py:678:non_trivial:Applying force field to biomolecule states.
2026-02-05 12:46:19,384 INFO:main.py:725:non_trivial:Regenerating headers.
2026-02-05 12:46:19,384 INFO:main.py:750:non_trivial:Regenerating PDB lines.
2026-02-05 12:46:19,407 WARNING:main.py:326:print_pqr:Ignoring 390 header lines in output.
