2026-02-05 12:26:51,495 INFO:main.py:246:print_splash_screen:PDB2PQR v3.7.1: biomolecular structure conversion software.
2026-02-05 12:26:51,496 INFO:main.py:248:print_splash_screen:Please cite:  Jurrus E, et al.  Improvements to the APBS biomolecular solvation software suite.  Protein Sci 27 112-128 (2018).
2026-02-05 12:26:51,496 INFO:main.py:248:print_splash_screen:Please cite:  Dolinsky TJ, et al.  PDB2PQR: expanding and upgrading automated preparation of biomolecular structures for molecular simulations. Nucleic Acids Res 35 W522-W525 (2007).
2026-02-05 12:26:51,496 INFO:main.py:770:main_driver:Checking and transforming input arguments.
2026-02-05 12:26:51,496 INFO:main.py:774:main_driver:Loading topology files.
2026-02-05 12:26:51,532 INFO:main.py:776:main_driver:Loading molecule: data/04_out/aligned_struct/D1MI46.aligned.pdb
2026-02-05 12:26:51,549 INFO:main.py:781:main_driver:Setting up molecule.
2026-02-05 12:26:51,560 INFO:main.py:423:setup_molecule:Created biomolecule object with 495 residues and 3900 atoms.
2026-02-05 12:26:51,560 INFO:main.py:785:main_driver:Setting termini states for biomolecule chains.
2026-02-05 12:26:51,573 INFO:main.py:616:non_trivial:Loading forcefield.
2026-02-05 12:26:51,579 INFO:main.py:620:non_trivial:Loading hydrogen topology definitions.
2026-02-05 12:26:51,582 INFO:main.py:474:is_repairable:This biomolecule is clean.  No repair needed.
2026-02-05 12:26:51,582 INFO:main.py:635:non_trivial:Updating disulfide bridges.
2026-02-05 12:26:51,582 INFO:main.py:638:non_trivial:Debumping biomolecule.
2026-02-05 12:26:51,660 INFO:main.py:661:non_trivial:Adding hydrogens to biomolecule.
2026-02-05 12:26:51,901 INFO:main.py:664:non_trivial:Debumping biomolecule (again).
2026-02-05 12:26:52,235 INFO:main.py:666:non_trivial:Optimizing hydrogen bonds
2026-02-05 12:26:52,235 INFO:__init__.py:375:initialize_wat_optimization:Initializing water bonding optimization...
2026-02-05 12:26:52,333 INFO:main.py:678:non_trivial:Applying force field to biomolecule states.
2026-02-05 12:26:52,337 INFO:main.py:725:non_trivial:Regenerating headers.
2026-02-05 12:26:52,337 INFO:main.py:750:non_trivial:Regenerating PDB lines.
2026-02-05 12:26:52,366 WARNING:main.py:326:print_pqr:Ignoring 390 header lines in output.
2026-02-05 12:46:20,561 INFO:main.py:246:print_splash_screen:PDB2PQR v3.7.1: biomolecular structure conversion software.
2026-02-05 12:46:20,562 INFO:main.py:248:print_splash_screen:Please cite:  Jurrus E, et al.  Improvements to the APBS biomolecular solvation software suite.  Protein Sci 27 112-128 (2018).
2026-02-05 12:46:20,562 INFO:main.py:248:print_splash_screen:Please cite:  Dolinsky TJ, et al.  PDB2PQR: expanding and upgrading automated preparation of biomolecular structures for molecular simulations. Nucleic Acids Res 35 W522-W525 (2007).
2026-02-05 12:46:20,562 INFO:main.py:770:main_driver:Checking and transforming input arguments.
2026-02-05 12:46:20,562 INFO:main.py:774:main_driver:Loading topology files.
2026-02-05 12:46:20,594 INFO:main.py:776:main_driver:Loading molecule: data/04_out/aligned_struct/D1MI46.aligned.pdb
2026-02-05 12:46:20,602 INFO:main.py:781:main_driver:Setting up molecule.
2026-02-05 12:46:20,610 INFO:main.py:423:setup_molecule:Created biomolecule object with 495 residues and 3900 atoms.
2026-02-05 12:46:20,611 INFO:main.py:785:main_driver:Setting termini states for biomolecule chains.
2026-02-05 12:46:20,619 INFO:main.py:616:non_trivial:Loading forcefield.
2026-02-05 12:46:20,626 INFO:main.py:620:non_trivial:Loading hydrogen topology definitions.
2026-02-05 12:46:20,634 INFO:main.py:474:is_repairable:This biomolecule is clean.  No repair needed.
2026-02-05 12:46:20,634 INFO:main.py:635:non_trivial:Updating disulfide bridges.
2026-02-05 12:46:20,634 INFO:main.py:638:non_trivial:Debumping biomolecule.
2026-02-05 12:46:20,708 INFO:main.py:661:non_trivial:Adding hydrogens to biomolecule.
2026-02-05 12:46:20,898 INFO:main.py:664:non_trivial:Debumping biomolecule (again).
2026-02-05 12:46:21,158 INFO:main.py:666:non_trivial:Optimizing hydrogen bonds
2026-02-05 12:46:21,158 INFO:__init__.py:375:initialize_wat_optimization:Initializing water bonding optimization...
2026-02-05 12:46:21,236 INFO:main.py:678:non_trivial:Applying force field to biomolecule states.
2026-02-05 12:46:21,239 INFO:main.py:725:non_trivial:Regenerating headers.
2026-02-05 12:46:21,240 INFO:main.py:750:non_trivial:Regenerating PDB lines.
2026-02-05 12:46:21,263 WARNING:main.py:326:print_pqr:Ignoring 390 header lines in output.
