2026-02-05 12:26:53,845 INFO:main.py:246:print_splash_screen:PDB2PQR v3.7.1: biomolecular structure conversion software.
2026-02-05 12:26:53,845 INFO:main.py:248:print_splash_screen:Please cite:  Jurrus E, et al.  Improvements to the APBS biomolecular solvation software suite.  Protein Sci 27 112-128 (2018).
2026-02-05 12:26:53,845 INFO:main.py:248:print_splash_screen:Please cite:  Dolinsky TJ, et al.  PDB2PQR: expanding and upgrading automated preparation of biomolecular structures for molecular simulations. Nucleic Acids Res 35 W522-W525 (2007).
2026-02-05 12:26:53,845 INFO:main.py:770:main_driver:Checking and transforming input arguments.
2026-02-05 12:26:53,845 INFO:main.py:774:main_driver:Loading topology files.
2026-02-05 12:26:53,881 INFO:main.py:776:main_driver:Loading molecule: data/04_out/aligned_struct/E1B2Z9.aligned.pdb
2026-02-05 12:26:53,893 INFO:main.py:781:main_driver:Setting up molecule.
2026-02-05 12:26:53,907 INFO:main.py:423:setup_molecule:Created biomolecule object with 496 residues and 3948 atoms.
2026-02-05 12:26:53,907 INFO:main.py:785:main_driver:Setting termini states for biomolecule chains.
2026-02-05 12:26:53,914 INFO:main.py:616:non_trivial:Loading forcefield.
2026-02-05 12:26:53,924 INFO:main.py:620:non_trivial:Loading hydrogen topology definitions.
2026-02-05 12:26:53,928 INFO:main.py:474:is_repairable:This biomolecule is clean.  No repair needed.
2026-02-05 12:26:53,928 INFO:main.py:635:non_trivial:Updating disulfide bridges.
2026-02-05 12:26:53,928 INFO:main.py:638:non_trivial:Debumping biomolecule.
2026-02-05 12:26:54,008 INFO:main.py:661:non_trivial:Adding hydrogens to biomolecule.
2026-02-05 12:26:54,255 INFO:main.py:664:non_trivial:Debumping biomolecule (again).
2026-02-05 12:26:54,599 INFO:main.py:666:non_trivial:Optimizing hydrogen bonds
2026-02-05 12:26:54,599 INFO:__init__.py:375:initialize_wat_optimization:Initializing water bonding optimization...
2026-02-05 12:26:54,698 INFO:main.py:678:non_trivial:Applying force field to biomolecule states.
2026-02-05 12:26:54,702 INFO:main.py:725:non_trivial:Regenerating headers.
2026-02-05 12:26:54,703 INFO:main.py:750:non_trivial:Regenerating PDB lines.
2026-02-05 12:26:54,732 WARNING:main.py:326:print_pqr:Ignoring 390 header lines in output.
2026-02-05 12:46:22,515 INFO:main.py:246:print_splash_screen:PDB2PQR v3.7.1: biomolecular structure conversion software.
2026-02-05 12:46:22,516 INFO:main.py:248:print_splash_screen:Please cite:  Jurrus E, et al.  Improvements to the APBS biomolecular solvation software suite.  Protein Sci 27 112-128 (2018).
2026-02-05 12:46:22,516 INFO:main.py:248:print_splash_screen:Please cite:  Dolinsky TJ, et al.  PDB2PQR: expanding and upgrading automated preparation of biomolecular structures for molecular simulations. Nucleic Acids Res 35 W522-W525 (2007).
2026-02-05 12:46:22,517 INFO:main.py:770:main_driver:Checking and transforming input arguments.
2026-02-05 12:46:22,517 INFO:main.py:774:main_driver:Loading topology files.
2026-02-05 12:46:22,561 INFO:main.py:776:main_driver:Loading molecule: data/04_out/aligned_struct/E1B2Z9.aligned.pdb
2026-02-05 12:46:22,579 INFO:main.py:781:main_driver:Setting up molecule.
2026-02-05 12:46:22,588 INFO:main.py:423:setup_molecule:Created biomolecule object with 496 residues and 3948 atoms.
2026-02-05 12:46:22,588 INFO:main.py:785:main_driver:Setting termini states for biomolecule chains.
2026-02-05 12:46:22,596 INFO:main.py:616:non_trivial:Loading forcefield.
2026-02-05 12:46:22,601 INFO:main.py:620:non_trivial:Loading hydrogen topology definitions.
2026-02-05 12:46:22,604 INFO:main.py:474:is_repairable:This biomolecule is clean.  No repair needed.
2026-02-05 12:46:22,605 INFO:main.py:635:non_trivial:Updating disulfide bridges.
2026-02-05 12:46:22,605 INFO:main.py:638:non_trivial:Debumping biomolecule.
2026-02-05 12:46:22,672 INFO:main.py:661:non_trivial:Adding hydrogens to biomolecule.
2026-02-05 12:46:22,865 INFO:main.py:664:non_trivial:Debumping biomolecule (again).
2026-02-05 12:46:23,128 INFO:main.py:666:non_trivial:Optimizing hydrogen bonds
2026-02-05 12:46:23,128 INFO:__init__.py:375:initialize_wat_optimization:Initializing water bonding optimization...
2026-02-05 12:46:23,206 INFO:main.py:678:non_trivial:Applying force field to biomolecule states.
2026-02-05 12:46:23,209 INFO:main.py:725:non_trivial:Regenerating headers.
2026-02-05 12:46:23,210 INFO:main.py:750:non_trivial:Regenerating PDB lines.
2026-02-05 12:46:23,233 WARNING:main.py:326:print_pqr:Ignoring 390 header lines in output.
