2026-02-05 12:26:56,209 INFO:main.py:246:print_splash_screen:PDB2PQR v3.7.1: biomolecular structure conversion software.
2026-02-05 12:26:56,209 INFO:main.py:248:print_splash_screen:Please cite:  Jurrus E, et al.  Improvements to the APBS biomolecular solvation software suite.  Protein Sci 27 112-128 (2018).
2026-02-05 12:26:56,209 INFO:main.py:248:print_splash_screen:Please cite:  Dolinsky TJ, et al.  PDB2PQR: expanding and upgrading automated preparation of biomolecular structures for molecular simulations. Nucleic Acids Res 35 W522-W525 (2007).
2026-02-05 12:26:56,209 INFO:main.py:770:main_driver:Checking and transforming input arguments.
2026-02-05 12:26:56,209 INFO:main.py:774:main_driver:Loading topology files.
2026-02-05 12:26:56,253 INFO:main.py:776:main_driver:Loading molecule: data/04_out/aligned_struct/E9KBR8.aligned.pdb
2026-02-05 12:26:56,281 INFO:main.py:781:main_driver:Setting up molecule.
2026-02-05 12:26:56,292 INFO:main.py:423:setup_molecule:Created biomolecule object with 527 residues and 4187 atoms.
2026-02-05 12:26:56,292 INFO:main.py:785:main_driver:Setting termini states for biomolecule chains.
2026-02-05 12:26:56,299 INFO:main.py:616:non_trivial:Loading forcefield.
2026-02-05 12:26:56,315 INFO:main.py:620:non_trivial:Loading hydrogen topology definitions.
2026-02-05 12:26:56,319 INFO:main.py:474:is_repairable:This biomolecule is clean.  No repair needed.
2026-02-05 12:26:56,319 INFO:main.py:635:non_trivial:Updating disulfide bridges.
2026-02-05 12:26:56,319 INFO:main.py:638:non_trivial:Debumping biomolecule.
2026-02-05 12:26:56,400 INFO:main.py:661:non_trivial:Adding hydrogens to biomolecule.
2026-02-05 12:26:56,661 INFO:main.py:664:non_trivial:Debumping biomolecule (again).
2026-02-05 12:26:57,014 INFO:main.py:666:non_trivial:Optimizing hydrogen bonds
2026-02-05 12:26:57,014 INFO:__init__.py:375:initialize_wat_optimization:Initializing water bonding optimization...
2026-02-05 12:26:57,118 INFO:main.py:678:non_trivial:Applying force field to biomolecule states.
2026-02-05 12:26:57,123 INFO:main.py:725:non_trivial:Regenerating headers.
2026-02-05 12:26:57,123 INFO:main.py:750:non_trivial:Regenerating PDB lines.
2026-02-05 12:26:57,154 WARNING:main.py:326:print_pqr:Ignoring 390 header lines in output.
2026-02-05 12:46:24,374 INFO:main.py:246:print_splash_screen:PDB2PQR v3.7.1: biomolecular structure conversion software.
2026-02-05 12:46:24,375 INFO:main.py:248:print_splash_screen:Please cite:  Jurrus E, et al.  Improvements to the APBS biomolecular solvation software suite.  Protein Sci 27 112-128 (2018).
2026-02-05 12:46:24,375 INFO:main.py:248:print_splash_screen:Please cite:  Dolinsky TJ, et al.  PDB2PQR: expanding and upgrading automated preparation of biomolecular structures for molecular simulations. Nucleic Acids Res 35 W522-W525 (2007).
2026-02-05 12:46:24,375 INFO:main.py:770:main_driver:Checking and transforming input arguments.
2026-02-05 12:46:24,375 INFO:main.py:774:main_driver:Loading topology files.
2026-02-05 12:46:24,407 INFO:main.py:776:main_driver:Loading molecule: data/04_out/aligned_struct/E9KBR8.aligned.pdb
2026-02-05 12:46:24,423 INFO:main.py:781:main_driver:Setting up molecule.
2026-02-05 12:46:24,444 INFO:main.py:423:setup_molecule:Created biomolecule object with 527 residues and 4187 atoms.
2026-02-05 12:46:24,444 INFO:main.py:785:main_driver:Setting termini states for biomolecule chains.
2026-02-05 12:46:24,450 INFO:main.py:616:non_trivial:Loading forcefield.
2026-02-05 12:46:24,459 INFO:main.py:620:non_trivial:Loading hydrogen topology definitions.
2026-02-05 12:46:24,466 INFO:main.py:474:is_repairable:This biomolecule is clean.  No repair needed.
2026-02-05 12:46:24,466 INFO:main.py:635:non_trivial:Updating disulfide bridges.
2026-02-05 12:46:24,466 INFO:main.py:638:non_trivial:Debumping biomolecule.
2026-02-05 12:46:24,537 INFO:main.py:661:non_trivial:Adding hydrogens to biomolecule.
2026-02-05 12:46:24,743 INFO:main.py:664:non_trivial:Debumping biomolecule (again).
2026-02-05 12:46:25,018 INFO:main.py:666:non_trivial:Optimizing hydrogen bonds
2026-02-05 12:46:25,018 INFO:__init__.py:375:initialize_wat_optimization:Initializing water bonding optimization...
2026-02-05 12:46:25,099 INFO:main.py:678:non_trivial:Applying force field to biomolecule states.
2026-02-05 12:46:25,103 INFO:main.py:725:non_trivial:Regenerating headers.
2026-02-05 12:46:25,103 INFO:main.py:750:non_trivial:Regenerating PDB lines.
2026-02-05 12:46:25,127 WARNING:main.py:326:print_pqr:Ignoring 390 header lines in output.
