2026-02-05 12:26:57,437 INFO:main.py:246:print_splash_screen:PDB2PQR v3.7.1: biomolecular structure conversion software.
2026-02-05 12:26:57,437 INFO:main.py:248:print_splash_screen:Please cite:  Jurrus E, et al.  Improvements to the APBS biomolecular solvation software suite.  Protein Sci 27 112-128 (2018).
2026-02-05 12:26:57,437 INFO:main.py:248:print_splash_screen:Please cite:  Dolinsky TJ, et al.  PDB2PQR: expanding and upgrading automated preparation of biomolecular structures for molecular simulations. Nucleic Acids Res 35 W522-W525 (2007).
2026-02-05 12:26:57,438 INFO:main.py:770:main_driver:Checking and transforming input arguments.
2026-02-05 12:26:57,438 INFO:main.py:774:main_driver:Loading topology files.
2026-02-05 12:26:57,481 INFO:main.py:776:main_driver:Loading molecule: data/04_out/aligned_struct/F4IK45.aligned.pdb
2026-02-05 12:26:57,498 INFO:main.py:781:main_driver:Setting up molecule.
2026-02-05 12:26:57,509 INFO:main.py:423:setup_molecule:Created biomolecule object with 572 residues and 4581 atoms.
2026-02-05 12:26:57,510 INFO:main.py:785:main_driver:Setting termini states for biomolecule chains.
2026-02-05 12:26:57,524 INFO:main.py:616:non_trivial:Loading forcefield.
2026-02-05 12:26:57,541 INFO:main.py:620:non_trivial:Loading hydrogen topology definitions.
2026-02-05 12:26:57,545 INFO:main.py:474:is_repairable:This biomolecule is clean.  No repair needed.
2026-02-05 12:26:57,545 INFO:main.py:635:non_trivial:Updating disulfide bridges.
2026-02-05 12:26:57,546 INFO:main.py:638:non_trivial:Debumping biomolecule.
2026-02-05 12:26:57,637 INFO:main.py:661:non_trivial:Adding hydrogens to biomolecule.
2026-02-05 12:26:57,925 INFO:main.py:664:non_trivial:Debumping biomolecule (again).
2026-02-05 12:26:58,313 INFO:main.py:666:non_trivial:Optimizing hydrogen bonds
2026-02-05 12:26:58,313 INFO:__init__.py:375:initialize_wat_optimization:Initializing water bonding optimization...
2026-02-05 12:26:58,431 INFO:main.py:678:non_trivial:Applying force field to biomolecule states.
2026-02-05 12:26:58,435 INFO:main.py:725:non_trivial:Regenerating headers.
2026-02-05 12:26:58,436 INFO:main.py:750:non_trivial:Regenerating PDB lines.
2026-02-05 12:26:58,469 WARNING:main.py:326:print_pqr:Ignoring 391 header lines in output.
2026-02-05 12:46:25,384 INFO:main.py:246:print_splash_screen:PDB2PQR v3.7.1: biomolecular structure conversion software.
2026-02-05 12:46:25,385 INFO:main.py:248:print_splash_screen:Please cite:  Jurrus E, et al.  Improvements to the APBS biomolecular solvation software suite.  Protein Sci 27 112-128 (2018).
2026-02-05 12:46:25,385 INFO:main.py:248:print_splash_screen:Please cite:  Dolinsky TJ, et al.  PDB2PQR: expanding and upgrading automated preparation of biomolecular structures for molecular simulations. Nucleic Acids Res 35 W522-W525 (2007).
2026-02-05 12:46:25,385 INFO:main.py:770:main_driver:Checking and transforming input arguments.
2026-02-05 12:46:25,385 INFO:main.py:774:main_driver:Loading topology files.
2026-02-05 12:46:25,427 INFO:main.py:776:main_driver:Loading molecule: data/04_out/aligned_struct/F4IK45.aligned.pdb
2026-02-05 12:46:25,442 INFO:main.py:781:main_driver:Setting up molecule.
2026-02-05 12:46:25,451 INFO:main.py:423:setup_molecule:Created biomolecule object with 572 residues and 4581 atoms.
2026-02-05 12:46:25,451 INFO:main.py:785:main_driver:Setting termini states for biomolecule chains.
2026-02-05 12:46:25,457 INFO:main.py:616:non_trivial:Loading forcefield.
2026-02-05 12:46:25,462 INFO:main.py:620:non_trivial:Loading hydrogen topology definitions.
2026-02-05 12:46:25,465 INFO:main.py:474:is_repairable:This biomolecule is clean.  No repair needed.
2026-02-05 12:46:25,465 INFO:main.py:635:non_trivial:Updating disulfide bridges.
2026-02-05 12:46:25,465 INFO:main.py:638:non_trivial:Debumping biomolecule.
2026-02-05 12:46:25,544 INFO:main.py:661:non_trivial:Adding hydrogens to biomolecule.
2026-02-05 12:46:25,766 INFO:main.py:664:non_trivial:Debumping biomolecule (again).
2026-02-05 12:46:26,072 INFO:main.py:666:non_trivial:Optimizing hydrogen bonds
2026-02-05 12:46:26,073 INFO:__init__.py:375:initialize_wat_optimization:Initializing water bonding optimization...
2026-02-05 12:46:26,165 INFO:main.py:678:non_trivial:Applying force field to biomolecule states.
2026-02-05 12:46:26,169 INFO:main.py:725:non_trivial:Regenerating headers.
2026-02-05 12:46:26,170 INFO:main.py:750:non_trivial:Regenerating PDB lines.
2026-02-05 12:46:26,197 WARNING:main.py:326:print_pqr:Ignoring 391 header lines in output.
