2026-02-05 12:27:01,175 INFO:main.py:246:print_splash_screen:PDB2PQR v3.7.1: biomolecular structure conversion software.
2026-02-05 12:27:01,175 INFO:main.py:248:print_splash_screen:Please cite:  Jurrus E, et al.  Improvements to the APBS biomolecular solvation software suite.  Protein Sci 27 112-128 (2018).
2026-02-05 12:27:01,175 INFO:main.py:248:print_splash_screen:Please cite:  Dolinsky TJ, et al.  PDB2PQR: expanding and upgrading automated preparation of biomolecular structures for molecular simulations. Nucleic Acids Res 35 W522-W525 (2007).
2026-02-05 12:27:01,175 INFO:main.py:770:main_driver:Checking and transforming input arguments.
2026-02-05 12:27:01,175 INFO:main.py:774:main_driver:Loading topology files.
2026-02-05 12:27:01,214 INFO:main.py:776:main_driver:Loading molecule: data/04_out/aligned_struct/F8S1H3.aligned.pdb
2026-02-05 12:27:01,225 INFO:main.py:781:main_driver:Setting up molecule.
2026-02-05 12:27:01,235 INFO:main.py:423:setup_molecule:Created biomolecule object with 488 residues and 3927 atoms.
2026-02-05 12:27:01,235 INFO:main.py:785:main_driver:Setting termini states for biomolecule chains.
2026-02-05 12:27:01,242 INFO:main.py:616:non_trivial:Loading forcefield.
2026-02-05 12:27:01,248 INFO:main.py:620:non_trivial:Loading hydrogen topology definitions.
2026-02-05 12:27:01,251 INFO:main.py:474:is_repairable:This biomolecule is clean.  No repair needed.
2026-02-05 12:27:01,251 INFO:main.py:635:non_trivial:Updating disulfide bridges.
2026-02-05 12:27:01,251 INFO:main.py:638:non_trivial:Debumping biomolecule.
2026-02-05 12:27:01,328 INFO:main.py:661:non_trivial:Adding hydrogens to biomolecule.
2026-02-05 12:27:01,570 INFO:main.py:664:non_trivial:Debumping biomolecule (again).
2026-02-05 12:27:01,907 INFO:main.py:666:non_trivial:Optimizing hydrogen bonds
2026-02-05 12:27:01,907 INFO:__init__.py:375:initialize_wat_optimization:Initializing water bonding optimization...
2026-02-05 12:27:02,009 INFO:main.py:678:non_trivial:Applying force field to biomolecule states.
2026-02-05 12:27:02,013 INFO:main.py:725:non_trivial:Regenerating headers.
2026-02-05 12:27:02,014 INFO:main.py:750:non_trivial:Regenerating PDB lines.
2026-02-05 12:27:02,044 WARNING:main.py:326:print_pqr:Ignoring 390 header lines in output.
2026-02-05 12:46:28,371 INFO:main.py:246:print_splash_screen:PDB2PQR v3.7.1: biomolecular structure conversion software.
2026-02-05 12:46:28,372 INFO:main.py:248:print_splash_screen:Please cite:  Jurrus E, et al.  Improvements to the APBS biomolecular solvation software suite.  Protein Sci 27 112-128 (2018).
2026-02-05 12:46:28,372 INFO:main.py:248:print_splash_screen:Please cite:  Dolinsky TJ, et al.  PDB2PQR: expanding and upgrading automated preparation of biomolecular structures for molecular simulations. Nucleic Acids Res 35 W522-W525 (2007).
2026-02-05 12:46:28,372 INFO:main.py:770:main_driver:Checking and transforming input arguments.
2026-02-05 12:46:28,372 INFO:main.py:774:main_driver:Loading topology files.
2026-02-05 12:46:28,405 INFO:main.py:776:main_driver:Loading molecule: data/04_out/aligned_struct/F8S1H3.aligned.pdb
2026-02-05 12:46:28,414 INFO:main.py:781:main_driver:Setting up molecule.
2026-02-05 12:46:28,426 INFO:main.py:423:setup_molecule:Created biomolecule object with 488 residues and 3927 atoms.
2026-02-05 12:46:28,426 INFO:main.py:785:main_driver:Setting termini states for biomolecule chains.
2026-02-05 12:46:28,432 INFO:main.py:616:non_trivial:Loading forcefield.
2026-02-05 12:46:28,437 INFO:main.py:620:non_trivial:Loading hydrogen topology definitions.
2026-02-05 12:46:28,439 INFO:main.py:474:is_repairable:This biomolecule is clean.  No repair needed.
2026-02-05 12:46:28,439 INFO:main.py:635:non_trivial:Updating disulfide bridges.
2026-02-05 12:46:28,439 INFO:main.py:638:non_trivial:Debumping biomolecule.
2026-02-05 12:46:28,510 INFO:main.py:661:non_trivial:Adding hydrogens to biomolecule.
2026-02-05 12:46:28,698 INFO:main.py:664:non_trivial:Debumping biomolecule (again).
2026-02-05 12:46:28,956 INFO:main.py:666:non_trivial:Optimizing hydrogen bonds
2026-02-05 12:46:28,956 INFO:__init__.py:375:initialize_wat_optimization:Initializing water bonding optimization...
2026-02-05 12:46:29,033 INFO:main.py:678:non_trivial:Applying force field to biomolecule states.
2026-02-05 12:46:29,037 INFO:main.py:725:non_trivial:Regenerating headers.
2026-02-05 12:46:29,037 INFO:main.py:750:non_trivial:Regenerating PDB lines.
2026-02-05 12:46:29,060 WARNING:main.py:326:print_pqr:Ignoring 390 header lines in output.
