2026-02-05 12:27:02,356 INFO:main.py:246:print_splash_screen:PDB2PQR v3.7.1: biomolecular structure conversion software.
2026-02-05 12:27:02,356 INFO:main.py:248:print_splash_screen:Please cite:  Jurrus E, et al.  Improvements to the APBS biomolecular solvation software suite.  Protein Sci 27 112-128 (2018).
2026-02-05 12:27:02,356 INFO:main.py:248:print_splash_screen:Please cite:  Dolinsky TJ, et al.  PDB2PQR: expanding and upgrading automated preparation of biomolecular structures for molecular simulations. Nucleic Acids Res 35 W522-W525 (2007).
2026-02-05 12:27:02,356 INFO:main.py:770:main_driver:Checking and transforming input arguments.
2026-02-05 12:27:02,356 INFO:main.py:774:main_driver:Loading topology files.
2026-02-05 12:27:02,391 INFO:main.py:776:main_driver:Loading molecule: data/04_out/aligned_struct/F8S1H8.aligned.pdb
2026-02-05 12:27:02,410 INFO:main.py:781:main_driver:Setting up molecule.
2026-02-05 12:27:02,424 INFO:main.py:423:setup_molecule:Created biomolecule object with 491 residues and 3940 atoms.
2026-02-05 12:27:02,424 INFO:main.py:785:main_driver:Setting termini states for biomolecule chains.
2026-02-05 12:27:02,431 INFO:main.py:616:non_trivial:Loading forcefield.
2026-02-05 12:27:02,437 INFO:main.py:620:non_trivial:Loading hydrogen topology definitions.
2026-02-05 12:27:02,440 INFO:main.py:474:is_repairable:This biomolecule is clean.  No repair needed.
2026-02-05 12:27:02,440 INFO:main.py:635:non_trivial:Updating disulfide bridges.
2026-02-05 12:27:02,440 INFO:main.py:638:non_trivial:Debumping biomolecule.
2026-02-05 12:27:02,517 INFO:main.py:661:non_trivial:Adding hydrogens to biomolecule.
2026-02-05 12:27:02,760 INFO:main.py:664:non_trivial:Debumping biomolecule (again).
2026-02-05 12:27:03,093 INFO:main.py:666:non_trivial:Optimizing hydrogen bonds
2026-02-05 12:27:03,093 INFO:__init__.py:375:initialize_wat_optimization:Initializing water bonding optimization...
2026-02-05 12:27:03,193 INFO:main.py:678:non_trivial:Applying force field to biomolecule states.
2026-02-05 12:27:03,197 INFO:main.py:725:non_trivial:Regenerating headers.
2026-02-05 12:27:03,198 INFO:main.py:750:non_trivial:Regenerating PDB lines.
2026-02-05 12:27:03,228 WARNING:main.py:326:print_pqr:Ignoring 391 header lines in output.
2026-02-05 12:46:29,307 INFO:main.py:246:print_splash_screen:PDB2PQR v3.7.1: biomolecular structure conversion software.
2026-02-05 12:46:29,312 INFO:main.py:248:print_splash_screen:Please cite:  Jurrus E, et al.  Improvements to the APBS biomolecular solvation software suite.  Protein Sci 27 112-128 (2018).
2026-02-05 12:46:29,312 INFO:main.py:248:print_splash_screen:Please cite:  Dolinsky TJ, et al.  PDB2PQR: expanding and upgrading automated preparation of biomolecular structures for molecular simulations. Nucleic Acids Res 35 W522-W525 (2007).
2026-02-05 12:46:29,312 INFO:main.py:770:main_driver:Checking and transforming input arguments.
2026-02-05 12:46:29,312 INFO:main.py:774:main_driver:Loading topology files.
2026-02-05 12:46:29,349 INFO:main.py:776:main_driver:Loading molecule: data/04_out/aligned_struct/F8S1H8.aligned.pdb
2026-02-05 12:46:29,370 INFO:main.py:781:main_driver:Setting up molecule.
2026-02-05 12:46:29,378 INFO:main.py:423:setup_molecule:Created biomolecule object with 491 residues and 3940 atoms.
2026-02-05 12:46:29,379 INFO:main.py:785:main_driver:Setting termini states for biomolecule chains.
2026-02-05 12:46:29,386 INFO:main.py:616:non_trivial:Loading forcefield.
2026-02-05 12:46:29,391 INFO:main.py:620:non_trivial:Loading hydrogen topology definitions.
2026-02-05 12:46:29,394 INFO:main.py:474:is_repairable:This biomolecule is clean.  No repair needed.
2026-02-05 12:46:29,395 INFO:main.py:635:non_trivial:Updating disulfide bridges.
2026-02-05 12:46:29,395 INFO:main.py:638:non_trivial:Debumping biomolecule.
2026-02-05 12:46:29,465 INFO:main.py:661:non_trivial:Adding hydrogens to biomolecule.
2026-02-05 12:46:29,652 INFO:main.py:664:non_trivial:Debumping biomolecule (again).
2026-02-05 12:46:29,931 INFO:main.py:666:non_trivial:Optimizing hydrogen bonds
2026-02-05 12:46:29,931 INFO:__init__.py:375:initialize_wat_optimization:Initializing water bonding optimization...
2026-02-05 12:46:30,007 INFO:main.py:678:non_trivial:Applying force field to biomolecule states.
2026-02-05 12:46:30,011 INFO:main.py:725:non_trivial:Regenerating headers.
2026-02-05 12:46:30,011 INFO:main.py:750:non_trivial:Regenerating PDB lines.
2026-02-05 12:46:30,034 WARNING:main.py:326:print_pqr:Ignoring 391 header lines in output.
