2026-02-05 12:27:03,488 INFO:main.py:246:print_splash_screen:PDB2PQR v3.7.1: biomolecular structure conversion software.
2026-02-05 12:27:03,489 INFO:main.py:248:print_splash_screen:Please cite:  Jurrus E, et al.  Improvements to the APBS biomolecular solvation software suite.  Protein Sci 27 112-128 (2018).
2026-02-05 12:27:03,489 INFO:main.py:248:print_splash_screen:Please cite:  Dolinsky TJ, et al.  PDB2PQR: expanding and upgrading automated preparation of biomolecular structures for molecular simulations. Nucleic Acids Res 35 W522-W525 (2007).
2026-02-05 12:27:03,489 INFO:main.py:770:main_driver:Checking and transforming input arguments.
2026-02-05 12:27:03,489 INFO:main.py:774:main_driver:Loading topology files.
2026-02-05 12:27:03,537 INFO:main.py:776:main_driver:Loading molecule: data/04_out/aligned_struct/G3GBK0.aligned.pdb
2026-02-05 12:27:03,550 INFO:main.py:781:main_driver:Setting up molecule.
2026-02-05 12:27:03,559 INFO:main.py:423:setup_molecule:Created biomolecule object with 494 residues and 3913 atoms.
2026-02-05 12:27:03,559 INFO:main.py:785:main_driver:Setting termini states for biomolecule chains.
2026-02-05 12:27:03,567 INFO:main.py:616:non_trivial:Loading forcefield.
2026-02-05 12:27:03,580 INFO:main.py:620:non_trivial:Loading hydrogen topology definitions.
2026-02-05 12:27:03,585 INFO:main.py:474:is_repairable:This biomolecule is clean.  No repair needed.
2026-02-05 12:27:03,585 INFO:main.py:635:non_trivial:Updating disulfide bridges.
2026-02-05 12:27:03,586 INFO:main.py:638:non_trivial:Debumping biomolecule.
2026-02-05 12:27:03,666 INFO:main.py:661:non_trivial:Adding hydrogens to biomolecule.
2026-02-05 12:27:03,907 INFO:main.py:664:non_trivial:Debumping biomolecule (again).
2026-02-05 12:27:04,238 INFO:main.py:666:non_trivial:Optimizing hydrogen bonds
2026-02-05 12:27:04,238 INFO:__init__.py:375:initialize_wat_optimization:Initializing water bonding optimization...
2026-02-05 12:27:04,335 INFO:main.py:678:non_trivial:Applying force field to biomolecule states.
2026-02-05 12:27:04,339 INFO:main.py:725:non_trivial:Regenerating headers.
2026-02-05 12:27:04,340 INFO:main.py:750:non_trivial:Regenerating PDB lines.
2026-02-05 12:27:04,368 WARNING:main.py:326:print_pqr:Ignoring 390 header lines in output.
2026-02-05 12:46:30,262 INFO:main.py:246:print_splash_screen:PDB2PQR v3.7.1: biomolecular structure conversion software.
2026-02-05 12:46:30,263 INFO:main.py:248:print_splash_screen:Please cite:  Jurrus E, et al.  Improvements to the APBS biomolecular solvation software suite.  Protein Sci 27 112-128 (2018).
2026-02-05 12:46:30,263 INFO:main.py:248:print_splash_screen:Please cite:  Dolinsky TJ, et al.  PDB2PQR: expanding and upgrading automated preparation of biomolecular structures for molecular simulations. Nucleic Acids Res 35 W522-W525 (2007).
2026-02-05 12:46:30,263 INFO:main.py:770:main_driver:Checking and transforming input arguments.
2026-02-05 12:46:30,263 INFO:main.py:774:main_driver:Loading topology files.
2026-02-05 12:46:30,303 INFO:main.py:776:main_driver:Loading molecule: data/04_out/aligned_struct/G3GBK0.aligned.pdb
2026-02-05 12:46:30,312 INFO:main.py:781:main_driver:Setting up molecule.
2026-02-05 12:46:30,324 INFO:main.py:423:setup_molecule:Created biomolecule object with 494 residues and 3913 atoms.
2026-02-05 12:46:30,324 INFO:main.py:785:main_driver:Setting termini states for biomolecule chains.
2026-02-05 12:46:30,331 INFO:main.py:616:non_trivial:Loading forcefield.
2026-02-05 12:46:30,336 INFO:main.py:620:non_trivial:Loading hydrogen topology definitions.
2026-02-05 12:46:30,338 INFO:main.py:474:is_repairable:This biomolecule is clean.  No repair needed.
2026-02-05 12:46:30,338 INFO:main.py:635:non_trivial:Updating disulfide bridges.
2026-02-05 12:46:30,339 INFO:main.py:638:non_trivial:Debumping biomolecule.
2026-02-05 12:46:30,399 INFO:main.py:661:non_trivial:Adding hydrogens to biomolecule.
2026-02-05 12:46:30,586 INFO:main.py:664:non_trivial:Debumping biomolecule (again).
2026-02-05 12:46:30,844 INFO:main.py:666:non_trivial:Optimizing hydrogen bonds
2026-02-05 12:46:30,844 INFO:__init__.py:375:initialize_wat_optimization:Initializing water bonding optimization...
2026-02-05 12:46:30,920 INFO:main.py:678:non_trivial:Applying force field to biomolecule states.
2026-02-05 12:46:30,923 INFO:main.py:725:non_trivial:Regenerating headers.
2026-02-05 12:46:30,924 INFO:main.py:750:non_trivial:Regenerating PDB lines.
2026-02-05 12:46:30,946 WARNING:main.py:326:print_pqr:Ignoring 390 header lines in output.
