2026-02-05 12:27:04,689 INFO:main.py:246:print_splash_screen:PDB2PQR v3.7.1: biomolecular structure conversion software.
2026-02-05 12:27:04,689 INFO:main.py:248:print_splash_screen:Please cite:  Jurrus E, et al.  Improvements to the APBS biomolecular solvation software suite.  Protein Sci 27 112-128 (2018).
2026-02-05 12:27:04,689 INFO:main.py:248:print_splash_screen:Please cite:  Dolinsky TJ, et al.  PDB2PQR: expanding and upgrading automated preparation of biomolecular structures for molecular simulations. Nucleic Acids Res 35 W522-W525 (2007).
2026-02-05 12:27:04,689 INFO:main.py:770:main_driver:Checking and transforming input arguments.
2026-02-05 12:27:04,689 INFO:main.py:774:main_driver:Loading topology files.
2026-02-05 12:27:04,748 INFO:main.py:776:main_driver:Loading molecule: data/04_out/aligned_struct/H1A981.aligned.pdb
2026-02-05 12:27:04,761 INFO:main.py:781:main_driver:Setting up molecule.
2026-02-05 12:27:04,771 INFO:main.py:423:setup_molecule:Created biomolecule object with 524 residues and 4195 atoms.
2026-02-05 12:27:04,771 INFO:main.py:785:main_driver:Setting termini states for biomolecule chains.
2026-02-05 12:27:04,779 INFO:main.py:616:non_trivial:Loading forcefield.
2026-02-05 12:27:04,785 INFO:main.py:620:non_trivial:Loading hydrogen topology definitions.
2026-02-05 12:27:04,788 INFO:main.py:474:is_repairable:This biomolecule is clean.  No repair needed.
2026-02-05 12:27:04,788 INFO:main.py:635:non_trivial:Updating disulfide bridges.
2026-02-05 12:27:04,789 INFO:main.py:638:non_trivial:Debumping biomolecule.
2026-02-05 12:27:04,869 INFO:main.py:661:non_trivial:Adding hydrogens to biomolecule.
2026-02-05 12:27:05,137 INFO:main.py:664:non_trivial:Debumping biomolecule (again).
2026-02-05 12:27:05,494 INFO:main.py:666:non_trivial:Optimizing hydrogen bonds
2026-02-05 12:27:05,494 INFO:__init__.py:375:initialize_wat_optimization:Initializing water bonding optimization...
2026-02-05 12:27:05,601 INFO:main.py:678:non_trivial:Applying force field to biomolecule states.
2026-02-05 12:27:05,606 INFO:main.py:725:non_trivial:Regenerating headers.
2026-02-05 12:27:05,607 INFO:main.py:750:non_trivial:Regenerating PDB lines.
2026-02-05 12:27:05,638 WARNING:main.py:326:print_pqr:Ignoring 391 header lines in output.
2026-02-05 12:46:31,223 INFO:main.py:246:print_splash_screen:PDB2PQR v3.7.1: biomolecular structure conversion software.
2026-02-05 12:46:31,224 INFO:main.py:248:print_splash_screen:Please cite:  Jurrus E, et al.  Improvements to the APBS biomolecular solvation software suite.  Protein Sci 27 112-128 (2018).
2026-02-05 12:46:31,224 INFO:main.py:248:print_splash_screen:Please cite:  Dolinsky TJ, et al.  PDB2PQR: expanding and upgrading automated preparation of biomolecular structures for molecular simulations. Nucleic Acids Res 35 W522-W525 (2007).
2026-02-05 12:46:31,224 INFO:main.py:770:main_driver:Checking and transforming input arguments.
2026-02-05 12:46:31,224 INFO:main.py:774:main_driver:Loading topology files.
2026-02-05 12:46:31,260 INFO:main.py:776:main_driver:Loading molecule: data/04_out/aligned_struct/H1A981.aligned.pdb
2026-02-05 12:46:31,276 INFO:main.py:781:main_driver:Setting up molecule.
2026-02-05 12:46:31,283 INFO:main.py:423:setup_molecule:Created biomolecule object with 524 residues and 4195 atoms.
2026-02-05 12:46:31,283 INFO:main.py:785:main_driver:Setting termini states for biomolecule chains.
2026-02-05 12:46:31,289 INFO:main.py:616:non_trivial:Loading forcefield.
2026-02-05 12:46:31,295 INFO:main.py:620:non_trivial:Loading hydrogen topology definitions.
2026-02-05 12:46:31,299 INFO:main.py:474:is_repairable:This biomolecule is clean.  No repair needed.
2026-02-05 12:46:31,299 INFO:main.py:635:non_trivial:Updating disulfide bridges.
2026-02-05 12:46:31,299 INFO:main.py:638:non_trivial:Debumping biomolecule.
2026-02-05 12:46:31,373 INFO:main.py:661:non_trivial:Adding hydrogens to biomolecule.
2026-02-05 12:46:31,577 INFO:main.py:664:non_trivial:Debumping biomolecule (again).
2026-02-05 12:46:31,856 INFO:main.py:666:non_trivial:Optimizing hydrogen bonds
2026-02-05 12:46:31,856 INFO:__init__.py:375:initialize_wat_optimization:Initializing water bonding optimization...
2026-02-05 12:46:31,940 INFO:main.py:678:non_trivial:Applying force field to biomolecule states.
2026-02-05 12:46:31,943 INFO:main.py:725:non_trivial:Regenerating headers.
2026-02-05 12:46:31,944 INFO:main.py:750:non_trivial:Regenerating PDB lines.
2026-02-05 12:46:31,969 WARNING:main.py:326:print_pqr:Ignoring 391 header lines in output.
