2026-02-05 12:27:08,368 INFO:main.py:246:print_splash_screen:PDB2PQR v3.7.1: biomolecular structure conversion software.
2026-02-05 12:27:08,368 INFO:main.py:248:print_splash_screen:Please cite:  Jurrus E, et al.  Improvements to the APBS biomolecular solvation software suite.  Protein Sci 27 112-128 (2018).
2026-02-05 12:27:08,368 INFO:main.py:248:print_splash_screen:Please cite:  Dolinsky TJ, et al.  PDB2PQR: expanding and upgrading automated preparation of biomolecular structures for molecular simulations. Nucleic Acids Res 35 W522-W525 (2007).
2026-02-05 12:27:08,368 INFO:main.py:770:main_driver:Checking and transforming input arguments.
2026-02-05 12:27:08,368 INFO:main.py:774:main_driver:Loading topology files.
2026-02-05 12:27:08,480 INFO:main.py:776:main_driver:Loading molecule: data/04_out/aligned_struct/H2DH17.aligned.pdb
2026-02-05 12:27:08,493 INFO:main.py:781:main_driver:Setting up molecule.
2026-02-05 12:27:08,503 INFO:main.py:423:setup_molecule:Created biomolecule object with 524 residues and 4240 atoms.
2026-02-05 12:27:08,504 INFO:main.py:785:main_driver:Setting termini states for biomolecule chains.
2026-02-05 12:27:08,511 INFO:main.py:616:non_trivial:Loading forcefield.
2026-02-05 12:27:08,517 INFO:main.py:620:non_trivial:Loading hydrogen topology definitions.
2026-02-05 12:27:08,520 INFO:main.py:474:is_repairable:This biomolecule is clean.  No repair needed.
2026-02-05 12:27:08,520 INFO:main.py:635:non_trivial:Updating disulfide bridges.
2026-02-05 12:27:08,520 INFO:main.py:638:non_trivial:Debumping biomolecule.
2026-02-05 12:27:08,603 INFO:main.py:661:non_trivial:Adding hydrogens to biomolecule.
2026-02-05 12:27:08,868 INFO:main.py:664:non_trivial:Debumping biomolecule (again).
2026-02-05 12:27:09,241 INFO:main.py:666:non_trivial:Optimizing hydrogen bonds
2026-02-05 12:27:09,241 INFO:__init__.py:375:initialize_wat_optimization:Initializing water bonding optimization...
2026-02-05 12:27:09,359 INFO:main.py:678:non_trivial:Applying force field to biomolecule states.
2026-02-05 12:27:09,363 INFO:main.py:725:non_trivial:Regenerating headers.
2026-02-05 12:27:09,364 INFO:main.py:750:non_trivial:Regenerating PDB lines.
2026-02-05 12:27:09,395 WARNING:main.py:326:print_pqr:Ignoring 390 header lines in output.
2026-02-05 12:46:34,154 INFO:main.py:246:print_splash_screen:PDB2PQR v3.7.1: biomolecular structure conversion software.
2026-02-05 12:46:34,154 INFO:main.py:248:print_splash_screen:Please cite:  Jurrus E, et al.  Improvements to the APBS biomolecular solvation software suite.  Protein Sci 27 112-128 (2018).
2026-02-05 12:46:34,154 INFO:main.py:248:print_splash_screen:Please cite:  Dolinsky TJ, et al.  PDB2PQR: expanding and upgrading automated preparation of biomolecular structures for molecular simulations. Nucleic Acids Res 35 W522-W525 (2007).
2026-02-05 12:46:34,154 INFO:main.py:770:main_driver:Checking and transforming input arguments.
2026-02-05 12:46:34,154 INFO:main.py:774:main_driver:Loading topology files.
2026-02-05 12:46:34,184 INFO:main.py:776:main_driver:Loading molecule: data/04_out/aligned_struct/H2DH17.aligned.pdb
2026-02-05 12:46:34,202 INFO:main.py:781:main_driver:Setting up molecule.
2026-02-05 12:46:34,217 INFO:main.py:423:setup_molecule:Created biomolecule object with 524 residues and 4240 atoms.
2026-02-05 12:46:34,217 INFO:main.py:785:main_driver:Setting termini states for biomolecule chains.
2026-02-05 12:46:34,223 INFO:main.py:616:non_trivial:Loading forcefield.
2026-02-05 12:46:34,228 INFO:main.py:620:non_trivial:Loading hydrogen topology definitions.
2026-02-05 12:46:34,231 INFO:main.py:474:is_repairable:This biomolecule is clean.  No repair needed.
2026-02-05 12:46:34,231 INFO:main.py:635:non_trivial:Updating disulfide bridges.
2026-02-05 12:46:34,231 INFO:main.py:638:non_trivial:Debumping biomolecule.
2026-02-05 12:46:34,307 INFO:main.py:661:non_trivial:Adding hydrogens to biomolecule.
2026-02-05 12:46:34,511 INFO:main.py:664:non_trivial:Debumping biomolecule (again).
2026-02-05 12:46:34,792 INFO:main.py:666:non_trivial:Optimizing hydrogen bonds
2026-02-05 12:46:34,793 INFO:__init__.py:375:initialize_wat_optimization:Initializing water bonding optimization...
2026-02-05 12:46:34,877 INFO:main.py:678:non_trivial:Applying force field to biomolecule states.
2026-02-05 12:46:34,881 INFO:main.py:725:non_trivial:Regenerating headers.
2026-02-05 12:46:34,881 INFO:main.py:750:non_trivial:Regenerating PDB lines.
2026-02-05 12:46:34,908 WARNING:main.py:326:print_pqr:Ignoring 390 header lines in output.
