2026-02-05 12:27:16,031 INFO:main.py:246:print_splash_screen:PDB2PQR v3.7.1: biomolecular structure conversion software.
2026-02-05 12:27:16,032 INFO:main.py:248:print_splash_screen:Please cite:  Jurrus E, et al.  Improvements to the APBS biomolecular solvation software suite.  Protein Sci 27 112-128 (2018).
2026-02-05 12:27:16,032 INFO:main.py:248:print_splash_screen:Please cite:  Dolinsky TJ, et al.  PDB2PQR: expanding and upgrading automated preparation of biomolecular structures for molecular simulations. Nucleic Acids Res 35 W522-W525 (2007).
2026-02-05 12:27:16,032 INFO:main.py:770:main_driver:Checking and transforming input arguments.
2026-02-05 12:27:16,032 INFO:main.py:774:main_driver:Loading topology files.
2026-02-05 12:27:16,074 INFO:main.py:776:main_driver:Loading molecule: data/04_out/aligned_struct/I1IUJ6.aligned.pdb
2026-02-05 12:27:16,094 INFO:main.py:781:main_driver:Setting up molecule.
2026-02-05 12:27:16,104 INFO:main.py:423:setup_molecule:Created biomolecule object with 498 residues and 3934 atoms.
2026-02-05 12:27:16,105 INFO:main.py:785:main_driver:Setting termini states for biomolecule chains.
2026-02-05 12:27:16,111 INFO:main.py:616:non_trivial:Loading forcefield.
2026-02-05 12:27:16,118 INFO:main.py:620:non_trivial:Loading hydrogen topology definitions.
2026-02-05 12:27:16,121 INFO:main.py:474:is_repairable:This biomolecule is clean.  No repair needed.
2026-02-05 12:27:16,121 INFO:main.py:635:non_trivial:Updating disulfide bridges.
2026-02-05 12:27:16,121 INFO:main.py:638:non_trivial:Debumping biomolecule.
2026-02-05 12:27:16,195 INFO:main.py:661:non_trivial:Adding hydrogens to biomolecule.
2026-02-05 12:27:16,435 INFO:main.py:664:non_trivial:Debumping biomolecule (again).
2026-02-05 12:27:16,762 INFO:main.py:666:non_trivial:Optimizing hydrogen bonds
2026-02-05 12:27:16,762 INFO:__init__.py:375:initialize_wat_optimization:Initializing water bonding optimization...
2026-02-05 12:27:16,859 INFO:main.py:678:non_trivial:Applying force field to biomolecule states.
2026-02-05 12:27:16,863 INFO:main.py:725:non_trivial:Regenerating headers.
2026-02-05 12:27:16,864 INFO:main.py:750:non_trivial:Regenerating PDB lines.
2026-02-05 12:27:16,893 WARNING:main.py:326:print_pqr:Ignoring 390 header lines in output.
2026-02-05 12:46:40,051 INFO:main.py:246:print_splash_screen:PDB2PQR v3.7.1: biomolecular structure conversion software.
2026-02-05 12:46:40,052 INFO:main.py:248:print_splash_screen:Please cite:  Jurrus E, et al.  Improvements to the APBS biomolecular solvation software suite.  Protein Sci 27 112-128 (2018).
2026-02-05 12:46:40,052 INFO:main.py:248:print_splash_screen:Please cite:  Dolinsky TJ, et al.  PDB2PQR: expanding and upgrading automated preparation of biomolecular structures for molecular simulations. Nucleic Acids Res 35 W522-W525 (2007).
2026-02-05 12:46:40,052 INFO:main.py:770:main_driver:Checking and transforming input arguments.
2026-02-05 12:46:40,052 INFO:main.py:774:main_driver:Loading topology files.
2026-02-05 12:46:40,087 INFO:main.py:776:main_driver:Loading molecule: data/04_out/aligned_struct/I1IUJ6.aligned.pdb
2026-02-05 12:46:40,099 INFO:main.py:781:main_driver:Setting up molecule.
2026-02-05 12:46:40,110 INFO:main.py:423:setup_molecule:Created biomolecule object with 498 residues and 3934 atoms.
2026-02-05 12:46:40,110 INFO:main.py:785:main_driver:Setting termini states for biomolecule chains.
2026-02-05 12:46:40,119 INFO:main.py:616:non_trivial:Loading forcefield.
2026-02-05 12:46:40,126 INFO:main.py:620:non_trivial:Loading hydrogen topology definitions.
2026-02-05 12:46:40,130 INFO:main.py:474:is_repairable:This biomolecule is clean.  No repair needed.
2026-02-05 12:46:40,130 INFO:main.py:635:non_trivial:Updating disulfide bridges.
2026-02-05 12:46:40,131 INFO:main.py:638:non_trivial:Debumping biomolecule.
2026-02-05 12:46:40,207 INFO:main.py:661:non_trivial:Adding hydrogens to biomolecule.
2026-02-05 12:46:40,393 INFO:main.py:664:non_trivial:Debumping biomolecule (again).
2026-02-05 12:46:40,651 INFO:main.py:666:non_trivial:Optimizing hydrogen bonds
2026-02-05 12:46:40,652 INFO:__init__.py:375:initialize_wat_optimization:Initializing water bonding optimization...
2026-02-05 12:46:40,727 INFO:main.py:678:non_trivial:Applying force field to biomolecule states.
2026-02-05 12:46:40,731 INFO:main.py:725:non_trivial:Regenerating headers.
2026-02-05 12:46:40,731 INFO:main.py:750:non_trivial:Regenerating PDB lines.
2026-02-05 12:46:40,754 WARNING:main.py:326:print_pqr:Ignoring 390 header lines in output.
