2026-02-05 12:27:17,188 INFO:main.py:246:print_splash_screen:PDB2PQR v3.7.1: biomolecular structure conversion software.
2026-02-05 12:27:17,188 INFO:main.py:248:print_splash_screen:Please cite:  Jurrus E, et al.  Improvements to the APBS biomolecular solvation software suite.  Protein Sci 27 112-128 (2018).
2026-02-05 12:27:17,188 INFO:main.py:248:print_splash_screen:Please cite:  Dolinsky TJ, et al.  PDB2PQR: expanding and upgrading automated preparation of biomolecular structures for molecular simulations. Nucleic Acids Res 35 W522-W525 (2007).
2026-02-05 12:27:17,188 INFO:main.py:770:main_driver:Checking and transforming input arguments.
2026-02-05 12:27:17,188 INFO:main.py:774:main_driver:Loading topology files.
2026-02-05 12:27:17,229 INFO:main.py:776:main_driver:Loading molecule: data/04_out/aligned_struct/I1TEM1.aligned.pdb
2026-02-05 12:27:17,241 INFO:main.py:781:main_driver:Setting up molecule.
2026-02-05 12:27:17,252 INFO:main.py:423:setup_molecule:Created biomolecule object with 506 residues and 4050 atoms.
2026-02-05 12:27:17,252 INFO:main.py:785:main_driver:Setting termini states for biomolecule chains.
2026-02-05 12:27:17,263 INFO:main.py:616:non_trivial:Loading forcefield.
2026-02-05 12:27:17,269 INFO:main.py:620:non_trivial:Loading hydrogen topology definitions.
2026-02-05 12:27:17,272 INFO:main.py:474:is_repairable:This biomolecule is clean.  No repair needed.
2026-02-05 12:27:17,272 INFO:main.py:635:non_trivial:Updating disulfide bridges.
2026-02-05 12:27:17,272 INFO:main.py:638:non_trivial:Debumping biomolecule.
2026-02-05 12:27:17,351 INFO:main.py:661:non_trivial:Adding hydrogens to biomolecule.
2026-02-05 12:27:17,604 INFO:main.py:664:non_trivial:Debumping biomolecule (again).
2026-02-05 12:27:17,954 INFO:main.py:666:non_trivial:Optimizing hydrogen bonds
2026-02-05 12:27:17,955 INFO:__init__.py:375:initialize_wat_optimization:Initializing water bonding optimization...
2026-02-05 12:27:18,058 INFO:main.py:678:non_trivial:Applying force field to biomolecule states.
2026-02-05 12:27:18,062 INFO:main.py:725:non_trivial:Regenerating headers.
2026-02-05 12:27:18,062 INFO:main.py:750:non_trivial:Regenerating PDB lines.
2026-02-05 12:27:18,092 WARNING:main.py:326:print_pqr:Ignoring 390 header lines in output.
2026-02-05 12:46:41,028 INFO:main.py:246:print_splash_screen:PDB2PQR v3.7.1: biomolecular structure conversion software.
2026-02-05 12:46:41,029 INFO:main.py:248:print_splash_screen:Please cite:  Jurrus E, et al.  Improvements to the APBS biomolecular solvation software suite.  Protein Sci 27 112-128 (2018).
2026-02-05 12:46:41,029 INFO:main.py:248:print_splash_screen:Please cite:  Dolinsky TJ, et al.  PDB2PQR: expanding and upgrading automated preparation of biomolecular structures for molecular simulations. Nucleic Acids Res 35 W522-W525 (2007).
2026-02-05 12:46:41,029 INFO:main.py:770:main_driver:Checking and transforming input arguments.
2026-02-05 12:46:41,029 INFO:main.py:774:main_driver:Loading topology files.
2026-02-05 12:46:41,068 INFO:main.py:776:main_driver:Loading molecule: data/04_out/aligned_struct/I1TEM1.aligned.pdb
2026-02-05 12:46:41,077 INFO:main.py:781:main_driver:Setting up molecule.
2026-02-05 12:46:41,087 INFO:main.py:423:setup_molecule:Created biomolecule object with 506 residues and 4050 atoms.
2026-02-05 12:46:41,090 INFO:main.py:785:main_driver:Setting termini states for biomolecule chains.
2026-02-05 12:46:41,098 INFO:main.py:616:non_trivial:Loading forcefield.
2026-02-05 12:46:41,103 INFO:main.py:620:non_trivial:Loading hydrogen topology definitions.
2026-02-05 12:46:41,106 INFO:main.py:474:is_repairable:This biomolecule is clean.  No repair needed.
2026-02-05 12:46:41,106 INFO:main.py:635:non_trivial:Updating disulfide bridges.
2026-02-05 12:46:41,106 INFO:main.py:638:non_trivial:Debumping biomolecule.
2026-02-05 12:46:41,179 INFO:main.py:661:non_trivial:Adding hydrogens to biomolecule.
2026-02-05 12:46:41,375 INFO:main.py:664:non_trivial:Debumping biomolecule (again).
2026-02-05 12:46:41,642 INFO:main.py:666:non_trivial:Optimizing hydrogen bonds
2026-02-05 12:46:41,642 INFO:__init__.py:375:initialize_wat_optimization:Initializing water bonding optimization...
2026-02-05 12:46:41,724 INFO:main.py:678:non_trivial:Applying force field to biomolecule states.
2026-02-05 12:46:41,727 INFO:main.py:725:non_trivial:Regenerating headers.
2026-02-05 12:46:41,728 INFO:main.py:750:non_trivial:Regenerating PDB lines.
2026-02-05 12:46:41,752 WARNING:main.py:326:print_pqr:Ignoring 390 header lines in output.
