2026-02-05 12:27:19,569 INFO:main.py:246:print_splash_screen:PDB2PQR v3.7.1: biomolecular structure conversion software.
2026-02-05 12:27:19,569 INFO:main.py:248:print_splash_screen:Please cite:  Jurrus E, et al.  Improvements to the APBS biomolecular solvation software suite.  Protein Sci 27 112-128 (2018).
2026-02-05 12:27:19,569 INFO:main.py:248:print_splash_screen:Please cite:  Dolinsky TJ, et al.  PDB2PQR: expanding and upgrading automated preparation of biomolecular structures for molecular simulations. Nucleic Acids Res 35 W522-W525 (2007).
2026-02-05 12:27:19,569 INFO:main.py:770:main_driver:Checking and transforming input arguments.
2026-02-05 12:27:19,569 INFO:main.py:774:main_driver:Loading topology files.
2026-02-05 12:27:19,612 INFO:main.py:776:main_driver:Loading molecule: data/04_out/aligned_struct/I3PLR0.aligned.pdb
2026-02-05 12:27:19,635 INFO:main.py:781:main_driver:Setting up molecule.
2026-02-05 12:27:19,652 INFO:main.py:423:setup_molecule:Created biomolecule object with 554 residues and 4399 atoms.
2026-02-05 12:27:19,652 INFO:main.py:785:main_driver:Setting termini states for biomolecule chains.
2026-02-05 12:27:19,662 INFO:main.py:616:non_trivial:Loading forcefield.
2026-02-05 12:27:19,668 INFO:main.py:620:non_trivial:Loading hydrogen topology definitions.
2026-02-05 12:27:19,672 INFO:main.py:474:is_repairable:This biomolecule is clean.  No repair needed.
2026-02-05 12:27:19,672 INFO:main.py:635:non_trivial:Updating disulfide bridges.
2026-02-05 12:27:19,672 INFO:main.py:638:non_trivial:Debumping biomolecule.
2026-02-05 12:27:19,756 INFO:main.py:661:non_trivial:Adding hydrogens to biomolecule.
2026-02-05 12:27:20,029 INFO:main.py:664:non_trivial:Debumping biomolecule (again).
2026-02-05 12:27:20,401 INFO:main.py:666:non_trivial:Optimizing hydrogen bonds
2026-02-05 12:27:20,401 INFO:__init__.py:375:initialize_wat_optimization:Initializing water bonding optimization...
2026-02-05 12:27:20,513 INFO:main.py:678:non_trivial:Applying force field to biomolecule states.
2026-02-05 12:27:20,517 INFO:main.py:725:non_trivial:Regenerating headers.
2026-02-05 12:27:20,518 INFO:main.py:750:non_trivial:Regenerating PDB lines.
2026-02-05 12:27:20,550 WARNING:main.py:326:print_pqr:Ignoring 390 header lines in output.
2026-02-05 12:46:42,924 INFO:main.py:246:print_splash_screen:PDB2PQR v3.7.1: biomolecular structure conversion software.
2026-02-05 12:46:42,924 INFO:main.py:248:print_splash_screen:Please cite:  Jurrus E, et al.  Improvements to the APBS biomolecular solvation software suite.  Protein Sci 27 112-128 (2018).
2026-02-05 12:46:42,924 INFO:main.py:248:print_splash_screen:Please cite:  Dolinsky TJ, et al.  PDB2PQR: expanding and upgrading automated preparation of biomolecular structures for molecular simulations. Nucleic Acids Res 35 W522-W525 (2007).
2026-02-05 12:46:42,924 INFO:main.py:770:main_driver:Checking and transforming input arguments.
2026-02-05 12:46:42,925 INFO:main.py:774:main_driver:Loading topology files.
2026-02-05 12:46:42,956 INFO:main.py:776:main_driver:Loading molecule: data/04_out/aligned_struct/I3PLR0.aligned.pdb
2026-02-05 12:46:42,975 INFO:main.py:781:main_driver:Setting up molecule.
2026-02-05 12:46:42,984 INFO:main.py:423:setup_molecule:Created biomolecule object with 554 residues and 4399 atoms.
2026-02-05 12:46:42,984 INFO:main.py:785:main_driver:Setting termini states for biomolecule chains.
2026-02-05 12:46:42,994 INFO:main.py:616:non_trivial:Loading forcefield.
2026-02-05 12:46:43,000 INFO:main.py:620:non_trivial:Loading hydrogen topology definitions.
2026-02-05 12:46:43,004 INFO:main.py:474:is_repairable:This biomolecule is clean.  No repair needed.
2026-02-05 12:46:43,004 INFO:main.py:635:non_trivial:Updating disulfide bridges.
2026-02-05 12:46:43,005 INFO:main.py:638:non_trivial:Debumping biomolecule.
2026-02-05 12:46:43,072 INFO:main.py:661:non_trivial:Adding hydrogens to biomolecule.
2026-02-05 12:46:43,284 INFO:main.py:664:non_trivial:Debumping biomolecule (again).
2026-02-05 12:46:43,572 INFO:main.py:666:non_trivial:Optimizing hydrogen bonds
2026-02-05 12:46:43,572 INFO:__init__.py:375:initialize_wat_optimization:Initializing water bonding optimization...
2026-02-05 12:46:43,660 INFO:main.py:678:non_trivial:Applying force field to biomolecule states.
2026-02-05 12:46:43,663 INFO:main.py:725:non_trivial:Regenerating headers.
2026-02-05 12:46:43,664 INFO:main.py:750:non_trivial:Regenerating PDB lines.
2026-02-05 12:46:43,688 WARNING:main.py:326:print_pqr:Ignoring 390 header lines in output.
