2026-02-05 12:27:20,873 INFO:main.py:246:print_splash_screen:PDB2PQR v3.7.1: biomolecular structure conversion software.
2026-02-05 12:27:20,874 INFO:main.py:248:print_splash_screen:Please cite:  Jurrus E, et al.  Improvements to the APBS biomolecular solvation software suite.  Protein Sci 27 112-128 (2018).
2026-02-05 12:27:20,874 INFO:main.py:248:print_splash_screen:Please cite:  Dolinsky TJ, et al.  PDB2PQR: expanding and upgrading automated preparation of biomolecular structures for molecular simulations. Nucleic Acids Res 35 W522-W525 (2007).
2026-02-05 12:27:20,874 INFO:main.py:770:main_driver:Checking and transforming input arguments.
2026-02-05 12:27:20,874 INFO:main.py:774:main_driver:Loading topology files.
2026-02-05 12:27:20,926 INFO:main.py:776:main_driver:Loading molecule: data/04_out/aligned_struct/I3PLR1.aligned.pdb
2026-02-05 12:27:20,945 INFO:main.py:781:main_driver:Setting up molecule.
2026-02-05 12:27:20,956 INFO:main.py:423:setup_molecule:Created biomolecule object with 556 residues and 4427 atoms.
2026-02-05 12:27:20,956 INFO:main.py:785:main_driver:Setting termini states for biomolecule chains.
2026-02-05 12:27:20,963 INFO:main.py:616:non_trivial:Loading forcefield.
2026-02-05 12:27:20,970 INFO:main.py:620:non_trivial:Loading hydrogen topology definitions.
2026-02-05 12:27:20,973 INFO:main.py:474:is_repairable:This biomolecule is clean.  No repair needed.
2026-02-05 12:27:20,973 INFO:main.py:635:non_trivial:Updating disulfide bridges.
2026-02-05 12:27:20,973 INFO:main.py:638:non_trivial:Debumping biomolecule.
2026-02-05 12:27:21,059 INFO:main.py:661:non_trivial:Adding hydrogens to biomolecule.
2026-02-05 12:27:21,330 INFO:main.py:664:non_trivial:Debumping biomolecule (again).
2026-02-05 12:27:21,699 INFO:main.py:666:non_trivial:Optimizing hydrogen bonds
2026-02-05 12:27:21,699 INFO:__init__.py:375:initialize_wat_optimization:Initializing water bonding optimization...
2026-02-05 12:27:21,812 INFO:main.py:678:non_trivial:Applying force field to biomolecule states.
2026-02-05 12:27:21,816 INFO:main.py:725:non_trivial:Regenerating headers.
2026-02-05 12:27:21,817 INFO:main.py:750:non_trivial:Regenerating PDB lines.
2026-02-05 12:27:21,849 WARNING:main.py:326:print_pqr:Ignoring 390 header lines in output.
2026-02-05 12:46:43,959 INFO:main.py:246:print_splash_screen:PDB2PQR v3.7.1: biomolecular structure conversion software.
2026-02-05 12:46:43,962 INFO:main.py:248:print_splash_screen:Please cite:  Jurrus E, et al.  Improvements to the APBS biomolecular solvation software suite.  Protein Sci 27 112-128 (2018).
2026-02-05 12:46:43,962 INFO:main.py:248:print_splash_screen:Please cite:  Dolinsky TJ, et al.  PDB2PQR: expanding and upgrading automated preparation of biomolecular structures for molecular simulations. Nucleic Acids Res 35 W522-W525 (2007).
2026-02-05 12:46:43,962 INFO:main.py:770:main_driver:Checking and transforming input arguments.
2026-02-05 12:46:43,962 INFO:main.py:774:main_driver:Loading topology files.
2026-02-05 12:46:43,997 INFO:main.py:776:main_driver:Loading molecule: data/04_out/aligned_struct/I3PLR1.aligned.pdb
2026-02-05 12:46:44,008 INFO:main.py:781:main_driver:Setting up molecule.
2026-02-05 12:46:44,016 INFO:main.py:423:setup_molecule:Created biomolecule object with 556 residues and 4427 atoms.
2026-02-05 12:46:44,017 INFO:main.py:785:main_driver:Setting termini states for biomolecule chains.
2026-02-05 12:46:44,025 INFO:main.py:616:non_trivial:Loading forcefield.
2026-02-05 12:46:44,049 INFO:main.py:620:non_trivial:Loading hydrogen topology definitions.
2026-02-05 12:46:44,051 INFO:main.py:474:is_repairable:This biomolecule is clean.  No repair needed.
2026-02-05 12:46:44,052 INFO:main.py:635:non_trivial:Updating disulfide bridges.
2026-02-05 12:46:44,052 INFO:main.py:638:non_trivial:Debumping biomolecule.
2026-02-05 12:46:44,119 INFO:main.py:661:non_trivial:Adding hydrogens to biomolecule.
2026-02-05 12:46:44,381 INFO:main.py:664:non_trivial:Debumping biomolecule (again).
2026-02-05 12:46:44,669 INFO:main.py:666:non_trivial:Optimizing hydrogen bonds
2026-02-05 12:46:44,670 INFO:__init__.py:375:initialize_wat_optimization:Initializing water bonding optimization...
2026-02-05 12:46:44,757 INFO:main.py:678:non_trivial:Applying force field to biomolecule states.
2026-02-05 12:46:44,760 INFO:main.py:725:non_trivial:Regenerating headers.
2026-02-05 12:46:44,761 INFO:main.py:750:non_trivial:Regenerating PDB lines.
2026-02-05 12:46:44,786 WARNING:main.py:326:print_pqr:Ignoring 390 header lines in output.
