2026-02-05 12:27:23,327 INFO:main.py:246:print_splash_screen:PDB2PQR v3.7.1: biomolecular structure conversion software.
2026-02-05 12:27:23,327 INFO:main.py:248:print_splash_screen:Please cite:  Jurrus E, et al.  Improvements to the APBS biomolecular solvation software suite.  Protein Sci 27 112-128 (2018).
2026-02-05 12:27:23,327 INFO:main.py:248:print_splash_screen:Please cite:  Dolinsky TJ, et al.  PDB2PQR: expanding and upgrading automated preparation of biomolecular structures for molecular simulations. Nucleic Acids Res 35 W522-W525 (2007).
2026-02-05 12:27:23,328 INFO:main.py:770:main_driver:Checking and transforming input arguments.
2026-02-05 12:27:23,328 INFO:main.py:774:main_driver:Loading topology files.
2026-02-05 12:27:23,375 INFO:main.py:776:main_driver:Loading molecule: data/04_out/aligned_struct/I3V6B7.aligned.pdb
2026-02-05 12:27:23,395 INFO:main.py:781:main_driver:Setting up molecule.
2026-02-05 12:27:23,409 INFO:main.py:423:setup_molecule:Created biomolecule object with 540 residues and 4302 atoms.
2026-02-05 12:27:23,409 INFO:main.py:785:main_driver:Setting termini states for biomolecule chains.
2026-02-05 12:27:23,426 INFO:main.py:616:non_trivial:Loading forcefield.
2026-02-05 12:27:23,437 INFO:main.py:620:non_trivial:Loading hydrogen topology definitions.
2026-02-05 12:27:23,440 INFO:main.py:474:is_repairable:This biomolecule is clean.  No repair needed.
2026-02-05 12:27:23,441 INFO:main.py:635:non_trivial:Updating disulfide bridges.
2026-02-05 12:27:23,441 INFO:main.py:638:non_trivial:Debumping biomolecule.
2026-02-05 12:27:23,524 INFO:main.py:661:non_trivial:Adding hydrogens to biomolecule.
2026-02-05 12:27:23,789 INFO:main.py:664:non_trivial:Debumping biomolecule (again).
2026-02-05 12:27:24,158 INFO:main.py:666:non_trivial:Optimizing hydrogen bonds
2026-02-05 12:27:24,158 INFO:__init__.py:375:initialize_wat_optimization:Initializing water bonding optimization...
2026-02-05 12:27:24,268 INFO:main.py:678:non_trivial:Applying force field to biomolecule states.
2026-02-05 12:27:24,272 INFO:main.py:725:non_trivial:Regenerating headers.
2026-02-05 12:27:24,273 INFO:main.py:750:non_trivial:Regenerating PDB lines.
2026-02-05 12:27:24,304 WARNING:main.py:326:print_pqr:Ignoring 390 header lines in output.
2026-02-05 12:46:45,983 INFO:main.py:246:print_splash_screen:PDB2PQR v3.7.1: biomolecular structure conversion software.
2026-02-05 12:46:45,984 INFO:main.py:248:print_splash_screen:Please cite:  Jurrus E, et al.  Improvements to the APBS biomolecular solvation software suite.  Protein Sci 27 112-128 (2018).
2026-02-05 12:46:45,984 INFO:main.py:248:print_splash_screen:Please cite:  Dolinsky TJ, et al.  PDB2PQR: expanding and upgrading automated preparation of biomolecular structures for molecular simulations. Nucleic Acids Res 35 W522-W525 (2007).
2026-02-05 12:46:45,984 INFO:main.py:770:main_driver:Checking and transforming input arguments.
2026-02-05 12:46:45,985 INFO:main.py:774:main_driver:Loading topology files.
2026-02-05 12:46:46,018 INFO:main.py:776:main_driver:Loading molecule: data/04_out/aligned_struct/I3V6B7.aligned.pdb
2026-02-05 12:46:46,039 INFO:main.py:781:main_driver:Setting up molecule.
2026-02-05 12:46:46,054 INFO:main.py:423:setup_molecule:Created biomolecule object with 540 residues and 4302 atoms.
2026-02-05 12:46:46,054 INFO:main.py:785:main_driver:Setting termini states for biomolecule chains.
2026-02-05 12:46:46,079 INFO:main.py:616:non_trivial:Loading forcefield.
2026-02-05 12:46:46,084 INFO:main.py:620:non_trivial:Loading hydrogen topology definitions.
2026-02-05 12:46:46,088 INFO:main.py:474:is_repairable:This biomolecule is clean.  No repair needed.
2026-02-05 12:46:46,088 INFO:main.py:635:non_trivial:Updating disulfide bridges.
2026-02-05 12:46:46,088 INFO:main.py:638:non_trivial:Debumping biomolecule.
2026-02-05 12:46:46,155 INFO:main.py:661:non_trivial:Adding hydrogens to biomolecule.
2026-02-05 12:46:46,359 INFO:main.py:664:non_trivial:Debumping biomolecule (again).
2026-02-05 12:46:46,638 INFO:main.py:666:non_trivial:Optimizing hydrogen bonds
2026-02-05 12:46:46,638 INFO:__init__.py:375:initialize_wat_optimization:Initializing water bonding optimization...
2026-02-05 12:46:46,723 INFO:main.py:678:non_trivial:Applying force field to biomolecule states.
2026-02-05 12:46:46,726 INFO:main.py:725:non_trivial:Regenerating headers.
2026-02-05 12:46:46,727 INFO:main.py:750:non_trivial:Regenerating PDB lines.
2026-02-05 12:46:46,752 WARNING:main.py:326:print_pqr:Ignoring 390 header lines in output.
