2026-02-05 12:27:24,591 INFO:main.py:246:print_splash_screen:PDB2PQR v3.7.1: biomolecular structure conversion software.
2026-02-05 12:27:24,591 INFO:main.py:248:print_splash_screen:Please cite:  Jurrus E, et al.  Improvements to the APBS biomolecular solvation software suite.  Protein Sci 27 112-128 (2018).
2026-02-05 12:27:24,591 INFO:main.py:248:print_splash_screen:Please cite:  Dolinsky TJ, et al.  PDB2PQR: expanding and upgrading automated preparation of biomolecular structures for molecular simulations. Nucleic Acids Res 35 W522-W525 (2007).
2026-02-05 12:27:24,591 INFO:main.py:770:main_driver:Checking and transforming input arguments.
2026-02-05 12:27:24,591 INFO:main.py:774:main_driver:Loading topology files.
2026-02-05 12:27:24,643 INFO:main.py:776:main_driver:Loading molecule: data/04_out/aligned_struct/I7C6E8.aligned.pdb
2026-02-05 12:27:24,654 INFO:main.py:781:main_driver:Setting up molecule.
2026-02-05 12:27:24,666 INFO:main.py:423:setup_molecule:Created biomolecule object with 481 residues and 3815 atoms.
2026-02-05 12:27:24,667 INFO:main.py:785:main_driver:Setting termini states for biomolecule chains.
2026-02-05 12:27:24,675 INFO:main.py:616:non_trivial:Loading forcefield.
2026-02-05 12:27:24,681 INFO:main.py:620:non_trivial:Loading hydrogen topology definitions.
2026-02-05 12:27:24,685 INFO:main.py:474:is_repairable:This biomolecule is clean.  No repair needed.
2026-02-05 12:27:24,685 INFO:main.py:635:non_trivial:Updating disulfide bridges.
2026-02-05 12:27:24,685 INFO:main.py:638:non_trivial:Debumping biomolecule.
2026-02-05 12:27:24,756 INFO:main.py:661:non_trivial:Adding hydrogens to biomolecule.
2026-02-05 12:27:24,990 INFO:main.py:664:non_trivial:Debumping biomolecule (again).
2026-02-05 12:27:25,307 INFO:main.py:666:non_trivial:Optimizing hydrogen bonds
2026-02-05 12:27:25,308 INFO:__init__.py:375:initialize_wat_optimization:Initializing water bonding optimization...
2026-02-05 12:27:25,402 INFO:main.py:678:non_trivial:Applying force field to biomolecule states.
2026-02-05 12:27:25,406 INFO:main.py:725:non_trivial:Regenerating headers.
2026-02-05 12:27:25,407 INFO:main.py:750:non_trivial:Regenerating PDB lines.
2026-02-05 12:27:25,434 WARNING:main.py:326:print_pqr:Ignoring 390 header lines in output.
2026-02-05 12:46:46,998 INFO:main.py:246:print_splash_screen:PDB2PQR v3.7.1: biomolecular structure conversion software.
2026-02-05 12:46:46,999 INFO:main.py:248:print_splash_screen:Please cite:  Jurrus E, et al.  Improvements to the APBS biomolecular solvation software suite.  Protein Sci 27 112-128 (2018).
2026-02-05 12:46:46,999 INFO:main.py:248:print_splash_screen:Please cite:  Dolinsky TJ, et al.  PDB2PQR: expanding and upgrading automated preparation of biomolecular structures for molecular simulations. Nucleic Acids Res 35 W522-W525 (2007).
2026-02-05 12:46:46,999 INFO:main.py:770:main_driver:Checking and transforming input arguments.
2026-02-05 12:46:46,999 INFO:main.py:774:main_driver:Loading topology files.
2026-02-05 12:46:47,038 INFO:main.py:776:main_driver:Loading molecule: data/04_out/aligned_struct/I7C6E8.aligned.pdb
2026-02-05 12:46:47,055 INFO:main.py:781:main_driver:Setting up molecule.
2026-02-05 12:46:47,063 INFO:main.py:423:setup_molecule:Created biomolecule object with 481 residues and 3815 atoms.
2026-02-05 12:46:47,063 INFO:main.py:785:main_driver:Setting termini states for biomolecule chains.
2026-02-05 12:46:47,071 INFO:main.py:616:non_trivial:Loading forcefield.
2026-02-05 12:46:47,081 INFO:main.py:620:non_trivial:Loading hydrogen topology definitions.
2026-02-05 12:46:47,083 INFO:main.py:474:is_repairable:This biomolecule is clean.  No repair needed.
2026-02-05 12:46:47,083 INFO:main.py:635:non_trivial:Updating disulfide bridges.
2026-02-05 12:46:47,083 INFO:main.py:638:non_trivial:Debumping biomolecule.
2026-02-05 12:46:47,166 INFO:main.py:661:non_trivial:Adding hydrogens to biomolecule.
2026-02-05 12:46:47,346 INFO:main.py:664:non_trivial:Debumping biomolecule (again).
2026-02-05 12:46:47,599 INFO:main.py:666:non_trivial:Optimizing hydrogen bonds
2026-02-05 12:46:47,599 INFO:__init__.py:375:initialize_wat_optimization:Initializing water bonding optimization...
2026-02-05 12:46:47,673 INFO:main.py:678:non_trivial:Applying force field to biomolecule states.
2026-02-05 12:46:47,676 INFO:main.py:725:non_trivial:Regenerating headers.
2026-02-05 12:46:47,677 INFO:main.py:750:non_trivial:Regenerating PDB lines.
2026-02-05 12:46:47,697 WARNING:main.py:326:print_pqr:Ignoring 390 header lines in output.
