2026-02-05 12:27:32,755 INFO:main.py:246:print_splash_screen:PDB2PQR v3.7.1: biomolecular structure conversion software.
2026-02-05 12:27:32,755 INFO:main.py:248:print_splash_screen:Please cite:  Jurrus E, et al.  Improvements to the APBS biomolecular solvation software suite.  Protein Sci 27 112-128 (2018).
2026-02-05 12:27:32,755 INFO:main.py:248:print_splash_screen:Please cite:  Dolinsky TJ, et al.  PDB2PQR: expanding and upgrading automated preparation of biomolecular structures for molecular simulations. Nucleic Acids Res 35 W522-W525 (2007).
2026-02-05 12:27:32,755 INFO:main.py:770:main_driver:Checking and transforming input arguments.
2026-02-05 12:27:32,756 INFO:main.py:774:main_driver:Loading topology files.
2026-02-05 12:27:32,802 INFO:main.py:776:main_driver:Loading molecule: data/04_out/aligned_struct/L7X0L7.aligned.pdb
2026-02-05 12:27:32,821 INFO:main.py:781:main_driver:Setting up molecule.
2026-02-05 12:27:32,831 INFO:main.py:423:setup_molecule:Created biomolecule object with 541 residues and 4314 atoms.
2026-02-05 12:27:32,831 INFO:main.py:785:main_driver:Setting termini states for biomolecule chains.
2026-02-05 12:27:32,839 INFO:main.py:616:non_trivial:Loading forcefield.
2026-02-05 12:27:32,845 INFO:main.py:620:non_trivial:Loading hydrogen topology definitions.
2026-02-05 12:27:32,849 INFO:main.py:474:is_repairable:This biomolecule is clean.  No repair needed.
2026-02-05 12:27:32,849 INFO:main.py:635:non_trivial:Updating disulfide bridges.
2026-02-05 12:27:32,849 INFO:main.py:638:non_trivial:Debumping biomolecule.
2026-02-05 12:27:32,933 INFO:main.py:661:non_trivial:Adding hydrogens to biomolecule.
2026-02-05 12:27:33,201 INFO:main.py:664:non_trivial:Debumping biomolecule (again).
2026-02-05 12:27:33,572 INFO:main.py:666:non_trivial:Optimizing hydrogen bonds
2026-02-05 12:27:33,572 INFO:__init__.py:375:initialize_wat_optimization:Initializing water bonding optimization...
2026-02-05 12:27:33,685 INFO:main.py:678:non_trivial:Applying force field to biomolecule states.
2026-02-05 12:27:33,689 INFO:main.py:725:non_trivial:Regenerating headers.
2026-02-05 12:27:33,690 INFO:main.py:750:non_trivial:Regenerating PDB lines.
2026-02-05 12:27:33,725 WARNING:main.py:326:print_pqr:Ignoring 391 header lines in output.
2026-02-05 12:46:53,551 INFO:main.py:246:print_splash_screen:PDB2PQR v3.7.1: biomolecular structure conversion software.
2026-02-05 12:46:53,552 INFO:main.py:248:print_splash_screen:Please cite:  Jurrus E, et al.  Improvements to the APBS biomolecular solvation software suite.  Protein Sci 27 112-128 (2018).
2026-02-05 12:46:53,552 INFO:main.py:248:print_splash_screen:Please cite:  Dolinsky TJ, et al.  PDB2PQR: expanding and upgrading automated preparation of biomolecular structures for molecular simulations. Nucleic Acids Res 35 W522-W525 (2007).
2026-02-05 12:46:53,552 INFO:main.py:770:main_driver:Checking and transforming input arguments.
2026-02-05 12:46:53,553 INFO:main.py:774:main_driver:Loading topology files.
2026-02-05 12:46:53,587 INFO:main.py:776:main_driver:Loading molecule: data/04_out/aligned_struct/L7X0L7.aligned.pdb
2026-02-05 12:46:53,599 INFO:main.py:781:main_driver:Setting up molecule.
2026-02-05 12:46:53,607 INFO:main.py:423:setup_molecule:Created biomolecule object with 541 residues and 4314 atoms.
2026-02-05 12:46:53,607 INFO:main.py:785:main_driver:Setting termini states for biomolecule chains.
2026-02-05 12:46:53,613 INFO:main.py:616:non_trivial:Loading forcefield.
2026-02-05 12:46:53,618 INFO:main.py:620:non_trivial:Loading hydrogen topology definitions.
2026-02-05 12:46:53,621 INFO:main.py:474:is_repairable:This biomolecule is clean.  No repair needed.
2026-02-05 12:46:53,621 INFO:main.py:635:non_trivial:Updating disulfide bridges.
2026-02-05 12:46:53,621 INFO:main.py:638:non_trivial:Debumping biomolecule.
2026-02-05 12:46:53,700 INFO:main.py:661:non_trivial:Adding hydrogens to biomolecule.
2026-02-05 12:46:53,905 INFO:main.py:664:non_trivial:Debumping biomolecule (again).
2026-02-05 12:46:54,191 INFO:main.py:666:non_trivial:Optimizing hydrogen bonds
2026-02-05 12:46:54,191 INFO:__init__.py:375:initialize_wat_optimization:Initializing water bonding optimization...
2026-02-05 12:46:54,277 INFO:main.py:678:non_trivial:Applying force field to biomolecule states.
2026-02-05 12:46:54,280 INFO:main.py:725:non_trivial:Regenerating headers.
2026-02-05 12:46:54,281 INFO:main.py:750:non_trivial:Regenerating PDB lines.
2026-02-05 12:46:54,306 WARNING:main.py:326:print_pqr:Ignoring 391 header lines in output.
