2026-02-05 12:27:40,126 INFO:main.py:246:print_splash_screen:PDB2PQR v3.7.1: biomolecular structure conversion software.
2026-02-05 12:27:40,127 INFO:main.py:248:print_splash_screen:Please cite:  Jurrus E, et al.  Improvements to the APBS biomolecular solvation software suite.  Protein Sci 27 112-128 (2018).
2026-02-05 12:27:40,127 INFO:main.py:248:print_splash_screen:Please cite:  Dolinsky TJ, et al.  PDB2PQR: expanding and upgrading automated preparation of biomolecular structures for molecular simulations. Nucleic Acids Res 35 W522-W525 (2007).
2026-02-05 12:27:40,127 INFO:main.py:770:main_driver:Checking and transforming input arguments.
2026-02-05 12:27:40,127 INFO:main.py:774:main_driver:Loading topology files.
2026-02-05 12:27:40,168 INFO:main.py:776:main_driver:Loading molecule: data/04_out/aligned_struct/O04164.aligned.pdb
2026-02-05 12:27:40,180 INFO:main.py:781:main_driver:Setting up molecule.
2026-02-05 12:27:40,191 INFO:main.py:423:setup_molecule:Created biomolecule object with 511 residues and 4084 atoms.
2026-02-05 12:27:40,191 INFO:main.py:785:main_driver:Setting termini states for biomolecule chains.
2026-02-05 12:27:40,198 INFO:main.py:616:non_trivial:Loading forcefield.
2026-02-05 12:27:40,204 INFO:main.py:620:non_trivial:Loading hydrogen topology definitions.
2026-02-05 12:27:40,208 INFO:main.py:474:is_repairable:This biomolecule is clean.  No repair needed.
2026-02-05 12:27:40,208 INFO:main.py:635:non_trivial:Updating disulfide bridges.
2026-02-05 12:27:40,208 INFO:main.py:638:non_trivial:Debumping biomolecule.
2026-02-05 12:27:40,287 INFO:main.py:661:non_trivial:Adding hydrogens to biomolecule.
2026-02-05 12:27:40,539 INFO:main.py:664:non_trivial:Debumping biomolecule (again).
2026-02-05 12:27:40,884 INFO:main.py:666:non_trivial:Optimizing hydrogen bonds
2026-02-05 12:27:40,884 INFO:__init__.py:375:initialize_wat_optimization:Initializing water bonding optimization...
2026-02-05 12:27:40,986 INFO:main.py:678:non_trivial:Applying force field to biomolecule states.
2026-02-05 12:27:40,990 INFO:main.py:725:non_trivial:Regenerating headers.
2026-02-05 12:27:40,991 INFO:main.py:750:non_trivial:Regenerating PDB lines.
2026-02-05 12:27:41,022 WARNING:main.py:326:print_pqr:Ignoring 390 header lines in output.
2026-02-05 12:46:59,447 INFO:main.py:246:print_splash_screen:PDB2PQR v3.7.1: biomolecular structure conversion software.
2026-02-05 12:46:59,448 INFO:main.py:248:print_splash_screen:Please cite:  Jurrus E, et al.  Improvements to the APBS biomolecular solvation software suite.  Protein Sci 27 112-128 (2018).
2026-02-05 12:46:59,448 INFO:main.py:248:print_splash_screen:Please cite:  Dolinsky TJ, et al.  PDB2PQR: expanding and upgrading automated preparation of biomolecular structures for molecular simulations. Nucleic Acids Res 35 W522-W525 (2007).
2026-02-05 12:46:59,448 INFO:main.py:770:main_driver:Checking and transforming input arguments.
2026-02-05 12:46:59,449 INFO:main.py:774:main_driver:Loading topology files.
2026-02-05 12:46:59,483 INFO:main.py:776:main_driver:Loading molecule: data/04_out/aligned_struct/O04164.aligned.pdb
2026-02-05 12:46:59,496 INFO:main.py:781:main_driver:Setting up molecule.
2026-02-05 12:46:59,514 INFO:main.py:423:setup_molecule:Created biomolecule object with 511 residues and 4084 atoms.
2026-02-05 12:46:59,514 INFO:main.py:785:main_driver:Setting termini states for biomolecule chains.
2026-02-05 12:46:59,525 INFO:main.py:616:non_trivial:Loading forcefield.
2026-02-05 12:46:59,531 INFO:main.py:620:non_trivial:Loading hydrogen topology definitions.
2026-02-05 12:46:59,534 INFO:main.py:474:is_repairable:This biomolecule is clean.  No repair needed.
2026-02-05 12:46:59,534 INFO:main.py:635:non_trivial:Updating disulfide bridges.
2026-02-05 12:46:59,535 INFO:main.py:638:non_trivial:Debumping biomolecule.
2026-02-05 12:46:59,608 INFO:main.py:661:non_trivial:Adding hydrogens to biomolecule.
2026-02-05 12:46:59,805 INFO:main.py:664:non_trivial:Debumping biomolecule (again).
2026-02-05 12:47:00,075 INFO:main.py:666:non_trivial:Optimizing hydrogen bonds
2026-02-05 12:47:00,075 INFO:__init__.py:375:initialize_wat_optimization:Initializing water bonding optimization...
2026-02-05 12:47:00,156 INFO:main.py:678:non_trivial:Applying force field to biomolecule states.
2026-02-05 12:47:00,159 INFO:main.py:725:non_trivial:Regenerating headers.
2026-02-05 12:47:00,160 INFO:main.py:750:non_trivial:Regenerating PDB lines.
2026-02-05 12:47:00,185 WARNING:main.py:326:print_pqr:Ignoring 390 header lines in output.
