2026-02-05 12:27:42,471 INFO:main.py:246:print_splash_screen:PDB2PQR v3.7.1: biomolecular structure conversion software.
2026-02-05 12:27:42,472 INFO:main.py:248:print_splash_screen:Please cite:  Jurrus E, et al.  Improvements to the APBS biomolecular solvation software suite.  Protein Sci 27 112-128 (2018).
2026-02-05 12:27:42,472 INFO:main.py:248:print_splash_screen:Please cite:  Dolinsky TJ, et al.  PDB2PQR: expanding and upgrading automated preparation of biomolecular structures for molecular simulations. Nucleic Acids Res 35 W522-W525 (2007).
2026-02-05 12:27:42,472 INFO:main.py:770:main_driver:Checking and transforming input arguments.
2026-02-05 12:27:42,472 INFO:main.py:774:main_driver:Loading topology files.
2026-02-05 12:27:42,532 INFO:main.py:776:main_driver:Loading molecule: data/04_out/aligned_struct/O23066.aligned.pdb
2026-02-05 12:27:42,551 INFO:main.py:781:main_driver:Setting up molecule.
2026-02-05 12:27:42,561 INFO:main.py:423:setup_molecule:Created biomolecule object with 553 residues and 4405 atoms.
2026-02-05 12:27:42,561 INFO:main.py:785:main_driver:Setting termini states for biomolecule chains.
2026-02-05 12:27:42,570 INFO:main.py:616:non_trivial:Loading forcefield.
2026-02-05 12:27:42,576 INFO:main.py:620:non_trivial:Loading hydrogen topology definitions.
2026-02-05 12:27:42,581 INFO:main.py:474:is_repairable:This biomolecule is clean.  No repair needed.
2026-02-05 12:27:42,582 INFO:main.py:635:non_trivial:Updating disulfide bridges.
2026-02-05 12:27:42,588 INFO:main.py:638:non_trivial:Debumping biomolecule.
2026-02-05 12:27:42,679 INFO:main.py:661:non_trivial:Adding hydrogens to biomolecule.
2026-02-05 12:27:42,944 INFO:main.py:664:non_trivial:Debumping biomolecule (again).
2026-02-05 12:27:43,305 INFO:main.py:666:non_trivial:Optimizing hydrogen bonds
2026-02-05 12:27:43,305 INFO:__init__.py:375:initialize_wat_optimization:Initializing water bonding optimization...
2026-02-05 12:27:43,414 INFO:main.py:678:non_trivial:Applying force field to biomolecule states.
2026-02-05 12:27:43,419 INFO:main.py:725:non_trivial:Regenerating headers.
2026-02-05 12:27:43,419 INFO:main.py:750:non_trivial:Regenerating PDB lines.
2026-02-05 12:27:43,451 WARNING:main.py:326:print_pqr:Ignoring 390 header lines in output.
2026-02-05 12:47:01,488 INFO:main.py:246:print_splash_screen:PDB2PQR v3.7.1: biomolecular structure conversion software.
2026-02-05 12:47:01,489 INFO:main.py:248:print_splash_screen:Please cite:  Jurrus E, et al.  Improvements to the APBS biomolecular solvation software suite.  Protein Sci 27 112-128 (2018).
2026-02-05 12:47:01,489 INFO:main.py:248:print_splash_screen:Please cite:  Dolinsky TJ, et al.  PDB2PQR: expanding and upgrading automated preparation of biomolecular structures for molecular simulations. Nucleic Acids Res 35 W522-W525 (2007).
2026-02-05 12:47:01,489 INFO:main.py:770:main_driver:Checking and transforming input arguments.
2026-02-05 12:47:01,489 INFO:main.py:774:main_driver:Loading topology files.
2026-02-05 12:47:01,529 INFO:main.py:776:main_driver:Loading molecule: data/04_out/aligned_struct/O23066.aligned.pdb
2026-02-05 12:47:01,539 INFO:main.py:781:main_driver:Setting up molecule.
2026-02-05 12:47:01,548 INFO:main.py:423:setup_molecule:Created biomolecule object with 553 residues and 4405 atoms.
2026-02-05 12:47:01,548 INFO:main.py:785:main_driver:Setting termini states for biomolecule chains.
2026-02-05 12:47:01,554 INFO:main.py:616:non_trivial:Loading forcefield.
2026-02-05 12:47:01,559 INFO:main.py:620:non_trivial:Loading hydrogen topology definitions.
2026-02-05 12:47:01,562 INFO:main.py:474:is_repairable:This biomolecule is clean.  No repair needed.
2026-02-05 12:47:01,562 INFO:main.py:635:non_trivial:Updating disulfide bridges.
2026-02-05 12:47:01,562 INFO:main.py:638:non_trivial:Debumping biomolecule.
2026-02-05 12:47:01,629 INFO:main.py:661:non_trivial:Adding hydrogens to biomolecule.
2026-02-05 12:47:01,835 INFO:main.py:664:non_trivial:Debumping biomolecule (again).
2026-02-05 12:47:02,115 INFO:main.py:666:non_trivial:Optimizing hydrogen bonds
2026-02-05 12:47:02,115 INFO:__init__.py:375:initialize_wat_optimization:Initializing water bonding optimization...
2026-02-05 12:47:02,202 INFO:main.py:678:non_trivial:Applying force field to biomolecule states.
2026-02-05 12:47:02,205 INFO:main.py:725:non_trivial:Regenerating headers.
2026-02-05 12:47:02,206 INFO:main.py:750:non_trivial:Regenerating PDB lines.
2026-02-05 12:47:02,232 WARNING:main.py:326:print_pqr:Ignoring 390 header lines in output.
