2026-02-05 12:27:45,095 INFO:main.py:246:print_splash_screen:PDB2PQR v3.7.1: biomolecular structure conversion software.
2026-02-05 12:27:45,095 INFO:main.py:248:print_splash_screen:Please cite:  Jurrus E, et al.  Improvements to the APBS biomolecular solvation software suite.  Protein Sci 27 112-128 (2018).
2026-02-05 12:27:45,095 INFO:main.py:248:print_splash_screen:Please cite:  Dolinsky TJ, et al.  PDB2PQR: expanding and upgrading automated preparation of biomolecular structures for molecular simulations. Nucleic Acids Res 35 W522-W525 (2007).
2026-02-05 12:27:45,095 INFO:main.py:770:main_driver:Checking and transforming input arguments.
2026-02-05 12:27:45,095 INFO:main.py:774:main_driver:Loading topology files.
2026-02-05 12:27:45,131 INFO:main.py:776:main_driver:Loading molecule: data/04_out/aligned_struct/O48786.aligned.pdb
2026-02-05 12:27:45,144 INFO:main.py:781:main_driver:Setting up molecule.
2026-02-05 12:27:45,154 INFO:main.py:423:setup_molecule:Created biomolecule object with 520 residues and 4200 atoms.
2026-02-05 12:27:45,154 INFO:main.py:785:main_driver:Setting termini states for biomolecule chains.
2026-02-05 12:27:45,161 INFO:main.py:616:non_trivial:Loading forcefield.
2026-02-05 12:27:45,167 INFO:main.py:620:non_trivial:Loading hydrogen topology definitions.
2026-02-05 12:27:45,171 INFO:main.py:474:is_repairable:This biomolecule is clean.  No repair needed.
2026-02-05 12:27:45,171 INFO:main.py:635:non_trivial:Updating disulfide bridges.
2026-02-05 12:27:45,171 INFO:main.py:638:non_trivial:Debumping biomolecule.
2026-02-05 12:27:45,253 INFO:main.py:661:non_trivial:Adding hydrogens to biomolecule.
2026-02-05 12:27:45,517 INFO:main.py:664:non_trivial:Debumping biomolecule (again).
2026-02-05 12:27:45,878 INFO:main.py:666:non_trivial:Optimizing hydrogen bonds
2026-02-05 12:27:45,878 INFO:__init__.py:375:initialize_wat_optimization:Initializing water bonding optimization...
2026-02-05 12:27:45,987 INFO:main.py:678:non_trivial:Applying force field to biomolecule states.
2026-02-05 12:27:45,991 INFO:main.py:725:non_trivial:Regenerating headers.
2026-02-05 12:27:45,992 INFO:main.py:750:non_trivial:Regenerating PDB lines.
2026-02-05 12:27:46,023 WARNING:main.py:326:print_pqr:Ignoring 391 header lines in output.
2026-02-05 12:47:03,434 INFO:main.py:246:print_splash_screen:PDB2PQR v3.7.1: biomolecular structure conversion software.
2026-02-05 12:47:03,434 INFO:main.py:248:print_splash_screen:Please cite:  Jurrus E, et al.  Improvements to the APBS biomolecular solvation software suite.  Protein Sci 27 112-128 (2018).
2026-02-05 12:47:03,435 INFO:main.py:248:print_splash_screen:Please cite:  Dolinsky TJ, et al.  PDB2PQR: expanding and upgrading automated preparation of biomolecular structures for molecular simulations. Nucleic Acids Res 35 W522-W525 (2007).
2026-02-05 12:47:03,435 INFO:main.py:770:main_driver:Checking and transforming input arguments.
2026-02-05 12:47:03,435 INFO:main.py:774:main_driver:Loading topology files.
2026-02-05 12:47:03,468 INFO:main.py:776:main_driver:Loading molecule: data/04_out/aligned_struct/O48786.aligned.pdb
2026-02-05 12:47:03,480 INFO:main.py:781:main_driver:Setting up molecule.
2026-02-05 12:47:03,498 INFO:main.py:423:setup_molecule:Created biomolecule object with 520 residues and 4200 atoms.
2026-02-05 12:47:03,499 INFO:main.py:785:main_driver:Setting termini states for biomolecule chains.
2026-02-05 12:47:03,505 INFO:main.py:616:non_trivial:Loading forcefield.
2026-02-05 12:47:03,517 INFO:main.py:620:non_trivial:Loading hydrogen topology definitions.
2026-02-05 12:47:03,520 INFO:main.py:474:is_repairable:This biomolecule is clean.  No repair needed.
2026-02-05 12:47:03,521 INFO:main.py:635:non_trivial:Updating disulfide bridges.
2026-02-05 12:47:03,521 INFO:main.py:638:non_trivial:Debumping biomolecule.
2026-02-05 12:47:03,592 INFO:main.py:661:non_trivial:Adding hydrogens to biomolecule.
2026-02-05 12:47:03,794 INFO:main.py:664:non_trivial:Debumping biomolecule (again).
2026-02-05 12:47:04,074 INFO:main.py:666:non_trivial:Optimizing hydrogen bonds
2026-02-05 12:47:04,074 INFO:__init__.py:375:initialize_wat_optimization:Initializing water bonding optimization...
2026-02-05 12:47:04,157 INFO:main.py:678:non_trivial:Applying force field to biomolecule states.
2026-02-05 12:47:04,160 INFO:main.py:725:non_trivial:Regenerating headers.
2026-02-05 12:47:04,161 INFO:main.py:750:non_trivial:Regenerating PDB lines.
2026-02-05 12:47:04,185 WARNING:main.py:326:print_pqr:Ignoring 391 header lines in output.
