2026-02-05 12:27:50,007 INFO:main.py:246:print_splash_screen:PDB2PQR v3.7.1: biomolecular structure conversion software.
2026-02-05 12:27:50,008 INFO:main.py:248:print_splash_screen:Please cite:  Jurrus E, et al.  Improvements to the APBS biomolecular solvation software suite.  Protein Sci 27 112-128 (2018).
2026-02-05 12:27:50,008 INFO:main.py:248:print_splash_screen:Please cite:  Dolinsky TJ, et al.  PDB2PQR: expanding and upgrading automated preparation of biomolecular structures for molecular simulations. Nucleic Acids Res 35 W522-W525 (2007).
2026-02-05 12:27:50,008 INFO:main.py:770:main_driver:Checking and transforming input arguments.
2026-02-05 12:27:50,008 INFO:main.py:774:main_driver:Loading topology files.
2026-02-05 12:27:50,048 INFO:main.py:776:main_driver:Loading molecule: data/04_out/aligned_struct/O49340.aligned.pdb
2026-02-05 12:27:50,060 INFO:main.py:781:main_driver:Setting up molecule.
2026-02-05 12:27:50,069 INFO:main.py:423:setup_molecule:Created biomolecule object with 497 residues and 3952 atoms.
2026-02-05 12:27:50,070 INFO:main.py:785:main_driver:Setting termini states for biomolecule chains.
2026-02-05 12:27:50,077 INFO:main.py:616:non_trivial:Loading forcefield.
2026-02-05 12:27:50,083 INFO:main.py:620:non_trivial:Loading hydrogen topology definitions.
2026-02-05 12:27:50,086 INFO:main.py:474:is_repairable:This biomolecule is clean.  No repair needed.
2026-02-05 12:27:50,086 INFO:main.py:635:non_trivial:Updating disulfide bridges.
2026-02-05 12:27:50,086 INFO:main.py:638:non_trivial:Debumping biomolecule.
2026-02-05 12:27:50,164 INFO:main.py:661:non_trivial:Adding hydrogens to biomolecule.
2026-02-05 12:27:50,412 INFO:main.py:664:non_trivial:Debumping biomolecule (again).
2026-02-05 12:27:50,755 INFO:main.py:666:non_trivial:Optimizing hydrogen bonds
2026-02-05 12:27:50,755 INFO:__init__.py:375:initialize_wat_optimization:Initializing water bonding optimization...
2026-02-05 12:27:50,855 INFO:main.py:678:non_trivial:Applying force field to biomolecule states.
2026-02-05 12:27:50,859 INFO:main.py:725:non_trivial:Regenerating headers.
2026-02-05 12:27:50,860 INFO:main.py:750:non_trivial:Regenerating PDB lines.
2026-02-05 12:27:50,890 WARNING:main.py:326:print_pqr:Ignoring 390 header lines in output.
2026-02-05 12:47:07,478 INFO:main.py:246:print_splash_screen:PDB2PQR v3.7.1: biomolecular structure conversion software.
2026-02-05 12:47:07,479 INFO:main.py:248:print_splash_screen:Please cite:  Jurrus E, et al.  Improvements to the APBS biomolecular solvation software suite.  Protein Sci 27 112-128 (2018).
2026-02-05 12:47:07,479 INFO:main.py:248:print_splash_screen:Please cite:  Dolinsky TJ, et al.  PDB2PQR: expanding and upgrading automated preparation of biomolecular structures for molecular simulations. Nucleic Acids Res 35 W522-W525 (2007).
2026-02-05 12:47:07,479 INFO:main.py:770:main_driver:Checking and transforming input arguments.
2026-02-05 12:47:07,479 INFO:main.py:774:main_driver:Loading topology files.
2026-02-05 12:47:07,508 INFO:main.py:776:main_driver:Loading molecule: data/04_out/aligned_struct/O49340.aligned.pdb
2026-02-05 12:47:07,523 INFO:main.py:781:main_driver:Setting up molecule.
2026-02-05 12:47:07,533 INFO:main.py:423:setup_molecule:Created biomolecule object with 497 residues and 3952 atoms.
2026-02-05 12:47:07,535 INFO:main.py:785:main_driver:Setting termini states for biomolecule chains.
2026-02-05 12:47:07,542 INFO:main.py:616:non_trivial:Loading forcefield.
2026-02-05 12:47:07,551 INFO:main.py:620:non_trivial:Loading hydrogen topology definitions.
2026-02-05 12:47:07,557 INFO:main.py:474:is_repairable:This biomolecule is clean.  No repair needed.
2026-02-05 12:47:07,557 INFO:main.py:635:non_trivial:Updating disulfide bridges.
2026-02-05 12:47:07,557 INFO:main.py:638:non_trivial:Debumping biomolecule.
2026-02-05 12:47:07,636 INFO:main.py:661:non_trivial:Adding hydrogens to biomolecule.
2026-02-05 12:47:07,832 INFO:main.py:664:non_trivial:Debumping biomolecule (again).
2026-02-05 12:47:08,098 INFO:main.py:666:non_trivial:Optimizing hydrogen bonds
2026-02-05 12:47:08,098 INFO:__init__.py:375:initialize_wat_optimization:Initializing water bonding optimization...
2026-02-05 12:47:08,177 INFO:main.py:678:non_trivial:Applying force field to biomolecule states.
2026-02-05 12:47:08,180 INFO:main.py:725:non_trivial:Regenerating headers.
2026-02-05 12:47:08,181 INFO:main.py:750:non_trivial:Regenerating PDB lines.
2026-02-05 12:47:08,205 WARNING:main.py:326:print_pqr:Ignoring 390 header lines in output.
