2026-02-05 12:27:58,352 INFO:main.py:246:print_splash_screen:PDB2PQR v3.7.1: biomolecular structure conversion software.
2026-02-05 12:27:58,352 INFO:main.py:248:print_splash_screen:Please cite:  Jurrus E, et al.  Improvements to the APBS biomolecular solvation software suite.  Protein Sci 27 112-128 (2018).
2026-02-05 12:27:58,353 INFO:main.py:248:print_splash_screen:Please cite:  Dolinsky TJ, et al.  PDB2PQR: expanding and upgrading automated preparation of biomolecular structures for molecular simulations. Nucleic Acids Res 35 W522-W525 (2007).
2026-02-05 12:27:58,353 INFO:main.py:770:main_driver:Checking and transforming input arguments.
2026-02-05 12:27:58,353 INFO:main.py:774:main_driver:Loading topology files.
2026-02-05 12:27:58,401 INFO:main.py:776:main_driver:Loading molecule: data/04_out/aligned_struct/O64697.aligned.pdb
2026-02-05 12:27:58,425 INFO:main.py:781:main_driver:Setting up molecule.
2026-02-05 12:27:58,442 INFO:main.py:423:setup_molecule:Created biomolecule object with 495 residues and 3940 atoms.
2026-02-05 12:27:58,442 INFO:main.py:785:main_driver:Setting termini states for biomolecule chains.
2026-02-05 12:27:58,454 INFO:main.py:616:non_trivial:Loading forcefield.
2026-02-05 12:27:58,460 INFO:main.py:620:non_trivial:Loading hydrogen topology definitions.
2026-02-05 12:27:58,463 INFO:main.py:474:is_repairable:This biomolecule is clean.  No repair needed.
2026-02-05 12:27:58,463 INFO:main.py:635:non_trivial:Updating disulfide bridges.
2026-02-05 12:27:58,464 INFO:main.py:638:non_trivial:Debumping biomolecule.
2026-02-05 12:27:58,536 INFO:main.py:661:non_trivial:Adding hydrogens to biomolecule.
2026-02-05 12:27:58,776 INFO:main.py:664:non_trivial:Debumping biomolecule (again).
2026-02-05 12:27:59,101 INFO:main.py:666:non_trivial:Optimizing hydrogen bonds
2026-02-05 12:27:59,101 INFO:__init__.py:375:initialize_wat_optimization:Initializing water bonding optimization...
2026-02-05 12:27:59,198 INFO:main.py:678:non_trivial:Applying force field to biomolecule states.
2026-02-05 12:27:59,202 INFO:main.py:725:non_trivial:Regenerating headers.
2026-02-05 12:27:59,202 INFO:main.py:750:non_trivial:Regenerating PDB lines.
2026-02-05 12:27:59,231 WARNING:main.py:326:print_pqr:Ignoring 390 header lines in output.
2026-02-05 12:47:14,247 INFO:main.py:246:print_splash_screen:PDB2PQR v3.7.1: biomolecular structure conversion software.
2026-02-05 12:47:14,248 INFO:main.py:248:print_splash_screen:Please cite:  Jurrus E, et al.  Improvements to the APBS biomolecular solvation software suite.  Protein Sci 27 112-128 (2018).
2026-02-05 12:47:14,248 INFO:main.py:248:print_splash_screen:Please cite:  Dolinsky TJ, et al.  PDB2PQR: expanding and upgrading automated preparation of biomolecular structures for molecular simulations. Nucleic Acids Res 35 W522-W525 (2007).
2026-02-05 12:47:14,248 INFO:main.py:770:main_driver:Checking and transforming input arguments.
2026-02-05 12:47:14,248 INFO:main.py:774:main_driver:Loading topology files.
2026-02-05 12:47:14,277 INFO:main.py:776:main_driver:Loading molecule: data/04_out/aligned_struct/O64697.aligned.pdb
2026-02-05 12:47:14,289 INFO:main.py:781:main_driver:Setting up molecule.
2026-02-05 12:47:14,297 INFO:main.py:423:setup_molecule:Created biomolecule object with 495 residues and 3940 atoms.
2026-02-05 12:47:14,297 INFO:main.py:785:main_driver:Setting termini states for biomolecule chains.
2026-02-05 12:47:14,304 INFO:main.py:616:non_trivial:Loading forcefield.
2026-02-05 12:47:14,311 INFO:main.py:620:non_trivial:Loading hydrogen topology definitions.
2026-02-05 12:47:14,316 INFO:main.py:474:is_repairable:This biomolecule is clean.  No repair needed.
2026-02-05 12:47:14,316 INFO:main.py:635:non_trivial:Updating disulfide bridges.
2026-02-05 12:47:14,316 INFO:main.py:638:non_trivial:Debumping biomolecule.
2026-02-05 12:47:14,377 INFO:main.py:661:non_trivial:Adding hydrogens to biomolecule.
2026-02-05 12:47:14,563 INFO:main.py:664:non_trivial:Debumping biomolecule (again).
2026-02-05 12:47:14,821 INFO:main.py:666:non_trivial:Optimizing hydrogen bonds
2026-02-05 12:47:14,821 INFO:__init__.py:375:initialize_wat_optimization:Initializing water bonding optimization...
2026-02-05 12:47:14,896 INFO:main.py:678:non_trivial:Applying force field to biomolecule states.
2026-02-05 12:47:14,899 INFO:main.py:725:non_trivial:Regenerating headers.
2026-02-05 12:47:14,900 INFO:main.py:750:non_trivial:Regenerating PDB lines.
2026-02-05 12:47:14,922 WARNING:main.py:326:print_pqr:Ignoring 390 header lines in output.
