2026-02-05 12:28:00,685 INFO:main.py:246:print_splash_screen:PDB2PQR v3.7.1: biomolecular structure conversion software.
2026-02-05 12:28:00,685 INFO:main.py:248:print_splash_screen:Please cite:  Jurrus E, et al.  Improvements to the APBS biomolecular solvation software suite.  Protein Sci 27 112-128 (2018).
2026-02-05 12:28:00,685 INFO:main.py:248:print_splash_screen:Please cite:  Dolinsky TJ, et al.  PDB2PQR: expanding and upgrading automated preparation of biomolecular structures for molecular simulations. Nucleic Acids Res 35 W522-W525 (2007).
2026-02-05 12:28:00,685 INFO:main.py:770:main_driver:Checking and transforming input arguments.
2026-02-05 12:28:00,686 INFO:main.py:774:main_driver:Loading topology files.
2026-02-05 12:28:00,724 INFO:main.py:776:main_driver:Loading molecule: data/04_out/aligned_struct/O64718.aligned.pdb
2026-02-05 12:28:00,737 INFO:main.py:781:main_driver:Setting up molecule.
2026-02-05 12:28:00,747 INFO:main.py:423:setup_molecule:Created biomolecule object with 500 residues and 4016 atoms.
2026-02-05 12:28:00,748 INFO:main.py:785:main_driver:Setting termini states for biomolecule chains.
2026-02-05 12:28:00,755 INFO:main.py:616:non_trivial:Loading forcefield.
2026-02-05 12:28:00,764 INFO:main.py:620:non_trivial:Loading hydrogen topology definitions.
2026-02-05 12:28:00,767 INFO:main.py:474:is_repairable:This biomolecule is clean.  No repair needed.
2026-02-05 12:28:00,767 INFO:main.py:635:non_trivial:Updating disulfide bridges.
2026-02-05 12:28:00,768 INFO:main.py:638:non_trivial:Debumping biomolecule.
2026-02-05 12:28:00,852 INFO:main.py:661:non_trivial:Adding hydrogens to biomolecule.
2026-02-05 12:28:01,099 INFO:main.py:664:non_trivial:Debumping biomolecule (again).
2026-02-05 12:28:01,441 INFO:main.py:666:non_trivial:Optimizing hydrogen bonds
2026-02-05 12:28:01,442 INFO:__init__.py:375:initialize_wat_optimization:Initializing water bonding optimization...
2026-02-05 12:28:01,544 INFO:main.py:678:non_trivial:Applying force field to biomolecule states.
2026-02-05 12:28:01,549 INFO:main.py:725:non_trivial:Regenerating headers.
2026-02-05 12:28:01,550 INFO:main.py:750:non_trivial:Regenerating PDB lines.
2026-02-05 12:28:01,578 WARNING:main.py:326:print_pqr:Ignoring 391 header lines in output.
2026-02-05 12:47:16,133 INFO:main.py:246:print_splash_screen:PDB2PQR v3.7.1: biomolecular structure conversion software.
2026-02-05 12:47:16,133 INFO:main.py:248:print_splash_screen:Please cite:  Jurrus E, et al.  Improvements to the APBS biomolecular solvation software suite.  Protein Sci 27 112-128 (2018).
2026-02-05 12:47:16,133 INFO:main.py:248:print_splash_screen:Please cite:  Dolinsky TJ, et al.  PDB2PQR: expanding and upgrading automated preparation of biomolecular structures for molecular simulations. Nucleic Acids Res 35 W522-W525 (2007).
2026-02-05 12:47:16,133 INFO:main.py:770:main_driver:Checking and transforming input arguments.
2026-02-05 12:47:16,134 INFO:main.py:774:main_driver:Loading topology files.
2026-02-05 12:47:16,166 INFO:main.py:776:main_driver:Loading molecule: data/04_out/aligned_struct/O64718.aligned.pdb
2026-02-05 12:47:16,175 INFO:main.py:781:main_driver:Setting up molecule.
2026-02-05 12:47:16,184 INFO:main.py:423:setup_molecule:Created biomolecule object with 500 residues and 4016 atoms.
2026-02-05 12:47:16,184 INFO:main.py:785:main_driver:Setting termini states for biomolecule chains.
2026-02-05 12:47:16,189 INFO:main.py:616:non_trivial:Loading forcefield.
2026-02-05 12:47:16,194 INFO:main.py:620:non_trivial:Loading hydrogen topology definitions.
2026-02-05 12:47:16,197 INFO:main.py:474:is_repairable:This biomolecule is clean.  No repair needed.
2026-02-05 12:47:16,197 INFO:main.py:635:non_trivial:Updating disulfide bridges.
2026-02-05 12:47:16,197 INFO:main.py:638:non_trivial:Debumping biomolecule.
2026-02-05 12:47:16,262 INFO:main.py:661:non_trivial:Adding hydrogens to biomolecule.
2026-02-05 12:47:16,454 INFO:main.py:664:non_trivial:Debumping biomolecule (again).
2026-02-05 12:47:16,731 INFO:main.py:666:non_trivial:Optimizing hydrogen bonds
2026-02-05 12:47:16,731 INFO:__init__.py:375:initialize_wat_optimization:Initializing water bonding optimization...
2026-02-05 12:47:16,812 INFO:main.py:678:non_trivial:Applying force field to biomolecule states.
2026-02-05 12:47:16,816 INFO:main.py:725:non_trivial:Regenerating headers.
2026-02-05 12:47:16,816 INFO:main.py:750:non_trivial:Regenerating PDB lines.
2026-02-05 12:47:16,841 WARNING:main.py:326:print_pqr:Ignoring 391 header lines in output.
