2026-02-05 12:28:05,465 INFO:main.py:246:print_splash_screen:PDB2PQR v3.7.1: biomolecular structure conversion software.
2026-02-05 12:28:05,465 INFO:main.py:248:print_splash_screen:Please cite:  Jurrus E, et al.  Improvements to the APBS biomolecular solvation software suite.  Protein Sci 27 112-128 (2018).
2026-02-05 12:28:05,465 INFO:main.py:248:print_splash_screen:Please cite:  Dolinsky TJ, et al.  PDB2PQR: expanding and upgrading automated preparation of biomolecular structures for molecular simulations. Nucleic Acids Res 35 W522-W525 (2007).
2026-02-05 12:28:05,466 INFO:main.py:770:main_driver:Checking and transforming input arguments.
2026-02-05 12:28:05,466 INFO:main.py:774:main_driver:Loading topology files.
2026-02-05 12:28:05,501 INFO:main.py:776:main_driver:Loading molecule: data/04_out/aligned_struct/O65784.aligned.pdb
2026-02-05 12:28:05,521 INFO:main.py:781:main_driver:Setting up molecule.
2026-02-05 12:28:05,534 INFO:main.py:423:setup_molecule:Created biomolecule object with 498 residues and 3968 atoms.
2026-02-05 12:28:05,535 INFO:main.py:785:main_driver:Setting termini states for biomolecule chains.
2026-02-05 12:28:05,541 INFO:main.py:616:non_trivial:Loading forcefield.
2026-02-05 12:28:05,549 INFO:main.py:620:non_trivial:Loading hydrogen topology definitions.
2026-02-05 12:28:05,554 INFO:main.py:474:is_repairable:This biomolecule is clean.  No repair needed.
2026-02-05 12:28:05,554 INFO:main.py:635:non_trivial:Updating disulfide bridges.
2026-02-05 12:28:05,555 INFO:main.py:638:non_trivial:Debumping biomolecule.
2026-02-05 12:28:05,632 INFO:main.py:661:non_trivial:Adding hydrogens to biomolecule.
2026-02-05 12:28:05,881 INFO:main.py:664:non_trivial:Debumping biomolecule (again).
2026-02-05 12:28:06,220 INFO:main.py:666:non_trivial:Optimizing hydrogen bonds
2026-02-05 12:28:06,220 INFO:__init__.py:375:initialize_wat_optimization:Initializing water bonding optimization...
2026-02-05 12:28:06,320 INFO:main.py:678:non_trivial:Applying force field to biomolecule states.
2026-02-05 12:28:06,324 INFO:main.py:725:non_trivial:Regenerating headers.
2026-02-05 12:28:06,325 INFO:main.py:750:non_trivial:Regenerating PDB lines.
2026-02-05 12:28:06,354 WARNING:main.py:326:print_pqr:Ignoring 391 header lines in output.
2026-02-05 12:47:20,063 INFO:main.py:246:print_splash_screen:PDB2PQR v3.7.1: biomolecular structure conversion software.
2026-02-05 12:47:20,065 INFO:main.py:248:print_splash_screen:Please cite:  Jurrus E, et al.  Improvements to the APBS biomolecular solvation software suite.  Protein Sci 27 112-128 (2018).
2026-02-05 12:47:20,065 INFO:main.py:248:print_splash_screen:Please cite:  Dolinsky TJ, et al.  PDB2PQR: expanding and upgrading automated preparation of biomolecular structures for molecular simulations. Nucleic Acids Res 35 W522-W525 (2007).
2026-02-05 12:47:20,065 INFO:main.py:770:main_driver:Checking and transforming input arguments.
2026-02-05 12:47:20,065 INFO:main.py:774:main_driver:Loading topology files.
2026-02-05 12:47:20,093 INFO:main.py:776:main_driver:Loading molecule: data/04_out/aligned_struct/O65784.aligned.pdb
2026-02-05 12:47:20,105 INFO:main.py:781:main_driver:Setting up molecule.
2026-02-05 12:47:20,114 INFO:main.py:423:setup_molecule:Created biomolecule object with 498 residues and 3968 atoms.
2026-02-05 12:47:20,114 INFO:main.py:785:main_driver:Setting termini states for biomolecule chains.
2026-02-05 12:47:20,120 INFO:main.py:616:non_trivial:Loading forcefield.
2026-02-05 12:47:20,162 INFO:main.py:620:non_trivial:Loading hydrogen topology definitions.
2026-02-05 12:47:20,171 INFO:main.py:474:is_repairable:This biomolecule is clean.  No repair needed.
2026-02-05 12:47:20,171 INFO:main.py:635:non_trivial:Updating disulfide bridges.
2026-02-05 12:47:20,171 INFO:main.py:638:non_trivial:Debumping biomolecule.
2026-02-05 12:47:20,239 INFO:main.py:661:non_trivial:Adding hydrogens to biomolecule.
2026-02-05 12:47:20,432 INFO:main.py:664:non_trivial:Debumping biomolecule (again).
2026-02-05 12:47:20,697 INFO:main.py:666:non_trivial:Optimizing hydrogen bonds
2026-02-05 12:47:20,697 INFO:__init__.py:375:initialize_wat_optimization:Initializing water bonding optimization...
2026-02-05 12:47:20,774 INFO:main.py:678:non_trivial:Applying force field to biomolecule states.
2026-02-05 12:47:20,777 INFO:main.py:725:non_trivial:Regenerating headers.
2026-02-05 12:47:20,778 INFO:main.py:750:non_trivial:Regenerating PDB lines.
2026-02-05 12:47:20,802 WARNING:main.py:326:print_pqr:Ignoring 391 header lines in output.
