2026-02-05 12:28:09,086 INFO:main.py:246:print_splash_screen:PDB2PQR v3.7.1: biomolecular structure conversion software.
2026-02-05 12:28:09,086 INFO:main.py:248:print_splash_screen:Please cite:  Jurrus E, et al.  Improvements to the APBS biomolecular solvation software suite.  Protein Sci 27 112-128 (2018).
2026-02-05 12:28:09,086 INFO:main.py:248:print_splash_screen:Please cite:  Dolinsky TJ, et al.  PDB2PQR: expanding and upgrading automated preparation of biomolecular structures for molecular simulations. Nucleic Acids Res 35 W522-W525 (2007).
2026-02-05 12:28:09,086 INFO:main.py:770:main_driver:Checking and transforming input arguments.
2026-02-05 12:28:09,086 INFO:main.py:774:main_driver:Loading topology files.
2026-02-05 12:28:09,128 INFO:main.py:776:main_driver:Loading molecule: data/04_out/aligned_struct/O65787.aligned.pdb
2026-02-05 12:28:09,143 INFO:main.py:781:main_driver:Setting up molecule.
2026-02-05 12:28:09,160 INFO:main.py:423:setup_molecule:Created biomolecule object with 503 residues and 4023 atoms.
2026-02-05 12:28:09,160 INFO:main.py:785:main_driver:Setting termini states for biomolecule chains.
2026-02-05 12:28:09,167 INFO:main.py:616:non_trivial:Loading forcefield.
2026-02-05 12:28:09,173 INFO:main.py:620:non_trivial:Loading hydrogen topology definitions.
2026-02-05 12:28:09,176 INFO:main.py:474:is_repairable:This biomolecule is clean.  No repair needed.
2026-02-05 12:28:09,177 INFO:main.py:635:non_trivial:Updating disulfide bridges.
2026-02-05 12:28:09,177 INFO:main.py:638:non_trivial:Debumping biomolecule.
2026-02-05 12:28:09,253 INFO:main.py:661:non_trivial:Adding hydrogens to biomolecule.
2026-02-05 12:28:09,502 INFO:main.py:664:non_trivial:Debumping biomolecule (again).
2026-02-05 12:28:09,845 INFO:main.py:666:non_trivial:Optimizing hydrogen bonds
2026-02-05 12:28:09,845 INFO:__init__.py:375:initialize_wat_optimization:Initializing water bonding optimization...
2026-02-05 12:28:09,947 INFO:main.py:678:non_trivial:Applying force field to biomolecule states.
2026-02-05 12:28:09,951 INFO:main.py:725:non_trivial:Regenerating headers.
2026-02-05 12:28:09,952 INFO:main.py:750:non_trivial:Regenerating PDB lines.
2026-02-05 12:28:09,981 WARNING:main.py:326:print_pqr:Ignoring 390 header lines in output.
2026-02-05 12:47:23,003 INFO:main.py:246:print_splash_screen:PDB2PQR v3.7.1: biomolecular structure conversion software.
2026-02-05 12:47:23,004 INFO:main.py:248:print_splash_screen:Please cite:  Jurrus E, et al.  Improvements to the APBS biomolecular solvation software suite.  Protein Sci 27 112-128 (2018).
2026-02-05 12:47:23,004 INFO:main.py:248:print_splash_screen:Please cite:  Dolinsky TJ, et al.  PDB2PQR: expanding and upgrading automated preparation of biomolecular structures for molecular simulations. Nucleic Acids Res 35 W522-W525 (2007).
2026-02-05 12:47:23,007 INFO:main.py:770:main_driver:Checking and transforming input arguments.
2026-02-05 12:47:23,007 INFO:main.py:774:main_driver:Loading topology files.
2026-02-05 12:47:23,046 INFO:main.py:776:main_driver:Loading molecule: data/04_out/aligned_struct/O65787.aligned.pdb
2026-02-05 12:47:23,055 INFO:main.py:781:main_driver:Setting up molecule.
2026-02-05 12:47:23,066 INFO:main.py:423:setup_molecule:Created biomolecule object with 503 residues and 4023 atoms.
2026-02-05 12:47:23,067 INFO:main.py:785:main_driver:Setting termini states for biomolecule chains.
2026-02-05 12:47:23,072 INFO:main.py:616:non_trivial:Loading forcefield.
2026-02-05 12:47:23,079 INFO:main.py:620:non_trivial:Loading hydrogen topology definitions.
2026-02-05 12:47:23,081 INFO:main.py:474:is_repairable:This biomolecule is clean.  No repair needed.
2026-02-05 12:47:23,081 INFO:main.py:635:non_trivial:Updating disulfide bridges.
2026-02-05 12:47:23,081 INFO:main.py:638:non_trivial:Debumping biomolecule.
2026-02-05 12:47:23,146 INFO:main.py:661:non_trivial:Adding hydrogens to biomolecule.
2026-02-05 12:47:23,337 INFO:main.py:664:non_trivial:Debumping biomolecule (again).
2026-02-05 12:47:23,605 INFO:main.py:666:non_trivial:Optimizing hydrogen bonds
2026-02-05 12:47:23,605 INFO:__init__.py:375:initialize_wat_optimization:Initializing water bonding optimization...
2026-02-05 12:47:23,684 INFO:main.py:678:non_trivial:Applying force field to biomolecule states.
2026-02-05 12:47:23,687 INFO:main.py:725:non_trivial:Regenerating headers.
2026-02-05 12:47:23,687 INFO:main.py:750:non_trivial:Regenerating PDB lines.
2026-02-05 12:47:23,712 WARNING:main.py:326:print_pqr:Ignoring 390 header lines in output.
