2026-02-05 12:28:16,440 INFO:main.py:246:print_splash_screen:PDB2PQR v3.7.1: biomolecular structure conversion software.
2026-02-05 12:28:16,440 INFO:main.py:248:print_splash_screen:Please cite:  Jurrus E, et al.  Improvements to the APBS biomolecular solvation software suite.  Protein Sci 27 112-128 (2018).
2026-02-05 12:28:16,440 INFO:main.py:248:print_splash_screen:Please cite:  Dolinsky TJ, et al.  PDB2PQR: expanding and upgrading automated preparation of biomolecular structures for molecular simulations. Nucleic Acids Res 35 W522-W525 (2007).
2026-02-05 12:28:16,441 INFO:main.py:770:main_driver:Checking and transforming input arguments.
2026-02-05 12:28:16,441 INFO:main.py:774:main_driver:Loading topology files.
2026-02-05 12:28:16,486 INFO:main.py:776:main_driver:Loading molecule: data/04_out/aligned_struct/O81928.aligned.pdb
2026-02-05 12:28:16,499 INFO:main.py:781:main_driver:Setting up molecule.
2026-02-05 12:28:16,511 INFO:main.py:423:setup_molecule:Created biomolecule object with 505 residues and 4084 atoms.
2026-02-05 12:28:16,511 INFO:main.py:785:main_driver:Setting termini states for biomolecule chains.
2026-02-05 12:28:16,522 INFO:main.py:616:non_trivial:Loading forcefield.
2026-02-05 12:28:16,532 INFO:main.py:620:non_trivial:Loading hydrogen topology definitions.
2026-02-05 12:28:16,535 INFO:main.py:474:is_repairable:This biomolecule is clean.  No repair needed.
2026-02-05 12:28:16,535 INFO:main.py:635:non_trivial:Updating disulfide bridges.
2026-02-05 12:28:16,535 INFO:main.py:638:non_trivial:Debumping biomolecule.
2026-02-05 12:28:16,616 INFO:main.py:661:non_trivial:Adding hydrogens to biomolecule.
2026-02-05 12:28:16,870 INFO:main.py:664:non_trivial:Debumping biomolecule (again).
2026-02-05 12:28:17,224 INFO:main.py:666:non_trivial:Optimizing hydrogen bonds
2026-02-05 12:28:17,224 INFO:__init__.py:375:initialize_wat_optimization:Initializing water bonding optimization...
2026-02-05 12:28:17,328 INFO:main.py:678:non_trivial:Applying force field to biomolecule states.
2026-02-05 12:28:17,332 INFO:main.py:725:non_trivial:Regenerating headers.
2026-02-05 12:28:17,333 INFO:main.py:750:non_trivial:Regenerating PDB lines.
2026-02-05 12:28:17,363 WARNING:main.py:326:print_pqr:Ignoring 390 header lines in output.
2026-02-05 12:47:28,814 INFO:main.py:246:print_splash_screen:PDB2PQR v3.7.1: biomolecular structure conversion software.
2026-02-05 12:47:28,815 INFO:main.py:248:print_splash_screen:Please cite:  Jurrus E, et al.  Improvements to the APBS biomolecular solvation software suite.  Protein Sci 27 112-128 (2018).
2026-02-05 12:47:28,815 INFO:main.py:248:print_splash_screen:Please cite:  Dolinsky TJ, et al.  PDB2PQR: expanding and upgrading automated preparation of biomolecular structures for molecular simulations. Nucleic Acids Res 35 W522-W525 (2007).
2026-02-05 12:47:28,815 INFO:main.py:770:main_driver:Checking and transforming input arguments.
2026-02-05 12:47:28,815 INFO:main.py:774:main_driver:Loading topology files.
2026-02-05 12:47:28,852 INFO:main.py:776:main_driver:Loading molecule: data/04_out/aligned_struct/O81928.aligned.pdb
2026-02-05 12:47:28,862 INFO:main.py:781:main_driver:Setting up molecule.
2026-02-05 12:47:28,875 INFO:main.py:423:setup_molecule:Created biomolecule object with 505 residues and 4084 atoms.
2026-02-05 12:47:28,876 INFO:main.py:785:main_driver:Setting termini states for biomolecule chains.
2026-02-05 12:47:28,884 INFO:main.py:616:non_trivial:Loading forcefield.
2026-02-05 12:47:28,897 INFO:main.py:620:non_trivial:Loading hydrogen topology definitions.
2026-02-05 12:47:28,900 INFO:main.py:474:is_repairable:This biomolecule is clean.  No repair needed.
2026-02-05 12:47:28,900 INFO:main.py:635:non_trivial:Updating disulfide bridges.
2026-02-05 12:47:28,900 INFO:main.py:638:non_trivial:Debumping biomolecule.
2026-02-05 12:47:28,982 INFO:main.py:661:non_trivial:Adding hydrogens to biomolecule.
2026-02-05 12:47:29,181 INFO:main.py:664:non_trivial:Debumping biomolecule (again).
2026-02-05 12:47:29,449 INFO:main.py:666:non_trivial:Optimizing hydrogen bonds
2026-02-05 12:47:29,449 INFO:__init__.py:375:initialize_wat_optimization:Initializing water bonding optimization...
2026-02-05 12:47:29,530 INFO:main.py:678:non_trivial:Applying force field to biomolecule states.
2026-02-05 12:47:29,533 INFO:main.py:725:non_trivial:Regenerating headers.
2026-02-05 12:47:29,533 INFO:main.py:750:non_trivial:Regenerating PDB lines.
2026-02-05 12:47:29,557 WARNING:main.py:326:print_pqr:Ignoring 390 header lines in output.
