2026-02-05 12:28:21,270 INFO:main.py:246:print_splash_screen:PDB2PQR v3.7.1: biomolecular structure conversion software.
2026-02-05 12:28:21,270 INFO:main.py:248:print_splash_screen:Please cite:  Jurrus E, et al.  Improvements to the APBS biomolecular solvation software suite.  Protein Sci 27 112-128 (2018).
2026-02-05 12:28:21,270 INFO:main.py:248:print_splash_screen:Please cite:  Dolinsky TJ, et al.  PDB2PQR: expanding and upgrading automated preparation of biomolecular structures for molecular simulations. Nucleic Acids Res 35 W522-W525 (2007).
2026-02-05 12:28:21,271 INFO:main.py:770:main_driver:Checking and transforming input arguments.
2026-02-05 12:28:21,271 INFO:main.py:774:main_driver:Loading topology files.
2026-02-05 12:28:21,320 INFO:main.py:776:main_driver:Loading molecule: data/04_out/aligned_struct/P0DO40.aligned.pdb
2026-02-05 12:28:21,337 INFO:main.py:781:main_driver:Setting up molecule.
2026-02-05 12:28:21,350 INFO:main.py:423:setup_molecule:Created biomolecule object with 496 residues and 3915 atoms.
2026-02-05 12:28:21,350 INFO:main.py:785:main_driver:Setting termini states for biomolecule chains.
2026-02-05 12:28:21,358 INFO:main.py:616:non_trivial:Loading forcefield.
2026-02-05 12:28:21,368 INFO:main.py:620:non_trivial:Loading hydrogen topology definitions.
2026-02-05 12:28:21,371 INFO:main.py:474:is_repairable:This biomolecule is clean.  No repair needed.
2026-02-05 12:28:21,371 INFO:main.py:635:non_trivial:Updating disulfide bridges.
2026-02-05 12:28:21,371 INFO:main.py:638:non_trivial:Debumping biomolecule.
2026-02-05 12:28:21,446 INFO:main.py:661:non_trivial:Adding hydrogens to biomolecule.
2026-02-05 12:28:21,690 INFO:main.py:664:non_trivial:Debumping biomolecule (again).
2026-02-05 12:28:22,080 INFO:main.py:666:non_trivial:Optimizing hydrogen bonds
2026-02-05 12:28:22,080 INFO:__init__.py:375:initialize_wat_optimization:Initializing water bonding optimization...
2026-02-05 12:28:22,177 INFO:main.py:678:non_trivial:Applying force field to biomolecule states.
2026-02-05 12:28:22,181 INFO:main.py:725:non_trivial:Regenerating headers.
2026-02-05 12:28:22,182 INFO:main.py:750:non_trivial:Regenerating PDB lines.
2026-02-05 12:28:22,210 WARNING:main.py:326:print_pqr:Ignoring 390 header lines in output.
2026-02-05 12:47:32,682 INFO:main.py:246:print_splash_screen:PDB2PQR v3.7.1: biomolecular structure conversion software.
2026-02-05 12:47:32,683 INFO:main.py:248:print_splash_screen:Please cite:  Jurrus E, et al.  Improvements to the APBS biomolecular solvation software suite.  Protein Sci 27 112-128 (2018).
2026-02-05 12:47:32,683 INFO:main.py:248:print_splash_screen:Please cite:  Dolinsky TJ, et al.  PDB2PQR: expanding and upgrading automated preparation of biomolecular structures for molecular simulations. Nucleic Acids Res 35 W522-W525 (2007).
2026-02-05 12:47:32,683 INFO:main.py:770:main_driver:Checking and transforming input arguments.
2026-02-05 12:47:32,683 INFO:main.py:774:main_driver:Loading topology files.
2026-02-05 12:47:32,723 INFO:main.py:776:main_driver:Loading molecule: data/04_out/aligned_struct/P0DO40.aligned.pdb
2026-02-05 12:47:32,732 INFO:main.py:781:main_driver:Setting up molecule.
2026-02-05 12:47:32,740 INFO:main.py:423:setup_molecule:Created biomolecule object with 496 residues and 3915 atoms.
2026-02-05 12:47:32,740 INFO:main.py:785:main_driver:Setting termini states for biomolecule chains.
2026-02-05 12:47:32,756 INFO:main.py:616:non_trivial:Loading forcefield.
2026-02-05 12:47:32,766 INFO:main.py:620:non_trivial:Loading hydrogen topology definitions.
2026-02-05 12:47:32,769 INFO:main.py:474:is_repairable:This biomolecule is clean.  No repair needed.
2026-02-05 12:47:32,769 INFO:main.py:635:non_trivial:Updating disulfide bridges.
2026-02-05 12:47:32,770 INFO:main.py:638:non_trivial:Debumping biomolecule.
2026-02-05 12:47:32,831 INFO:main.py:661:non_trivial:Adding hydrogens to biomolecule.
2026-02-05 12:47:33,017 INFO:main.py:664:non_trivial:Debumping biomolecule (again).
2026-02-05 12:47:33,273 INFO:main.py:666:non_trivial:Optimizing hydrogen bonds
2026-02-05 12:47:33,273 INFO:__init__.py:375:initialize_wat_optimization:Initializing water bonding optimization...
2026-02-05 12:47:33,348 INFO:main.py:678:non_trivial:Applying force field to biomolecule states.
2026-02-05 12:47:33,351 INFO:main.py:725:non_trivial:Regenerating headers.
2026-02-05 12:47:33,352 INFO:main.py:750:non_trivial:Regenerating PDB lines.
2026-02-05 12:47:33,374 WARNING:main.py:326:print_pqr:Ignoring 390 header lines in output.
