2026-02-05 12:28:22,492 INFO:main.py:246:print_splash_screen:PDB2PQR v3.7.1: biomolecular structure conversion software.
2026-02-05 12:28:22,492 INFO:main.py:248:print_splash_screen:Please cite:  Jurrus E, et al.  Improvements to the APBS biomolecular solvation software suite.  Protein Sci 27 112-128 (2018).
2026-02-05 12:28:22,492 INFO:main.py:248:print_splash_screen:Please cite:  Dolinsky TJ, et al.  PDB2PQR: expanding and upgrading automated preparation of biomolecular structures for molecular simulations. Nucleic Acids Res 35 W522-W525 (2007).
2026-02-05 12:28:22,492 INFO:main.py:770:main_driver:Checking and transforming input arguments.
2026-02-05 12:28:22,492 INFO:main.py:774:main_driver:Loading topology files.
2026-02-05 12:28:22,536 INFO:main.py:776:main_driver:Loading molecule: data/04_out/aligned_struct/P0DO41.aligned.pdb
2026-02-05 12:28:22,547 INFO:main.py:781:main_driver:Setting up molecule.
2026-02-05 12:28:22,558 INFO:main.py:423:setup_molecule:Created biomolecule object with 496 residues and 3941 atoms.
2026-02-05 12:28:22,559 INFO:main.py:785:main_driver:Setting termini states for biomolecule chains.
2026-02-05 12:28:22,567 INFO:main.py:616:non_trivial:Loading forcefield.
2026-02-05 12:28:22,586 INFO:main.py:620:non_trivial:Loading hydrogen topology definitions.
2026-02-05 12:28:22,591 INFO:main.py:474:is_repairable:This biomolecule is clean.  No repair needed.
2026-02-05 12:28:22,591 INFO:main.py:635:non_trivial:Updating disulfide bridges.
2026-02-05 12:28:22,592 INFO:main.py:638:non_trivial:Debumping biomolecule.
2026-02-05 12:28:22,671 INFO:main.py:661:non_trivial:Adding hydrogens to biomolecule.
2026-02-05 12:28:22,914 INFO:main.py:664:non_trivial:Debumping biomolecule (again).
2026-02-05 12:28:23,249 INFO:main.py:666:non_trivial:Optimizing hydrogen bonds
2026-02-05 12:28:23,249 INFO:__init__.py:375:initialize_wat_optimization:Initializing water bonding optimization...
2026-02-05 12:28:23,346 INFO:main.py:678:non_trivial:Applying force field to biomolecule states.
2026-02-05 12:28:23,352 INFO:main.py:725:non_trivial:Regenerating headers.
2026-02-05 12:28:23,355 INFO:main.py:750:non_trivial:Regenerating PDB lines.
2026-02-05 12:28:23,384 WARNING:main.py:326:print_pqr:Ignoring 390 header lines in output.
2026-02-05 12:47:33,623 INFO:main.py:246:print_splash_screen:PDB2PQR v3.7.1: biomolecular structure conversion software.
2026-02-05 12:47:33,623 INFO:main.py:248:print_splash_screen:Please cite:  Jurrus E, et al.  Improvements to the APBS biomolecular solvation software suite.  Protein Sci 27 112-128 (2018).
2026-02-05 12:47:33,623 INFO:main.py:248:print_splash_screen:Please cite:  Dolinsky TJ, et al.  PDB2PQR: expanding and upgrading automated preparation of biomolecular structures for molecular simulations. Nucleic Acids Res 35 W522-W525 (2007).
2026-02-05 12:47:33,623 INFO:main.py:770:main_driver:Checking and transforming input arguments.
2026-02-05 12:47:33,623 INFO:main.py:774:main_driver:Loading topology files.
2026-02-05 12:47:33,651 INFO:main.py:776:main_driver:Loading molecule: data/04_out/aligned_struct/P0DO41.aligned.pdb
2026-02-05 12:47:33,662 INFO:main.py:781:main_driver:Setting up molecule.
2026-02-05 12:47:33,673 INFO:main.py:423:setup_molecule:Created biomolecule object with 496 residues and 3941 atoms.
2026-02-05 12:47:33,674 INFO:main.py:785:main_driver:Setting termini states for biomolecule chains.
2026-02-05 12:47:33,679 INFO:main.py:616:non_trivial:Loading forcefield.
2026-02-05 12:47:33,684 INFO:main.py:620:non_trivial:Loading hydrogen topology definitions.
2026-02-05 12:47:33,686 INFO:main.py:474:is_repairable:This biomolecule is clean.  No repair needed.
2026-02-05 12:47:33,686 INFO:main.py:635:non_trivial:Updating disulfide bridges.
2026-02-05 12:47:33,687 INFO:main.py:638:non_trivial:Debumping biomolecule.
2026-02-05 12:47:33,765 INFO:main.py:661:non_trivial:Adding hydrogens to biomolecule.
2026-02-05 12:47:33,953 INFO:main.py:664:non_trivial:Debumping biomolecule (again).
2026-02-05 12:47:34,210 INFO:main.py:666:non_trivial:Optimizing hydrogen bonds
2026-02-05 12:47:34,210 INFO:__init__.py:375:initialize_wat_optimization:Initializing water bonding optimization...
2026-02-05 12:47:34,286 INFO:main.py:678:non_trivial:Applying force field to biomolecule states.
2026-02-05 12:47:34,289 INFO:main.py:725:non_trivial:Regenerating headers.
2026-02-05 12:47:34,290 INFO:main.py:750:non_trivial:Regenerating PDB lines.
2026-02-05 12:47:34,313 WARNING:main.py:326:print_pqr:Ignoring 390 header lines in output.
