2026-02-05 12:28:24,873 INFO:main.py:246:print_splash_screen:PDB2PQR v3.7.1: biomolecular structure conversion software.
2026-02-05 12:28:24,873 INFO:main.py:248:print_splash_screen:Please cite:  Jurrus E, et al.  Improvements to the APBS biomolecular solvation software suite.  Protein Sci 27 112-128 (2018).
2026-02-05 12:28:24,873 INFO:main.py:248:print_splash_screen:Please cite:  Dolinsky TJ, et al.  PDB2PQR: expanding and upgrading automated preparation of biomolecular structures for molecular simulations. Nucleic Acids Res 35 W522-W525 (2007).
2026-02-05 12:28:24,873 INFO:main.py:770:main_driver:Checking and transforming input arguments.
2026-02-05 12:28:24,873 INFO:main.py:774:main_driver:Loading topology files.
2026-02-05 12:28:24,909 INFO:main.py:776:main_driver:Loading molecule: data/04_out/aligned_struct/P37114.aligned.pdb
2026-02-05 12:28:24,921 INFO:main.py:781:main_driver:Setting up molecule.
2026-02-05 12:28:24,932 INFO:main.py:423:setup_molecule:Created biomolecule object with 506 residues and 4113 atoms.
2026-02-05 12:28:24,932 INFO:main.py:785:main_driver:Setting termini states for biomolecule chains.
2026-02-05 12:28:24,940 INFO:main.py:616:non_trivial:Loading forcefield.
2026-02-05 12:28:24,946 INFO:main.py:620:non_trivial:Loading hydrogen topology definitions.
2026-02-05 12:28:24,949 INFO:main.py:474:is_repairable:This biomolecule is clean.  No repair needed.
2026-02-05 12:28:24,949 INFO:main.py:635:non_trivial:Updating disulfide bridges.
2026-02-05 12:28:24,950 INFO:main.py:638:non_trivial:Debumping biomolecule.
2026-02-05 12:28:25,029 INFO:main.py:661:non_trivial:Adding hydrogens to biomolecule.
2026-02-05 12:28:25,283 INFO:main.py:664:non_trivial:Debumping biomolecule (again).
2026-02-05 12:28:25,639 INFO:main.py:666:non_trivial:Optimizing hydrogen bonds
2026-02-05 12:28:25,639 INFO:__init__.py:375:initialize_wat_optimization:Initializing water bonding optimization...
2026-02-05 12:28:25,742 INFO:main.py:678:non_trivial:Applying force field to biomolecule states.
2026-02-05 12:28:25,746 INFO:main.py:725:non_trivial:Regenerating headers.
2026-02-05 12:28:25,747 INFO:main.py:750:non_trivial:Regenerating PDB lines.
2026-02-05 12:28:25,777 WARNING:main.py:326:print_pqr:Ignoring 390 header lines in output.
2026-02-05 12:47:35,507 INFO:main.py:246:print_splash_screen:PDB2PQR v3.7.1: biomolecular structure conversion software.
2026-02-05 12:47:35,508 INFO:main.py:248:print_splash_screen:Please cite:  Jurrus E, et al.  Improvements to the APBS biomolecular solvation software suite.  Protein Sci 27 112-128 (2018).
2026-02-05 12:47:35,508 INFO:main.py:248:print_splash_screen:Please cite:  Dolinsky TJ, et al.  PDB2PQR: expanding and upgrading automated preparation of biomolecular structures for molecular simulations. Nucleic Acids Res 35 W522-W525 (2007).
2026-02-05 12:47:35,509 INFO:main.py:770:main_driver:Checking and transforming input arguments.
2026-02-05 12:47:35,509 INFO:main.py:774:main_driver:Loading topology files.
2026-02-05 12:47:35,543 INFO:main.py:776:main_driver:Loading molecule: data/04_out/aligned_struct/P37114.aligned.pdb
2026-02-05 12:47:35,561 INFO:main.py:781:main_driver:Setting up molecule.
2026-02-05 12:47:35,576 INFO:main.py:423:setup_molecule:Created biomolecule object with 506 residues and 4113 atoms.
2026-02-05 12:47:35,576 INFO:main.py:785:main_driver:Setting termini states for biomolecule chains.
2026-02-05 12:47:35,587 INFO:main.py:616:non_trivial:Loading forcefield.
2026-02-05 12:47:35,593 INFO:main.py:620:non_trivial:Loading hydrogen topology definitions.
2026-02-05 12:47:35,599 INFO:main.py:474:is_repairable:This biomolecule is clean.  No repair needed.
2026-02-05 12:47:35,599 INFO:main.py:635:non_trivial:Updating disulfide bridges.
2026-02-05 12:47:35,599 INFO:main.py:638:non_trivial:Debumping biomolecule.
2026-02-05 12:47:35,716 INFO:main.py:661:non_trivial:Adding hydrogens to biomolecule.
2026-02-05 12:47:35,919 INFO:main.py:664:non_trivial:Debumping biomolecule (again).
2026-02-05 12:47:36,194 INFO:main.py:666:non_trivial:Optimizing hydrogen bonds
2026-02-05 12:47:36,194 INFO:__init__.py:375:initialize_wat_optimization:Initializing water bonding optimization...
2026-02-05 12:47:36,277 INFO:main.py:678:non_trivial:Applying force field to biomolecule states.
2026-02-05 12:47:36,280 INFO:main.py:725:non_trivial:Regenerating headers.
2026-02-05 12:47:36,281 INFO:main.py:750:non_trivial:Regenerating PDB lines.
2026-02-05 12:47:36,304 WARNING:main.py:326:print_pqr:Ignoring 390 header lines in output.
