2026-02-05 12:28:26,054 INFO:main.py:246:print_splash_screen:PDB2PQR v3.7.1: biomolecular structure conversion software.
2026-02-05 12:28:26,054 INFO:main.py:248:print_splash_screen:Please cite:  Jurrus E, et al.  Improvements to the APBS biomolecular solvation software suite.  Protein Sci 27 112-128 (2018).
2026-02-05 12:28:26,054 INFO:main.py:248:print_splash_screen:Please cite:  Dolinsky TJ, et al.  PDB2PQR: expanding and upgrading automated preparation of biomolecular structures for molecular simulations. Nucleic Acids Res 35 W522-W525 (2007).
2026-02-05 12:28:26,054 INFO:main.py:770:main_driver:Checking and transforming input arguments.
2026-02-05 12:28:26,054 INFO:main.py:774:main_driver:Loading topology files.
2026-02-05 12:28:26,109 INFO:main.py:776:main_driver:Loading molecule: data/04_out/aligned_struct/P37117.aligned.pdb
2026-02-05 12:28:26,125 INFO:main.py:781:main_driver:Setting up molecule.
2026-02-05 12:28:26,145 INFO:main.py:423:setup_molecule:Created biomolecule object with 507 residues and 4062 atoms.
2026-02-05 12:28:26,145 INFO:main.py:785:main_driver:Setting termini states for biomolecule chains.
2026-02-05 12:28:26,153 INFO:main.py:616:non_trivial:Loading forcefield.
2026-02-05 12:28:26,159 INFO:main.py:620:non_trivial:Loading hydrogen topology definitions.
2026-02-05 12:28:26,162 INFO:main.py:474:is_repairable:This biomolecule is clean.  No repair needed.
2026-02-05 12:28:26,162 INFO:main.py:635:non_trivial:Updating disulfide bridges.
2026-02-05 12:28:26,163 INFO:main.py:638:non_trivial:Debumping biomolecule.
2026-02-05 12:28:26,242 INFO:main.py:661:non_trivial:Adding hydrogens to biomolecule.
2026-02-05 12:28:26,493 INFO:main.py:664:non_trivial:Debumping biomolecule (again).
2026-02-05 12:28:26,835 INFO:main.py:666:non_trivial:Optimizing hydrogen bonds
2026-02-05 12:28:26,835 INFO:__init__.py:375:initialize_wat_optimization:Initializing water bonding optimization...
2026-02-05 12:28:26,937 INFO:main.py:678:non_trivial:Applying force field to biomolecule states.
2026-02-05 12:28:26,941 INFO:main.py:725:non_trivial:Regenerating headers.
2026-02-05 12:28:26,942 INFO:main.py:750:non_trivial:Regenerating PDB lines.
2026-02-05 12:28:26,972 WARNING:main.py:326:print_pqr:Ignoring 391 header lines in output.
2026-02-05 12:47:36,537 INFO:main.py:246:print_splash_screen:PDB2PQR v3.7.1: biomolecular structure conversion software.
2026-02-05 12:47:36,538 INFO:main.py:248:print_splash_screen:Please cite:  Jurrus E, et al.  Improvements to the APBS biomolecular solvation software suite.  Protein Sci 27 112-128 (2018).
2026-02-05 12:47:36,538 INFO:main.py:248:print_splash_screen:Please cite:  Dolinsky TJ, et al.  PDB2PQR: expanding and upgrading automated preparation of biomolecular structures for molecular simulations. Nucleic Acids Res 35 W522-W525 (2007).
2026-02-05 12:47:36,538 INFO:main.py:770:main_driver:Checking and transforming input arguments.
2026-02-05 12:47:36,538 INFO:main.py:774:main_driver:Loading topology files.
2026-02-05 12:47:36,590 INFO:main.py:776:main_driver:Loading molecule: data/04_out/aligned_struct/P37117.aligned.pdb
2026-02-05 12:47:36,602 INFO:main.py:781:main_driver:Setting up molecule.
2026-02-05 12:47:36,610 INFO:main.py:423:setup_molecule:Created biomolecule object with 507 residues and 4062 atoms.
2026-02-05 12:47:36,610 INFO:main.py:785:main_driver:Setting termini states for biomolecule chains.
2026-02-05 12:47:36,616 INFO:main.py:616:non_trivial:Loading forcefield.
2026-02-05 12:47:36,624 INFO:main.py:620:non_trivial:Loading hydrogen topology definitions.
2026-02-05 12:47:36,629 INFO:main.py:474:is_repairable:This biomolecule is clean.  No repair needed.
2026-02-05 12:47:36,629 INFO:main.py:635:non_trivial:Updating disulfide bridges.
2026-02-05 12:47:36,630 INFO:main.py:638:non_trivial:Debumping biomolecule.
2026-02-05 12:47:36,696 INFO:main.py:661:non_trivial:Adding hydrogens to biomolecule.
2026-02-05 12:47:36,892 INFO:main.py:664:non_trivial:Debumping biomolecule (again).
2026-02-05 12:47:37,159 INFO:main.py:666:non_trivial:Optimizing hydrogen bonds
2026-02-05 12:47:37,159 INFO:__init__.py:375:initialize_wat_optimization:Initializing water bonding optimization...
2026-02-05 12:47:37,239 INFO:main.py:678:non_trivial:Applying force field to biomolecule states.
2026-02-05 12:47:37,242 INFO:main.py:725:non_trivial:Regenerating headers.
2026-02-05 12:47:37,242 INFO:main.py:750:non_trivial:Regenerating PDB lines.
2026-02-05 12:47:37,267 WARNING:main.py:326:print_pqr:Ignoring 391 header lines in output.
