2026-02-05 12:28:27,264 INFO:main.py:246:print_splash_screen:PDB2PQR v3.7.1: biomolecular structure conversion software.
2026-02-05 12:28:27,264 INFO:main.py:248:print_splash_screen:Please cite:  Jurrus E, et al.  Improvements to the APBS biomolecular solvation software suite.  Protein Sci 27 112-128 (2018).
2026-02-05 12:28:27,265 INFO:main.py:248:print_splash_screen:Please cite:  Dolinsky TJ, et al.  PDB2PQR: expanding and upgrading automated preparation of biomolecular structures for molecular simulations. Nucleic Acids Res 35 W522-W525 (2007).
2026-02-05 12:28:27,265 INFO:main.py:770:main_driver:Checking and transforming input arguments.
2026-02-05 12:28:27,265 INFO:main.py:774:main_driver:Loading topology files.
2026-02-05 12:28:27,325 INFO:main.py:776:main_driver:Loading molecule: data/04_out/aligned_struct/P37118.aligned.pdb
2026-02-05 12:28:27,339 INFO:main.py:781:main_driver:Setting up molecule.
2026-02-05 12:28:27,352 INFO:main.py:423:setup_molecule:Created biomolecule object with 505 residues and 4023 atoms.
2026-02-05 12:28:27,352 INFO:main.py:785:main_driver:Setting termini states for biomolecule chains.
2026-02-05 12:28:27,360 INFO:main.py:616:non_trivial:Loading forcefield.
2026-02-05 12:28:27,366 INFO:main.py:620:non_trivial:Loading hydrogen topology definitions.
2026-02-05 12:28:27,369 INFO:main.py:474:is_repairable:This biomolecule is clean.  No repair needed.
2026-02-05 12:28:27,369 INFO:main.py:635:non_trivial:Updating disulfide bridges.
2026-02-05 12:28:27,369 INFO:main.py:638:non_trivial:Debumping biomolecule.
2026-02-05 12:28:27,448 INFO:main.py:661:non_trivial:Adding hydrogens to biomolecule.
2026-02-05 12:28:27,698 INFO:main.py:664:non_trivial:Debumping biomolecule (again).
2026-02-05 12:28:28,039 INFO:main.py:666:non_trivial:Optimizing hydrogen bonds
2026-02-05 12:28:28,039 INFO:__init__.py:375:initialize_wat_optimization:Initializing water bonding optimization...
2026-02-05 12:28:28,140 INFO:main.py:678:non_trivial:Applying force field to biomolecule states.
2026-02-05 12:28:28,144 INFO:main.py:725:non_trivial:Regenerating headers.
2026-02-05 12:28:28,145 INFO:main.py:750:non_trivial:Regenerating PDB lines.
2026-02-05 12:28:28,173 WARNING:main.py:326:print_pqr:Ignoring 391 header lines in output.
2026-02-05 12:47:37,485 INFO:main.py:246:print_splash_screen:PDB2PQR v3.7.1: biomolecular structure conversion software.
2026-02-05 12:47:37,486 INFO:main.py:248:print_splash_screen:Please cite:  Jurrus E, et al.  Improvements to the APBS biomolecular solvation software suite.  Protein Sci 27 112-128 (2018).
2026-02-05 12:47:37,486 INFO:main.py:248:print_splash_screen:Please cite:  Dolinsky TJ, et al.  PDB2PQR: expanding and upgrading automated preparation of biomolecular structures for molecular simulations. Nucleic Acids Res 35 W522-W525 (2007).
2026-02-05 12:47:37,486 INFO:main.py:770:main_driver:Checking and transforming input arguments.
2026-02-05 12:47:37,487 INFO:main.py:774:main_driver:Loading topology files.
2026-02-05 12:47:37,515 INFO:main.py:776:main_driver:Loading molecule: data/04_out/aligned_struct/P37118.aligned.pdb
2026-02-05 12:47:37,528 INFO:main.py:781:main_driver:Setting up molecule.
2026-02-05 12:47:37,540 INFO:main.py:423:setup_molecule:Created biomolecule object with 505 residues and 4023 atoms.
2026-02-05 12:47:37,540 INFO:main.py:785:main_driver:Setting termini states for biomolecule chains.
2026-02-05 12:47:37,554 INFO:main.py:616:non_trivial:Loading forcefield.
2026-02-05 12:47:37,561 INFO:main.py:620:non_trivial:Loading hydrogen topology definitions.
2026-02-05 12:47:37,564 INFO:main.py:474:is_repairable:This biomolecule is clean.  No repair needed.
2026-02-05 12:47:37,564 INFO:main.py:635:non_trivial:Updating disulfide bridges.
2026-02-05 12:47:37,564 INFO:main.py:638:non_trivial:Debumping biomolecule.
2026-02-05 12:47:37,628 INFO:main.py:661:non_trivial:Adding hydrogens to biomolecule.
2026-02-05 12:47:37,822 INFO:main.py:664:non_trivial:Debumping biomolecule (again).
2026-02-05 12:47:38,081 INFO:main.py:666:non_trivial:Optimizing hydrogen bonds
2026-02-05 12:47:38,082 INFO:__init__.py:375:initialize_wat_optimization:Initializing water bonding optimization...
2026-02-05 12:47:38,161 INFO:main.py:678:non_trivial:Applying force field to biomolecule states.
2026-02-05 12:47:38,164 INFO:main.py:725:non_trivial:Regenerating headers.
2026-02-05 12:47:38,165 INFO:main.py:750:non_trivial:Regenerating PDB lines.
2026-02-05 12:47:38,189 WARNING:main.py:326:print_pqr:Ignoring 391 header lines in output.
