2026-02-05 12:28:34,570 INFO:main.py:246:print_splash_screen:PDB2PQR v3.7.1: biomolecular structure conversion software.
2026-02-05 12:28:34,570 INFO:main.py:248:print_splash_screen:Please cite:  Jurrus E, et al.  Improvements to the APBS biomolecular solvation software suite.  Protein Sci 27 112-128 (2018).
2026-02-05 12:28:34,570 INFO:main.py:248:print_splash_screen:Please cite:  Dolinsky TJ, et al.  PDB2PQR: expanding and upgrading automated preparation of biomolecular structures for molecular simulations. Nucleic Acids Res 35 W522-W525 (2007).
2026-02-05 12:28:34,570 INFO:main.py:770:main_driver:Checking and transforming input arguments.
2026-02-05 12:28:34,570 INFO:main.py:774:main_driver:Loading topology files.
2026-02-05 12:28:34,604 INFO:main.py:776:main_driver:Loading molecule: data/04_out/aligned_struct/P58048.aligned.pdb
2026-02-05 12:28:34,617 INFO:main.py:781:main_driver:Setting up molecule.
2026-02-05 12:28:34,635 INFO:main.py:423:setup_molecule:Created biomolecule object with 506 residues and 4084 atoms.
2026-02-05 12:28:34,635 INFO:main.py:785:main_driver:Setting termini states for biomolecule chains.
2026-02-05 12:28:34,647 INFO:main.py:616:non_trivial:Loading forcefield.
2026-02-05 12:28:34,653 INFO:main.py:620:non_trivial:Loading hydrogen topology definitions.
2026-02-05 12:28:34,657 INFO:main.py:474:is_repairable:This biomolecule is clean.  No repair needed.
2026-02-05 12:28:34,657 INFO:main.py:635:non_trivial:Updating disulfide bridges.
2026-02-05 12:28:34,657 INFO:main.py:638:non_trivial:Debumping biomolecule.
2026-02-05 12:28:34,736 INFO:main.py:661:non_trivial:Adding hydrogens to biomolecule.
2026-02-05 12:28:34,991 INFO:main.py:664:non_trivial:Debumping biomolecule (again).
2026-02-05 12:28:35,339 INFO:main.py:666:non_trivial:Optimizing hydrogen bonds
2026-02-05 12:28:35,339 INFO:__init__.py:375:initialize_wat_optimization:Initializing water bonding optimization...
2026-02-05 12:28:35,443 INFO:main.py:678:non_trivial:Applying force field to biomolecule states.
2026-02-05 12:28:35,447 INFO:main.py:725:non_trivial:Regenerating headers.
2026-02-05 12:28:35,448 INFO:main.py:750:non_trivial:Regenerating PDB lines.
2026-02-05 12:28:35,478 WARNING:main.py:326:print_pqr:Ignoring 390 header lines in output.
2026-02-05 12:47:43,250 INFO:main.py:246:print_splash_screen:PDB2PQR v3.7.1: biomolecular structure conversion software.
2026-02-05 12:47:43,252 INFO:main.py:248:print_splash_screen:Please cite:  Jurrus E, et al.  Improvements to the APBS biomolecular solvation software suite.  Protein Sci 27 112-128 (2018).
2026-02-05 12:47:43,252 INFO:main.py:248:print_splash_screen:Please cite:  Dolinsky TJ, et al.  PDB2PQR: expanding and upgrading automated preparation of biomolecular structures for molecular simulations. Nucleic Acids Res 35 W522-W525 (2007).
2026-02-05 12:47:43,252 INFO:main.py:770:main_driver:Checking and transforming input arguments.
2026-02-05 12:47:43,252 INFO:main.py:774:main_driver:Loading topology files.
2026-02-05 12:47:43,285 INFO:main.py:776:main_driver:Loading molecule: data/04_out/aligned_struct/P58048.aligned.pdb
2026-02-05 12:47:43,300 INFO:main.py:781:main_driver:Setting up molecule.
2026-02-05 12:47:43,310 INFO:main.py:423:setup_molecule:Created biomolecule object with 506 residues and 4084 atoms.
2026-02-05 12:47:43,311 INFO:main.py:785:main_driver:Setting termini states for biomolecule chains.
2026-02-05 12:47:43,320 INFO:main.py:616:non_trivial:Loading forcefield.
2026-02-05 12:47:43,325 INFO:main.py:620:non_trivial:Loading hydrogen topology definitions.
2026-02-05 12:47:43,327 INFO:main.py:474:is_repairable:This biomolecule is clean.  No repair needed.
2026-02-05 12:47:43,327 INFO:main.py:635:non_trivial:Updating disulfide bridges.
2026-02-05 12:47:43,328 INFO:main.py:638:non_trivial:Debumping biomolecule.
2026-02-05 12:47:43,405 INFO:main.py:661:non_trivial:Adding hydrogens to biomolecule.
2026-02-05 12:47:43,603 INFO:main.py:664:non_trivial:Debumping biomolecule (again).
2026-02-05 12:47:43,873 INFO:main.py:666:non_trivial:Optimizing hydrogen bonds
2026-02-05 12:47:43,873 INFO:__init__.py:375:initialize_wat_optimization:Initializing water bonding optimization...
2026-02-05 12:47:43,953 INFO:main.py:678:non_trivial:Applying force field to biomolecule states.
2026-02-05 12:47:43,956 INFO:main.py:725:non_trivial:Regenerating headers.
2026-02-05 12:47:43,957 INFO:main.py:750:non_trivial:Regenerating PDB lines.
2026-02-05 12:47:43,980 WARNING:main.py:326:print_pqr:Ignoring 390 header lines in output.
