2026-02-05 12:28:39,388 INFO:main.py:246:print_splash_screen:PDB2PQR v3.7.1: biomolecular structure conversion software.
2026-02-05 12:28:39,388 INFO:main.py:248:print_splash_screen:Please cite:  Jurrus E, et al.  Improvements to the APBS biomolecular solvation software suite.  Protein Sci 27 112-128 (2018).
2026-02-05 12:28:39,388 INFO:main.py:248:print_splash_screen:Please cite:  Dolinsky TJ, et al.  PDB2PQR: expanding and upgrading automated preparation of biomolecular structures for molecular simulations. Nucleic Acids Res 35 W522-W525 (2007).
2026-02-05 12:28:39,388 INFO:main.py:770:main_driver:Checking and transforming input arguments.
2026-02-05 12:28:39,388 INFO:main.py:774:main_driver:Loading topology files.
2026-02-05 12:28:39,432 INFO:main.py:776:main_driver:Loading molecule: data/04_out/aligned_struct/P92994.aligned.pdb
2026-02-05 12:28:39,447 INFO:main.py:781:main_driver:Setting up molecule.
2026-02-05 12:28:39,458 INFO:main.py:423:setup_molecule:Created biomolecule object with 505 residues and 4076 atoms.
2026-02-05 12:28:39,459 INFO:main.py:785:main_driver:Setting termini states for biomolecule chains.
2026-02-05 12:28:39,465 INFO:main.py:616:non_trivial:Loading forcefield.
2026-02-05 12:28:39,475 INFO:main.py:620:non_trivial:Loading hydrogen topology definitions.
2026-02-05 12:28:39,479 INFO:main.py:474:is_repairable:This biomolecule is clean.  No repair needed.
2026-02-05 12:28:39,479 INFO:main.py:635:non_trivial:Updating disulfide bridges.
2026-02-05 12:28:39,479 INFO:main.py:638:non_trivial:Debumping biomolecule.
2026-02-05 12:28:39,561 INFO:main.py:661:non_trivial:Adding hydrogens to biomolecule.
2026-02-05 12:28:39,814 INFO:main.py:664:non_trivial:Debumping biomolecule (again).
2026-02-05 12:28:40,210 INFO:main.py:666:non_trivial:Optimizing hydrogen bonds
2026-02-05 12:28:40,211 INFO:__init__.py:375:initialize_wat_optimization:Initializing water bonding optimization...
2026-02-05 12:28:40,314 INFO:main.py:678:non_trivial:Applying force field to biomolecule states.
2026-02-05 12:28:40,318 INFO:main.py:725:non_trivial:Regenerating headers.
2026-02-05 12:28:40,319 INFO:main.py:750:non_trivial:Regenerating PDB lines.
2026-02-05 12:28:40,348 WARNING:main.py:326:print_pqr:Ignoring 390 header lines in output.
2026-02-05 12:47:47,081 INFO:main.py:246:print_splash_screen:PDB2PQR v3.7.1: biomolecular structure conversion software.
2026-02-05 12:47:47,083 INFO:main.py:248:print_splash_screen:Please cite:  Jurrus E, et al.  Improvements to the APBS biomolecular solvation software suite.  Protein Sci 27 112-128 (2018).
2026-02-05 12:47:47,083 INFO:main.py:248:print_splash_screen:Please cite:  Dolinsky TJ, et al.  PDB2PQR: expanding and upgrading automated preparation of biomolecular structures for molecular simulations. Nucleic Acids Res 35 W522-W525 (2007).
2026-02-05 12:47:47,083 INFO:main.py:770:main_driver:Checking and transforming input arguments.
2026-02-05 12:47:47,083 INFO:main.py:774:main_driver:Loading topology files.
2026-02-05 12:47:47,114 INFO:main.py:776:main_driver:Loading molecule: data/04_out/aligned_struct/P92994.aligned.pdb
2026-02-05 12:47:47,125 INFO:main.py:781:main_driver:Setting up molecule.
2026-02-05 12:47:47,133 INFO:main.py:423:setup_molecule:Created biomolecule object with 505 residues and 4076 atoms.
2026-02-05 12:47:47,135 INFO:main.py:785:main_driver:Setting termini states for biomolecule chains.
2026-02-05 12:47:47,141 INFO:main.py:616:non_trivial:Loading forcefield.
2026-02-05 12:47:47,148 INFO:main.py:620:non_trivial:Loading hydrogen topology definitions.
2026-02-05 12:47:47,150 INFO:main.py:474:is_repairable:This biomolecule is clean.  No repair needed.
2026-02-05 12:47:47,151 INFO:main.py:635:non_trivial:Updating disulfide bridges.
2026-02-05 12:47:47,151 INFO:main.py:638:non_trivial:Debumping biomolecule.
2026-02-05 12:47:47,228 INFO:main.py:661:non_trivial:Adding hydrogens to biomolecule.
2026-02-05 12:47:47,425 INFO:main.py:664:non_trivial:Debumping biomolecule (again).
2026-02-05 12:47:47,695 INFO:main.py:666:non_trivial:Optimizing hydrogen bonds
2026-02-05 12:47:47,695 INFO:__init__.py:375:initialize_wat_optimization:Initializing water bonding optimization...
2026-02-05 12:47:47,774 INFO:main.py:678:non_trivial:Applying force field to biomolecule states.
2026-02-05 12:47:47,778 INFO:main.py:725:non_trivial:Regenerating headers.
2026-02-05 12:47:47,778 INFO:main.py:750:non_trivial:Regenerating PDB lines.
2026-02-05 12:47:47,802 WARNING:main.py:326:print_pqr:Ignoring 390 header lines in output.
