2026-02-05 12:28:41,853 INFO:main.py:246:print_splash_screen:PDB2PQR v3.7.1: biomolecular structure conversion software.
2026-02-05 12:28:41,853 INFO:main.py:248:print_splash_screen:Please cite:  Jurrus E, et al.  Improvements to the APBS biomolecular solvation software suite.  Protein Sci 27 112-128 (2018).
2026-02-05 12:28:41,853 INFO:main.py:248:print_splash_screen:Please cite:  Dolinsky TJ, et al.  PDB2PQR: expanding and upgrading automated preparation of biomolecular structures for molecular simulations. Nucleic Acids Res 35 W522-W525 (2007).
2026-02-05 12:28:41,853 INFO:main.py:770:main_driver:Checking and transforming input arguments.
2026-02-05 12:28:41,853 INFO:main.py:774:main_driver:Loading topology files.
2026-02-05 12:28:41,908 INFO:main.py:776:main_driver:Loading molecule: data/04_out/aligned_struct/P93703.aligned.pdb
2026-02-05 12:28:41,929 INFO:main.py:781:main_driver:Setting up molecule.
2026-02-05 12:28:41,947 INFO:main.py:423:setup_molecule:Created biomolecule object with 535 residues and 4269 atoms.
2026-02-05 12:28:41,947 INFO:main.py:785:main_driver:Setting termini states for biomolecule chains.
2026-02-05 12:28:41,955 INFO:main.py:616:non_trivial:Loading forcefield.
2026-02-05 12:28:41,961 INFO:main.py:620:non_trivial:Loading hydrogen topology definitions.
2026-02-05 12:28:41,965 INFO:main.py:474:is_repairable:This biomolecule is clean.  No repair needed.
2026-02-05 12:28:41,965 INFO:main.py:635:non_trivial:Updating disulfide bridges.
2026-02-05 12:28:41,965 INFO:main.py:638:non_trivial:Debumping biomolecule.
2026-02-05 12:28:42,045 INFO:main.py:661:non_trivial:Adding hydrogens to biomolecule.
2026-02-05 12:28:42,304 INFO:main.py:664:non_trivial:Debumping biomolecule (again).
2026-02-05 12:28:42,660 INFO:main.py:666:non_trivial:Optimizing hydrogen bonds
2026-02-05 12:28:42,661 INFO:__init__.py:375:initialize_wat_optimization:Initializing water bonding optimization...
2026-02-05 12:28:42,768 INFO:main.py:678:non_trivial:Applying force field to biomolecule states.
2026-02-05 12:28:42,772 INFO:main.py:725:non_trivial:Regenerating headers.
2026-02-05 12:28:42,773 INFO:main.py:750:non_trivial:Regenerating PDB lines.
2026-02-05 12:28:42,804 WARNING:main.py:326:print_pqr:Ignoring 391 header lines in output.
2026-02-05 12:47:49,040 INFO:main.py:246:print_splash_screen:PDB2PQR v3.7.1: biomolecular structure conversion software.
2026-02-05 12:47:49,041 INFO:main.py:248:print_splash_screen:Please cite:  Jurrus E, et al.  Improvements to the APBS biomolecular solvation software suite.  Protein Sci 27 112-128 (2018).
2026-02-05 12:47:49,042 INFO:main.py:248:print_splash_screen:Please cite:  Dolinsky TJ, et al.  PDB2PQR: expanding and upgrading automated preparation of biomolecular structures for molecular simulations. Nucleic Acids Res 35 W522-W525 (2007).
2026-02-05 12:47:49,042 INFO:main.py:770:main_driver:Checking and transforming input arguments.
2026-02-05 12:47:49,042 INFO:main.py:774:main_driver:Loading topology files.
2026-02-05 12:47:49,094 INFO:main.py:776:main_driver:Loading molecule: data/04_out/aligned_struct/P93703.aligned.pdb
2026-02-05 12:47:49,113 INFO:main.py:781:main_driver:Setting up molecule.
2026-02-05 12:47:49,123 INFO:main.py:423:setup_molecule:Created biomolecule object with 535 residues and 4269 atoms.
2026-02-05 12:47:49,128 INFO:main.py:785:main_driver:Setting termini states for biomolecule chains.
2026-02-05 12:47:49,141 INFO:main.py:616:non_trivial:Loading forcefield.
2026-02-05 12:47:49,147 INFO:main.py:620:non_trivial:Loading hydrogen topology definitions.
2026-02-05 12:47:49,150 INFO:main.py:474:is_repairable:This biomolecule is clean.  No repair needed.
2026-02-05 12:47:49,150 INFO:main.py:635:non_trivial:Updating disulfide bridges.
2026-02-05 12:47:49,150 INFO:main.py:638:non_trivial:Debumping biomolecule.
2026-02-05 12:47:49,214 INFO:main.py:661:non_trivial:Adding hydrogens to biomolecule.
2026-02-05 12:47:49,414 INFO:main.py:664:non_trivial:Debumping biomolecule (again).
2026-02-05 12:47:49,739 INFO:main.py:666:non_trivial:Optimizing hydrogen bonds
2026-02-05 12:47:49,739 INFO:__init__.py:375:initialize_wat_optimization:Initializing water bonding optimization...
2026-02-05 12:47:49,821 INFO:main.py:678:non_trivial:Applying force field to biomolecule states.
2026-02-05 12:47:49,824 INFO:main.py:725:non_trivial:Regenerating headers.
2026-02-05 12:47:49,825 INFO:main.py:750:non_trivial:Regenerating PDB lines.
2026-02-05 12:47:49,849 WARNING:main.py:326:print_pqr:Ignoring 391 header lines in output.
