2026-02-05 12:28:46,598 INFO:main.py:246:print_splash_screen:PDB2PQR v3.7.1: biomolecular structure conversion software.
2026-02-05 12:28:46,598 INFO:main.py:248:print_splash_screen:Please cite:  Jurrus E, et al.  Improvements to the APBS biomolecular solvation software suite.  Protein Sci 27 112-128 (2018).
2026-02-05 12:28:46,598 INFO:main.py:248:print_splash_screen:Please cite:  Dolinsky TJ, et al.  PDB2PQR: expanding and upgrading automated preparation of biomolecular structures for molecular simulations. Nucleic Acids Res 35 W522-W525 (2007).
2026-02-05 12:28:46,598 INFO:main.py:770:main_driver:Checking and transforming input arguments.
2026-02-05 12:28:46,598 INFO:main.py:774:main_driver:Loading topology files.
2026-02-05 12:28:46,652 INFO:main.py:776:main_driver:Loading molecule: data/04_out/aligned_struct/Q09J78.aligned.pdb
2026-02-05 12:28:46,664 INFO:main.py:781:main_driver:Setting up molecule.
2026-02-05 12:28:46,675 INFO:main.py:423:setup_molecule:Created biomolecule object with 506 residues and 3973 atoms.
2026-02-05 12:28:46,676 INFO:main.py:785:main_driver:Setting termini states for biomolecule chains.
2026-02-05 12:28:46,689 INFO:main.py:616:non_trivial:Loading forcefield.
2026-02-05 12:28:46,697 INFO:main.py:620:non_trivial:Loading hydrogen topology definitions.
2026-02-05 12:28:46,701 INFO:main.py:474:is_repairable:This biomolecule is clean.  No repair needed.
2026-02-05 12:28:46,701 INFO:main.py:635:non_trivial:Updating disulfide bridges.
2026-02-05 12:28:46,701 INFO:main.py:638:non_trivial:Debumping biomolecule.
2026-02-05 12:28:46,774 INFO:main.py:661:non_trivial:Adding hydrogens to biomolecule.
2026-02-05 12:28:47,016 INFO:main.py:664:non_trivial:Debumping biomolecule (again).
2026-02-05 12:28:47,337 INFO:main.py:666:non_trivial:Optimizing hydrogen bonds
2026-02-05 12:28:47,337 INFO:__init__.py:375:initialize_wat_optimization:Initializing water bonding optimization...
2026-02-05 12:28:47,433 INFO:main.py:678:non_trivial:Applying force field to biomolecule states.
2026-02-05 12:28:47,437 INFO:main.py:725:non_trivial:Regenerating headers.
2026-02-05 12:28:47,438 INFO:main.py:750:non_trivial:Regenerating PDB lines.
2026-02-05 12:28:47,467 WARNING:main.py:326:print_pqr:Ignoring 391 header lines in output.
2026-02-05 12:47:53,003 INFO:main.py:246:print_splash_screen:PDB2PQR v3.7.1: biomolecular structure conversion software.
2026-02-05 12:47:53,004 INFO:main.py:248:print_splash_screen:Please cite:  Jurrus E, et al.  Improvements to the APBS biomolecular solvation software suite.  Protein Sci 27 112-128 (2018).
2026-02-05 12:47:53,004 INFO:main.py:248:print_splash_screen:Please cite:  Dolinsky TJ, et al.  PDB2PQR: expanding and upgrading automated preparation of biomolecular structures for molecular simulations. Nucleic Acids Res 35 W522-W525 (2007).
2026-02-05 12:47:53,004 INFO:main.py:770:main_driver:Checking and transforming input arguments.
2026-02-05 12:47:53,004 INFO:main.py:774:main_driver:Loading topology files.
2026-02-05 12:47:53,092 INFO:main.py:776:main_driver:Loading molecule: data/04_out/aligned_struct/Q09J78.aligned.pdb
2026-02-05 12:47:53,102 INFO:main.py:781:main_driver:Setting up molecule.
2026-02-05 12:47:53,110 INFO:main.py:423:setup_molecule:Created biomolecule object with 506 residues and 3973 atoms.
2026-02-05 12:47:53,110 INFO:main.py:785:main_driver:Setting termini states for biomolecule chains.
2026-02-05 12:47:53,116 INFO:main.py:616:non_trivial:Loading forcefield.
2026-02-05 12:47:53,121 INFO:main.py:620:non_trivial:Loading hydrogen topology definitions.
2026-02-05 12:47:53,123 INFO:main.py:474:is_repairable:This biomolecule is clean.  No repair needed.
2026-02-05 12:47:53,123 INFO:main.py:635:non_trivial:Updating disulfide bridges.
2026-02-05 12:47:53,124 INFO:main.py:638:non_trivial:Debumping biomolecule.
2026-02-05 12:47:53,182 INFO:main.py:661:non_trivial:Adding hydrogens to biomolecule.
2026-02-05 12:47:53,376 INFO:main.py:664:non_trivial:Debumping biomolecule (again).
2026-02-05 12:47:53,647 INFO:main.py:666:non_trivial:Optimizing hydrogen bonds
2026-02-05 12:47:53,648 INFO:__init__.py:375:initialize_wat_optimization:Initializing water bonding optimization...
2026-02-05 12:47:53,726 INFO:main.py:678:non_trivial:Applying force field to biomolecule states.
2026-02-05 12:47:53,729 INFO:main.py:725:non_trivial:Regenerating headers.
2026-02-05 12:47:53,730 INFO:main.py:750:non_trivial:Regenerating PDB lines.
2026-02-05 12:47:53,753 WARNING:main.py:326:print_pqr:Ignoring 391 header lines in output.
