2026-02-05 12:28:49,034 INFO:main.py:246:print_splash_screen:PDB2PQR v3.7.1: biomolecular structure conversion software.
2026-02-05 12:28:49,035 INFO:main.py:248:print_splash_screen:Please cite:  Jurrus E, et al.  Improvements to the APBS biomolecular solvation software suite.  Protein Sci 27 112-128 (2018).
2026-02-05 12:28:49,035 INFO:main.py:248:print_splash_screen:Please cite:  Dolinsky TJ, et al.  PDB2PQR: expanding and upgrading automated preparation of biomolecular structures for molecular simulations. Nucleic Acids Res 35 W522-W525 (2007).
2026-02-05 12:28:49,035 INFO:main.py:770:main_driver:Checking and transforming input arguments.
2026-02-05 12:28:49,035 INFO:main.py:774:main_driver:Loading topology files.
2026-02-05 12:28:49,081 INFO:main.py:776:main_driver:Loading molecule: data/04_out/aligned_struct/Q0DS59.aligned.pdb
2026-02-05 12:28:49,094 INFO:main.py:781:main_driver:Setting up molecule.
2026-02-05 12:28:49,104 INFO:main.py:423:setup_molecule:Created biomolecule object with 532 residues and 4193 atoms.
2026-02-05 12:28:49,105 INFO:main.py:785:main_driver:Setting termini states for biomolecule chains.
2026-02-05 12:28:49,112 INFO:main.py:616:non_trivial:Loading forcefield.
2026-02-05 12:28:49,119 INFO:main.py:620:non_trivial:Loading hydrogen topology definitions.
2026-02-05 12:28:49,123 INFO:main.py:474:is_repairable:This biomolecule is clean.  No repair needed.
2026-02-05 12:28:49,123 INFO:main.py:635:non_trivial:Updating disulfide bridges.
2026-02-05 12:28:49,124 INFO:main.py:638:non_trivial:Debumping biomolecule.
2026-02-05 12:28:49,204 INFO:main.py:661:non_trivial:Adding hydrogens to biomolecule.
2026-02-05 12:28:49,463 INFO:main.py:664:non_trivial:Debumping biomolecule (again).
2026-02-05 12:28:49,825 INFO:main.py:666:non_trivial:Optimizing hydrogen bonds
2026-02-05 12:28:49,825 INFO:__init__.py:375:initialize_wat_optimization:Initializing water bonding optimization...
2026-02-05 12:28:49,931 INFO:main.py:678:non_trivial:Applying force field to biomolecule states.
2026-02-05 12:28:49,935 INFO:main.py:725:non_trivial:Regenerating headers.
2026-02-05 12:28:49,936 INFO:main.py:750:non_trivial:Regenerating PDB lines.
2026-02-05 12:28:49,968 WARNING:main.py:326:print_pqr:Ignoring 391 header lines in output.
2026-02-05 12:47:55,135 INFO:main.py:246:print_splash_screen:PDB2PQR v3.7.1: biomolecular structure conversion software.
2026-02-05 12:47:55,135 INFO:main.py:248:print_splash_screen:Please cite:  Jurrus E, et al.  Improvements to the APBS biomolecular solvation software suite.  Protein Sci 27 112-128 (2018).
2026-02-05 12:47:55,135 INFO:main.py:248:print_splash_screen:Please cite:  Dolinsky TJ, et al.  PDB2PQR: expanding and upgrading automated preparation of biomolecular structures for molecular simulations. Nucleic Acids Res 35 W522-W525 (2007).
2026-02-05 12:47:55,135 INFO:main.py:770:main_driver:Checking and transforming input arguments.
2026-02-05 12:47:55,135 INFO:main.py:774:main_driver:Loading topology files.
2026-02-05 12:47:55,165 INFO:main.py:776:main_driver:Loading molecule: data/04_out/aligned_struct/Q0DS59.aligned.pdb
2026-02-05 12:47:55,175 INFO:main.py:781:main_driver:Setting up molecule.
2026-02-05 12:47:55,182 INFO:main.py:423:setup_molecule:Created biomolecule object with 532 residues and 4193 atoms.
2026-02-05 12:47:55,183 INFO:main.py:785:main_driver:Setting termini states for biomolecule chains.
2026-02-05 12:47:55,189 INFO:main.py:616:non_trivial:Loading forcefield.
2026-02-05 12:47:55,194 INFO:main.py:620:non_trivial:Loading hydrogen topology definitions.
2026-02-05 12:47:55,197 INFO:main.py:474:is_repairable:This biomolecule is clean.  No repair needed.
2026-02-05 12:47:55,197 INFO:main.py:635:non_trivial:Updating disulfide bridges.
2026-02-05 12:47:55,197 INFO:main.py:638:non_trivial:Debumping biomolecule.
2026-02-05 12:47:55,260 INFO:main.py:661:non_trivial:Adding hydrogens to biomolecule.
2026-02-05 12:47:55,466 INFO:main.py:664:non_trivial:Debumping biomolecule (again).
2026-02-05 12:47:55,747 INFO:main.py:666:non_trivial:Optimizing hydrogen bonds
2026-02-05 12:47:55,747 INFO:__init__.py:375:initialize_wat_optimization:Initializing water bonding optimization...
2026-02-05 12:47:55,830 INFO:main.py:678:non_trivial:Applying force field to biomolecule states.
2026-02-05 12:47:55,833 INFO:main.py:725:non_trivial:Regenerating headers.
2026-02-05 12:47:55,834 INFO:main.py:750:non_trivial:Regenerating PDB lines.
2026-02-05 12:47:55,858 WARNING:main.py:326:print_pqr:Ignoring 391 header lines in output.
