2026-02-05 12:28:52,761 INFO:main.py:246:print_splash_screen:PDB2PQR v3.7.1: biomolecular structure conversion software.
2026-02-05 12:28:52,761 INFO:main.py:248:print_splash_screen:Please cite:  Jurrus E, et al.  Improvements to the APBS biomolecular solvation software suite.  Protein Sci 27 112-128 (2018).
2026-02-05 12:28:52,761 INFO:main.py:248:print_splash_screen:Please cite:  Dolinsky TJ, et al.  PDB2PQR: expanding and upgrading automated preparation of biomolecular structures for molecular simulations. Nucleic Acids Res 35 W522-W525 (2007).
2026-02-05 12:28:52,761 INFO:main.py:770:main_driver:Checking and transforming input arguments.
2026-02-05 12:28:52,761 INFO:main.py:774:main_driver:Loading topology files.
2026-02-05 12:28:52,814 INFO:main.py:776:main_driver:Loading molecule: data/04_out/aligned_struct/Q0WQ07.aligned.pdb
2026-02-05 12:28:52,826 INFO:main.py:781:main_driver:Setting up molecule.
2026-02-05 12:28:52,837 INFO:main.py:423:setup_molecule:Created biomolecule object with 513 residues and 4115 atoms.
2026-02-05 12:28:52,837 INFO:main.py:785:main_driver:Setting termini states for biomolecule chains.
2026-02-05 12:28:52,844 INFO:main.py:616:non_trivial:Loading forcefield.
2026-02-05 12:28:52,851 INFO:main.py:620:non_trivial:Loading hydrogen topology definitions.
2026-02-05 12:28:52,854 INFO:main.py:474:is_repairable:This biomolecule is clean.  No repair needed.
2026-02-05 12:28:52,854 INFO:main.py:635:non_trivial:Updating disulfide bridges.
2026-02-05 12:28:52,855 INFO:main.py:638:non_trivial:Debumping biomolecule.
2026-02-05 12:28:52,935 INFO:main.py:661:non_trivial:Adding hydrogens to biomolecule.
2026-02-05 12:28:53,192 INFO:main.py:664:non_trivial:Debumping biomolecule (again).
2026-02-05 12:28:53,536 INFO:main.py:666:non_trivial:Optimizing hydrogen bonds
2026-02-05 12:28:53,536 INFO:__init__.py:375:initialize_wat_optimization:Initializing water bonding optimization...
2026-02-05 12:28:53,641 INFO:main.py:678:non_trivial:Applying force field to biomolecule states.
2026-02-05 12:28:53,645 INFO:main.py:725:non_trivial:Regenerating headers.
2026-02-05 12:28:53,646 INFO:main.py:750:non_trivial:Regenerating PDB lines.
2026-02-05 12:28:53,676 WARNING:main.py:326:print_pqr:Ignoring 391 header lines in output.
2026-02-05 12:47:58,031 INFO:main.py:246:print_splash_screen:PDB2PQR v3.7.1: biomolecular structure conversion software.
2026-02-05 12:47:58,032 INFO:main.py:248:print_splash_screen:Please cite:  Jurrus E, et al.  Improvements to the APBS biomolecular solvation software suite.  Protein Sci 27 112-128 (2018).
2026-02-05 12:47:58,032 INFO:main.py:248:print_splash_screen:Please cite:  Dolinsky TJ, et al.  PDB2PQR: expanding and upgrading automated preparation of biomolecular structures for molecular simulations. Nucleic Acids Res 35 W522-W525 (2007).
2026-02-05 12:47:58,032 INFO:main.py:770:main_driver:Checking and transforming input arguments.
2026-02-05 12:47:58,032 INFO:main.py:774:main_driver:Loading topology files.
2026-02-05 12:47:58,076 INFO:main.py:776:main_driver:Loading molecule: data/04_out/aligned_struct/Q0WQ07.aligned.pdb
2026-02-05 12:47:58,091 INFO:main.py:781:main_driver:Setting up molecule.
2026-02-05 12:47:58,102 INFO:main.py:423:setup_molecule:Created biomolecule object with 513 residues and 4115 atoms.
2026-02-05 12:47:58,102 INFO:main.py:785:main_driver:Setting termini states for biomolecule chains.
2026-02-05 12:47:58,113 INFO:main.py:616:non_trivial:Loading forcefield.
2026-02-05 12:47:58,118 INFO:main.py:620:non_trivial:Loading hydrogen topology definitions.
2026-02-05 12:47:58,123 INFO:main.py:474:is_repairable:This biomolecule is clean.  No repair needed.
2026-02-05 12:47:58,123 INFO:main.py:635:non_trivial:Updating disulfide bridges.
2026-02-05 12:47:58,123 INFO:main.py:638:non_trivial:Debumping biomolecule.
2026-02-05 12:47:58,188 INFO:main.py:661:non_trivial:Adding hydrogens to biomolecule.
2026-02-05 12:47:58,388 INFO:main.py:664:non_trivial:Debumping biomolecule (again).
2026-02-05 12:47:58,661 INFO:main.py:666:non_trivial:Optimizing hydrogen bonds
2026-02-05 12:47:58,661 INFO:__init__.py:375:initialize_wat_optimization:Initializing water bonding optimization...
2026-02-05 12:47:58,742 INFO:main.py:678:non_trivial:Applying force field to biomolecule states.
2026-02-05 12:47:58,745 INFO:main.py:725:non_trivial:Regenerating headers.
2026-02-05 12:47:58,746 INFO:main.py:750:non_trivial:Regenerating PDB lines.
2026-02-05 12:47:58,771 WARNING:main.py:326:print_pqr:Ignoring 391 header lines in output.
