2026-02-05 12:28:55,172 INFO:main.py:246:print_splash_screen:PDB2PQR v3.7.1: biomolecular structure conversion software.
2026-02-05 12:28:55,172 INFO:main.py:248:print_splash_screen:Please cite:  Jurrus E, et al.  Improvements to the APBS biomolecular solvation software suite.  Protein Sci 27 112-128 (2018).
2026-02-05 12:28:55,172 INFO:main.py:248:print_splash_screen:Please cite:  Dolinsky TJ, et al.  PDB2PQR: expanding and upgrading automated preparation of biomolecular structures for molecular simulations. Nucleic Acids Res 35 W522-W525 (2007).
2026-02-05 12:28:55,172 INFO:main.py:770:main_driver:Checking and transforming input arguments.
2026-02-05 12:28:55,173 INFO:main.py:774:main_driver:Loading topology files.
2026-02-05 12:28:55,243 INFO:main.py:776:main_driver:Loading molecule: data/04_out/aligned_struct/Q14T82.aligned.pdb
2026-02-05 12:28:55,261 INFO:main.py:781:main_driver:Setting up molecule.
2026-02-05 12:28:55,272 INFO:main.py:423:setup_molecule:Created biomolecule object with 573 residues and 4582 atoms.
2026-02-05 12:28:55,272 INFO:main.py:785:main_driver:Setting termini states for biomolecule chains.
2026-02-05 12:28:55,280 INFO:main.py:616:non_trivial:Loading forcefield.
2026-02-05 12:28:55,287 INFO:main.py:620:non_trivial:Loading hydrogen topology definitions.
2026-02-05 12:28:55,291 INFO:main.py:474:is_repairable:This biomolecule is clean.  No repair needed.
2026-02-05 12:28:55,291 INFO:main.py:635:non_trivial:Updating disulfide bridges.
2026-02-05 12:28:55,291 INFO:main.py:638:non_trivial:Debumping biomolecule.
2026-02-05 12:28:55,379 INFO:main.py:661:non_trivial:Adding hydrogens to biomolecule.
2026-02-05 12:28:55,673 INFO:main.py:664:non_trivial:Debumping biomolecule (again).
2026-02-05 12:28:56,005 WARNING:debump.py:179:debump_biomolecule:WARNING: Unable to debump THR A 380
2026-02-05 12:28:56,100 INFO:main.py:666:non_trivial:Optimizing hydrogen bonds
2026-02-05 12:28:56,100 INFO:__init__.py:375:initialize_wat_optimization:Initializing water bonding optimization...
2026-02-05 12:28:56,218 INFO:main.py:678:non_trivial:Applying force field to biomolecule states.
2026-02-05 12:28:56,222 INFO:main.py:725:non_trivial:Regenerating headers.
2026-02-05 12:28:56,223 INFO:main.py:750:non_trivial:Regenerating PDB lines.
2026-02-05 12:28:56,257 WARNING:main.py:326:print_pqr:Ignoring 391 header lines in output.
2026-02-05 12:47:59,944 INFO:main.py:246:print_splash_screen:PDB2PQR v3.7.1: biomolecular structure conversion software.
2026-02-05 12:47:59,944 INFO:main.py:248:print_splash_screen:Please cite:  Jurrus E, et al.  Improvements to the APBS biomolecular solvation software suite.  Protein Sci 27 112-128 (2018).
2026-02-05 12:47:59,944 INFO:main.py:248:print_splash_screen:Please cite:  Dolinsky TJ, et al.  PDB2PQR: expanding and upgrading automated preparation of biomolecular structures for molecular simulations. Nucleic Acids Res 35 W522-W525 (2007).
2026-02-05 12:47:59,944 INFO:main.py:770:main_driver:Checking and transforming input arguments.
2026-02-05 12:47:59,944 INFO:main.py:774:main_driver:Loading topology files.
2026-02-05 12:47:59,982 INFO:main.py:776:main_driver:Loading molecule: data/04_out/aligned_struct/Q14T82.aligned.pdb
2026-02-05 12:47:59,995 INFO:main.py:781:main_driver:Setting up molecule.
2026-02-05 12:48:00,013 INFO:main.py:423:setup_molecule:Created biomolecule object with 573 residues and 4582 atoms.
2026-02-05 12:48:00,013 INFO:main.py:785:main_driver:Setting termini states for biomolecule chains.
2026-02-05 12:48:00,023 INFO:main.py:616:non_trivial:Loading forcefield.
2026-02-05 12:48:00,034 INFO:main.py:620:non_trivial:Loading hydrogen topology definitions.
2026-02-05 12:48:00,037 INFO:main.py:474:is_repairable:This biomolecule is clean.  No repair needed.
2026-02-05 12:48:00,037 INFO:main.py:635:non_trivial:Updating disulfide bridges.
2026-02-05 12:48:00,037 INFO:main.py:638:non_trivial:Debumping biomolecule.
2026-02-05 12:48:00,116 INFO:main.py:661:non_trivial:Adding hydrogens to biomolecule.
2026-02-05 12:48:00,342 INFO:main.py:664:non_trivial:Debumping biomolecule (again).
2026-02-05 12:48:00,601 WARNING:debump.py:179:debump_biomolecule:WARNING: Unable to debump THR A 380
2026-02-05 12:48:00,675 INFO:main.py:666:non_trivial:Optimizing hydrogen bonds
2026-02-05 12:48:00,675 INFO:__init__.py:375:initialize_wat_optimization:Initializing water bonding optimization...
2026-02-05 12:48:00,768 INFO:main.py:678:non_trivial:Applying force field to biomolecule states.
2026-02-05 12:48:00,771 INFO:main.py:725:non_trivial:Regenerating headers.
2026-02-05 12:48:00,772 INFO:main.py:750:non_trivial:Regenerating PDB lines.
2026-02-05 12:48:00,799 WARNING:main.py:326:print_pqr:Ignoring 391 header lines in output.
