2026-02-05 12:28:57,759 INFO:main.py:246:print_splash_screen:PDB2PQR v3.7.1: biomolecular structure conversion software.
2026-02-05 12:28:57,759 INFO:main.py:248:print_splash_screen:Please cite:  Jurrus E, et al.  Improvements to the APBS biomolecular solvation software suite.  Protein Sci 27 112-128 (2018).
2026-02-05 12:28:57,760 INFO:main.py:248:print_splash_screen:Please cite:  Dolinsky TJ, et al.  PDB2PQR: expanding and upgrading automated preparation of biomolecular structures for molecular simulations. Nucleic Acids Res 35 W522-W525 (2007).
2026-02-05 12:28:57,760 INFO:main.py:770:main_driver:Checking and transforming input arguments.
2026-02-05 12:28:57,760 INFO:main.py:774:main_driver:Loading topology files.
2026-02-05 12:28:57,803 INFO:main.py:776:main_driver:Loading molecule: data/04_out/aligned_struct/Q1T7C2.aligned.pdb
2026-02-05 12:28:57,822 INFO:main.py:781:main_driver:Setting up molecule.
2026-02-05 12:28:57,832 INFO:main.py:423:setup_molecule:Created biomolecule object with 501 residues and 4065 atoms.
2026-02-05 12:28:57,832 INFO:main.py:785:main_driver:Setting termini states for biomolecule chains.
2026-02-05 12:28:57,845 INFO:main.py:616:non_trivial:Loading forcefield.
2026-02-05 12:28:57,853 INFO:main.py:620:non_trivial:Loading hydrogen topology definitions.
2026-02-05 12:28:57,856 INFO:main.py:474:is_repairable:This biomolecule is clean.  No repair needed.
2026-02-05 12:28:57,857 INFO:main.py:635:non_trivial:Updating disulfide bridges.
2026-02-05 12:28:57,857 INFO:main.py:638:non_trivial:Debumping biomolecule.
2026-02-05 12:28:57,935 INFO:main.py:661:non_trivial:Adding hydrogens to biomolecule.
2026-02-05 12:28:58,186 INFO:main.py:664:non_trivial:Debumping biomolecule (again).
2026-02-05 12:28:58,575 INFO:main.py:666:non_trivial:Optimizing hydrogen bonds
2026-02-05 12:28:58,576 INFO:__init__.py:375:initialize_wat_optimization:Initializing water bonding optimization...
2026-02-05 12:28:58,680 INFO:main.py:678:non_trivial:Applying force field to biomolecule states.
2026-02-05 12:28:58,684 INFO:main.py:725:non_trivial:Regenerating headers.
2026-02-05 12:28:58,684 INFO:main.py:750:non_trivial:Regenerating PDB lines.
2026-02-05 12:28:58,714 WARNING:main.py:326:print_pqr:Ignoring 390 header lines in output.
2026-02-05 12:48:02,038 INFO:main.py:246:print_splash_screen:PDB2PQR v3.7.1: biomolecular structure conversion software.
2026-02-05 12:48:02,039 INFO:main.py:248:print_splash_screen:Please cite:  Jurrus E, et al.  Improvements to the APBS biomolecular solvation software suite.  Protein Sci 27 112-128 (2018).
2026-02-05 12:48:02,039 INFO:main.py:248:print_splash_screen:Please cite:  Dolinsky TJ, et al.  PDB2PQR: expanding and upgrading automated preparation of biomolecular structures for molecular simulations. Nucleic Acids Res 35 W522-W525 (2007).
2026-02-05 12:48:02,039 INFO:main.py:770:main_driver:Checking and transforming input arguments.
2026-02-05 12:48:02,039 INFO:main.py:774:main_driver:Loading topology files.
2026-02-05 12:48:02,090 INFO:main.py:776:main_driver:Loading molecule: data/04_out/aligned_struct/Q1T7C2.aligned.pdb
2026-02-05 12:48:02,106 INFO:main.py:781:main_driver:Setting up molecule.
2026-02-05 12:48:02,117 INFO:main.py:423:setup_molecule:Created biomolecule object with 501 residues and 4065 atoms.
2026-02-05 12:48:02,117 INFO:main.py:785:main_driver:Setting termini states for biomolecule chains.
2026-02-05 12:48:02,123 INFO:main.py:616:non_trivial:Loading forcefield.
2026-02-05 12:48:02,128 INFO:main.py:620:non_trivial:Loading hydrogen topology definitions.
2026-02-05 12:48:02,131 INFO:main.py:474:is_repairable:This biomolecule is clean.  No repair needed.
2026-02-05 12:48:02,131 INFO:main.py:635:non_trivial:Updating disulfide bridges.
2026-02-05 12:48:02,131 INFO:main.py:638:non_trivial:Debumping biomolecule.
2026-02-05 12:48:02,193 INFO:main.py:661:non_trivial:Adding hydrogens to biomolecule.
2026-02-05 12:48:02,386 INFO:main.py:664:non_trivial:Debumping biomolecule (again).
2026-02-05 12:48:02,653 INFO:main.py:666:non_trivial:Optimizing hydrogen bonds
2026-02-05 12:48:02,653 INFO:__init__.py:375:initialize_wat_optimization:Initializing water bonding optimization...
2026-02-05 12:48:02,731 INFO:main.py:678:non_trivial:Applying force field to biomolecule states.
2026-02-05 12:48:02,734 INFO:main.py:725:non_trivial:Regenerating headers.
2026-02-05 12:48:02,735 INFO:main.py:750:non_trivial:Regenerating PDB lines.
2026-02-05 12:48:02,759 WARNING:main.py:326:print_pqr:Ignoring 390 header lines in output.
