2026-02-05 12:29:02,540 INFO:main.py:246:print_splash_screen:PDB2PQR v3.7.1: biomolecular structure conversion software.
2026-02-05 12:29:02,541 INFO:main.py:248:print_splash_screen:Please cite:  Jurrus E, et al.  Improvements to the APBS biomolecular solvation software suite.  Protein Sci 27 112-128 (2018).
2026-02-05 12:29:02,541 INFO:main.py:248:print_splash_screen:Please cite:  Dolinsky TJ, et al.  PDB2PQR: expanding and upgrading automated preparation of biomolecular structures for molecular simulations. Nucleic Acids Res 35 W522-W525 (2007).
2026-02-05 12:29:02,541 INFO:main.py:770:main_driver:Checking and transforming input arguments.
2026-02-05 12:29:02,542 INFO:main.py:774:main_driver:Loading topology files.
2026-02-05 12:29:02,589 INFO:main.py:776:main_driver:Loading molecule: data/04_out/aligned_struct/Q2MJ21.aligned.pdb
2026-02-05 12:29:02,607 INFO:main.py:781:main_driver:Setting up molecule.
2026-02-05 12:29:02,618 INFO:main.py:423:setup_molecule:Created biomolecule object with 520 residues and 4215 atoms.
2026-02-05 12:29:02,618 INFO:main.py:785:main_driver:Setting termini states for biomolecule chains.
2026-02-05 12:29:02,626 INFO:main.py:616:non_trivial:Loading forcefield.
2026-02-05 12:29:02,633 INFO:main.py:620:non_trivial:Loading hydrogen topology definitions.
2026-02-05 12:29:02,636 INFO:main.py:474:is_repairable:This biomolecule is clean.  No repair needed.
2026-02-05 12:29:02,636 INFO:main.py:635:non_trivial:Updating disulfide bridges.
2026-02-05 12:29:02,636 INFO:main.py:638:non_trivial:Debumping biomolecule.
2026-02-05 12:29:02,720 INFO:main.py:661:non_trivial:Adding hydrogens to biomolecule.
2026-02-05 12:29:02,981 INFO:main.py:664:non_trivial:Debumping biomolecule (again).
2026-02-05 12:29:03,338 INFO:main.py:666:non_trivial:Optimizing hydrogen bonds
2026-02-05 12:29:03,339 INFO:__init__.py:375:initialize_wat_optimization:Initializing water bonding optimization...
2026-02-05 12:29:03,447 INFO:main.py:678:non_trivial:Applying force field to biomolecule states.
2026-02-05 12:29:03,452 INFO:main.py:725:non_trivial:Regenerating headers.
2026-02-05 12:29:03,452 INFO:main.py:750:non_trivial:Regenerating PDB lines.
2026-02-05 12:29:03,482 WARNING:main.py:326:print_pqr:Ignoring 390 header lines in output.
2026-02-05 12:48:05,865 INFO:main.py:246:print_splash_screen:PDB2PQR v3.7.1: biomolecular structure conversion software.
2026-02-05 12:48:05,865 INFO:main.py:248:print_splash_screen:Please cite:  Jurrus E, et al.  Improvements to the APBS biomolecular solvation software suite.  Protein Sci 27 112-128 (2018).
2026-02-05 12:48:05,866 INFO:main.py:248:print_splash_screen:Please cite:  Dolinsky TJ, et al.  PDB2PQR: expanding and upgrading automated preparation of biomolecular structures for molecular simulations. Nucleic Acids Res 35 W522-W525 (2007).
2026-02-05 12:48:05,866 INFO:main.py:770:main_driver:Checking and transforming input arguments.
2026-02-05 12:48:05,866 INFO:main.py:774:main_driver:Loading topology files.
2026-02-05 12:48:05,898 INFO:main.py:776:main_driver:Loading molecule: data/04_out/aligned_struct/Q2MJ21.aligned.pdb
2026-02-05 12:48:05,925 INFO:main.py:781:main_driver:Setting up molecule.
2026-02-05 12:48:05,942 INFO:main.py:423:setup_molecule:Created biomolecule object with 520 residues and 4215 atoms.
2026-02-05 12:48:05,942 INFO:main.py:785:main_driver:Setting termini states for biomolecule chains.
2026-02-05 12:48:05,948 INFO:main.py:616:non_trivial:Loading forcefield.
2026-02-05 12:48:05,953 INFO:main.py:620:non_trivial:Loading hydrogen topology definitions.
2026-02-05 12:48:05,956 INFO:main.py:474:is_repairable:This biomolecule is clean.  No repair needed.
2026-02-05 12:48:05,956 INFO:main.py:635:non_trivial:Updating disulfide bridges.
2026-02-05 12:48:05,956 INFO:main.py:638:non_trivial:Debumping biomolecule.
2026-02-05 12:48:06,037 INFO:main.py:661:non_trivial:Adding hydrogens to biomolecule.
2026-02-05 12:48:06,242 INFO:main.py:664:non_trivial:Debumping biomolecule (again).
2026-02-05 12:48:06,528 INFO:main.py:666:non_trivial:Optimizing hydrogen bonds
2026-02-05 12:48:06,528 INFO:__init__.py:375:initialize_wat_optimization:Initializing water bonding optimization...
2026-02-05 12:48:06,613 INFO:main.py:678:non_trivial:Applying force field to biomolecule states.
2026-02-05 12:48:06,616 INFO:main.py:725:non_trivial:Regenerating headers.
2026-02-05 12:48:06,617 INFO:main.py:750:non_trivial:Regenerating PDB lines.
2026-02-05 12:48:06,642 WARNING:main.py:326:print_pqr:Ignoring 390 header lines in output.
