2026-02-05 12:29:04,954 INFO:main.py:246:print_splash_screen:PDB2PQR v3.7.1: biomolecular structure conversion software.
2026-02-05 12:29:04,954 INFO:main.py:248:print_splash_screen:Please cite:  Jurrus E, et al.  Improvements to the APBS biomolecular solvation software suite.  Protein Sci 27 112-128 (2018).
2026-02-05 12:29:04,954 INFO:main.py:248:print_splash_screen:Please cite:  Dolinsky TJ, et al.  PDB2PQR: expanding and upgrading automated preparation of biomolecular structures for molecular simulations. Nucleic Acids Res 35 W522-W525 (2007).
2026-02-05 12:29:04,954 INFO:main.py:770:main_driver:Checking and transforming input arguments.
2026-02-05 12:29:04,954 INFO:main.py:774:main_driver:Loading topology files.
2026-02-05 12:29:04,996 INFO:main.py:776:main_driver:Loading molecule: data/04_out/aligned_struct/Q2QYH7.aligned.pdb
2026-02-05 12:29:05,012 INFO:main.py:781:main_driver:Setting up molecule.
2026-02-05 12:29:05,022 INFO:main.py:423:setup_molecule:Created biomolecule object with 522 residues and 4131 atoms.
2026-02-05 12:29:05,023 INFO:main.py:785:main_driver:Setting termini states for biomolecule chains.
2026-02-05 12:29:05,030 INFO:main.py:616:non_trivial:Loading forcefield.
2026-02-05 12:29:05,036 INFO:main.py:620:non_trivial:Loading hydrogen topology definitions.
2026-02-05 12:29:05,040 INFO:main.py:474:is_repairable:This biomolecule is clean.  No repair needed.
2026-02-05 12:29:05,040 INFO:main.py:635:non_trivial:Updating disulfide bridges.
2026-02-05 12:29:05,040 INFO:main.py:638:non_trivial:Debumping biomolecule.
2026-02-05 12:29:05,118 INFO:main.py:661:non_trivial:Adding hydrogens to biomolecule.
2026-02-05 12:29:05,372 INFO:main.py:664:non_trivial:Debumping biomolecule (again).
2026-02-05 12:29:05,719 INFO:main.py:666:non_trivial:Optimizing hydrogen bonds
2026-02-05 12:29:05,719 INFO:__init__.py:375:initialize_wat_optimization:Initializing water bonding optimization...
2026-02-05 12:29:05,821 INFO:main.py:678:non_trivial:Applying force field to biomolecule states.
2026-02-05 12:29:05,825 INFO:main.py:725:non_trivial:Regenerating headers.
2026-02-05 12:29:05,826 INFO:main.py:750:non_trivial:Regenerating PDB lines.
2026-02-05 12:29:05,856 WARNING:main.py:326:print_pqr:Ignoring 391 header lines in output.
2026-02-05 12:48:07,826 INFO:main.py:246:print_splash_screen:PDB2PQR v3.7.1: biomolecular structure conversion software.
2026-02-05 12:48:07,827 INFO:main.py:248:print_splash_screen:Please cite:  Jurrus E, et al.  Improvements to the APBS biomolecular solvation software suite.  Protein Sci 27 112-128 (2018).
2026-02-05 12:48:07,827 INFO:main.py:248:print_splash_screen:Please cite:  Dolinsky TJ, et al.  PDB2PQR: expanding and upgrading automated preparation of biomolecular structures for molecular simulations. Nucleic Acids Res 35 W522-W525 (2007).
2026-02-05 12:48:07,827 INFO:main.py:770:main_driver:Checking and transforming input arguments.
2026-02-05 12:48:07,827 INFO:main.py:774:main_driver:Loading topology files.
2026-02-05 12:48:07,863 INFO:main.py:776:main_driver:Loading molecule: data/04_out/aligned_struct/Q2QYH7.aligned.pdb
2026-02-05 12:48:07,872 INFO:main.py:781:main_driver:Setting up molecule.
2026-02-05 12:48:07,882 INFO:main.py:423:setup_molecule:Created biomolecule object with 522 residues and 4131 atoms.
2026-02-05 12:48:07,882 INFO:main.py:785:main_driver:Setting termini states for biomolecule chains.
2026-02-05 12:48:07,966 INFO:main.py:616:non_trivial:Loading forcefield.
2026-02-05 12:48:07,971 INFO:main.py:620:non_trivial:Loading hydrogen topology definitions.
2026-02-05 12:48:07,982 INFO:main.py:474:is_repairable:This biomolecule is clean.  No repair needed.
2026-02-05 12:48:07,982 INFO:main.py:635:non_trivial:Updating disulfide bridges.
2026-02-05 12:48:07,984 INFO:main.py:638:non_trivial:Debumping biomolecule.
2026-02-05 12:48:08,049 INFO:main.py:661:non_trivial:Adding hydrogens to biomolecule.
2026-02-05 12:48:08,247 INFO:main.py:664:non_trivial:Debumping biomolecule (again).
2026-02-05 12:48:08,522 INFO:main.py:666:non_trivial:Optimizing hydrogen bonds
2026-02-05 12:48:08,522 INFO:__init__.py:375:initialize_wat_optimization:Initializing water bonding optimization...
2026-02-05 12:48:08,602 INFO:main.py:678:non_trivial:Applying force field to biomolecule states.
2026-02-05 12:48:08,605 INFO:main.py:725:non_trivial:Regenerating headers.
2026-02-05 12:48:08,606 INFO:main.py:750:non_trivial:Regenerating PDB lines.
2026-02-05 12:48:08,631 WARNING:main.py:326:print_pqr:Ignoring 391 header lines in output.
