2026-02-05 12:29:10,871 INFO:main.py:246:print_splash_screen:PDB2PQR v3.7.1: biomolecular structure conversion software.
2026-02-05 12:29:10,872 INFO:main.py:248:print_splash_screen:Please cite:  Jurrus E, et al.  Improvements to the APBS biomolecular solvation software suite.  Protein Sci 27 112-128 (2018).
2026-02-05 12:29:10,872 INFO:main.py:248:print_splash_screen:Please cite:  Dolinsky TJ, et al.  PDB2PQR: expanding and upgrading automated preparation of biomolecular structures for molecular simulations. Nucleic Acids Res 35 W522-W525 (2007).
2026-02-05 12:29:10,872 INFO:main.py:770:main_driver:Checking and transforming input arguments.
2026-02-05 12:29:10,872 INFO:main.py:774:main_driver:Loading topology files.
2026-02-05 12:29:10,910 INFO:main.py:776:main_driver:Loading molecule: data/04_out/aligned_struct/Q42602.aligned.pdb
2026-02-05 12:29:10,927 INFO:main.py:781:main_driver:Setting up molecule.
2026-02-05 12:29:10,943 INFO:main.py:423:setup_molecule:Created biomolecule object with 506 residues and 4132 atoms.
2026-02-05 12:29:10,943 INFO:main.py:785:main_driver:Setting termini states for biomolecule chains.
2026-02-05 12:29:10,953 INFO:main.py:616:non_trivial:Loading forcefield.
2026-02-05 12:29:10,960 INFO:main.py:620:non_trivial:Loading hydrogen topology definitions.
2026-02-05 12:29:10,963 INFO:main.py:474:is_repairable:This biomolecule is clean.  No repair needed.
2026-02-05 12:29:10,963 INFO:main.py:635:non_trivial:Updating disulfide bridges.
2026-02-05 12:29:10,963 INFO:main.py:638:non_trivial:Debumping biomolecule.
2026-02-05 12:29:11,047 INFO:main.py:661:non_trivial:Adding hydrogens to biomolecule.
2026-02-05 12:29:11,303 INFO:main.py:664:non_trivial:Debumping biomolecule (again).
2026-02-05 12:29:11,653 INFO:main.py:666:non_trivial:Optimizing hydrogen bonds
2026-02-05 12:29:11,653 INFO:__init__.py:375:initialize_wat_optimization:Initializing water bonding optimization...
2026-02-05 12:29:11,759 INFO:main.py:678:non_trivial:Applying force field to biomolecule states.
2026-02-05 12:29:11,763 INFO:main.py:725:non_trivial:Regenerating headers.
2026-02-05 12:29:11,764 INFO:main.py:750:non_trivial:Regenerating PDB lines.
2026-02-05 12:29:11,794 WARNING:main.py:326:print_pqr:Ignoring 391 header lines in output.
2026-02-05 12:48:12,798 INFO:main.py:246:print_splash_screen:PDB2PQR v3.7.1: biomolecular structure conversion software.
2026-02-05 12:48:12,800 INFO:main.py:248:print_splash_screen:Please cite:  Jurrus E, et al.  Improvements to the APBS biomolecular solvation software suite.  Protein Sci 27 112-128 (2018).
2026-02-05 12:48:12,800 INFO:main.py:248:print_splash_screen:Please cite:  Dolinsky TJ, et al.  PDB2PQR: expanding and upgrading automated preparation of biomolecular structures for molecular simulations. Nucleic Acids Res 35 W522-W525 (2007).
2026-02-05 12:48:12,800 INFO:main.py:770:main_driver:Checking and transforming input arguments.
2026-02-05 12:48:12,800 INFO:main.py:774:main_driver:Loading topology files.
2026-02-05 12:48:12,840 INFO:main.py:776:main_driver:Loading molecule: data/04_out/aligned_struct/Q42602.aligned.pdb
2026-02-05 12:48:12,858 INFO:main.py:781:main_driver:Setting up molecule.
2026-02-05 12:48:12,869 INFO:main.py:423:setup_molecule:Created biomolecule object with 506 residues and 4132 atoms.
2026-02-05 12:48:12,870 INFO:main.py:785:main_driver:Setting termini states for biomolecule chains.
2026-02-05 12:48:12,876 INFO:main.py:616:non_trivial:Loading forcefield.
2026-02-05 12:48:12,883 INFO:main.py:620:non_trivial:Loading hydrogen topology definitions.
2026-02-05 12:48:12,886 INFO:main.py:474:is_repairable:This biomolecule is clean.  No repair needed.
2026-02-05 12:48:12,887 INFO:main.py:635:non_trivial:Updating disulfide bridges.
2026-02-05 12:48:12,887 INFO:main.py:638:non_trivial:Debumping biomolecule.
2026-02-05 12:48:12,952 INFO:main.py:661:non_trivial:Adding hydrogens to biomolecule.
2026-02-05 12:48:13,152 INFO:main.py:664:non_trivial:Debumping biomolecule (again).
2026-02-05 12:48:13,424 INFO:main.py:666:non_trivial:Optimizing hydrogen bonds
2026-02-05 12:48:13,425 INFO:__init__.py:375:initialize_wat_optimization:Initializing water bonding optimization...
2026-02-05 12:48:13,510 INFO:main.py:678:non_trivial:Applying force field to biomolecule states.
2026-02-05 12:48:13,513 INFO:main.py:725:non_trivial:Regenerating headers.
2026-02-05 12:48:13,514 INFO:main.py:750:non_trivial:Regenerating PDB lines.
2026-02-05 12:48:13,538 WARNING:main.py:326:print_pqr:Ignoring 391 header lines in output.
