2026-02-05 12:29:12,082 INFO:main.py:246:print_splash_screen:PDB2PQR v3.7.1: biomolecular structure conversion software.
2026-02-05 12:29:12,083 INFO:main.py:248:print_splash_screen:Please cite:  Jurrus E, et al.  Improvements to the APBS biomolecular solvation software suite.  Protein Sci 27 112-128 (2018).
2026-02-05 12:29:12,083 INFO:main.py:248:print_splash_screen:Please cite:  Dolinsky TJ, et al.  PDB2PQR: expanding and upgrading automated preparation of biomolecular structures for molecular simulations. Nucleic Acids Res 35 W522-W525 (2007).
2026-02-05 12:29:12,083 INFO:main.py:770:main_driver:Checking and transforming input arguments.
2026-02-05 12:29:12,083 INFO:main.py:774:main_driver:Loading topology files.
2026-02-05 12:29:12,126 INFO:main.py:776:main_driver:Loading molecule: data/04_out/aligned_struct/Q42716.aligned.pdb
2026-02-05 12:29:12,138 INFO:main.py:781:main_driver:Setting up molecule.
2026-02-05 12:29:12,149 INFO:main.py:423:setup_molecule:Created biomolecule object with 502 residues and 4019 atoms.
2026-02-05 12:29:12,149 INFO:main.py:785:main_driver:Setting termini states for biomolecule chains.
2026-02-05 12:29:12,158 INFO:main.py:616:non_trivial:Loading forcefield.
2026-02-05 12:29:12,165 INFO:main.py:620:non_trivial:Loading hydrogen topology definitions.
2026-02-05 12:29:12,169 INFO:main.py:474:is_repairable:This biomolecule is clean.  No repair needed.
2026-02-05 12:29:12,169 INFO:main.py:635:non_trivial:Updating disulfide bridges.
2026-02-05 12:29:12,169 INFO:main.py:638:non_trivial:Debumping biomolecule.
2026-02-05 12:29:12,250 INFO:main.py:661:non_trivial:Adding hydrogens to biomolecule.
2026-02-05 12:29:12,499 INFO:main.py:664:non_trivial:Debumping biomolecule (again).
2026-02-05 12:29:12,839 INFO:main.py:666:non_trivial:Optimizing hydrogen bonds
2026-02-05 12:29:12,839 INFO:__init__.py:375:initialize_wat_optimization:Initializing water bonding optimization...
2026-02-05 12:29:12,941 INFO:main.py:678:non_trivial:Applying force field to biomolecule states.
2026-02-05 12:29:12,945 INFO:main.py:725:non_trivial:Regenerating headers.
2026-02-05 12:29:12,945 INFO:main.py:750:non_trivial:Regenerating PDB lines.
2026-02-05 12:29:12,975 WARNING:main.py:326:print_pqr:Ignoring 391 header lines in output.
2026-02-05 12:48:13,747 INFO:main.py:246:print_splash_screen:PDB2PQR v3.7.1: biomolecular structure conversion software.
2026-02-05 12:48:13,748 INFO:main.py:248:print_splash_screen:Please cite:  Jurrus E, et al.  Improvements to the APBS biomolecular solvation software suite.  Protein Sci 27 112-128 (2018).
2026-02-05 12:48:13,748 INFO:main.py:248:print_splash_screen:Please cite:  Dolinsky TJ, et al.  PDB2PQR: expanding and upgrading automated preparation of biomolecular structures for molecular simulations. Nucleic Acids Res 35 W522-W525 (2007).
2026-02-05 12:48:13,748 INFO:main.py:770:main_driver:Checking and transforming input arguments.
2026-02-05 12:48:13,748 INFO:main.py:774:main_driver:Loading topology files.
2026-02-05 12:48:13,781 INFO:main.py:776:main_driver:Loading molecule: data/04_out/aligned_struct/Q42716.aligned.pdb
2026-02-05 12:48:13,792 INFO:main.py:781:main_driver:Setting up molecule.
2026-02-05 12:48:13,804 INFO:main.py:423:setup_molecule:Created biomolecule object with 502 residues and 4019 atoms.
2026-02-05 12:48:13,804 INFO:main.py:785:main_driver:Setting termini states for biomolecule chains.
2026-02-05 12:48:13,811 INFO:main.py:616:non_trivial:Loading forcefield.
2026-02-05 12:48:13,823 INFO:main.py:620:non_trivial:Loading hydrogen topology definitions.
2026-02-05 12:48:13,838 INFO:main.py:474:is_repairable:This biomolecule is clean.  No repair needed.
2026-02-05 12:48:13,838 INFO:main.py:635:non_trivial:Updating disulfide bridges.
2026-02-05 12:48:13,838 INFO:main.py:638:non_trivial:Debumping biomolecule.
2026-02-05 12:48:13,906 INFO:main.py:661:non_trivial:Adding hydrogens to biomolecule.
2026-02-05 12:48:14,101 INFO:main.py:664:non_trivial:Debumping biomolecule (again).
2026-02-05 12:48:14,365 INFO:main.py:666:non_trivial:Optimizing hydrogen bonds
2026-02-05 12:48:14,365 INFO:__init__.py:375:initialize_wat_optimization:Initializing water bonding optimization...
2026-02-05 12:48:14,445 INFO:main.py:678:non_trivial:Applying force field to biomolecule states.
2026-02-05 12:48:14,449 INFO:main.py:725:non_trivial:Regenerating headers.
2026-02-05 12:48:14,449 INFO:main.py:750:non_trivial:Regenerating PDB lines.
2026-02-05 12:48:14,472 WARNING:main.py:326:print_pqr:Ignoring 391 header lines in output.
