2026-02-05 12:29:16,964 INFO:main.py:246:print_splash_screen:PDB2PQR v3.7.1: biomolecular structure conversion software.
2026-02-05 12:29:16,964 INFO:main.py:248:print_splash_screen:Please cite:  Jurrus E, et al.  Improvements to the APBS biomolecular solvation software suite.  Protein Sci 27 112-128 (2018).
2026-02-05 12:29:16,964 INFO:main.py:248:print_splash_screen:Please cite:  Dolinsky TJ, et al.  PDB2PQR: expanding and upgrading automated preparation of biomolecular structures for molecular simulations. Nucleic Acids Res 35 W522-W525 (2007).
2026-02-05 12:29:16,964 INFO:main.py:770:main_driver:Checking and transforming input arguments.
2026-02-05 12:29:16,964 INFO:main.py:774:main_driver:Loading topology files.
2026-02-05 12:29:17,017 INFO:main.py:776:main_driver:Loading molecule: data/04_out/aligned_struct/Q43067.aligned.pdb
2026-02-05 12:29:17,029 INFO:main.py:781:main_driver:Setting up molecule.
2026-02-05 12:29:17,040 INFO:main.py:423:setup_molecule:Created biomolecule object with 505 residues and 4095 atoms.
2026-02-05 12:29:17,040 INFO:main.py:785:main_driver:Setting termini states for biomolecule chains.
2026-02-05 12:29:17,047 INFO:main.py:616:non_trivial:Loading forcefield.
2026-02-05 12:29:17,054 INFO:main.py:620:non_trivial:Loading hydrogen topology definitions.
2026-02-05 12:29:17,057 INFO:main.py:474:is_repairable:This biomolecule is clean.  No repair needed.
2026-02-05 12:29:17,057 INFO:main.py:635:non_trivial:Updating disulfide bridges.
2026-02-05 12:29:17,057 INFO:main.py:638:non_trivial:Debumping biomolecule.
2026-02-05 12:29:17,138 INFO:main.py:661:non_trivial:Adding hydrogens to biomolecule.
2026-02-05 12:29:17,391 INFO:main.py:664:non_trivial:Debumping biomolecule (again).
2026-02-05 12:29:17,742 INFO:main.py:666:non_trivial:Optimizing hydrogen bonds
2026-02-05 12:29:17,742 INFO:__init__.py:375:initialize_wat_optimization:Initializing water bonding optimization...
2026-02-05 12:29:17,846 INFO:main.py:678:non_trivial:Applying force field to biomolecule states.
2026-02-05 12:29:17,850 INFO:main.py:725:non_trivial:Regenerating headers.
2026-02-05 12:29:17,851 INFO:main.py:750:non_trivial:Regenerating PDB lines.
2026-02-05 12:29:17,882 WARNING:main.py:326:print_pqr:Ignoring 390 header lines in output.
2026-02-05 12:48:17,648 INFO:main.py:246:print_splash_screen:PDB2PQR v3.7.1: biomolecular structure conversion software.
2026-02-05 12:48:17,649 INFO:main.py:248:print_splash_screen:Please cite:  Jurrus E, et al.  Improvements to the APBS biomolecular solvation software suite.  Protein Sci 27 112-128 (2018).
2026-02-05 12:48:17,649 INFO:main.py:248:print_splash_screen:Please cite:  Dolinsky TJ, et al.  PDB2PQR: expanding and upgrading automated preparation of biomolecular structures for molecular simulations. Nucleic Acids Res 35 W522-W525 (2007).
2026-02-05 12:48:17,649 INFO:main.py:770:main_driver:Checking and transforming input arguments.
2026-02-05 12:48:17,649 INFO:main.py:774:main_driver:Loading topology files.
2026-02-05 12:48:17,682 INFO:main.py:776:main_driver:Loading molecule: data/04_out/aligned_struct/Q43067.aligned.pdb
2026-02-05 12:48:17,697 INFO:main.py:781:main_driver:Setting up molecule.
2026-02-05 12:48:17,706 INFO:main.py:423:setup_molecule:Created biomolecule object with 505 residues and 4095 atoms.
2026-02-05 12:48:17,706 INFO:main.py:785:main_driver:Setting termini states for biomolecule chains.
2026-02-05 12:48:17,715 INFO:main.py:616:non_trivial:Loading forcefield.
2026-02-05 12:48:17,722 INFO:main.py:620:non_trivial:Loading hydrogen topology definitions.
2026-02-05 12:48:17,725 INFO:main.py:474:is_repairable:This biomolecule is clean.  No repair needed.
2026-02-05 12:48:17,725 INFO:main.py:635:non_trivial:Updating disulfide bridges.
2026-02-05 12:48:17,725 INFO:main.py:638:non_trivial:Debumping biomolecule.
2026-02-05 12:48:17,806 INFO:main.py:661:non_trivial:Adding hydrogens to biomolecule.
2026-02-05 12:48:18,004 INFO:main.py:664:non_trivial:Debumping biomolecule (again).
2026-02-05 12:48:18,277 INFO:main.py:666:non_trivial:Optimizing hydrogen bonds
2026-02-05 12:48:18,277 INFO:__init__.py:375:initialize_wat_optimization:Initializing water bonding optimization...
2026-02-05 12:48:18,358 INFO:main.py:678:non_trivial:Applying force field to biomolecule states.
2026-02-05 12:48:18,361 INFO:main.py:725:non_trivial:Regenerating headers.
2026-02-05 12:48:18,362 INFO:main.py:750:non_trivial:Regenerating PDB lines.
2026-02-05 12:48:18,385 WARNING:main.py:326:print_pqr:Ignoring 390 header lines in output.
