2026-02-05 12:29:22,982 INFO:main.py:246:print_splash_screen:PDB2PQR v3.7.1: biomolecular structure conversion software.
2026-02-05 12:29:22,982 INFO:main.py:248:print_splash_screen:Please cite:  Jurrus E, et al.  Improvements to the APBS biomolecular solvation software suite.  Protein Sci 27 112-128 (2018).
2026-02-05 12:29:22,983 INFO:main.py:248:print_splash_screen:Please cite:  Dolinsky TJ, et al.  PDB2PQR: expanding and upgrading automated preparation of biomolecular structures for molecular simulations. Nucleic Acids Res 35 W522-W525 (2007).
2026-02-05 12:29:22,983 INFO:main.py:770:main_driver:Checking and transforming input arguments.
2026-02-05 12:29:22,983 INFO:main.py:774:main_driver:Loading topology files.
2026-02-05 12:29:23,025 INFO:main.py:776:main_driver:Loading molecule: data/04_out/aligned_struct/Q43255.aligned.pdb
2026-02-05 12:29:23,042 INFO:main.py:781:main_driver:Setting up molecule.
2026-02-05 12:29:23,051 INFO:main.py:423:setup_molecule:Created biomolecule object with 536 residues and 4210 atoms.
2026-02-05 12:29:23,052 INFO:main.py:785:main_driver:Setting termini states for biomolecule chains.
2026-02-05 12:29:23,058 INFO:main.py:616:non_trivial:Loading forcefield.
2026-02-05 12:29:23,071 INFO:main.py:620:non_trivial:Loading hydrogen topology definitions.
2026-02-05 12:29:23,078 INFO:main.py:474:is_repairable:This biomolecule is clean.  No repair needed.
2026-02-05 12:29:23,078 INFO:main.py:635:non_trivial:Updating disulfide bridges.
2026-02-05 12:29:23,078 INFO:main.py:638:non_trivial:Debumping biomolecule.
2026-02-05 12:29:23,162 INFO:main.py:661:non_trivial:Adding hydrogens to biomolecule.
2026-02-05 12:29:23,419 INFO:main.py:664:non_trivial:Debumping biomolecule (again).
2026-02-05 12:29:23,773 INFO:main.py:666:non_trivial:Optimizing hydrogen bonds
2026-02-05 12:29:23,773 INFO:__init__.py:375:initialize_wat_optimization:Initializing water bonding optimization...
2026-02-05 12:29:23,875 INFO:main.py:678:non_trivial:Applying force field to biomolecule states.
2026-02-05 12:29:23,879 INFO:main.py:725:non_trivial:Regenerating headers.
2026-02-05 12:29:23,880 INFO:main.py:750:non_trivial:Regenerating PDB lines.
2026-02-05 12:29:23,911 WARNING:main.py:326:print_pqr:Ignoring 391 header lines in output.
2026-02-05 12:48:22,508 INFO:main.py:246:print_splash_screen:PDB2PQR v3.7.1: biomolecular structure conversion software.
2026-02-05 12:48:22,509 INFO:main.py:248:print_splash_screen:Please cite:  Jurrus E, et al.  Improvements to the APBS biomolecular solvation software suite.  Protein Sci 27 112-128 (2018).
2026-02-05 12:48:22,509 INFO:main.py:248:print_splash_screen:Please cite:  Dolinsky TJ, et al.  PDB2PQR: expanding and upgrading automated preparation of biomolecular structures for molecular simulations. Nucleic Acids Res 35 W522-W525 (2007).
2026-02-05 12:48:22,509 INFO:main.py:770:main_driver:Checking and transforming input arguments.
2026-02-05 12:48:22,509 INFO:main.py:774:main_driver:Loading topology files.
2026-02-05 12:48:22,539 INFO:main.py:776:main_driver:Loading molecule: data/04_out/aligned_struct/Q43255.aligned.pdb
2026-02-05 12:48:22,557 INFO:main.py:781:main_driver:Setting up molecule.
2026-02-05 12:48:22,569 INFO:main.py:423:setup_molecule:Created biomolecule object with 536 residues and 4210 atoms.
2026-02-05 12:48:22,569 INFO:main.py:785:main_driver:Setting termini states for biomolecule chains.
2026-02-05 12:48:22,575 INFO:main.py:616:non_trivial:Loading forcefield.
2026-02-05 12:48:22,584 INFO:main.py:620:non_trivial:Loading hydrogen topology definitions.
2026-02-05 12:48:22,587 INFO:main.py:474:is_repairable:This biomolecule is clean.  No repair needed.
2026-02-05 12:48:22,587 INFO:main.py:635:non_trivial:Updating disulfide bridges.
2026-02-05 12:48:22,587 INFO:main.py:638:non_trivial:Debumping biomolecule.
2026-02-05 12:48:22,662 INFO:main.py:661:non_trivial:Adding hydrogens to biomolecule.
2026-02-05 12:48:22,862 INFO:main.py:664:non_trivial:Debumping biomolecule (again).
2026-02-05 12:48:23,133 INFO:main.py:666:non_trivial:Optimizing hydrogen bonds
2026-02-05 12:48:23,133 INFO:__init__.py:375:initialize_wat_optimization:Initializing water bonding optimization...
2026-02-05 12:48:23,212 INFO:main.py:678:non_trivial:Applying force field to biomolecule states.
2026-02-05 12:48:23,215 INFO:main.py:725:non_trivial:Regenerating headers.
2026-02-05 12:48:23,216 INFO:main.py:750:non_trivial:Regenerating PDB lines.
2026-02-05 12:48:23,240 WARNING:main.py:326:print_pqr:Ignoring 391 header lines in output.
