2026-02-05 12:29:30,280 INFO:main.py:246:print_splash_screen:PDB2PQR v3.7.1: biomolecular structure conversion software.
2026-02-05 12:29:30,281 INFO:main.py:248:print_splash_screen:Please cite:  Jurrus E, et al.  Improvements to the APBS biomolecular solvation software suite.  Protein Sci 27 112-128 (2018).
2026-02-05 12:29:30,281 INFO:main.py:248:print_splash_screen:Please cite:  Dolinsky TJ, et al.  PDB2PQR: expanding and upgrading automated preparation of biomolecular structures for molecular simulations. Nucleic Acids Res 35 W522-W525 (2007).
2026-02-05 12:29:30,281 INFO:main.py:770:main_driver:Checking and transforming input arguments.
2026-02-05 12:29:30,281 INFO:main.py:774:main_driver:Loading topology files.
2026-02-05 12:29:30,334 INFO:main.py:776:main_driver:Loading molecule: data/04_out/aligned_struct/Q50EK5.aligned.pdb
2026-02-05 12:29:30,346 INFO:main.py:781:main_driver:Setting up molecule.
2026-02-05 12:29:30,356 INFO:main.py:423:setup_molecule:Created biomolecule object with 487 residues and 3975 atoms.
2026-02-05 12:29:30,356 INFO:main.py:785:main_driver:Setting termini states for biomolecule chains.
2026-02-05 12:29:30,363 INFO:main.py:616:non_trivial:Loading forcefield.
2026-02-05 12:29:30,370 INFO:main.py:620:non_trivial:Loading hydrogen topology definitions.
2026-02-05 12:29:30,373 INFO:main.py:474:is_repairable:This biomolecule is clean.  No repair needed.
2026-02-05 12:29:30,373 INFO:main.py:635:non_trivial:Updating disulfide bridges.
2026-02-05 12:29:30,374 INFO:main.py:638:non_trivial:Debumping biomolecule.
2026-02-05 12:29:30,452 INFO:main.py:661:non_trivial:Adding hydrogens to biomolecule.
2026-02-05 12:29:30,703 INFO:main.py:664:non_trivial:Debumping biomolecule (again).
2026-02-05 12:29:31,042 INFO:main.py:666:non_trivial:Optimizing hydrogen bonds
2026-02-05 12:29:31,042 INFO:__init__.py:375:initialize_wat_optimization:Initializing water bonding optimization...
2026-02-05 12:29:31,153 INFO:main.py:678:non_trivial:Applying force field to biomolecule states.
2026-02-05 12:29:31,160 INFO:main.py:725:non_trivial:Regenerating headers.
2026-02-05 12:29:31,164 INFO:main.py:750:non_trivial:Regenerating PDB lines.
2026-02-05 12:29:31,193 WARNING:main.py:326:print_pqr:Ignoring 390 header lines in output.
2026-02-05 12:48:28,378 INFO:main.py:246:print_splash_screen:PDB2PQR v3.7.1: biomolecular structure conversion software.
2026-02-05 12:48:28,379 INFO:main.py:248:print_splash_screen:Please cite:  Jurrus E, et al.  Improvements to the APBS biomolecular solvation software suite.  Protein Sci 27 112-128 (2018).
2026-02-05 12:48:28,379 INFO:main.py:248:print_splash_screen:Please cite:  Dolinsky TJ, et al.  PDB2PQR: expanding and upgrading automated preparation of biomolecular structures for molecular simulations. Nucleic Acids Res 35 W522-W525 (2007).
2026-02-05 12:48:28,379 INFO:main.py:770:main_driver:Checking and transforming input arguments.
2026-02-05 12:48:28,379 INFO:main.py:774:main_driver:Loading topology files.
2026-02-05 12:48:28,421 INFO:main.py:776:main_driver:Loading molecule: data/04_out/aligned_struct/Q50EK5.aligned.pdb
2026-02-05 12:48:28,431 INFO:main.py:781:main_driver:Setting up molecule.
2026-02-05 12:48:28,441 INFO:main.py:423:setup_molecule:Created biomolecule object with 487 residues and 3975 atoms.
2026-02-05 12:48:28,441 INFO:main.py:785:main_driver:Setting termini states for biomolecule chains.
2026-02-05 12:48:28,448 INFO:main.py:616:non_trivial:Loading forcefield.
2026-02-05 12:48:28,454 INFO:main.py:620:non_trivial:Loading hydrogen topology definitions.
2026-02-05 12:48:28,456 INFO:main.py:474:is_repairable:This biomolecule is clean.  No repair needed.
2026-02-05 12:48:28,456 INFO:main.py:635:non_trivial:Updating disulfide bridges.
2026-02-05 12:48:28,457 INFO:main.py:638:non_trivial:Debumping biomolecule.
2026-02-05 12:48:28,530 INFO:main.py:661:non_trivial:Adding hydrogens to biomolecule.
2026-02-05 12:48:28,723 INFO:main.py:664:non_trivial:Debumping biomolecule (again).
2026-02-05 12:48:28,985 INFO:main.py:666:non_trivial:Optimizing hydrogen bonds
2026-02-05 12:48:28,985 INFO:__init__.py:375:initialize_wat_optimization:Initializing water bonding optimization...
2026-02-05 12:48:29,065 INFO:main.py:678:non_trivial:Applying force field to biomolecule states.
2026-02-05 12:48:29,068 INFO:main.py:725:non_trivial:Regenerating headers.
2026-02-05 12:48:29,069 INFO:main.py:750:non_trivial:Regenerating PDB lines.
2026-02-05 12:48:29,091 WARNING:main.py:326:print_pqr:Ignoring 390 header lines in output.
