2026-02-05 12:29:26,581 INFO:main.py:246:print_splash_screen:PDB2PQR v3.7.1: biomolecular structure conversion software.
2026-02-05 12:29:26,581 INFO:main.py:248:print_splash_screen:Please cite:  Jurrus E, et al.  Improvements to the APBS biomolecular solvation software suite.  Protein Sci 27 112-128 (2018).
2026-02-05 12:29:26,581 INFO:main.py:248:print_splash_screen:Please cite:  Dolinsky TJ, et al.  PDB2PQR: expanding and upgrading automated preparation of biomolecular structures for molecular simulations. Nucleic Acids Res 35 W522-W525 (2007).
2026-02-05 12:29:26,581 INFO:main.py:770:main_driver:Checking and transforming input arguments.
2026-02-05 12:29:26,582 INFO:main.py:774:main_driver:Loading topology files.
2026-02-05 12:29:26,619 INFO:main.py:776:main_driver:Loading molecule: data/04_out/aligned_struct/Q50EK1.aligned.pdb
2026-02-05 12:29:26,631 INFO:main.py:781:main_driver:Setting up molecule.
2026-02-05 12:29:26,642 INFO:main.py:423:setup_molecule:Created biomolecule object with 493 residues and 3977 atoms.
2026-02-05 12:29:26,643 INFO:main.py:785:main_driver:Setting termini states for biomolecule chains.
2026-02-05 12:29:26,654 INFO:main.py:616:non_trivial:Loading forcefield.
2026-02-05 12:29:26,661 INFO:main.py:620:non_trivial:Loading hydrogen topology definitions.
2026-02-05 12:29:26,672 INFO:main.py:474:is_repairable:This biomolecule is clean.  No repair needed.
2026-02-05 12:29:26,672 INFO:main.py:635:non_trivial:Updating disulfide bridges.
2026-02-05 12:29:26,672 INFO:main.py:638:non_trivial:Debumping biomolecule.
2026-02-05 12:29:26,758 INFO:main.py:661:non_trivial:Adding hydrogens to biomolecule.
2026-02-05 12:29:27,000 INFO:main.py:664:non_trivial:Debumping biomolecule (again).
2026-02-05 12:29:27,330 INFO:main.py:666:non_trivial:Optimizing hydrogen bonds
2026-02-05 12:29:27,330 INFO:__init__.py:375:initialize_wat_optimization:Initializing water bonding optimization...
2026-02-05 12:29:27,429 INFO:main.py:678:non_trivial:Applying force field to biomolecule states.
2026-02-05 12:29:27,433 INFO:main.py:725:non_trivial:Regenerating headers.
2026-02-05 12:29:27,434 INFO:main.py:750:non_trivial:Regenerating PDB lines.
2026-02-05 12:29:27,463 WARNING:main.py:326:print_pqr:Ignoring 390 header lines in output.
2026-02-05 12:48:25,462 INFO:main.py:246:print_splash_screen:PDB2PQR v3.7.1: biomolecular structure conversion software.
2026-02-05 12:48:25,463 INFO:main.py:248:print_splash_screen:Please cite:  Jurrus E, et al.  Improvements to the APBS biomolecular solvation software suite.  Protein Sci 27 112-128 (2018).
2026-02-05 12:48:25,463 INFO:main.py:248:print_splash_screen:Please cite:  Dolinsky TJ, et al.  PDB2PQR: expanding and upgrading automated preparation of biomolecular structures for molecular simulations. Nucleic Acids Res 35 W522-W525 (2007).
2026-02-05 12:48:25,463 INFO:main.py:770:main_driver:Checking and transforming input arguments.
2026-02-05 12:48:25,463 INFO:main.py:774:main_driver:Loading topology files.
2026-02-05 12:48:25,494 INFO:main.py:776:main_driver:Loading molecule: data/04_out/aligned_struct/Q50EK1.aligned.pdb
2026-02-05 12:48:25,511 INFO:main.py:781:main_driver:Setting up molecule.
2026-02-05 12:48:25,528 INFO:main.py:423:setup_molecule:Created biomolecule object with 493 residues and 3977 atoms.
2026-02-05 12:48:25,528 INFO:main.py:785:main_driver:Setting termini states for biomolecule chains.
2026-02-05 12:48:25,536 INFO:main.py:616:non_trivial:Loading forcefield.
2026-02-05 12:48:25,546 INFO:main.py:620:non_trivial:Loading hydrogen topology definitions.
2026-02-05 12:48:25,550 INFO:main.py:474:is_repairable:This biomolecule is clean.  No repair needed.
2026-02-05 12:48:25,550 INFO:main.py:635:non_trivial:Updating disulfide bridges.
2026-02-05 12:48:25,550 INFO:main.py:638:non_trivial:Debumping biomolecule.
2026-02-05 12:48:25,610 INFO:main.py:661:non_trivial:Adding hydrogens to biomolecule.
2026-02-05 12:48:25,799 INFO:main.py:664:non_trivial:Debumping biomolecule (again).
2026-02-05 12:48:26,062 INFO:main.py:666:non_trivial:Optimizing hydrogen bonds
2026-02-05 12:48:26,062 INFO:__init__.py:375:initialize_wat_optimization:Initializing water bonding optimization...
2026-02-05 12:48:26,140 INFO:main.py:678:non_trivial:Applying force field to biomolecule states.
2026-02-05 12:48:26,143 INFO:main.py:725:non_trivial:Regenerating headers.
2026-02-05 12:48:26,144 INFO:main.py:750:non_trivial:Regenerating PDB lines.
2026-02-05 12:48:26,168 WARNING:main.py:326:print_pqr:Ignoring 390 header lines in output.
