2026-02-05 12:29:25,429 INFO:main.py:246:print_splash_screen:PDB2PQR v3.7.1: biomolecular structure conversion software.
2026-02-05 12:29:25,429 INFO:main.py:248:print_splash_screen:Please cite:  Jurrus E, et al.  Improvements to the APBS biomolecular solvation software suite.  Protein Sci 27 112-128 (2018).
2026-02-05 12:29:25,430 INFO:main.py:248:print_splash_screen:Please cite:  Dolinsky TJ, et al.  PDB2PQR: expanding and upgrading automated preparation of biomolecular structures for molecular simulations. Nucleic Acids Res 35 W522-W525 (2007).
2026-02-05 12:29:25,430 INFO:main.py:770:main_driver:Checking and transforming input arguments.
2026-02-05 12:29:25,430 INFO:main.py:774:main_driver:Loading topology files.
2026-02-05 12:29:25,476 INFO:main.py:776:main_driver:Loading molecule: data/04_out/aligned_struct/Q50EK0.aligned.pdb
2026-02-05 12:29:25,487 INFO:main.py:781:main_driver:Setting up molecule.
2026-02-05 12:29:25,497 INFO:main.py:423:setup_molecule:Created biomolecule object with 497 residues and 3990 atoms.
2026-02-05 12:29:25,497 INFO:main.py:785:main_driver:Setting termini states for biomolecule chains.
2026-02-05 12:29:25,504 INFO:main.py:616:non_trivial:Loading forcefield.
2026-02-05 12:29:25,510 INFO:main.py:620:non_trivial:Loading hydrogen topology definitions.
2026-02-05 12:29:25,513 INFO:main.py:474:is_repairable:This biomolecule is clean.  No repair needed.
2026-02-05 12:29:25,513 INFO:main.py:635:non_trivial:Updating disulfide bridges.
2026-02-05 12:29:25,513 INFO:main.py:638:non_trivial:Debumping biomolecule.
2026-02-05 12:29:25,589 INFO:main.py:661:non_trivial:Adding hydrogens to biomolecule.
2026-02-05 12:29:25,831 INFO:main.py:664:non_trivial:Debumping biomolecule (again).
2026-02-05 12:29:26,164 INFO:main.py:666:non_trivial:Optimizing hydrogen bonds
2026-02-05 12:29:26,164 INFO:__init__.py:375:initialize_wat_optimization:Initializing water bonding optimization...
2026-02-05 12:29:26,263 INFO:main.py:678:non_trivial:Applying force field to biomolecule states.
2026-02-05 12:29:26,267 INFO:main.py:725:non_trivial:Regenerating headers.
2026-02-05 12:29:26,267 INFO:main.py:750:non_trivial:Regenerating PDB lines.
2026-02-05 12:29:26,296 WARNING:main.py:326:print_pqr:Ignoring 390 header lines in output.
2026-02-05 12:48:24,459 INFO:main.py:246:print_splash_screen:PDB2PQR v3.7.1: biomolecular structure conversion software.
2026-02-05 12:48:24,460 INFO:main.py:248:print_splash_screen:Please cite:  Jurrus E, et al.  Improvements to the APBS biomolecular solvation software suite.  Protein Sci 27 112-128 (2018).
2026-02-05 12:48:24,460 INFO:main.py:248:print_splash_screen:Please cite:  Dolinsky TJ, et al.  PDB2PQR: expanding and upgrading automated preparation of biomolecular structures for molecular simulations. Nucleic Acids Res 35 W522-W525 (2007).
2026-02-05 12:48:24,460 INFO:main.py:770:main_driver:Checking and transforming input arguments.
2026-02-05 12:48:24,460 INFO:main.py:774:main_driver:Loading topology files.
2026-02-05 12:48:24,500 INFO:main.py:776:main_driver:Loading molecule: data/04_out/aligned_struct/Q50EK0.aligned.pdb
2026-02-05 12:48:24,513 INFO:main.py:781:main_driver:Setting up molecule.
2026-02-05 12:48:24,561 INFO:main.py:423:setup_molecule:Created biomolecule object with 497 residues and 3990 atoms.
2026-02-05 12:48:24,561 INFO:main.py:785:main_driver:Setting termini states for biomolecule chains.
2026-02-05 12:48:24,568 INFO:main.py:616:non_trivial:Loading forcefield.
2026-02-05 12:48:24,573 INFO:main.py:620:non_trivial:Loading hydrogen topology definitions.
2026-02-05 12:48:24,578 INFO:main.py:474:is_repairable:This biomolecule is clean.  No repair needed.
2026-02-05 12:48:24,578 INFO:main.py:635:non_trivial:Updating disulfide bridges.
2026-02-05 12:48:24,578 INFO:main.py:638:non_trivial:Debumping biomolecule.
2026-02-05 12:48:24,638 INFO:main.py:661:non_trivial:Adding hydrogens to biomolecule.
2026-02-05 12:48:24,828 INFO:main.py:664:non_trivial:Debumping biomolecule (again).
2026-02-05 12:48:25,142 INFO:main.py:666:non_trivial:Optimizing hydrogen bonds
2026-02-05 12:48:25,142 INFO:__init__.py:375:initialize_wat_optimization:Initializing water bonding optimization...
2026-02-05 12:48:25,221 INFO:main.py:678:non_trivial:Applying force field to biomolecule states.
2026-02-05 12:48:25,224 INFO:main.py:725:non_trivial:Regenerating headers.
2026-02-05 12:48:25,225 INFO:main.py:750:non_trivial:Regenerating PDB lines.
2026-02-05 12:48:25,247 WARNING:main.py:326:print_pqr:Ignoring 390 header lines in output.
