2026-02-05 12:29:38,943 INFO:main.py:246:print_splash_screen:PDB2PQR v3.7.1: biomolecular structure conversion software.
2026-02-05 12:29:38,943 INFO:main.py:248:print_splash_screen:Please cite:  Jurrus E, et al.  Improvements to the APBS biomolecular solvation software suite.  Protein Sci 27 112-128 (2018).
2026-02-05 12:29:38,943 INFO:main.py:248:print_splash_screen:Please cite:  Dolinsky TJ, et al.  PDB2PQR: expanding and upgrading automated preparation of biomolecular structures for molecular simulations. Nucleic Acids Res 35 W522-W525 (2007).
2026-02-05 12:29:38,943 INFO:main.py:770:main_driver:Checking and transforming input arguments.
2026-02-05 12:29:38,943 INFO:main.py:774:main_driver:Loading topology files.
2026-02-05 12:29:38,989 INFO:main.py:776:main_driver:Loading molecule: data/04_out/aligned_struct/Q5VRI5.aligned.pdb
2026-02-05 12:29:39,001 INFO:main.py:781:main_driver:Setting up molecule.
2026-02-05 12:29:39,011 INFO:main.py:423:setup_molecule:Created biomolecule object with 518 residues and 3983 atoms.
2026-02-05 12:29:39,012 INFO:main.py:785:main_driver:Setting termini states for biomolecule chains.
2026-02-05 12:29:39,019 INFO:main.py:616:non_trivial:Loading forcefield.
2026-02-05 12:29:39,026 INFO:main.py:620:non_trivial:Loading hydrogen topology definitions.
2026-02-05 12:29:39,029 INFO:main.py:474:is_repairable:This biomolecule is clean.  No repair needed.
2026-02-05 12:29:39,029 INFO:main.py:635:non_trivial:Updating disulfide bridges.
2026-02-05 12:29:39,029 INFO:main.py:638:non_trivial:Debumping biomolecule.
2026-02-05 12:29:39,104 INFO:main.py:661:non_trivial:Adding hydrogens to biomolecule.
2026-02-05 12:29:39,351 INFO:main.py:664:non_trivial:Debumping biomolecule (again).
2026-02-05 12:29:39,688 INFO:main.py:666:non_trivial:Optimizing hydrogen bonds
2026-02-05 12:29:39,688 INFO:__init__.py:375:initialize_wat_optimization:Initializing water bonding optimization...
2026-02-05 12:29:39,783 INFO:main.py:678:non_trivial:Applying force field to biomolecule states.
2026-02-05 12:29:39,787 INFO:main.py:725:non_trivial:Regenerating headers.
2026-02-05 12:29:39,788 INFO:main.py:750:non_trivial:Regenerating PDB lines.
2026-02-05 12:29:39,817 WARNING:main.py:326:print_pqr:Ignoring 390 header lines in output.
2026-02-05 12:48:35,098 INFO:main.py:246:print_splash_screen:PDB2PQR v3.7.1: biomolecular structure conversion software.
2026-02-05 12:48:35,099 INFO:main.py:248:print_splash_screen:Please cite:  Jurrus E, et al.  Improvements to the APBS biomolecular solvation software suite.  Protein Sci 27 112-128 (2018).
2026-02-05 12:48:35,099 INFO:main.py:248:print_splash_screen:Please cite:  Dolinsky TJ, et al.  PDB2PQR: expanding and upgrading automated preparation of biomolecular structures for molecular simulations. Nucleic Acids Res 35 W522-W525 (2007).
2026-02-05 12:48:35,099 INFO:main.py:770:main_driver:Checking and transforming input arguments.
2026-02-05 12:48:35,099 INFO:main.py:774:main_driver:Loading topology files.
2026-02-05 12:48:35,134 INFO:main.py:776:main_driver:Loading molecule: data/04_out/aligned_struct/Q5VRI5.aligned.pdb
2026-02-05 12:48:35,146 INFO:main.py:781:main_driver:Setting up molecule.
2026-02-05 12:48:35,156 INFO:main.py:423:setup_molecule:Created biomolecule object with 518 residues and 3983 atoms.
2026-02-05 12:48:35,156 INFO:main.py:785:main_driver:Setting termini states for biomolecule chains.
2026-02-05 12:48:35,165 INFO:main.py:616:non_trivial:Loading forcefield.
2026-02-05 12:48:35,170 INFO:main.py:620:non_trivial:Loading hydrogen topology definitions.
2026-02-05 12:48:35,173 INFO:main.py:474:is_repairable:This biomolecule is clean.  No repair needed.
2026-02-05 12:48:35,173 INFO:main.py:635:non_trivial:Updating disulfide bridges.
2026-02-05 12:48:35,174 INFO:main.py:638:non_trivial:Debumping biomolecule.
2026-02-05 12:48:35,235 INFO:main.py:661:non_trivial:Adding hydrogens to biomolecule.
2026-02-05 12:48:35,423 INFO:main.py:664:non_trivial:Debumping biomolecule (again).
2026-02-05 12:48:35,684 INFO:main.py:666:non_trivial:Optimizing hydrogen bonds
2026-02-05 12:48:35,684 INFO:__init__.py:375:initialize_wat_optimization:Initializing water bonding optimization...
2026-02-05 12:48:35,757 INFO:main.py:678:non_trivial:Applying force field to biomolecule states.
2026-02-05 12:48:35,760 INFO:main.py:725:non_trivial:Regenerating headers.
2026-02-05 12:48:35,761 INFO:main.py:750:non_trivial:Regenerating PDB lines.
2026-02-05 12:48:35,785 WARNING:main.py:326:print_pqr:Ignoring 390 header lines in output.
