2026-02-05 12:29:42,637 INFO:main.py:246:print_splash_screen:PDB2PQR v3.7.1: biomolecular structure conversion software.
2026-02-05 12:29:42,637 INFO:main.py:248:print_splash_screen:Please cite:  Jurrus E, et al.  Improvements to the APBS biomolecular solvation software suite.  Protein Sci 27 112-128 (2018).
2026-02-05 12:29:42,637 INFO:main.py:248:print_splash_screen:Please cite:  Dolinsky TJ, et al.  PDB2PQR: expanding and upgrading automated preparation of biomolecular structures for molecular simulations. Nucleic Acids Res 35 W522-W525 (2007).
2026-02-05 12:29:42,637 INFO:main.py:770:main_driver:Checking and transforming input arguments.
2026-02-05 12:29:42,637 INFO:main.py:774:main_driver:Loading topology files.
2026-02-05 12:29:42,673 INFO:main.py:776:main_driver:Loading molecule: data/04_out/aligned_struct/Q5Z5S6.aligned.pdb
2026-02-05 12:29:42,686 INFO:main.py:781:main_driver:Setting up molecule.
2026-02-05 12:29:42,696 INFO:main.py:423:setup_molecule:Created biomolecule object with 503 residues and 3953 atoms.
2026-02-05 12:29:42,697 INFO:main.py:785:main_driver:Setting termini states for biomolecule chains.
2026-02-05 12:29:42,704 INFO:main.py:616:non_trivial:Loading forcefield.
2026-02-05 12:29:42,710 INFO:main.py:620:non_trivial:Loading hydrogen topology definitions.
2026-02-05 12:29:42,713 INFO:main.py:474:is_repairable:This biomolecule is clean.  No repair needed.
2026-02-05 12:29:42,713 INFO:main.py:635:non_trivial:Updating disulfide bridges.
2026-02-05 12:29:42,714 INFO:main.py:638:non_trivial:Debumping biomolecule.
2026-02-05 12:29:42,788 INFO:main.py:661:non_trivial:Adding hydrogens to biomolecule.
2026-02-05 12:29:43,031 INFO:main.py:664:non_trivial:Debumping biomolecule (again).
2026-02-05 12:29:43,362 INFO:main.py:666:non_trivial:Optimizing hydrogen bonds
2026-02-05 12:29:43,362 INFO:__init__.py:375:initialize_wat_optimization:Initializing water bonding optimization...
2026-02-05 12:29:43,460 INFO:main.py:678:non_trivial:Applying force field to biomolecule states.
2026-02-05 12:29:43,464 INFO:main.py:725:non_trivial:Regenerating headers.
2026-02-05 12:29:43,465 INFO:main.py:750:non_trivial:Regenerating PDB lines.
2026-02-05 12:29:43,493 WARNING:main.py:326:print_pqr:Ignoring 391 header lines in output.
2026-02-05 12:48:37,940 INFO:main.py:246:print_splash_screen:PDB2PQR v3.7.1: biomolecular structure conversion software.
2026-02-05 12:48:37,941 INFO:main.py:248:print_splash_screen:Please cite:  Jurrus E, et al.  Improvements to the APBS biomolecular solvation software suite.  Protein Sci 27 112-128 (2018).
2026-02-05 12:48:37,941 INFO:main.py:248:print_splash_screen:Please cite:  Dolinsky TJ, et al.  PDB2PQR: expanding and upgrading automated preparation of biomolecular structures for molecular simulations. Nucleic Acids Res 35 W522-W525 (2007).
2026-02-05 12:48:37,941 INFO:main.py:770:main_driver:Checking and transforming input arguments.
2026-02-05 12:48:37,941 INFO:main.py:774:main_driver:Loading topology files.
2026-02-05 12:48:37,982 INFO:main.py:776:main_driver:Loading molecule: data/04_out/aligned_struct/Q5Z5S6.aligned.pdb
2026-02-05 12:48:37,991 INFO:main.py:781:main_driver:Setting up molecule.
2026-02-05 12:48:38,000 INFO:main.py:423:setup_molecule:Created biomolecule object with 503 residues and 3953 atoms.
2026-02-05 12:48:38,001 INFO:main.py:785:main_driver:Setting termini states for biomolecule chains.
2026-02-05 12:48:38,008 INFO:main.py:616:non_trivial:Loading forcefield.
2026-02-05 12:48:38,013 INFO:main.py:620:non_trivial:Loading hydrogen topology definitions.
2026-02-05 12:48:38,016 INFO:main.py:474:is_repairable:This biomolecule is clean.  No repair needed.
2026-02-05 12:48:38,016 INFO:main.py:635:non_trivial:Updating disulfide bridges.
2026-02-05 12:48:38,016 INFO:main.py:638:non_trivial:Debumping biomolecule.
2026-02-05 12:48:38,076 INFO:main.py:661:non_trivial:Adding hydrogens to biomolecule.
2026-02-05 12:48:38,262 INFO:main.py:664:non_trivial:Debumping biomolecule (again).
2026-02-05 12:48:38,519 INFO:main.py:666:non_trivial:Optimizing hydrogen bonds
2026-02-05 12:48:38,519 INFO:__init__.py:375:initialize_wat_optimization:Initializing water bonding optimization...
2026-02-05 12:48:38,597 INFO:main.py:678:non_trivial:Applying force field to biomolecule states.
2026-02-05 12:48:38,600 INFO:main.py:725:non_trivial:Regenerating headers.
2026-02-05 12:48:38,600 INFO:main.py:750:non_trivial:Regenerating PDB lines.
2026-02-05 12:48:38,623 WARNING:main.py:326:print_pqr:Ignoring 391 header lines in output.
