2026-02-05 12:29:46,136 INFO:main.py:246:print_splash_screen:PDB2PQR v3.7.1: biomolecular structure conversion software.
2026-02-05 12:29:46,136 INFO:main.py:248:print_splash_screen:Please cite:  Jurrus E, et al.  Improvements to the APBS biomolecular solvation software suite.  Protein Sci 27 112-128 (2018).
2026-02-05 12:29:46,136 INFO:main.py:248:print_splash_screen:Please cite:  Dolinsky TJ, et al.  PDB2PQR: expanding and upgrading automated preparation of biomolecular structures for molecular simulations. Nucleic Acids Res 35 W522-W525 (2007).
2026-02-05 12:29:46,136 INFO:main.py:770:main_driver:Checking and transforming input arguments.
2026-02-05 12:29:46,137 INFO:main.py:774:main_driver:Loading topology files.
2026-02-05 12:29:46,180 INFO:main.py:776:main_driver:Loading molecule: data/04_out/aligned_struct/Q6F4F5.aligned.pdb
2026-02-05 12:29:46,192 INFO:main.py:781:main_driver:Setting up molecule.
2026-02-05 12:29:46,208 INFO:main.py:423:setup_molecule:Created biomolecule object with 480 residues and 3787 atoms.
2026-02-05 12:29:46,208 INFO:main.py:785:main_driver:Setting termini states for biomolecule chains.
2026-02-05 12:29:46,214 INFO:main.py:616:non_trivial:Loading forcefield.
2026-02-05 12:29:46,227 INFO:main.py:620:non_trivial:Loading hydrogen topology definitions.
2026-02-05 12:29:46,230 INFO:main.py:474:is_repairable:This biomolecule is clean.  No repair needed.
2026-02-05 12:29:46,230 INFO:main.py:635:non_trivial:Updating disulfide bridges.
2026-02-05 12:29:46,231 INFO:main.py:638:non_trivial:Debumping biomolecule.
2026-02-05 12:29:46,305 INFO:main.py:661:non_trivial:Adding hydrogens to biomolecule.
2026-02-05 12:29:46,540 INFO:main.py:664:non_trivial:Debumping biomolecule (again).
2026-02-05 12:29:46,863 INFO:main.py:666:non_trivial:Optimizing hydrogen bonds
2026-02-05 12:29:46,863 INFO:__init__.py:375:initialize_wat_optimization:Initializing water bonding optimization...
2026-02-05 12:29:46,959 INFO:main.py:678:non_trivial:Applying force field to biomolecule states.
2026-02-05 12:29:46,963 INFO:main.py:725:non_trivial:Regenerating headers.
2026-02-05 12:29:46,964 INFO:main.py:750:non_trivial:Regenerating PDB lines.
2026-02-05 12:29:46,992 WARNING:main.py:326:print_pqr:Ignoring 390 header lines in output.
2026-02-05 12:48:40,742 INFO:main.py:246:print_splash_screen:PDB2PQR v3.7.1: biomolecular structure conversion software.
2026-02-05 12:48:40,743 INFO:main.py:248:print_splash_screen:Please cite:  Jurrus E, et al.  Improvements to the APBS biomolecular solvation software suite.  Protein Sci 27 112-128 (2018).
2026-02-05 12:48:40,743 INFO:main.py:248:print_splash_screen:Please cite:  Dolinsky TJ, et al.  PDB2PQR: expanding and upgrading automated preparation of biomolecular structures for molecular simulations. Nucleic Acids Res 35 W522-W525 (2007).
2026-02-05 12:48:40,743 INFO:main.py:770:main_driver:Checking and transforming input arguments.
2026-02-05 12:48:40,743 INFO:main.py:774:main_driver:Loading topology files.
2026-02-05 12:48:40,772 INFO:main.py:776:main_driver:Loading molecule: data/04_out/aligned_struct/Q6F4F5.aligned.pdb
2026-02-05 12:48:40,781 INFO:main.py:781:main_driver:Setting up molecule.
2026-02-05 12:48:40,790 INFO:main.py:423:setup_molecule:Created biomolecule object with 480 residues and 3787 atoms.
2026-02-05 12:48:40,790 INFO:main.py:785:main_driver:Setting termini states for biomolecule chains.
2026-02-05 12:48:40,795 INFO:main.py:616:non_trivial:Loading forcefield.
2026-02-05 12:48:40,804 INFO:main.py:620:non_trivial:Loading hydrogen topology definitions.
2026-02-05 12:48:40,807 INFO:main.py:474:is_repairable:This biomolecule is clean.  No repair needed.
2026-02-05 12:48:40,807 INFO:main.py:635:non_trivial:Updating disulfide bridges.
2026-02-05 12:48:40,807 INFO:main.py:638:non_trivial:Debumping biomolecule.
2026-02-05 12:48:40,888 INFO:main.py:661:non_trivial:Adding hydrogens to biomolecule.
2026-02-05 12:48:41,072 INFO:main.py:664:non_trivial:Debumping biomolecule (again).
2026-02-05 12:48:41,328 INFO:main.py:666:non_trivial:Optimizing hydrogen bonds
2026-02-05 12:48:41,328 INFO:__init__.py:375:initialize_wat_optimization:Initializing water bonding optimization...
2026-02-05 12:48:41,403 INFO:main.py:678:non_trivial:Applying force field to biomolecule states.
2026-02-05 12:48:41,406 INFO:main.py:725:non_trivial:Regenerating headers.
2026-02-05 12:48:41,406 INFO:main.py:750:non_trivial:Regenerating PDB lines.
2026-02-05 12:48:41,429 WARNING:main.py:326:print_pqr:Ignoring 390 header lines in output.
