2026-02-05 12:29:48,572 INFO:main.py:246:print_splash_screen:PDB2PQR v3.7.1: biomolecular structure conversion software.
2026-02-05 12:29:48,573 INFO:main.py:248:print_splash_screen:Please cite:  Jurrus E, et al.  Improvements to the APBS biomolecular solvation software suite.  Protein Sci 27 112-128 (2018).
2026-02-05 12:29:48,573 INFO:main.py:248:print_splash_screen:Please cite:  Dolinsky TJ, et al.  PDB2PQR: expanding and upgrading automated preparation of biomolecular structures for molecular simulations. Nucleic Acids Res 35 W522-W525 (2007).
2026-02-05 12:29:48,573 INFO:main.py:770:main_driver:Checking and transforming input arguments.
2026-02-05 12:29:48,573 INFO:main.py:774:main_driver:Loading topology files.
2026-02-05 12:29:48,612 INFO:main.py:776:main_driver:Loading molecule: data/04_out/aligned_struct/Q6NKZ8.aligned.pdb
2026-02-05 12:29:48,628 INFO:main.py:781:main_driver:Setting up molecule.
2026-02-05 12:29:48,642 INFO:main.py:423:setup_molecule:Created biomolecule object with 525 residues and 4165 atoms.
2026-02-05 12:29:48,642 INFO:main.py:785:main_driver:Setting termini states for biomolecule chains.
2026-02-05 12:29:48,651 INFO:main.py:616:non_trivial:Loading forcefield.
2026-02-05 12:29:48,657 INFO:main.py:620:non_trivial:Loading hydrogen topology definitions.
2026-02-05 12:29:48,660 INFO:main.py:474:is_repairable:This biomolecule is clean.  No repair needed.
2026-02-05 12:29:48,660 INFO:main.py:635:non_trivial:Updating disulfide bridges.
2026-02-05 12:29:48,661 INFO:main.py:638:non_trivial:Debumping biomolecule.
2026-02-05 12:29:48,742 INFO:main.py:661:non_trivial:Adding hydrogens to biomolecule.
2026-02-05 12:29:48,997 INFO:main.py:664:non_trivial:Debumping biomolecule (again).
2026-02-05 12:29:49,386 INFO:main.py:666:non_trivial:Optimizing hydrogen bonds
2026-02-05 12:29:49,386 INFO:__init__.py:375:initialize_wat_optimization:Initializing water bonding optimization...
2026-02-05 12:29:49,491 INFO:main.py:678:non_trivial:Applying force field to biomolecule states.
2026-02-05 12:29:49,496 INFO:main.py:725:non_trivial:Regenerating headers.
2026-02-05 12:29:49,496 INFO:main.py:750:non_trivial:Regenerating PDB lines.
2026-02-05 12:29:49,526 WARNING:main.py:326:print_pqr:Ignoring 390 header lines in output.
2026-02-05 12:48:42,679 INFO:main.py:246:print_splash_screen:PDB2PQR v3.7.1: biomolecular structure conversion software.
2026-02-05 12:48:42,681 INFO:main.py:248:print_splash_screen:Please cite:  Jurrus E, et al.  Improvements to the APBS biomolecular solvation software suite.  Protein Sci 27 112-128 (2018).
2026-02-05 12:48:42,682 INFO:main.py:248:print_splash_screen:Please cite:  Dolinsky TJ, et al.  PDB2PQR: expanding and upgrading automated preparation of biomolecular structures for molecular simulations. Nucleic Acids Res 35 W522-W525 (2007).
2026-02-05 12:48:42,682 INFO:main.py:770:main_driver:Checking and transforming input arguments.
2026-02-05 12:48:42,682 INFO:main.py:774:main_driver:Loading topology files.
2026-02-05 12:48:42,720 INFO:main.py:776:main_driver:Loading molecule: data/04_out/aligned_struct/Q6NKZ8.aligned.pdb
2026-02-05 12:48:42,730 INFO:main.py:781:main_driver:Setting up molecule.
2026-02-05 12:48:42,738 INFO:main.py:423:setup_molecule:Created biomolecule object with 525 residues and 4165 atoms.
2026-02-05 12:48:42,738 INFO:main.py:785:main_driver:Setting termini states for biomolecule chains.
2026-02-05 12:48:42,746 INFO:main.py:616:non_trivial:Loading forcefield.
2026-02-05 12:48:42,754 INFO:main.py:620:non_trivial:Loading hydrogen topology definitions.
2026-02-05 12:48:42,756 INFO:main.py:474:is_repairable:This biomolecule is clean.  No repair needed.
2026-02-05 12:48:42,756 INFO:main.py:635:non_trivial:Updating disulfide bridges.
2026-02-05 12:48:42,757 INFO:main.py:638:non_trivial:Debumping biomolecule.
2026-02-05 12:48:42,819 INFO:main.py:661:non_trivial:Adding hydrogens to biomolecule.
2026-02-05 12:48:43,016 INFO:main.py:664:non_trivial:Debumping biomolecule (again).
2026-02-05 12:48:43,287 INFO:main.py:666:non_trivial:Optimizing hydrogen bonds
2026-02-05 12:48:43,287 INFO:__init__.py:375:initialize_wat_optimization:Initializing water bonding optimization...
2026-02-05 12:48:43,372 INFO:main.py:678:non_trivial:Applying force field to biomolecule states.
2026-02-05 12:48:43,376 INFO:main.py:725:non_trivial:Regenerating headers.
2026-02-05 12:48:43,376 INFO:main.py:750:non_trivial:Regenerating PDB lines.
2026-02-05 12:48:43,400 WARNING:main.py:326:print_pqr:Ignoring 390 header lines in output.
