2026-02-05 12:29:52,157 INFO:main.py:246:print_splash_screen:PDB2PQR v3.7.1: biomolecular structure conversion software.
2026-02-05 12:29:52,157 INFO:main.py:248:print_splash_screen:Please cite:  Jurrus E, et al.  Improvements to the APBS biomolecular solvation software suite.  Protein Sci 27 112-128 (2018).
2026-02-05 12:29:52,157 INFO:main.py:248:print_splash_screen:Please cite:  Dolinsky TJ, et al.  PDB2PQR: expanding and upgrading automated preparation of biomolecular structures for molecular simulations. Nucleic Acids Res 35 W522-W525 (2007).
2026-02-05 12:29:52,157 INFO:main.py:770:main_driver:Checking and transforming input arguments.
2026-02-05 12:29:52,157 INFO:main.py:774:main_driver:Loading topology files.
2026-02-05 12:29:52,202 INFO:main.py:776:main_driver:Loading molecule: data/04_out/aligned_struct/Q6WKZ1.aligned.pdb
2026-02-05 12:29:52,214 INFO:main.py:781:main_driver:Setting up molecule.
2026-02-05 12:29:52,224 INFO:main.py:423:setup_molecule:Created biomolecule object with 496 residues and 3956 atoms.
2026-02-05 12:29:52,224 INFO:main.py:785:main_driver:Setting termini states for biomolecule chains.
2026-02-05 12:29:52,233 INFO:main.py:616:non_trivial:Loading forcefield.
2026-02-05 12:29:52,239 INFO:main.py:620:non_trivial:Loading hydrogen topology definitions.
2026-02-05 12:29:52,243 INFO:main.py:474:is_repairable:This biomolecule is clean.  No repair needed.
2026-02-05 12:29:52,243 INFO:main.py:635:non_trivial:Updating disulfide bridges.
2026-02-05 12:29:52,243 INFO:main.py:638:non_trivial:Debumping biomolecule.
2026-02-05 12:29:52,327 INFO:main.py:661:non_trivial:Adding hydrogens to biomolecule.
2026-02-05 12:29:52,572 INFO:main.py:664:non_trivial:Debumping biomolecule (again).
2026-02-05 12:29:52,912 INFO:main.py:666:non_trivial:Optimizing hydrogen bonds
2026-02-05 12:29:52,912 INFO:__init__.py:375:initialize_wat_optimization:Initializing water bonding optimization...
2026-02-05 12:29:53,013 INFO:main.py:678:non_trivial:Applying force field to biomolecule states.
2026-02-05 12:29:53,017 INFO:main.py:725:non_trivial:Regenerating headers.
2026-02-05 12:29:53,018 INFO:main.py:750:non_trivial:Regenerating PDB lines.
2026-02-05 12:29:53,046 WARNING:main.py:326:print_pqr:Ignoring 390 header lines in output.
2026-02-05 12:48:45,559 INFO:main.py:246:print_splash_screen:PDB2PQR v3.7.1: biomolecular structure conversion software.
2026-02-05 12:48:45,560 INFO:main.py:248:print_splash_screen:Please cite:  Jurrus E, et al.  Improvements to the APBS biomolecular solvation software suite.  Protein Sci 27 112-128 (2018).
2026-02-05 12:48:45,561 INFO:main.py:248:print_splash_screen:Please cite:  Dolinsky TJ, et al.  PDB2PQR: expanding and upgrading automated preparation of biomolecular structures for molecular simulations. Nucleic Acids Res 35 W522-W525 (2007).
2026-02-05 12:48:45,561 INFO:main.py:770:main_driver:Checking and transforming input arguments.
2026-02-05 12:48:45,561 INFO:main.py:774:main_driver:Loading topology files.
2026-02-05 12:48:45,602 INFO:main.py:776:main_driver:Loading molecule: data/04_out/aligned_struct/Q6WKZ1.aligned.pdb
2026-02-05 12:48:45,615 INFO:main.py:781:main_driver:Setting up molecule.
2026-02-05 12:48:45,623 INFO:main.py:423:setup_molecule:Created biomolecule object with 496 residues and 3956 atoms.
2026-02-05 12:48:45,623 INFO:main.py:785:main_driver:Setting termini states for biomolecule chains.
2026-02-05 12:48:45,633 INFO:main.py:616:non_trivial:Loading forcefield.
2026-02-05 12:48:45,643 INFO:main.py:620:non_trivial:Loading hydrogen topology definitions.
2026-02-05 12:48:45,649 INFO:main.py:474:is_repairable:This biomolecule is clean.  No repair needed.
2026-02-05 12:48:45,650 INFO:main.py:635:non_trivial:Updating disulfide bridges.
2026-02-05 12:48:45,651 INFO:main.py:638:non_trivial:Debumping biomolecule.
2026-02-05 12:48:45,719 INFO:main.py:661:non_trivial:Adding hydrogens to biomolecule.
2026-02-05 12:48:45,910 INFO:main.py:664:non_trivial:Debumping biomolecule (again).
2026-02-05 12:48:46,168 INFO:main.py:666:non_trivial:Optimizing hydrogen bonds
2026-02-05 12:48:46,168 INFO:__init__.py:375:initialize_wat_optimization:Initializing water bonding optimization...
2026-02-05 12:48:46,246 INFO:main.py:678:non_trivial:Applying force field to biomolecule states.
2026-02-05 12:48:46,249 INFO:main.py:725:non_trivial:Regenerating headers.
2026-02-05 12:48:46,250 INFO:main.py:750:non_trivial:Regenerating PDB lines.
2026-02-05 12:48:46,273 WARNING:main.py:326:print_pqr:Ignoring 390 header lines in output.
