2026-02-05 12:29:51,011 INFO:main.py:246:print_splash_screen:PDB2PQR v3.7.1: biomolecular structure conversion software.
2026-02-05 12:29:51,011 INFO:main.py:248:print_splash_screen:Please cite:  Jurrus E, et al.  Improvements to the APBS biomolecular solvation software suite.  Protein Sci 27 112-128 (2018).
2026-02-05 12:29:51,011 INFO:main.py:248:print_splash_screen:Please cite:  Dolinsky TJ, et al.  PDB2PQR: expanding and upgrading automated preparation of biomolecular structures for molecular simulations. Nucleic Acids Res 35 W522-W525 (2007).
2026-02-05 12:29:51,011 INFO:main.py:770:main_driver:Checking and transforming input arguments.
2026-02-05 12:29:51,011 INFO:main.py:774:main_driver:Loading topology files.
2026-02-05 12:29:51,052 INFO:main.py:776:main_driver:Loading molecule: data/04_out/aligned_struct/Q6WKZ0.aligned.pdb
2026-02-05 12:29:51,065 INFO:main.py:781:main_driver:Setting up molecule.
2026-02-05 12:29:51,077 INFO:main.py:423:setup_molecule:Created biomolecule object with 494 residues and 3968 atoms.
2026-02-05 12:29:51,077 INFO:main.py:785:main_driver:Setting termini states for biomolecule chains.
2026-02-05 12:29:51,084 INFO:main.py:616:non_trivial:Loading forcefield.
2026-02-05 12:29:51,090 INFO:main.py:620:non_trivial:Loading hydrogen topology definitions.
2026-02-05 12:29:51,093 INFO:main.py:474:is_repairable:This biomolecule is clean.  No repair needed.
2026-02-05 12:29:51,093 INFO:main.py:635:non_trivial:Updating disulfide bridges.
2026-02-05 12:29:51,093 INFO:main.py:638:non_trivial:Debumping biomolecule.
2026-02-05 12:29:51,170 INFO:main.py:661:non_trivial:Adding hydrogens to biomolecule.
2026-02-05 12:29:51,412 INFO:main.py:664:non_trivial:Debumping biomolecule (again).
2026-02-05 12:29:51,745 INFO:main.py:666:non_trivial:Optimizing hydrogen bonds
2026-02-05 12:29:51,745 INFO:__init__.py:375:initialize_wat_optimization:Initializing water bonding optimization...
2026-02-05 12:29:51,845 INFO:main.py:678:non_trivial:Applying force field to biomolecule states.
2026-02-05 12:29:51,849 INFO:main.py:725:non_trivial:Regenerating headers.
2026-02-05 12:29:51,850 INFO:main.py:750:non_trivial:Regenerating PDB lines.
2026-02-05 12:29:51,879 WARNING:main.py:326:print_pqr:Ignoring 390 header lines in output.
2026-02-05 12:48:44,647 INFO:main.py:246:print_splash_screen:PDB2PQR v3.7.1: biomolecular structure conversion software.
2026-02-05 12:48:44,648 INFO:main.py:248:print_splash_screen:Please cite:  Jurrus E, et al.  Improvements to the APBS biomolecular solvation software suite.  Protein Sci 27 112-128 (2018).
2026-02-05 12:48:44,648 INFO:main.py:248:print_splash_screen:Please cite:  Dolinsky TJ, et al.  PDB2PQR: expanding and upgrading automated preparation of biomolecular structures for molecular simulations. Nucleic Acids Res 35 W522-W525 (2007).
2026-02-05 12:48:44,648 INFO:main.py:770:main_driver:Checking and transforming input arguments.
2026-02-05 12:48:44,648 INFO:main.py:774:main_driver:Loading topology files.
2026-02-05 12:48:44,679 INFO:main.py:776:main_driver:Loading molecule: data/04_out/aligned_struct/Q6WKZ0.aligned.pdb
2026-02-05 12:48:44,689 INFO:main.py:781:main_driver:Setting up molecule.
2026-02-05 12:48:44,697 INFO:main.py:423:setup_molecule:Created biomolecule object with 494 residues and 3968 atoms.
2026-02-05 12:48:44,698 INFO:main.py:785:main_driver:Setting termini states for biomolecule chains.
2026-02-05 12:48:44,705 INFO:main.py:616:non_trivial:Loading forcefield.
2026-02-05 12:48:44,710 INFO:main.py:620:non_trivial:Loading hydrogen topology definitions.
2026-02-05 12:48:44,716 INFO:main.py:474:is_repairable:This biomolecule is clean.  No repair needed.
2026-02-05 12:48:44,716 INFO:main.py:635:non_trivial:Updating disulfide bridges.
2026-02-05 12:48:44,716 INFO:main.py:638:non_trivial:Debumping biomolecule.
2026-02-05 12:48:44,777 INFO:main.py:661:non_trivial:Adding hydrogens to biomolecule.
2026-02-05 12:48:44,966 INFO:main.py:664:non_trivial:Debumping biomolecule (again).
2026-02-05 12:48:45,231 INFO:main.py:666:non_trivial:Optimizing hydrogen bonds
2026-02-05 12:48:45,231 INFO:__init__.py:375:initialize_wat_optimization:Initializing water bonding optimization...
2026-02-05 12:48:45,310 INFO:main.py:678:non_trivial:Applying force field to biomolecule states.
2026-02-05 12:48:45,313 INFO:main.py:725:non_trivial:Regenerating headers.
2026-02-05 12:48:45,314 INFO:main.py:750:non_trivial:Regenerating PDB lines.
2026-02-05 12:48:45,337 WARNING:main.py:326:print_pqr:Ignoring 390 header lines in output.
