2026-02-05 12:29:56,892 INFO:main.py:246:print_splash_screen:PDB2PQR v3.7.1: biomolecular structure conversion software.
2026-02-05 12:29:56,892 INFO:main.py:248:print_splash_screen:Please cite:  Jurrus E, et al.  Improvements to the APBS biomolecular solvation software suite.  Protein Sci 27 112-128 (2018).
2026-02-05 12:29:56,892 INFO:main.py:248:print_splash_screen:Please cite:  Dolinsky TJ, et al.  PDB2PQR: expanding and upgrading automated preparation of biomolecular structures for molecular simulations. Nucleic Acids Res 35 W522-W525 (2007).
2026-02-05 12:29:56,892 INFO:main.py:770:main_driver:Checking and transforming input arguments.
2026-02-05 12:29:56,893 INFO:main.py:774:main_driver:Loading topology files.
2026-02-05 12:29:56,939 INFO:main.py:776:main_driver:Loading molecule: data/04_out/aligned_struct/Q6XQ14.aligned.pdb
2026-02-05 12:29:56,954 INFO:main.py:781:main_driver:Setting up molecule.
2026-02-05 12:29:56,964 INFO:main.py:423:setup_molecule:Created biomolecule object with 511 residues and 4123 atoms.
2026-02-05 12:29:56,964 INFO:main.py:785:main_driver:Setting termini states for biomolecule chains.
2026-02-05 12:29:56,974 INFO:main.py:616:non_trivial:Loading forcefield.
2026-02-05 12:29:56,981 INFO:main.py:620:non_trivial:Loading hydrogen topology definitions.
2026-02-05 12:29:56,984 INFO:main.py:474:is_repairable:This biomolecule is clean.  No repair needed.
2026-02-05 12:29:56,984 INFO:main.py:635:non_trivial:Updating disulfide bridges.
2026-02-05 12:29:56,985 INFO:main.py:638:non_trivial:Debumping biomolecule.
2026-02-05 12:29:57,063 INFO:main.py:661:non_trivial:Adding hydrogens to biomolecule.
2026-02-05 12:29:57,316 INFO:main.py:664:non_trivial:Debumping biomolecule (again).
2026-02-05 12:29:57,661 INFO:main.py:666:non_trivial:Optimizing hydrogen bonds
2026-02-05 12:29:57,661 INFO:__init__.py:375:initialize_wat_optimization:Initializing water bonding optimization...
2026-02-05 12:29:57,765 INFO:main.py:678:non_trivial:Applying force field to biomolecule states.
2026-02-05 12:29:57,769 INFO:main.py:725:non_trivial:Regenerating headers.
2026-02-05 12:29:57,770 INFO:main.py:750:non_trivial:Regenerating PDB lines.
2026-02-05 12:29:57,800 WARNING:main.py:326:print_pqr:Ignoring 390 header lines in output.
2026-02-05 12:48:49,447 INFO:main.py:246:print_splash_screen:PDB2PQR v3.7.1: biomolecular structure conversion software.
2026-02-05 12:48:49,448 INFO:main.py:248:print_splash_screen:Please cite:  Jurrus E, et al.  Improvements to the APBS biomolecular solvation software suite.  Protein Sci 27 112-128 (2018).
2026-02-05 12:48:49,449 INFO:main.py:248:print_splash_screen:Please cite:  Dolinsky TJ, et al.  PDB2PQR: expanding and upgrading automated preparation of biomolecular structures for molecular simulations. Nucleic Acids Res 35 W522-W525 (2007).
2026-02-05 12:48:49,449 INFO:main.py:770:main_driver:Checking and transforming input arguments.
2026-02-05 12:48:49,449 INFO:main.py:774:main_driver:Loading topology files.
2026-02-05 12:48:49,494 INFO:main.py:776:main_driver:Loading molecule: data/04_out/aligned_struct/Q6XQ14.aligned.pdb
2026-02-05 12:48:49,507 INFO:main.py:781:main_driver:Setting up molecule.
2026-02-05 12:48:49,524 INFO:main.py:423:setup_molecule:Created biomolecule object with 511 residues and 4123 atoms.
2026-02-05 12:48:49,524 INFO:main.py:785:main_driver:Setting termini states for biomolecule chains.
2026-02-05 12:48:49,531 INFO:main.py:616:non_trivial:Loading forcefield.
2026-02-05 12:48:49,536 INFO:main.py:620:non_trivial:Loading hydrogen topology definitions.
2026-02-05 12:48:49,538 INFO:main.py:474:is_repairable:This biomolecule is clean.  No repair needed.
2026-02-05 12:48:49,538 INFO:main.py:635:non_trivial:Updating disulfide bridges.
2026-02-05 12:48:49,538 INFO:main.py:638:non_trivial:Debumping biomolecule.
2026-02-05 12:48:49,602 INFO:main.py:661:non_trivial:Adding hydrogens to biomolecule.
2026-02-05 12:48:49,800 INFO:main.py:664:non_trivial:Debumping biomolecule (again).
2026-02-05 12:48:50,068 INFO:main.py:666:non_trivial:Optimizing hydrogen bonds
2026-02-05 12:48:50,068 INFO:__init__.py:375:initialize_wat_optimization:Initializing water bonding optimization...
2026-02-05 12:48:50,150 INFO:main.py:678:non_trivial:Applying force field to biomolecule states.
2026-02-05 12:48:50,153 INFO:main.py:725:non_trivial:Regenerating headers.
2026-02-05 12:48:50,154 INFO:main.py:750:non_trivial:Regenerating PDB lines.
2026-02-05 12:48:50,197 WARNING:main.py:326:print_pqr:Ignoring 390 header lines in output.
