2026-02-05 12:29:59,255 INFO:main.py:246:print_splash_screen:PDB2PQR v3.7.1: biomolecular structure conversion software.
2026-02-05 12:29:59,255 INFO:main.py:248:print_splash_screen:Please cite:  Jurrus E, et al.  Improvements to the APBS biomolecular solvation software suite.  Protein Sci 27 112-128 (2018).
2026-02-05 12:29:59,255 INFO:main.py:248:print_splash_screen:Please cite:  Dolinsky TJ, et al.  PDB2PQR: expanding and upgrading automated preparation of biomolecular structures for molecular simulations. Nucleic Acids Res 35 W522-W525 (2007).
2026-02-05 12:29:59,255 INFO:main.py:770:main_driver:Checking and transforming input arguments.
2026-02-05 12:29:59,255 INFO:main.py:774:main_driver:Loading topology files.
2026-02-05 12:29:59,306 INFO:main.py:776:main_driver:Loading molecule: data/04_out/aligned_struct/Q6YTF5.aligned.pdb
2026-02-05 12:29:59,321 INFO:main.py:781:main_driver:Setting up molecule.
2026-02-05 12:29:59,332 INFO:main.py:423:setup_molecule:Created biomolecule object with 501 residues and 3893 atoms.
2026-02-05 12:29:59,332 INFO:main.py:785:main_driver:Setting termini states for biomolecule chains.
2026-02-05 12:29:59,341 INFO:main.py:616:non_trivial:Loading forcefield.
2026-02-05 12:29:59,347 INFO:main.py:620:non_trivial:Loading hydrogen topology definitions.
2026-02-05 12:29:59,351 INFO:main.py:474:is_repairable:This biomolecule is clean.  No repair needed.
2026-02-05 12:29:59,351 INFO:main.py:635:non_trivial:Updating disulfide bridges.
2026-02-05 12:29:59,351 INFO:main.py:638:non_trivial:Debumping biomolecule.
2026-02-05 12:29:59,423 INFO:main.py:661:non_trivial:Adding hydrogens to biomolecule.
2026-02-05 12:29:59,663 INFO:main.py:664:non_trivial:Debumping biomolecule (again).
2026-02-05 12:29:59,997 INFO:main.py:666:non_trivial:Optimizing hydrogen bonds
2026-02-05 12:29:59,997 INFO:__init__.py:375:initialize_wat_optimization:Initializing water bonding optimization...
2026-02-05 12:30:00,091 INFO:main.py:678:non_trivial:Applying force field to biomolecule states.
2026-02-05 12:30:00,095 INFO:main.py:725:non_trivial:Regenerating headers.
2026-02-05 12:30:00,096 INFO:main.py:750:non_trivial:Regenerating PDB lines.
2026-02-05 12:30:00,125 WARNING:main.py:326:print_pqr:Ignoring 390 header lines in output.
2026-02-05 12:48:51,427 INFO:main.py:246:print_splash_screen:PDB2PQR v3.7.1: biomolecular structure conversion software.
2026-02-05 12:48:51,428 INFO:main.py:248:print_splash_screen:Please cite:  Jurrus E, et al.  Improvements to the APBS biomolecular solvation software suite.  Protein Sci 27 112-128 (2018).
2026-02-05 12:48:51,429 INFO:main.py:248:print_splash_screen:Please cite:  Dolinsky TJ, et al.  PDB2PQR: expanding and upgrading automated preparation of biomolecular structures for molecular simulations. Nucleic Acids Res 35 W522-W525 (2007).
2026-02-05 12:48:51,429 INFO:main.py:770:main_driver:Checking and transforming input arguments.
2026-02-05 12:48:51,429 INFO:main.py:774:main_driver:Loading topology files.
2026-02-05 12:48:51,468 INFO:main.py:776:main_driver:Loading molecule: data/04_out/aligned_struct/Q6YTF5.aligned.pdb
2026-02-05 12:48:51,477 INFO:main.py:781:main_driver:Setting up molecule.
2026-02-05 12:48:51,484 INFO:main.py:423:setup_molecule:Created biomolecule object with 501 residues and 3893 atoms.
2026-02-05 12:48:51,484 INFO:main.py:785:main_driver:Setting termini states for biomolecule chains.
2026-02-05 12:48:51,498 INFO:main.py:616:non_trivial:Loading forcefield.
2026-02-05 12:48:51,511 INFO:main.py:620:non_trivial:Loading hydrogen topology definitions.
2026-02-05 12:48:51,513 INFO:main.py:474:is_repairable:This biomolecule is clean.  No repair needed.
2026-02-05 12:48:51,514 INFO:main.py:635:non_trivial:Updating disulfide bridges.
2026-02-05 12:48:51,514 INFO:main.py:638:non_trivial:Debumping biomolecule.
2026-02-05 12:48:51,583 INFO:main.py:661:non_trivial:Adding hydrogens to biomolecule.
2026-02-05 12:48:51,767 INFO:main.py:664:non_trivial:Debumping biomolecule (again).
2026-02-05 12:48:52,024 INFO:main.py:666:non_trivial:Optimizing hydrogen bonds
2026-02-05 12:48:52,024 INFO:__init__.py:375:initialize_wat_optimization:Initializing water bonding optimization...
2026-02-05 12:48:52,096 INFO:main.py:678:non_trivial:Applying force field to biomolecule states.
2026-02-05 12:48:52,099 INFO:main.py:725:non_trivial:Regenerating headers.
2026-02-05 12:48:52,100 INFO:main.py:750:non_trivial:Regenerating PDB lines.
2026-02-05 12:48:52,122 WARNING:main.py:326:print_pqr:Ignoring 390 header lines in output.
