2026-02-05 12:30:00,409 INFO:main.py:246:print_splash_screen:PDB2PQR v3.7.1: biomolecular structure conversion software.
2026-02-05 12:30:00,409 INFO:main.py:248:print_splash_screen:Please cite:  Jurrus E, et al.  Improvements to the APBS biomolecular solvation software suite.  Protein Sci 27 112-128 (2018).
2026-02-05 12:30:00,414 INFO:main.py:248:print_splash_screen:Please cite:  Dolinsky TJ, et al.  PDB2PQR: expanding and upgrading automated preparation of biomolecular structures for molecular simulations. Nucleic Acids Res 35 W522-W525 (2007).
2026-02-05 12:30:00,414 INFO:main.py:770:main_driver:Checking and transforming input arguments.
2026-02-05 12:30:00,414 INFO:main.py:774:main_driver:Loading topology files.
2026-02-05 12:30:00,455 INFO:main.py:776:main_driver:Loading molecule: data/04_out/aligned_struct/Q6YV88.aligned.pdb
2026-02-05 12:30:00,477 INFO:main.py:781:main_driver:Setting up molecule.
2026-02-05 12:30:00,488 INFO:main.py:423:setup_molecule:Created biomolecule object with 518 residues and 4026 atoms.
2026-02-05 12:30:00,489 INFO:main.py:785:main_driver:Setting termini states for biomolecule chains.
2026-02-05 12:30:00,497 INFO:main.py:616:non_trivial:Loading forcefield.
2026-02-05 12:30:00,504 INFO:main.py:620:non_trivial:Loading hydrogen topology definitions.
2026-02-05 12:30:00,510 INFO:main.py:474:is_repairable:This biomolecule is clean.  No repair needed.
2026-02-05 12:30:00,510 INFO:main.py:635:non_trivial:Updating disulfide bridges.
2026-02-05 12:30:00,510 INFO:main.py:638:non_trivial:Debumping biomolecule.
2026-02-05 12:30:00,588 INFO:main.py:661:non_trivial:Adding hydrogens to biomolecule.
2026-02-05 12:30:00,842 INFO:main.py:664:non_trivial:Debumping biomolecule (again).
2026-02-05 12:30:01,189 INFO:main.py:666:non_trivial:Optimizing hydrogen bonds
2026-02-05 12:30:01,189 INFO:__init__.py:375:initialize_wat_optimization:Initializing water bonding optimization...
2026-02-05 12:30:01,288 INFO:main.py:678:non_trivial:Applying force field to biomolecule states.
2026-02-05 12:30:01,293 INFO:main.py:725:non_trivial:Regenerating headers.
2026-02-05 12:30:01,293 INFO:main.py:750:non_trivial:Regenerating PDB lines.
2026-02-05 12:30:01,323 WARNING:main.py:326:print_pqr:Ignoring 390 header lines in output.
2026-02-05 12:48:52,370 INFO:main.py:246:print_splash_screen:PDB2PQR v3.7.1: biomolecular structure conversion software.
2026-02-05 12:48:52,371 INFO:main.py:248:print_splash_screen:Please cite:  Jurrus E, et al.  Improvements to the APBS biomolecular solvation software suite.  Protein Sci 27 112-128 (2018).
2026-02-05 12:48:52,371 INFO:main.py:248:print_splash_screen:Please cite:  Dolinsky TJ, et al.  PDB2PQR: expanding and upgrading automated preparation of biomolecular structures for molecular simulations. Nucleic Acids Res 35 W522-W525 (2007).
2026-02-05 12:48:52,371 INFO:main.py:770:main_driver:Checking and transforming input arguments.
2026-02-05 12:48:52,372 INFO:main.py:774:main_driver:Loading topology files.
2026-02-05 12:48:52,403 INFO:main.py:776:main_driver:Loading molecule: data/04_out/aligned_struct/Q6YV88.aligned.pdb
2026-02-05 12:48:52,415 INFO:main.py:781:main_driver:Setting up molecule.
2026-02-05 12:48:52,461 INFO:main.py:423:setup_molecule:Created biomolecule object with 518 residues and 4026 atoms.
2026-02-05 12:48:52,462 INFO:main.py:785:main_driver:Setting termini states for biomolecule chains.
2026-02-05 12:48:52,469 INFO:main.py:616:non_trivial:Loading forcefield.
2026-02-05 12:48:52,484 INFO:main.py:620:non_trivial:Loading hydrogen topology definitions.
2026-02-05 12:48:52,486 INFO:main.py:474:is_repairable:This biomolecule is clean.  No repair needed.
2026-02-05 12:48:52,486 INFO:main.py:635:non_trivial:Updating disulfide bridges.
2026-02-05 12:48:52,487 INFO:main.py:638:non_trivial:Debumping biomolecule.
2026-02-05 12:48:52,548 INFO:main.py:661:non_trivial:Adding hydrogens to biomolecule.
2026-02-05 12:48:52,743 INFO:main.py:664:non_trivial:Debumping biomolecule (again).
2026-02-05 12:48:53,008 INFO:main.py:666:non_trivial:Optimizing hydrogen bonds
2026-02-05 12:48:53,008 INFO:__init__.py:375:initialize_wat_optimization:Initializing water bonding optimization...
2026-02-05 12:48:53,084 INFO:main.py:678:non_trivial:Applying force field to biomolecule states.
2026-02-05 12:48:53,087 INFO:main.py:725:non_trivial:Regenerating headers.
2026-02-05 12:48:53,088 INFO:main.py:750:non_trivial:Regenerating PDB lines.
2026-02-05 12:48:53,112 WARNING:main.py:326:print_pqr:Ignoring 390 header lines in output.
