2026-02-05 12:30:01,606 INFO:main.py:246:print_splash_screen:PDB2PQR v3.7.1: biomolecular structure conversion software.
2026-02-05 12:30:01,606 INFO:main.py:248:print_splash_screen:Please cite:  Jurrus E, et al.  Improvements to the APBS biomolecular solvation software suite.  Protein Sci 27 112-128 (2018).
2026-02-05 12:30:01,606 INFO:main.py:248:print_splash_screen:Please cite:  Dolinsky TJ, et al.  PDB2PQR: expanding and upgrading automated preparation of biomolecular structures for molecular simulations. Nucleic Acids Res 35 W522-W525 (2007).
2026-02-05 12:30:01,606 INFO:main.py:770:main_driver:Checking and transforming input arguments.
2026-02-05 12:30:01,606 INFO:main.py:774:main_driver:Loading topology files.
2026-02-05 12:30:01,654 INFO:main.py:776:main_driver:Loading molecule: data/04_out/aligned_struct/Q6Z5I7.aligned.pdb
2026-02-05 12:30:01,668 INFO:main.py:781:main_driver:Setting up molecule.
2026-02-05 12:30:01,680 INFO:main.py:423:setup_molecule:Created biomolecule object with 512 residues and 3966 atoms.
2026-02-05 12:30:01,681 INFO:main.py:785:main_driver:Setting termini states for biomolecule chains.
2026-02-05 12:30:01,696 INFO:main.py:616:non_trivial:Loading forcefield.
2026-02-05 12:30:01,708 INFO:main.py:620:non_trivial:Loading hydrogen topology definitions.
2026-02-05 12:30:01,711 INFO:main.py:474:is_repairable:This biomolecule is clean.  No repair needed.
2026-02-05 12:30:01,711 INFO:main.py:635:non_trivial:Updating disulfide bridges.
2026-02-05 12:30:01,712 INFO:main.py:638:non_trivial:Debumping biomolecule.
2026-02-05 12:30:01,785 INFO:main.py:661:non_trivial:Adding hydrogens to biomolecule.
2026-02-05 12:30:02,028 INFO:main.py:664:non_trivial:Debumping biomolecule (again).
2026-02-05 12:30:02,357 INFO:main.py:666:non_trivial:Optimizing hydrogen bonds
2026-02-05 12:30:02,357 INFO:__init__.py:375:initialize_wat_optimization:Initializing water bonding optimization...
2026-02-05 12:30:02,453 INFO:main.py:678:non_trivial:Applying force field to biomolecule states.
2026-02-05 12:30:02,457 INFO:main.py:725:non_trivial:Regenerating headers.
2026-02-05 12:30:02,458 INFO:main.py:750:non_trivial:Regenerating PDB lines.
2026-02-05 12:30:02,487 WARNING:main.py:326:print_pqr:Ignoring 390 header lines in output.
2026-02-05 12:48:53,355 INFO:main.py:246:print_splash_screen:PDB2PQR v3.7.1: biomolecular structure conversion software.
2026-02-05 12:48:53,356 INFO:main.py:248:print_splash_screen:Please cite:  Jurrus E, et al.  Improvements to the APBS biomolecular solvation software suite.  Protein Sci 27 112-128 (2018).
2026-02-05 12:48:53,356 INFO:main.py:248:print_splash_screen:Please cite:  Dolinsky TJ, et al.  PDB2PQR: expanding and upgrading automated preparation of biomolecular structures for molecular simulations. Nucleic Acids Res 35 W522-W525 (2007).
2026-02-05 12:48:53,356 INFO:main.py:770:main_driver:Checking and transforming input arguments.
2026-02-05 12:48:53,356 INFO:main.py:774:main_driver:Loading topology files.
2026-02-05 12:48:53,396 INFO:main.py:776:main_driver:Loading molecule: data/04_out/aligned_struct/Q6Z5I7.aligned.pdb
2026-02-05 12:48:53,405 INFO:main.py:781:main_driver:Setting up molecule.
2026-02-05 12:48:53,416 INFO:main.py:423:setup_molecule:Created biomolecule object with 512 residues and 3966 atoms.
2026-02-05 12:48:53,416 INFO:main.py:785:main_driver:Setting termini states for biomolecule chains.
2026-02-05 12:48:53,425 INFO:main.py:616:non_trivial:Loading forcefield.
2026-02-05 12:48:53,434 INFO:main.py:620:non_trivial:Loading hydrogen topology definitions.
2026-02-05 12:48:53,437 INFO:main.py:474:is_repairable:This biomolecule is clean.  No repair needed.
2026-02-05 12:48:53,437 INFO:main.py:635:non_trivial:Updating disulfide bridges.
2026-02-05 12:48:53,437 INFO:main.py:638:non_trivial:Debumping biomolecule.
2026-02-05 12:48:53,503 INFO:main.py:661:non_trivial:Adding hydrogens to biomolecule.
2026-02-05 12:48:53,690 INFO:main.py:664:non_trivial:Debumping biomolecule (again).
2026-02-05 12:48:53,945 INFO:main.py:666:non_trivial:Optimizing hydrogen bonds
2026-02-05 12:48:53,945 INFO:__init__.py:375:initialize_wat_optimization:Initializing water bonding optimization...
2026-02-05 12:48:54,019 INFO:main.py:678:non_trivial:Applying force field to biomolecule states.
2026-02-05 12:48:54,023 INFO:main.py:725:non_trivial:Regenerating headers.
2026-02-05 12:48:54,024 INFO:main.py:750:non_trivial:Regenerating PDB lines.
2026-02-05 12:48:54,047 WARNING:main.py:326:print_pqr:Ignoring 390 header lines in output.
