2026-02-05 12:30:05,295 INFO:main.py:246:print_splash_screen:PDB2PQR v3.7.1: biomolecular structure conversion software.
2026-02-05 12:30:05,295 INFO:main.py:248:print_splash_screen:Please cite:  Jurrus E, et al.  Improvements to the APBS biomolecular solvation software suite.  Protein Sci 27 112-128 (2018).
2026-02-05 12:30:05,295 INFO:main.py:248:print_splash_screen:Please cite:  Dolinsky TJ, et al.  PDB2PQR: expanding and upgrading automated preparation of biomolecular structures for molecular simulations. Nucleic Acids Res 35 W522-W525 (2007).
2026-02-05 12:30:05,295 INFO:main.py:770:main_driver:Checking and transforming input arguments.
2026-02-05 12:30:05,295 INFO:main.py:774:main_driver:Loading topology files.
2026-02-05 12:30:05,331 INFO:main.py:776:main_driver:Loading molecule: data/04_out/aligned_struct/Q7G602.aligned.pdb
2026-02-05 12:30:05,345 INFO:main.py:781:main_driver:Setting up molecule.
2026-02-05 12:30:05,359 INFO:main.py:423:setup_molecule:Created biomolecule object with 526 residues and 4051 atoms.
2026-02-05 12:30:05,359 INFO:main.py:785:main_driver:Setting termini states for biomolecule chains.
2026-02-05 12:30:05,367 INFO:main.py:616:non_trivial:Loading forcefield.
2026-02-05 12:30:05,375 INFO:main.py:620:non_trivial:Loading hydrogen topology definitions.
2026-02-05 12:30:05,379 INFO:main.py:474:is_repairable:This biomolecule is clean.  No repair needed.
2026-02-05 12:30:05,379 INFO:main.py:635:non_trivial:Updating disulfide bridges.
2026-02-05 12:30:05,379 INFO:main.py:638:non_trivial:Debumping biomolecule.
2026-02-05 12:30:05,452 INFO:main.py:661:non_trivial:Adding hydrogens to biomolecule.
2026-02-05 12:30:05,697 INFO:main.py:664:non_trivial:Debumping biomolecule (again).
2026-02-05 12:30:06,030 INFO:main.py:666:non_trivial:Optimizing hydrogen bonds
2026-02-05 12:30:06,030 INFO:__init__.py:375:initialize_wat_optimization:Initializing water bonding optimization...
2026-02-05 12:30:06,125 INFO:main.py:678:non_trivial:Applying force field to biomolecule states.
2026-02-05 12:30:06,129 INFO:main.py:725:non_trivial:Regenerating headers.
2026-02-05 12:30:06,130 INFO:main.py:750:non_trivial:Regenerating PDB lines.
2026-02-05 12:30:06,159 WARNING:main.py:326:print_pqr:Ignoring 390 header lines in output.
2026-02-05 12:48:56,293 INFO:main.py:246:print_splash_screen:PDB2PQR v3.7.1: biomolecular structure conversion software.
2026-02-05 12:48:56,294 INFO:main.py:248:print_splash_screen:Please cite:  Jurrus E, et al.  Improvements to the APBS biomolecular solvation software suite.  Protein Sci 27 112-128 (2018).
2026-02-05 12:48:56,294 INFO:main.py:248:print_splash_screen:Please cite:  Dolinsky TJ, et al.  PDB2PQR: expanding and upgrading automated preparation of biomolecular structures for molecular simulations. Nucleic Acids Res 35 W522-W525 (2007).
2026-02-05 12:48:56,294 INFO:main.py:770:main_driver:Checking and transforming input arguments.
2026-02-05 12:48:56,294 INFO:main.py:774:main_driver:Loading topology files.
2026-02-05 12:48:56,328 INFO:main.py:776:main_driver:Loading molecule: data/04_out/aligned_struct/Q7G602.aligned.pdb
2026-02-05 12:48:56,348 INFO:main.py:781:main_driver:Setting up molecule.
2026-02-05 12:48:56,361 INFO:main.py:423:setup_molecule:Created biomolecule object with 526 residues and 4051 atoms.
2026-02-05 12:48:56,361 INFO:main.py:785:main_driver:Setting termini states for biomolecule chains.
2026-02-05 12:48:56,371 INFO:main.py:616:non_trivial:Loading forcefield.
2026-02-05 12:48:56,377 INFO:main.py:620:non_trivial:Loading hydrogen topology definitions.
2026-02-05 12:48:56,379 INFO:main.py:474:is_repairable:This biomolecule is clean.  No repair needed.
2026-02-05 12:48:56,380 INFO:main.py:635:non_trivial:Updating disulfide bridges.
2026-02-05 12:48:56,380 INFO:main.py:638:non_trivial:Debumping biomolecule.
2026-02-05 12:48:56,438 INFO:main.py:661:non_trivial:Adding hydrogens to biomolecule.
2026-02-05 12:48:56,628 INFO:main.py:664:non_trivial:Debumping biomolecule (again).
2026-02-05 12:48:56,886 INFO:main.py:666:non_trivial:Optimizing hydrogen bonds
2026-02-05 12:48:56,886 INFO:__init__.py:375:initialize_wat_optimization:Initializing water bonding optimization...
2026-02-05 12:48:56,959 INFO:main.py:678:non_trivial:Applying force field to biomolecule states.
2026-02-05 12:48:56,962 INFO:main.py:725:non_trivial:Regenerating headers.
2026-02-05 12:48:56,963 INFO:main.py:750:non_trivial:Regenerating PDB lines.
2026-02-05 12:48:56,987 WARNING:main.py:326:print_pqr:Ignoring 390 header lines in output.
