2026-02-05 12:30:07,762 INFO:main.py:246:print_splash_screen:PDB2PQR v3.7.1: biomolecular structure conversion software.
2026-02-05 12:30:07,762 INFO:main.py:248:print_splash_screen:Please cite:  Jurrus E, et al.  Improvements to the APBS biomolecular solvation software suite.  Protein Sci 27 112-128 (2018).
2026-02-05 12:30:07,763 INFO:main.py:248:print_splash_screen:Please cite:  Dolinsky TJ, et al.  PDB2PQR: expanding and upgrading automated preparation of biomolecular structures for molecular simulations. Nucleic Acids Res 35 W522-W525 (2007).
2026-02-05 12:30:07,763 INFO:main.py:770:main_driver:Checking and transforming input arguments.
2026-02-05 12:30:07,763 INFO:main.py:774:main_driver:Loading topology files.
2026-02-05 12:30:07,809 INFO:main.py:776:main_driver:Loading molecule: data/04_out/aligned_struct/Q7XHW5.aligned.pdb
2026-02-05 12:30:07,830 INFO:main.py:781:main_driver:Setting up molecule.
2026-02-05 12:30:07,841 INFO:main.py:423:setup_molecule:Created biomolecule object with 534 residues and 4081 atoms.
2026-02-05 12:30:07,841 INFO:main.py:785:main_driver:Setting termini states for biomolecule chains.
2026-02-05 12:30:07,848 INFO:main.py:616:non_trivial:Loading forcefield.
2026-02-05 12:30:07,854 INFO:main.py:620:non_trivial:Loading hydrogen topology definitions.
2026-02-05 12:30:07,857 INFO:main.py:474:is_repairable:This biomolecule is clean.  No repair needed.
2026-02-05 12:30:07,858 INFO:main.py:635:non_trivial:Updating disulfide bridges.
2026-02-05 12:30:07,858 INFO:main.py:638:non_trivial:Debumping biomolecule.
2026-02-05 12:30:07,933 INFO:main.py:661:non_trivial:Adding hydrogens to biomolecule.
2026-02-05 12:30:08,181 INFO:main.py:664:non_trivial:Debumping biomolecule (again).
2026-02-05 12:30:08,523 INFO:main.py:666:non_trivial:Optimizing hydrogen bonds
2026-02-05 12:30:08,523 INFO:__init__.py:375:initialize_wat_optimization:Initializing water bonding optimization...
2026-02-05 12:30:08,622 INFO:main.py:678:non_trivial:Applying force field to biomolecule states.
2026-02-05 12:30:08,626 INFO:main.py:725:non_trivial:Regenerating headers.
2026-02-05 12:30:08,627 INFO:main.py:750:non_trivial:Regenerating PDB lines.
2026-02-05 12:30:08,657 WARNING:main.py:326:print_pqr:Ignoring 390 header lines in output.
2026-02-05 12:48:58,196 INFO:main.py:246:print_splash_screen:PDB2PQR v3.7.1: biomolecular structure conversion software.
2026-02-05 12:48:58,197 INFO:main.py:248:print_splash_screen:Please cite:  Jurrus E, et al.  Improvements to the APBS biomolecular solvation software suite.  Protein Sci 27 112-128 (2018).
2026-02-05 12:48:58,197 INFO:main.py:248:print_splash_screen:Please cite:  Dolinsky TJ, et al.  PDB2PQR: expanding and upgrading automated preparation of biomolecular structures for molecular simulations. Nucleic Acids Res 35 W522-W525 (2007).
2026-02-05 12:48:58,197 INFO:main.py:770:main_driver:Checking and transforming input arguments.
2026-02-05 12:48:58,197 INFO:main.py:774:main_driver:Loading topology files.
2026-02-05 12:48:58,240 INFO:main.py:776:main_driver:Loading molecule: data/04_out/aligned_struct/Q7XHW5.aligned.pdb
2026-02-05 12:48:58,256 INFO:main.py:781:main_driver:Setting up molecule.
2026-02-05 12:48:58,266 INFO:main.py:423:setup_molecule:Created biomolecule object with 534 residues and 4081 atoms.
2026-02-05 12:48:58,267 INFO:main.py:785:main_driver:Setting termini states for biomolecule chains.
2026-02-05 12:48:58,279 INFO:main.py:616:non_trivial:Loading forcefield.
2026-02-05 12:48:58,285 INFO:main.py:620:non_trivial:Loading hydrogen topology definitions.
2026-02-05 12:48:58,293 INFO:main.py:474:is_repairable:This biomolecule is clean.  No repair needed.
2026-02-05 12:48:58,293 INFO:main.py:635:non_trivial:Updating disulfide bridges.
2026-02-05 12:48:58,294 INFO:main.py:638:non_trivial:Debumping biomolecule.
2026-02-05 12:48:58,363 INFO:main.py:661:non_trivial:Adding hydrogens to biomolecule.
2026-02-05 12:48:58,600 INFO:main.py:664:non_trivial:Debumping biomolecule (again).
2026-02-05 12:48:58,861 INFO:main.py:666:non_trivial:Optimizing hydrogen bonds
2026-02-05 12:48:58,861 INFO:__init__.py:375:initialize_wat_optimization:Initializing water bonding optimization...
2026-02-05 12:48:58,936 INFO:main.py:678:non_trivial:Applying force field to biomolecule states.
2026-02-05 12:48:58,940 INFO:main.py:725:non_trivial:Regenerating headers.
2026-02-05 12:48:58,940 INFO:main.py:750:non_trivial:Regenerating PDB lines.
2026-02-05 12:48:58,964 WARNING:main.py:326:print_pqr:Ignoring 390 header lines in output.
