2026-02-05 12:30:10,157 INFO:main.py:246:print_splash_screen:PDB2PQR v3.7.1: biomolecular structure conversion software.
2026-02-05 12:30:10,157 INFO:main.py:248:print_splash_screen:Please cite:  Jurrus E, et al.  Improvements to the APBS biomolecular solvation software suite.  Protein Sci 27 112-128 (2018).
2026-02-05 12:30:10,157 INFO:main.py:248:print_splash_screen:Please cite:  Dolinsky TJ, et al.  PDB2PQR: expanding and upgrading automated preparation of biomolecular structures for molecular simulations. Nucleic Acids Res 35 W522-W525 (2007).
2026-02-05 12:30:10,157 INFO:main.py:770:main_driver:Checking and transforming input arguments.
2026-02-05 12:30:10,158 INFO:main.py:774:main_driver:Loading topology files.
2026-02-05 12:30:10,210 INFO:main.py:776:main_driver:Loading molecule: data/04_out/aligned_struct/Q7Y1V5.aligned.pdb
2026-02-05 12:30:10,223 INFO:main.py:781:main_driver:Setting up molecule.
2026-02-05 12:30:10,238 INFO:main.py:423:setup_molecule:Created biomolecule object with 555 residues and 4158 atoms.
2026-02-05 12:30:10,239 INFO:main.py:785:main_driver:Setting termini states for biomolecule chains.
2026-02-05 12:30:10,246 INFO:main.py:616:non_trivial:Loading forcefield.
2026-02-05 12:30:10,253 INFO:main.py:620:non_trivial:Loading hydrogen topology definitions.
2026-02-05 12:30:10,257 INFO:main.py:474:is_repairable:This biomolecule is clean.  No repair needed.
2026-02-05 12:30:10,257 INFO:main.py:635:non_trivial:Updating disulfide bridges.
2026-02-05 12:30:10,257 INFO:main.py:638:non_trivial:Debumping biomolecule.
2026-02-05 12:30:10,328 INFO:main.py:661:non_trivial:Adding hydrogens to biomolecule.
2026-02-05 12:30:10,576 INFO:main.py:664:non_trivial:Debumping biomolecule (again).
2026-02-05 12:30:10,907 INFO:main.py:666:non_trivial:Optimizing hydrogen bonds
2026-02-05 12:30:10,907 INFO:__init__.py:375:initialize_wat_optimization:Initializing water bonding optimization...
2026-02-05 12:30:11,001 INFO:main.py:678:non_trivial:Applying force field to biomolecule states.
2026-02-05 12:30:11,005 INFO:main.py:725:non_trivial:Regenerating headers.
2026-02-05 12:30:11,006 INFO:main.py:750:non_trivial:Regenerating PDB lines.
2026-02-05 12:30:11,036 WARNING:main.py:326:print_pqr:Ignoring 391 header lines in output.
2026-02-05 12:49:00,160 INFO:main.py:246:print_splash_screen:PDB2PQR v3.7.1: biomolecular structure conversion software.
2026-02-05 12:49:00,161 INFO:main.py:248:print_splash_screen:Please cite:  Jurrus E, et al.  Improvements to the APBS biomolecular solvation software suite.  Protein Sci 27 112-128 (2018).
2026-02-05 12:49:00,161 INFO:main.py:248:print_splash_screen:Please cite:  Dolinsky TJ, et al.  PDB2PQR: expanding and upgrading automated preparation of biomolecular structures for molecular simulations. Nucleic Acids Res 35 W522-W525 (2007).
2026-02-05 12:49:00,161 INFO:main.py:770:main_driver:Checking and transforming input arguments.
2026-02-05 12:49:00,162 INFO:main.py:774:main_driver:Loading topology files.
2026-02-05 12:49:00,192 INFO:main.py:776:main_driver:Loading molecule: data/04_out/aligned_struct/Q7Y1V5.aligned.pdb
2026-02-05 12:49:00,211 INFO:main.py:781:main_driver:Setting up molecule.
2026-02-05 12:49:00,224 INFO:main.py:423:setup_molecule:Created biomolecule object with 555 residues and 4158 atoms.
2026-02-05 12:49:00,224 INFO:main.py:785:main_driver:Setting termini states for biomolecule chains.
2026-02-05 12:49:00,235 INFO:main.py:616:non_trivial:Loading forcefield.
2026-02-05 12:49:00,240 INFO:main.py:620:non_trivial:Loading hydrogen topology definitions.
2026-02-05 12:49:00,242 INFO:main.py:474:is_repairable:This biomolecule is clean.  No repair needed.
2026-02-05 12:49:00,242 INFO:main.py:635:non_trivial:Updating disulfide bridges.
2026-02-05 12:49:00,242 INFO:main.py:638:non_trivial:Debumping biomolecule.
2026-02-05 12:49:00,312 INFO:main.py:661:non_trivial:Adding hydrogens to biomolecule.
2026-02-05 12:49:00,505 INFO:main.py:664:non_trivial:Debumping biomolecule (again).
2026-02-05 12:49:00,759 INFO:main.py:666:non_trivial:Optimizing hydrogen bonds
2026-02-05 12:49:00,759 INFO:__init__.py:375:initialize_wat_optimization:Initializing water bonding optimization...
2026-02-05 12:49:00,831 INFO:main.py:678:non_trivial:Applying force field to biomolecule states.
2026-02-05 12:49:00,835 INFO:main.py:725:non_trivial:Regenerating headers.
2026-02-05 12:49:00,836 INFO:main.py:750:non_trivial:Regenerating PDB lines.
2026-02-05 12:49:00,860 WARNING:main.py:326:print_pqr:Ignoring 391 header lines in output.
