2026-02-05 12:30:12,560 INFO:main.py:246:print_splash_screen:PDB2PQR v3.7.1: biomolecular structure conversion software.
2026-02-05 12:30:12,560 INFO:main.py:248:print_splash_screen:Please cite:  Jurrus E, et al.  Improvements to the APBS biomolecular solvation software suite.  Protein Sci 27 112-128 (2018).
2026-02-05 12:30:12,560 INFO:main.py:248:print_splash_screen:Please cite:  Dolinsky TJ, et al.  PDB2PQR: expanding and upgrading automated preparation of biomolecular structures for molecular simulations. Nucleic Acids Res 35 W522-W525 (2007).
2026-02-05 12:30:12,560 INFO:main.py:770:main_driver:Checking and transforming input arguments.
2026-02-05 12:30:12,563 INFO:main.py:774:main_driver:Loading topology files.
2026-02-05 12:30:12,613 INFO:main.py:776:main_driver:Loading molecule: data/04_out/aligned_struct/Q8L7D5.aligned.pdb
2026-02-05 12:30:12,625 INFO:main.py:781:main_driver:Setting up molecule.
2026-02-05 12:30:12,635 INFO:main.py:423:setup_molecule:Created biomolecule object with 477 residues and 3818 atoms.
2026-02-05 12:30:12,635 INFO:main.py:785:main_driver:Setting termini states for biomolecule chains.
2026-02-05 12:30:12,642 INFO:main.py:616:non_trivial:Loading forcefield.
2026-02-05 12:30:12,649 INFO:main.py:620:non_trivial:Loading hydrogen topology definitions.
2026-02-05 12:30:12,653 INFO:main.py:474:is_repairable:This biomolecule is clean.  No repair needed.
2026-02-05 12:30:12,653 INFO:main.py:635:non_trivial:Updating disulfide bridges.
2026-02-05 12:30:12,653 INFO:main.py:638:non_trivial:Debumping biomolecule.
2026-02-05 12:30:12,729 INFO:main.py:661:non_trivial:Adding hydrogens to biomolecule.
2026-02-05 12:30:12,967 INFO:main.py:664:non_trivial:Debumping biomolecule (again).
2026-02-05 12:30:13,296 INFO:main.py:666:non_trivial:Optimizing hydrogen bonds
2026-02-05 12:30:13,296 INFO:__init__.py:375:initialize_wat_optimization:Initializing water bonding optimization...
2026-02-05 12:30:13,395 INFO:main.py:678:non_trivial:Applying force field to biomolecule states.
2026-02-05 12:30:13,399 INFO:main.py:725:non_trivial:Regenerating headers.
2026-02-05 12:30:13,400 INFO:main.py:750:non_trivial:Regenerating PDB lines.
2026-02-05 12:30:13,428 WARNING:main.py:326:print_pqr:Ignoring 390 header lines in output.
2026-02-05 12:49:01,988 INFO:main.py:246:print_splash_screen:PDB2PQR v3.7.1: biomolecular structure conversion software.
2026-02-05 12:49:01,989 INFO:main.py:248:print_splash_screen:Please cite:  Jurrus E, et al.  Improvements to the APBS biomolecular solvation software suite.  Protein Sci 27 112-128 (2018).
2026-02-05 12:49:01,989 INFO:main.py:248:print_splash_screen:Please cite:  Dolinsky TJ, et al.  PDB2PQR: expanding and upgrading automated preparation of biomolecular structures for molecular simulations. Nucleic Acids Res 35 W522-W525 (2007).
2026-02-05 12:49:01,989 INFO:main.py:770:main_driver:Checking and transforming input arguments.
2026-02-05 12:49:01,989 INFO:main.py:774:main_driver:Loading topology files.
2026-02-05 12:49:02,028 INFO:main.py:776:main_driver:Loading molecule: data/04_out/aligned_struct/Q8L7D5.aligned.pdb
2026-02-05 12:49:02,043 INFO:main.py:781:main_driver:Setting up molecule.
2026-02-05 12:49:02,051 INFO:main.py:423:setup_molecule:Created biomolecule object with 477 residues and 3818 atoms.
2026-02-05 12:49:02,052 INFO:main.py:785:main_driver:Setting termini states for biomolecule chains.
2026-02-05 12:49:02,060 INFO:main.py:616:non_trivial:Loading forcefield.
2026-02-05 12:49:02,069 INFO:main.py:620:non_trivial:Loading hydrogen topology definitions.
2026-02-05 12:49:02,071 INFO:main.py:474:is_repairable:This biomolecule is clean.  No repair needed.
2026-02-05 12:49:02,071 INFO:main.py:635:non_trivial:Updating disulfide bridges.
2026-02-05 12:49:02,071 INFO:main.py:638:non_trivial:Debumping biomolecule.
2026-02-05 12:49:02,132 INFO:main.py:661:non_trivial:Adding hydrogens to biomolecule.
2026-02-05 12:49:02,315 INFO:main.py:664:non_trivial:Debumping biomolecule (again).
2026-02-05 12:49:02,567 INFO:main.py:666:non_trivial:Optimizing hydrogen bonds
2026-02-05 12:49:02,567 INFO:__init__.py:375:initialize_wat_optimization:Initializing water bonding optimization...
2026-02-05 12:49:02,643 INFO:main.py:678:non_trivial:Applying force field to biomolecule states.
2026-02-05 12:49:02,646 INFO:main.py:725:non_trivial:Regenerating headers.
2026-02-05 12:49:02,647 INFO:main.py:750:non_trivial:Regenerating PDB lines.
2026-02-05 12:49:02,670 WARNING:main.py:326:print_pqr:Ignoring 390 header lines in output.
