2026-02-05 12:30:15,081 INFO:main.py:246:print_splash_screen:PDB2PQR v3.7.1: biomolecular structure conversion software.
2026-02-05 12:30:15,081 INFO:main.py:248:print_splash_screen:Please cite:  Jurrus E, et al.  Improvements to the APBS biomolecular solvation software suite.  Protein Sci 27 112-128 (2018).
2026-02-05 12:30:15,081 INFO:main.py:248:print_splash_screen:Please cite:  Dolinsky TJ, et al.  PDB2PQR: expanding and upgrading automated preparation of biomolecular structures for molecular simulations. Nucleic Acids Res 35 W522-W525 (2007).
2026-02-05 12:30:15,081 INFO:main.py:770:main_driver:Checking and transforming input arguments.
2026-02-05 12:30:15,082 INFO:main.py:774:main_driver:Loading topology files.
2026-02-05 12:30:15,121 INFO:main.py:776:main_driver:Loading molecule: data/04_out/aligned_struct/Q8LM92.aligned.pdb
2026-02-05 12:30:15,137 INFO:main.py:781:main_driver:Setting up molecule.
2026-02-05 12:30:15,149 INFO:main.py:423:setup_molecule:Created biomolecule object with 535 residues and 4117 atoms.
2026-02-05 12:30:15,149 INFO:main.py:785:main_driver:Setting termini states for biomolecule chains.
2026-02-05 12:30:15,158 INFO:main.py:616:non_trivial:Loading forcefield.
2026-02-05 12:30:15,166 INFO:main.py:620:non_trivial:Loading hydrogen topology definitions.
2026-02-05 12:30:15,170 INFO:main.py:474:is_repairable:This biomolecule is clean.  No repair needed.
2026-02-05 12:30:15,170 INFO:main.py:635:non_trivial:Updating disulfide bridges.
2026-02-05 12:30:15,171 INFO:main.py:638:non_trivial:Debumping biomolecule.
2026-02-05 12:30:15,247 INFO:main.py:661:non_trivial:Adding hydrogens to biomolecule.
2026-02-05 12:30:15,500 INFO:main.py:664:non_trivial:Debumping biomolecule (again).
2026-02-05 12:30:15,847 INFO:main.py:666:non_trivial:Optimizing hydrogen bonds
2026-02-05 12:30:15,847 INFO:__init__.py:375:initialize_wat_optimization:Initializing water bonding optimization...
2026-02-05 12:30:15,945 INFO:main.py:678:non_trivial:Applying force field to biomolecule states.
2026-02-05 12:30:15,949 INFO:main.py:725:non_trivial:Regenerating headers.
2026-02-05 12:30:15,949 INFO:main.py:750:non_trivial:Regenerating PDB lines.
2026-02-05 12:30:15,980 WARNING:main.py:326:print_pqr:Ignoring 391 header lines in output.
2026-02-05 12:49:03,867 INFO:main.py:246:print_splash_screen:PDB2PQR v3.7.1: biomolecular structure conversion software.
2026-02-05 12:49:03,868 INFO:main.py:248:print_splash_screen:Please cite:  Jurrus E, et al.  Improvements to the APBS biomolecular solvation software suite.  Protein Sci 27 112-128 (2018).
2026-02-05 12:49:03,868 INFO:main.py:248:print_splash_screen:Please cite:  Dolinsky TJ, et al.  PDB2PQR: expanding and upgrading automated preparation of biomolecular structures for molecular simulations. Nucleic Acids Res 35 W522-W525 (2007).
2026-02-05 12:49:03,868 INFO:main.py:770:main_driver:Checking and transforming input arguments.
2026-02-05 12:49:03,868 INFO:main.py:774:main_driver:Loading topology files.
2026-02-05 12:49:03,898 INFO:main.py:776:main_driver:Loading molecule: data/04_out/aligned_struct/Q8LM92.aligned.pdb
2026-02-05 12:49:03,908 INFO:main.py:781:main_driver:Setting up molecule.
2026-02-05 12:49:03,922 INFO:main.py:423:setup_molecule:Created biomolecule object with 535 residues and 4117 atoms.
2026-02-05 12:49:03,922 INFO:main.py:785:main_driver:Setting termini states for biomolecule chains.
2026-02-05 12:49:03,940 INFO:main.py:616:non_trivial:Loading forcefield.
2026-02-05 12:49:03,945 INFO:main.py:620:non_trivial:Loading hydrogen topology definitions.
2026-02-05 12:49:03,950 INFO:main.py:474:is_repairable:This biomolecule is clean.  No repair needed.
2026-02-05 12:49:03,950 INFO:main.py:635:non_trivial:Updating disulfide bridges.
2026-02-05 12:49:03,950 INFO:main.py:638:non_trivial:Debumping biomolecule.
2026-02-05 12:49:04,012 INFO:main.py:661:non_trivial:Adding hydrogens to biomolecule.
2026-02-05 12:49:04,206 INFO:main.py:664:non_trivial:Debumping biomolecule (again).
2026-02-05 12:49:04,471 INFO:main.py:666:non_trivial:Optimizing hydrogen bonds
2026-02-05 12:49:04,471 INFO:__init__.py:375:initialize_wat_optimization:Initializing water bonding optimization...
2026-02-05 12:49:04,548 INFO:main.py:678:non_trivial:Applying force field to biomolecule states.
2026-02-05 12:49:04,551 INFO:main.py:725:non_trivial:Regenerating headers.
2026-02-05 12:49:04,552 INFO:main.py:750:non_trivial:Regenerating PDB lines.
2026-02-05 12:49:04,577 WARNING:main.py:326:print_pqr:Ignoring 391 header lines in output.
