2026-02-05 12:30:19,111 INFO:main.py:246:print_splash_screen:PDB2PQR v3.7.1: biomolecular structure conversion software.
2026-02-05 12:30:19,111 INFO:main.py:248:print_splash_screen:Please cite:  Jurrus E, et al.  Improvements to the APBS biomolecular solvation software suite.  Protein Sci 27 112-128 (2018).
2026-02-05 12:30:19,111 INFO:main.py:248:print_splash_screen:Please cite:  Dolinsky TJ, et al.  PDB2PQR: expanding and upgrading automated preparation of biomolecular structures for molecular simulations. Nucleic Acids Res 35 W522-W525 (2007).
2026-02-05 12:30:19,111 INFO:main.py:770:main_driver:Checking and transforming input arguments.
2026-02-05 12:30:19,111 INFO:main.py:774:main_driver:Loading topology files.
2026-02-05 12:30:19,178 INFO:main.py:776:main_driver:Loading molecule: data/04_out/aligned_struct/Q940V4.aligned.pdb
2026-02-05 12:30:19,192 INFO:main.py:781:main_driver:Setting up molecule.
2026-02-05 12:30:19,202 INFO:main.py:423:setup_molecule:Created biomolecule object with 465 residues and 3775 atoms.
2026-02-05 12:30:19,203 INFO:main.py:785:main_driver:Setting termini states for biomolecule chains.
2026-02-05 12:30:19,209 INFO:main.py:616:non_trivial:Loading forcefield.
2026-02-05 12:30:19,216 INFO:main.py:620:non_trivial:Loading hydrogen topology definitions.
2026-02-05 12:30:19,219 INFO:main.py:474:is_repairable:This biomolecule is clean.  No repair needed.
2026-02-05 12:30:19,219 INFO:main.py:635:non_trivial:Updating disulfide bridges.
2026-02-05 12:30:19,219 INFO:main.py:638:non_trivial:Debumping biomolecule.
2026-02-05 12:30:19,295 INFO:main.py:661:non_trivial:Adding hydrogens to biomolecule.
2026-02-05 12:30:19,533 INFO:main.py:664:non_trivial:Debumping biomolecule (again).
2026-02-05 12:30:19,906 INFO:main.py:666:non_trivial:Optimizing hydrogen bonds
2026-02-05 12:30:19,906 INFO:__init__.py:375:initialize_wat_optimization:Initializing water bonding optimization...
2026-02-05 12:30:20,005 INFO:main.py:678:non_trivial:Applying force field to biomolecule states.
2026-02-05 12:30:20,009 INFO:main.py:725:non_trivial:Regenerating headers.
2026-02-05 12:30:20,010 INFO:main.py:750:non_trivial:Regenerating PDB lines.
2026-02-05 12:30:20,037 WARNING:main.py:326:print_pqr:Ignoring 390 header lines in output.
2026-02-05 12:49:06,747 INFO:main.py:246:print_splash_screen:PDB2PQR v3.7.1: biomolecular structure conversion software.
2026-02-05 12:49:06,747 INFO:main.py:248:print_splash_screen:Please cite:  Jurrus E, et al.  Improvements to the APBS biomolecular solvation software suite.  Protein Sci 27 112-128 (2018).
2026-02-05 12:49:06,747 INFO:main.py:248:print_splash_screen:Please cite:  Dolinsky TJ, et al.  PDB2PQR: expanding and upgrading automated preparation of biomolecular structures for molecular simulations. Nucleic Acids Res 35 W522-W525 (2007).
2026-02-05 12:49:06,747 INFO:main.py:770:main_driver:Checking and transforming input arguments.
2026-02-05 12:49:06,748 INFO:main.py:774:main_driver:Loading topology files.
2026-02-05 12:49:06,788 INFO:main.py:776:main_driver:Loading molecule: data/04_out/aligned_struct/Q940V4.aligned.pdb
2026-02-05 12:49:06,802 INFO:main.py:781:main_driver:Setting up molecule.
2026-02-05 12:49:06,810 INFO:main.py:423:setup_molecule:Created biomolecule object with 465 residues and 3775 atoms.
2026-02-05 12:49:06,810 INFO:main.py:785:main_driver:Setting termini states for biomolecule chains.
2026-02-05 12:49:06,815 INFO:main.py:616:non_trivial:Loading forcefield.
2026-02-05 12:49:06,820 INFO:main.py:620:non_trivial:Loading hydrogen topology definitions.
2026-02-05 12:49:06,823 INFO:main.py:474:is_repairable:This biomolecule is clean.  No repair needed.
2026-02-05 12:49:06,823 INFO:main.py:635:non_trivial:Updating disulfide bridges.
2026-02-05 12:49:06,823 INFO:main.py:638:non_trivial:Debumping biomolecule.
2026-02-05 12:49:06,900 INFO:main.py:661:non_trivial:Adding hydrogens to biomolecule.
2026-02-05 12:49:07,080 INFO:main.py:664:non_trivial:Debumping biomolecule (again).
2026-02-05 12:49:07,330 INFO:main.py:666:non_trivial:Optimizing hydrogen bonds
2026-02-05 12:49:07,331 INFO:__init__.py:375:initialize_wat_optimization:Initializing water bonding optimization...
2026-02-05 12:49:07,407 INFO:main.py:678:non_trivial:Applying force field to biomolecule states.
2026-02-05 12:49:07,410 INFO:main.py:725:non_trivial:Regenerating headers.
2026-02-05 12:49:07,410 INFO:main.py:750:non_trivial:Regenerating PDB lines.
2026-02-05 12:49:07,432 WARNING:main.py:326:print_pqr:Ignoring 390 header lines in output.
