2026-02-05 12:30:23,204 INFO:main.py:246:print_splash_screen:PDB2PQR v3.7.1: biomolecular structure conversion software.
2026-02-05 12:30:23,204 INFO:main.py:248:print_splash_screen:Please cite:  Jurrus E, et al.  Improvements to the APBS biomolecular solvation software suite.  Protein Sci 27 112-128 (2018).
2026-02-05 12:30:23,204 INFO:main.py:248:print_splash_screen:Please cite:  Dolinsky TJ, et al.  PDB2PQR: expanding and upgrading automated preparation of biomolecular structures for molecular simulations. Nucleic Acids Res 35 W522-W525 (2007).
2026-02-05 12:30:23,204 INFO:main.py:770:main_driver:Checking and transforming input arguments.
2026-02-05 12:30:23,204 INFO:main.py:774:main_driver:Loading topology files.
2026-02-05 12:30:23,241 INFO:main.py:776:main_driver:Loading molecule: data/04_out/aligned_struct/Q949U1.aligned.pdb
2026-02-05 12:30:23,254 INFO:main.py:781:main_driver:Setting up molecule.
2026-02-05 12:30:23,264 INFO:main.py:423:setup_molecule:Created biomolecule object with 538 residues and 4333 atoms.
2026-02-05 12:30:23,265 INFO:main.py:785:main_driver:Setting termini states for biomolecule chains.
2026-02-05 12:30:23,272 INFO:main.py:616:non_trivial:Loading forcefield.
2026-02-05 12:30:23,279 INFO:main.py:620:non_trivial:Loading hydrogen topology definitions.
2026-02-05 12:30:23,282 INFO:main.py:474:is_repairable:This biomolecule is clean.  No repair needed.
2026-02-05 12:30:23,282 INFO:main.py:635:non_trivial:Updating disulfide bridges.
2026-02-05 12:30:23,282 INFO:main.py:638:non_trivial:Debumping biomolecule.
2026-02-05 12:30:23,367 INFO:main.py:661:non_trivial:Adding hydrogens to biomolecule.
2026-02-05 12:30:23,720 INFO:main.py:664:non_trivial:Debumping biomolecule (again).
2026-02-05 12:30:24,150 INFO:main.py:666:non_trivial:Optimizing hydrogen bonds
2026-02-05 12:30:24,150 INFO:__init__.py:375:initialize_wat_optimization:Initializing water bonding optimization...
2026-02-05 12:30:24,313 INFO:main.py:678:non_trivial:Applying force field to biomolecule states.
2026-02-05 12:30:24,318 INFO:main.py:725:non_trivial:Regenerating headers.
2026-02-05 12:30:24,319 INFO:main.py:750:non_trivial:Regenerating PDB lines.
2026-02-05 12:30:24,358 WARNING:main.py:326:print_pqr:Ignoring 390 header lines in output.
2026-02-05 12:49:09,535 INFO:main.py:246:print_splash_screen:PDB2PQR v3.7.1: biomolecular structure conversion software.
2026-02-05 12:49:09,536 INFO:main.py:248:print_splash_screen:Please cite:  Jurrus E, et al.  Improvements to the APBS biomolecular solvation software suite.  Protein Sci 27 112-128 (2018).
2026-02-05 12:49:09,536 INFO:main.py:248:print_splash_screen:Please cite:  Dolinsky TJ, et al.  PDB2PQR: expanding and upgrading automated preparation of biomolecular structures for molecular simulations. Nucleic Acids Res 35 W522-W525 (2007).
2026-02-05 12:49:09,536 INFO:main.py:770:main_driver:Checking and transforming input arguments.
2026-02-05 12:49:09,537 INFO:main.py:774:main_driver:Loading topology files.
2026-02-05 12:49:09,564 INFO:main.py:776:main_driver:Loading molecule: data/04_out/aligned_struct/Q949U1.aligned.pdb
2026-02-05 12:49:09,575 INFO:main.py:781:main_driver:Setting up molecule.
2026-02-05 12:49:09,585 INFO:main.py:423:setup_molecule:Created biomolecule object with 538 residues and 4333 atoms.
2026-02-05 12:49:09,586 INFO:main.py:785:main_driver:Setting termini states for biomolecule chains.
2026-02-05 12:49:09,593 INFO:main.py:616:non_trivial:Loading forcefield.
2026-02-05 12:49:09,598 INFO:main.py:620:non_trivial:Loading hydrogen topology definitions.
2026-02-05 12:49:09,601 INFO:main.py:474:is_repairable:This biomolecule is clean.  No repair needed.
2026-02-05 12:49:09,601 INFO:main.py:635:non_trivial:Updating disulfide bridges.
2026-02-05 12:49:09,601 INFO:main.py:638:non_trivial:Debumping biomolecule.
2026-02-05 12:49:09,680 INFO:main.py:661:non_trivial:Adding hydrogens to biomolecule.
2026-02-05 12:49:09,887 INFO:main.py:664:non_trivial:Debumping biomolecule (again).
2026-02-05 12:49:10,166 INFO:main.py:666:non_trivial:Optimizing hydrogen bonds
2026-02-05 12:49:10,166 INFO:__init__.py:375:initialize_wat_optimization:Initializing water bonding optimization...
2026-02-05 12:49:10,251 INFO:main.py:678:non_trivial:Applying force field to biomolecule states.
2026-02-05 12:49:10,254 INFO:main.py:725:non_trivial:Regenerating headers.
2026-02-05 12:49:10,255 INFO:main.py:750:non_trivial:Regenerating PDB lines.
2026-02-05 12:49:10,280 WARNING:main.py:326:print_pqr:Ignoring 390 header lines in output.
