2026-02-05 12:30:27,574 INFO:main.py:246:print_splash_screen:PDB2PQR v3.7.1: biomolecular structure conversion software.
2026-02-05 12:30:27,574 INFO:main.py:248:print_splash_screen:Please cite:  Jurrus E, et al.  Improvements to the APBS biomolecular solvation software suite.  Protein Sci 27 112-128 (2018).
2026-02-05 12:30:27,574 INFO:main.py:248:print_splash_screen:Please cite:  Dolinsky TJ, et al.  PDB2PQR: expanding and upgrading automated preparation of biomolecular structures for molecular simulations. Nucleic Acids Res 35 W522-W525 (2007).
2026-02-05 12:30:27,574 INFO:main.py:770:main_driver:Checking and transforming input arguments.
2026-02-05 12:30:27,574 INFO:main.py:774:main_driver:Loading topology files.
2026-02-05 12:30:27,656 INFO:main.py:776:main_driver:Loading molecule: data/04_out/aligned_struct/Q94IP1.aligned.pdb
2026-02-05 12:30:27,682 INFO:main.py:781:main_driver:Setting up molecule.
2026-02-05 12:30:27,696 INFO:main.py:423:setup_molecule:Created biomolecule object with 501 residues and 4023 atoms.
2026-02-05 12:30:27,697 INFO:main.py:785:main_driver:Setting termini states for biomolecule chains.
2026-02-05 12:30:27,704 INFO:main.py:616:non_trivial:Loading forcefield.
2026-02-05 12:30:27,711 INFO:main.py:620:non_trivial:Loading hydrogen topology definitions.
2026-02-05 12:30:27,715 INFO:main.py:474:is_repairable:This biomolecule is clean.  No repair needed.
2026-02-05 12:30:27,715 INFO:main.py:635:non_trivial:Updating disulfide bridges.
2026-02-05 12:30:27,716 INFO:main.py:638:non_trivial:Debumping biomolecule.
2026-02-05 12:30:27,801 INFO:main.py:661:non_trivial:Adding hydrogens to biomolecule.
2026-02-05 12:30:28,122 INFO:main.py:664:non_trivial:Debumping biomolecule (again).
2026-02-05 12:30:28,543 INFO:main.py:666:non_trivial:Optimizing hydrogen bonds
2026-02-05 12:30:28,543 INFO:__init__.py:375:initialize_wat_optimization:Initializing water bonding optimization...
2026-02-05 12:30:28,645 INFO:main.py:678:non_trivial:Applying force field to biomolecule states.
2026-02-05 12:30:28,649 INFO:main.py:725:non_trivial:Regenerating headers.
2026-02-05 12:30:28,650 INFO:main.py:750:non_trivial:Regenerating PDB lines.
2026-02-05 12:30:28,680 WARNING:main.py:326:print_pqr:Ignoring 390 header lines in output.
2026-02-05 12:49:12,471 INFO:main.py:246:print_splash_screen:PDB2PQR v3.7.1: biomolecular structure conversion software.
2026-02-05 12:49:12,472 INFO:main.py:248:print_splash_screen:Please cite:  Jurrus E, et al.  Improvements to the APBS biomolecular solvation software suite.  Protein Sci 27 112-128 (2018).
2026-02-05 12:49:12,472 INFO:main.py:248:print_splash_screen:Please cite:  Dolinsky TJ, et al.  PDB2PQR: expanding and upgrading automated preparation of biomolecular structures for molecular simulations. Nucleic Acids Res 35 W522-W525 (2007).
2026-02-05 12:49:12,472 INFO:main.py:770:main_driver:Checking and transforming input arguments.
2026-02-05 12:49:12,473 INFO:main.py:774:main_driver:Loading topology files.
2026-02-05 12:49:12,541 INFO:main.py:776:main_driver:Loading molecule: data/04_out/aligned_struct/Q94IP1.aligned.pdb
2026-02-05 12:49:12,564 INFO:main.py:781:main_driver:Setting up molecule.
2026-02-05 12:49:12,577 INFO:main.py:423:setup_molecule:Created biomolecule object with 501 residues and 4023 atoms.
2026-02-05 12:49:12,577 INFO:main.py:785:main_driver:Setting termini states for biomolecule chains.
2026-02-05 12:49:12,583 INFO:main.py:616:non_trivial:Loading forcefield.
2026-02-05 12:49:12,589 INFO:main.py:620:non_trivial:Loading hydrogen topology definitions.
2026-02-05 12:49:12,591 INFO:main.py:474:is_repairable:This biomolecule is clean.  No repair needed.
2026-02-05 12:49:12,591 INFO:main.py:635:non_trivial:Updating disulfide bridges.
2026-02-05 12:49:12,591 INFO:main.py:638:non_trivial:Debumping biomolecule.
2026-02-05 12:49:12,653 INFO:main.py:661:non_trivial:Adding hydrogens to biomolecule.
2026-02-05 12:49:12,846 INFO:main.py:664:non_trivial:Debumping biomolecule (again).
2026-02-05 12:49:13,115 INFO:main.py:666:non_trivial:Optimizing hydrogen bonds
2026-02-05 12:49:13,116 INFO:__init__.py:375:initialize_wat_optimization:Initializing water bonding optimization...
2026-02-05 12:49:13,194 INFO:main.py:678:non_trivial:Applying force field to biomolecule states.
2026-02-05 12:49:13,197 INFO:main.py:725:non_trivial:Regenerating headers.
2026-02-05 12:49:13,198 INFO:main.py:750:non_trivial:Regenerating PDB lines.
2026-02-05 12:49:13,221 WARNING:main.py:326:print_pqr:Ignoring 390 header lines in output.
