2026-02-05 12:30:30,713 INFO:main.py:246:print_splash_screen:PDB2PQR v3.7.1: biomolecular structure conversion software.
2026-02-05 12:30:30,713 INFO:main.py:248:print_splash_screen:Please cite:  Jurrus E, et al.  Improvements to the APBS biomolecular solvation software suite.  Protein Sci 27 112-128 (2018).
2026-02-05 12:30:30,713 INFO:main.py:248:print_splash_screen:Please cite:  Dolinsky TJ, et al.  PDB2PQR: expanding and upgrading automated preparation of biomolecular structures for molecular simulations. Nucleic Acids Res 35 W522-W525 (2007).
2026-02-05 12:30:30,713 INFO:main.py:770:main_driver:Checking and transforming input arguments.
2026-02-05 12:30:30,713 INFO:main.py:774:main_driver:Loading topology files.
2026-02-05 12:30:30,749 INFO:main.py:776:main_driver:Loading molecule: data/04_out/aligned_struct/Q96514.aligned.pdb
2026-02-05 12:30:30,761 INFO:main.py:781:main_driver:Setting up molecule.
2026-02-05 12:30:30,771 INFO:main.py:423:setup_molecule:Created biomolecule object with 504 residues and 4027 atoms.
2026-02-05 12:30:30,771 INFO:main.py:785:main_driver:Setting termini states for biomolecule chains.
2026-02-05 12:30:30,779 INFO:main.py:616:non_trivial:Loading forcefield.
2026-02-05 12:30:30,785 INFO:main.py:620:non_trivial:Loading hydrogen topology definitions.
2026-02-05 12:30:30,789 INFO:main.py:474:is_repairable:This biomolecule is clean.  No repair needed.
2026-02-05 12:30:30,789 INFO:main.py:635:non_trivial:Updating disulfide bridges.
2026-02-05 12:30:30,789 INFO:main.py:638:non_trivial:Debumping biomolecule.
2026-02-05 12:30:30,927 INFO:main.py:661:non_trivial:Adding hydrogens to biomolecule.
2026-02-05 12:30:31,241 INFO:main.py:664:non_trivial:Debumping biomolecule (again).
2026-02-05 12:30:31,660 INFO:main.py:666:non_trivial:Optimizing hydrogen bonds
2026-02-05 12:30:31,660 INFO:__init__.py:375:initialize_wat_optimization:Initializing water bonding optimization...
2026-02-05 12:30:31,768 INFO:main.py:678:non_trivial:Applying force field to biomolecule states.
2026-02-05 12:30:31,772 INFO:main.py:725:non_trivial:Regenerating headers.
2026-02-05 12:30:31,773 INFO:main.py:750:non_trivial:Regenerating PDB lines.
2026-02-05 12:30:31,803 WARNING:main.py:326:print_pqr:Ignoring 390 header lines in output.
2026-02-05 12:49:14,476 INFO:main.py:246:print_splash_screen:PDB2PQR v3.7.1: biomolecular structure conversion software.
2026-02-05 12:49:14,477 INFO:main.py:248:print_splash_screen:Please cite:  Jurrus E, et al.  Improvements to the APBS biomolecular solvation software suite.  Protein Sci 27 112-128 (2018).
2026-02-05 12:49:14,477 INFO:main.py:248:print_splash_screen:Please cite:  Dolinsky TJ, et al.  PDB2PQR: expanding and upgrading automated preparation of biomolecular structures for molecular simulations. Nucleic Acids Res 35 W522-W525 (2007).
2026-02-05 12:49:14,477 INFO:main.py:770:main_driver:Checking and transforming input arguments.
2026-02-05 12:49:14,477 INFO:main.py:774:main_driver:Loading topology files.
2026-02-05 12:49:14,512 INFO:main.py:776:main_driver:Loading molecule: data/04_out/aligned_struct/Q96514.aligned.pdb
2026-02-05 12:49:14,528 INFO:main.py:781:main_driver:Setting up molecule.
2026-02-05 12:49:14,550 INFO:main.py:423:setup_molecule:Created biomolecule object with 504 residues and 4027 atoms.
2026-02-05 12:49:14,550 INFO:main.py:785:main_driver:Setting termini states for biomolecule chains.
2026-02-05 12:49:14,557 INFO:main.py:616:non_trivial:Loading forcefield.
2026-02-05 12:49:14,562 INFO:main.py:620:non_trivial:Loading hydrogen topology definitions.
2026-02-05 12:49:14,564 INFO:main.py:474:is_repairable:This biomolecule is clean.  No repair needed.
2026-02-05 12:49:14,564 INFO:main.py:635:non_trivial:Updating disulfide bridges.
2026-02-05 12:49:14,565 INFO:main.py:638:non_trivial:Debumping biomolecule.
2026-02-05 12:49:14,627 INFO:main.py:661:non_trivial:Adding hydrogens to biomolecule.
2026-02-05 12:49:14,822 INFO:main.py:664:non_trivial:Debumping biomolecule (again).
2026-02-05 12:49:15,090 INFO:main.py:666:non_trivial:Optimizing hydrogen bonds
2026-02-05 12:49:15,090 INFO:__init__.py:375:initialize_wat_optimization:Initializing water bonding optimization...
2026-02-05 12:49:15,170 INFO:main.py:678:non_trivial:Applying force field to biomolecule states.
2026-02-05 12:49:15,173 INFO:main.py:725:non_trivial:Regenerating headers.
2026-02-05 12:49:15,174 INFO:main.py:750:non_trivial:Regenerating PDB lines.
2026-02-05 12:49:15,198 WARNING:main.py:326:print_pqr:Ignoring 390 header lines in output.
