2026-02-05 12:30:36,648 INFO:main.py:246:print_splash_screen:PDB2PQR v3.7.1: biomolecular structure conversion software.
2026-02-05 12:30:36,648 INFO:main.py:248:print_splash_screen:Please cite:  Jurrus E, et al.  Improvements to the APBS biomolecular solvation software suite.  Protein Sci 27 112-128 (2018).
2026-02-05 12:30:36,648 INFO:main.py:248:print_splash_screen:Please cite:  Dolinsky TJ, et al.  PDB2PQR: expanding and upgrading automated preparation of biomolecular structures for molecular simulations. Nucleic Acids Res 35 W522-W525 (2007).
2026-02-05 12:30:36,648 INFO:main.py:770:main_driver:Checking and transforming input arguments.
2026-02-05 12:30:36,648 INFO:main.py:774:main_driver:Loading topology files.
2026-02-05 12:30:36,704 INFO:main.py:776:main_driver:Loading molecule: data/04_out/aligned_struct/Q9CA61.aligned.pdb
2026-02-05 12:30:36,722 INFO:main.py:781:main_driver:Setting up molecule.
2026-02-05 12:30:36,796 INFO:main.py:423:setup_molecule:Created biomolecule object with 497 residues and 3989 atoms.
2026-02-05 12:30:36,803 INFO:main.py:785:main_driver:Setting termini states for biomolecule chains.
2026-02-05 12:30:36,825 INFO:main.py:616:non_trivial:Loading forcefield.
2026-02-05 12:30:36,832 INFO:main.py:620:non_trivial:Loading hydrogen topology definitions.
2026-02-05 12:30:36,836 INFO:main.py:474:is_repairable:This biomolecule is clean.  No repair needed.
2026-02-05 12:30:36,836 INFO:main.py:635:non_trivial:Updating disulfide bridges.
2026-02-05 12:30:36,837 INFO:main.py:638:non_trivial:Debumping biomolecule.
2026-02-05 12:30:36,930 INFO:main.py:661:non_trivial:Adding hydrogens to biomolecule.
2026-02-05 12:30:37,185 INFO:main.py:664:non_trivial:Debumping biomolecule (again).
2026-02-05 12:30:37,526 INFO:main.py:666:non_trivial:Optimizing hydrogen bonds
2026-02-05 12:30:37,526 INFO:__init__.py:375:initialize_wat_optimization:Initializing water bonding optimization...
2026-02-05 12:30:37,629 INFO:main.py:678:non_trivial:Applying force field to biomolecule states.
2026-02-05 12:30:37,633 INFO:main.py:725:non_trivial:Regenerating headers.
2026-02-05 12:30:37,634 INFO:main.py:750:non_trivial:Regenerating PDB lines.
2026-02-05 12:30:37,663 WARNING:main.py:326:print_pqr:Ignoring 390 header lines in output.
2026-02-05 12:49:18,325 INFO:main.py:246:print_splash_screen:PDB2PQR v3.7.1: biomolecular structure conversion software.
2026-02-05 12:49:18,326 INFO:main.py:248:print_splash_screen:Please cite:  Jurrus E, et al.  Improvements to the APBS biomolecular solvation software suite.  Protein Sci 27 112-128 (2018).
2026-02-05 12:49:18,326 INFO:main.py:248:print_splash_screen:Please cite:  Dolinsky TJ, et al.  PDB2PQR: expanding and upgrading automated preparation of biomolecular structures for molecular simulations. Nucleic Acids Res 35 W522-W525 (2007).
2026-02-05 12:49:18,326 INFO:main.py:770:main_driver:Checking and transforming input arguments.
2026-02-05 12:49:18,327 INFO:main.py:774:main_driver:Loading topology files.
2026-02-05 12:49:18,374 INFO:main.py:776:main_driver:Loading molecule: data/04_out/aligned_struct/Q9CA61.aligned.pdb
2026-02-05 12:49:18,384 INFO:main.py:781:main_driver:Setting up molecule.
2026-02-05 12:49:18,395 INFO:main.py:423:setup_molecule:Created biomolecule object with 497 residues and 3989 atoms.
2026-02-05 12:49:18,395 INFO:main.py:785:main_driver:Setting termini states for biomolecule chains.
2026-02-05 12:49:18,401 INFO:main.py:616:non_trivial:Loading forcefield.
2026-02-05 12:49:18,408 INFO:main.py:620:non_trivial:Loading hydrogen topology definitions.
2026-02-05 12:49:18,413 INFO:main.py:474:is_repairable:This biomolecule is clean.  No repair needed.
2026-02-05 12:49:18,413 INFO:main.py:635:non_trivial:Updating disulfide bridges.
2026-02-05 12:49:18,413 INFO:main.py:638:non_trivial:Debumping biomolecule.
2026-02-05 12:49:18,478 INFO:main.py:661:non_trivial:Adding hydrogens to biomolecule.
2026-02-05 12:49:18,669 INFO:main.py:664:non_trivial:Debumping biomolecule (again).
2026-02-05 12:49:18,929 INFO:main.py:666:non_trivial:Optimizing hydrogen bonds
2026-02-05 12:49:18,929 INFO:__init__.py:375:initialize_wat_optimization:Initializing water bonding optimization...
2026-02-05 12:49:19,009 INFO:main.py:678:non_trivial:Applying force field to biomolecule states.
2026-02-05 12:49:19,012 INFO:main.py:725:non_trivial:Regenerating headers.
2026-02-05 12:49:19,013 INFO:main.py:750:non_trivial:Regenerating PDB lines.
2026-02-05 12:49:19,036 WARNING:main.py:326:print_pqr:Ignoring 390 header lines in output.
