2026-02-05 12:30:35,331 INFO:main.py:246:print_splash_screen:PDB2PQR v3.7.1: biomolecular structure conversion software.
2026-02-05 12:30:35,331 INFO:main.py:248:print_splash_screen:Please cite:  Jurrus E, et al.  Improvements to the APBS biomolecular solvation software suite.  Protein Sci 27 112-128 (2018).
2026-02-05 12:30:35,332 INFO:main.py:248:print_splash_screen:Please cite:  Dolinsky TJ, et al.  PDB2PQR: expanding and upgrading automated preparation of biomolecular structures for molecular simulations. Nucleic Acids Res 35 W522-W525 (2007).
2026-02-05 12:30:35,332 INFO:main.py:770:main_driver:Checking and transforming input arguments.
2026-02-05 12:30:35,332 INFO:main.py:774:main_driver:Loading topology files.
2026-02-05 12:30:35,372 INFO:main.py:776:main_driver:Loading molecule: data/04_out/aligned_struct/Q9CA60.aligned.pdb
2026-02-05 12:30:35,383 INFO:main.py:781:main_driver:Setting up molecule.
2026-02-05 12:30:35,393 INFO:main.py:423:setup_molecule:Created biomolecule object with 487 residues and 3885 atoms.
2026-02-05 12:30:35,393 INFO:main.py:785:main_driver:Setting termini states for biomolecule chains.
2026-02-05 12:30:35,400 INFO:main.py:616:non_trivial:Loading forcefield.
2026-02-05 12:30:35,407 INFO:main.py:620:non_trivial:Loading hydrogen topology definitions.
2026-02-05 12:30:35,410 INFO:main.py:474:is_repairable:This biomolecule is clean.  No repair needed.
2026-02-05 12:30:35,410 INFO:main.py:635:non_trivial:Updating disulfide bridges.
2026-02-05 12:30:35,410 INFO:main.py:638:non_trivial:Debumping biomolecule.
2026-02-05 12:30:35,488 INFO:main.py:661:non_trivial:Adding hydrogens to biomolecule.
2026-02-05 12:30:35,797 INFO:main.py:664:non_trivial:Debumping biomolecule (again).
2026-02-05 12:30:36,132 INFO:main.py:666:non_trivial:Optimizing hydrogen bonds
2026-02-05 12:30:36,133 INFO:__init__.py:375:initialize_wat_optimization:Initializing water bonding optimization...
2026-02-05 12:30:36,292 INFO:main.py:678:non_trivial:Applying force field to biomolecule states.
2026-02-05 12:30:36,296 INFO:main.py:725:non_trivial:Regenerating headers.
2026-02-05 12:30:36,297 INFO:main.py:750:non_trivial:Regenerating PDB lines.
2026-02-05 12:30:36,326 WARNING:main.py:326:print_pqr:Ignoring 390 header lines in output.
2026-02-05 12:49:17,419 INFO:main.py:246:print_splash_screen:PDB2PQR v3.7.1: biomolecular structure conversion software.
2026-02-05 12:49:17,420 INFO:main.py:248:print_splash_screen:Please cite:  Jurrus E, et al.  Improvements to the APBS biomolecular solvation software suite.  Protein Sci 27 112-128 (2018).
2026-02-05 12:49:17,420 INFO:main.py:248:print_splash_screen:Please cite:  Dolinsky TJ, et al.  PDB2PQR: expanding and upgrading automated preparation of biomolecular structures for molecular simulations. Nucleic Acids Res 35 W522-W525 (2007).
2026-02-05 12:49:17,420 INFO:main.py:770:main_driver:Checking and transforming input arguments.
2026-02-05 12:49:17,420 INFO:main.py:774:main_driver:Loading topology files.
2026-02-05 12:49:17,448 INFO:main.py:776:main_driver:Loading molecule: data/04_out/aligned_struct/Q9CA60.aligned.pdb
2026-02-05 12:49:17,457 INFO:main.py:781:main_driver:Setting up molecule.
2026-02-05 12:49:17,465 INFO:main.py:423:setup_molecule:Created biomolecule object with 487 residues and 3885 atoms.
2026-02-05 12:49:17,466 INFO:main.py:785:main_driver:Setting termini states for biomolecule chains.
2026-02-05 12:49:17,471 INFO:main.py:616:non_trivial:Loading forcefield.
2026-02-05 12:49:17,479 INFO:main.py:620:non_trivial:Loading hydrogen topology definitions.
2026-02-05 12:49:17,485 INFO:main.py:474:is_repairable:This biomolecule is clean.  No repair needed.
2026-02-05 12:49:17,485 INFO:main.py:635:non_trivial:Updating disulfide bridges.
2026-02-05 12:49:17,486 INFO:main.py:638:non_trivial:Debumping biomolecule.
2026-02-05 12:49:17,551 INFO:main.py:661:non_trivial:Adding hydrogens to biomolecule.
2026-02-05 12:49:17,736 INFO:main.py:664:non_trivial:Debumping biomolecule (again).
2026-02-05 12:49:17,990 INFO:main.py:666:non_trivial:Optimizing hydrogen bonds
2026-02-05 12:49:17,990 INFO:__init__.py:375:initialize_wat_optimization:Initializing water bonding optimization...
2026-02-05 12:49:18,066 INFO:main.py:678:non_trivial:Applying force field to biomolecule states.
2026-02-05 12:49:18,069 INFO:main.py:725:non_trivial:Regenerating headers.
2026-02-05 12:49:18,070 INFO:main.py:750:non_trivial:Regenerating PDB lines.
2026-02-05 12:49:18,093 WARNING:main.py:326:print_pqr:Ignoring 390 header lines in output.
