2026-02-05 12:30:39,255 INFO:main.py:246:print_splash_screen:PDB2PQR v3.7.1: biomolecular structure conversion software.
2026-02-05 12:30:39,255 INFO:main.py:248:print_splash_screen:Please cite:  Jurrus E, et al.  Improvements to the APBS biomolecular solvation software suite.  Protein Sci 27 112-128 (2018).
2026-02-05 12:30:39,255 INFO:main.py:248:print_splash_screen:Please cite:  Dolinsky TJ, et al.  PDB2PQR: expanding and upgrading automated preparation of biomolecular structures for molecular simulations. Nucleic Acids Res 35 W522-W525 (2007).
2026-02-05 12:30:39,255 INFO:main.py:770:main_driver:Checking and transforming input arguments.
2026-02-05 12:30:39,255 INFO:main.py:774:main_driver:Loading topology files.
2026-02-05 12:30:39,308 INFO:main.py:776:main_driver:Loading molecule: data/04_out/aligned_struct/Q9FF18.aligned.pdb
2026-02-05 12:30:39,323 INFO:main.py:781:main_driver:Setting up molecule.
2026-02-05 12:30:39,333 INFO:main.py:423:setup_molecule:Created biomolecule object with 518 residues and 4144 atoms.
2026-02-05 12:30:39,333 INFO:main.py:785:main_driver:Setting termini states for biomolecule chains.
2026-02-05 12:30:39,346 INFO:main.py:616:non_trivial:Loading forcefield.
2026-02-05 12:30:39,352 INFO:main.py:620:non_trivial:Loading hydrogen topology definitions.
2026-02-05 12:30:39,355 INFO:main.py:474:is_repairable:This biomolecule is clean.  No repair needed.
2026-02-05 12:30:39,355 INFO:main.py:635:non_trivial:Updating disulfide bridges.
2026-02-05 12:30:39,355 INFO:main.py:638:non_trivial:Debumping biomolecule.
2026-02-05 12:30:39,437 INFO:main.py:661:non_trivial:Adding hydrogens to biomolecule.
2026-02-05 12:30:39,719 INFO:main.py:664:non_trivial:Debumping biomolecule (again).
2026-02-05 12:30:40,076 INFO:main.py:666:non_trivial:Optimizing hydrogen bonds
2026-02-05 12:30:40,076 INFO:__init__.py:375:initialize_wat_optimization:Initializing water bonding optimization...
2026-02-05 12:30:40,185 INFO:main.py:678:non_trivial:Applying force field to biomolecule states.
2026-02-05 12:30:40,190 INFO:main.py:725:non_trivial:Regenerating headers.
2026-02-05 12:30:40,190 INFO:main.py:750:non_trivial:Regenerating PDB lines.
2026-02-05 12:30:40,220 WARNING:main.py:326:print_pqr:Ignoring 391 header lines in output.
2026-02-05 12:49:20,286 INFO:main.py:246:print_splash_screen:PDB2PQR v3.7.1: biomolecular structure conversion software.
2026-02-05 12:49:20,289 INFO:main.py:248:print_splash_screen:Please cite:  Jurrus E, et al.  Improvements to the APBS biomolecular solvation software suite.  Protein Sci 27 112-128 (2018).
2026-02-05 12:49:20,289 INFO:main.py:248:print_splash_screen:Please cite:  Dolinsky TJ, et al.  PDB2PQR: expanding and upgrading automated preparation of biomolecular structures for molecular simulations. Nucleic Acids Res 35 W522-W525 (2007).
2026-02-05 12:49:20,289 INFO:main.py:770:main_driver:Checking and transforming input arguments.
2026-02-05 12:49:20,290 INFO:main.py:774:main_driver:Loading topology files.
2026-02-05 12:49:20,355 INFO:main.py:776:main_driver:Loading molecule: data/04_out/aligned_struct/Q9FF18.aligned.pdb
2026-02-05 12:49:20,365 INFO:main.py:781:main_driver:Setting up molecule.
2026-02-05 12:49:20,373 INFO:main.py:423:setup_molecule:Created biomolecule object with 518 residues and 4144 atoms.
2026-02-05 12:49:20,373 INFO:main.py:785:main_driver:Setting termini states for biomolecule chains.
2026-02-05 12:49:20,379 INFO:main.py:616:non_trivial:Loading forcefield.
2026-02-05 12:49:20,384 INFO:main.py:620:non_trivial:Loading hydrogen topology definitions.
2026-02-05 12:49:20,386 INFO:main.py:474:is_repairable:This biomolecule is clean.  No repair needed.
2026-02-05 12:49:20,386 INFO:main.py:635:non_trivial:Updating disulfide bridges.
2026-02-05 12:49:20,387 INFO:main.py:638:non_trivial:Debumping biomolecule.
2026-02-05 12:49:20,459 INFO:main.py:661:non_trivial:Adding hydrogens to biomolecule.
2026-02-05 12:49:20,660 INFO:main.py:664:non_trivial:Debumping biomolecule (again).
2026-02-05 12:49:20,940 INFO:main.py:666:non_trivial:Optimizing hydrogen bonds
2026-02-05 12:49:20,940 INFO:__init__.py:375:initialize_wat_optimization:Initializing water bonding optimization...
2026-02-05 12:49:21,022 INFO:main.py:678:non_trivial:Applying force field to biomolecule states.
2026-02-05 12:49:21,025 INFO:main.py:725:non_trivial:Regenerating headers.
2026-02-05 12:49:21,026 INFO:main.py:750:non_trivial:Regenerating PDB lines.
2026-02-05 12:49:21,050 WARNING:main.py:326:print_pqr:Ignoring 391 header lines in output.
