2026-02-05 12:30:40,561 INFO:main.py:246:print_splash_screen:PDB2PQR v3.7.1: biomolecular structure conversion software.
2026-02-05 12:30:40,562 INFO:main.py:248:print_splash_screen:Please cite:  Jurrus E, et al.  Improvements to the APBS biomolecular solvation software suite.  Protein Sci 27 112-128 (2018).
2026-02-05 12:30:40,562 INFO:main.py:248:print_splash_screen:Please cite:  Dolinsky TJ, et al.  PDB2PQR: expanding and upgrading automated preparation of biomolecular structures for molecular simulations. Nucleic Acids Res 35 W522-W525 (2007).
2026-02-05 12:30:40,562 INFO:main.py:770:main_driver:Checking and transforming input arguments.
2026-02-05 12:30:40,562 INFO:main.py:774:main_driver:Loading topology files.
2026-02-05 12:30:40,598 INFO:main.py:776:main_driver:Loading molecule: data/04_out/aligned_struct/Q9FG65.aligned.pdb
2026-02-05 12:30:40,611 INFO:main.py:781:main_driver:Setting up molecule.
2026-02-05 12:30:40,621 INFO:main.py:423:setup_molecule:Created biomolecule object with 502 residues and 3988 atoms.
2026-02-05 12:30:40,622 INFO:main.py:785:main_driver:Setting termini states for biomolecule chains.
2026-02-05 12:30:40,628 INFO:main.py:616:non_trivial:Loading forcefield.
2026-02-05 12:30:40,635 INFO:main.py:620:non_trivial:Loading hydrogen topology definitions.
2026-02-05 12:30:40,638 INFO:main.py:474:is_repairable:This biomolecule is clean.  No repair needed.
2026-02-05 12:30:40,638 INFO:main.py:635:non_trivial:Updating disulfide bridges.
2026-02-05 12:30:40,638 INFO:main.py:638:non_trivial:Debumping biomolecule.
2026-02-05 12:30:40,716 INFO:main.py:661:non_trivial:Adding hydrogens to biomolecule.
2026-02-05 12:30:40,968 INFO:main.py:664:non_trivial:Debumping biomolecule (again).
2026-02-05 12:30:41,310 INFO:main.py:666:non_trivial:Optimizing hydrogen bonds
2026-02-05 12:30:41,310 INFO:__init__.py:375:initialize_wat_optimization:Initializing water bonding optimization...
2026-02-05 12:30:41,410 INFO:main.py:678:non_trivial:Applying force field to biomolecule states.
2026-02-05 12:30:41,414 INFO:main.py:725:non_trivial:Regenerating headers.
2026-02-05 12:30:41,415 INFO:main.py:750:non_trivial:Regenerating PDB lines.
2026-02-05 12:30:41,444 WARNING:main.py:326:print_pqr:Ignoring 390 header lines in output.
2026-02-05 12:49:21,262 INFO:main.py:246:print_splash_screen:PDB2PQR v3.7.1: biomolecular structure conversion software.
2026-02-05 12:49:21,263 INFO:main.py:248:print_splash_screen:Please cite:  Jurrus E, et al.  Improvements to the APBS biomolecular solvation software suite.  Protein Sci 27 112-128 (2018).
2026-02-05 12:49:21,263 INFO:main.py:248:print_splash_screen:Please cite:  Dolinsky TJ, et al.  PDB2PQR: expanding and upgrading automated preparation of biomolecular structures for molecular simulations. Nucleic Acids Res 35 W522-W525 (2007).
2026-02-05 12:49:21,263 INFO:main.py:770:main_driver:Checking and transforming input arguments.
2026-02-05 12:49:21,263 INFO:main.py:774:main_driver:Loading topology files.
2026-02-05 12:49:21,308 INFO:main.py:776:main_driver:Loading molecule: data/04_out/aligned_struct/Q9FG65.aligned.pdb
2026-02-05 12:49:21,318 INFO:main.py:781:main_driver:Setting up molecule.
2026-02-05 12:49:21,331 INFO:main.py:423:setup_molecule:Created biomolecule object with 502 residues and 3988 atoms.
2026-02-05 12:49:21,331 INFO:main.py:785:main_driver:Setting termini states for biomolecule chains.
2026-02-05 12:49:21,338 INFO:main.py:616:non_trivial:Loading forcefield.
2026-02-05 12:49:21,347 INFO:main.py:620:non_trivial:Loading hydrogen topology definitions.
2026-02-05 12:49:21,349 INFO:main.py:474:is_repairable:This biomolecule is clean.  No repair needed.
2026-02-05 12:49:21,349 INFO:main.py:635:non_trivial:Updating disulfide bridges.
2026-02-05 12:49:21,350 INFO:main.py:638:non_trivial:Debumping biomolecule.
2026-02-05 12:49:21,411 INFO:main.py:661:non_trivial:Adding hydrogens to biomolecule.
2026-02-05 12:49:21,609 INFO:main.py:664:non_trivial:Debumping biomolecule (again).
2026-02-05 12:49:21,878 INFO:main.py:666:non_trivial:Optimizing hydrogen bonds
2026-02-05 12:49:21,878 INFO:__init__.py:375:initialize_wat_optimization:Initializing water bonding optimization...
2026-02-05 12:49:21,957 INFO:main.py:678:non_trivial:Applying force field to biomolecule states.
2026-02-05 12:49:21,960 INFO:main.py:725:non_trivial:Regenerating headers.
2026-02-05 12:49:21,961 INFO:main.py:750:non_trivial:Regenerating PDB lines.
2026-02-05 12:49:21,984 WARNING:main.py:326:print_pqr:Ignoring 390 header lines in output.
