2026-02-05 12:30:42,904 INFO:main.py:246:print_splash_screen:PDB2PQR v3.7.1: biomolecular structure conversion software.
2026-02-05 12:30:42,905 INFO:main.py:248:print_splash_screen:Please cite:  Jurrus E, et al.  Improvements to the APBS biomolecular solvation software suite.  Protein Sci 27 112-128 (2018).
2026-02-05 12:30:42,905 INFO:main.py:248:print_splash_screen:Please cite:  Dolinsky TJ, et al.  PDB2PQR: expanding and upgrading automated preparation of biomolecular structures for molecular simulations. Nucleic Acids Res 35 W522-W525 (2007).
2026-02-05 12:30:42,906 INFO:main.py:770:main_driver:Checking and transforming input arguments.
2026-02-05 12:30:42,906 INFO:main.py:774:main_driver:Loading topology files.
2026-02-05 12:30:42,976 INFO:main.py:776:main_driver:Loading molecule: data/04_out/aligned_struct/Q9FH67.aligned.pdb
2026-02-05 12:30:42,990 INFO:main.py:781:main_driver:Setting up molecule.
2026-02-05 12:30:43,002 INFO:main.py:423:setup_molecule:Created biomolecule object with 499 residues and 4003 atoms.
2026-02-05 12:30:43,007 INFO:main.py:785:main_driver:Setting termini states for biomolecule chains.
2026-02-05 12:30:43,014 INFO:main.py:616:non_trivial:Loading forcefield.
2026-02-05 12:30:43,021 INFO:main.py:620:non_trivial:Loading hydrogen topology definitions.
2026-02-05 12:30:43,024 INFO:main.py:474:is_repairable:This biomolecule is clean.  No repair needed.
2026-02-05 12:30:43,024 INFO:main.py:635:non_trivial:Updating disulfide bridges.
2026-02-05 12:30:43,024 INFO:main.py:638:non_trivial:Debumping biomolecule.
2026-02-05 12:30:43,102 INFO:main.py:661:non_trivial:Adding hydrogens to biomolecule.
2026-02-05 12:30:43,355 INFO:main.py:664:non_trivial:Debumping biomolecule (again).
2026-02-05 12:30:43,695 INFO:main.py:666:non_trivial:Optimizing hydrogen bonds
2026-02-05 12:30:43,695 INFO:__init__.py:375:initialize_wat_optimization:Initializing water bonding optimization...
2026-02-05 12:30:43,798 INFO:main.py:678:non_trivial:Applying force field to biomolecule states.
2026-02-05 12:30:43,802 INFO:main.py:725:non_trivial:Regenerating headers.
2026-02-05 12:30:43,803 INFO:main.py:750:non_trivial:Regenerating PDB lines.
2026-02-05 12:30:43,832 WARNING:main.py:326:print_pqr:Ignoring 390 header lines in output.
2026-02-05 12:49:23,110 INFO:main.py:246:print_splash_screen:PDB2PQR v3.7.1: biomolecular structure conversion software.
2026-02-05 12:49:23,111 INFO:main.py:248:print_splash_screen:Please cite:  Jurrus E, et al.  Improvements to the APBS biomolecular solvation software suite.  Protein Sci 27 112-128 (2018).
2026-02-05 12:49:23,111 INFO:main.py:248:print_splash_screen:Please cite:  Dolinsky TJ, et al.  PDB2PQR: expanding and upgrading automated preparation of biomolecular structures for molecular simulations. Nucleic Acids Res 35 W522-W525 (2007).
2026-02-05 12:49:23,111 INFO:main.py:770:main_driver:Checking and transforming input arguments.
2026-02-05 12:49:23,111 INFO:main.py:774:main_driver:Loading topology files.
2026-02-05 12:49:23,152 INFO:main.py:776:main_driver:Loading molecule: data/04_out/aligned_struct/Q9FH67.aligned.pdb
2026-02-05 12:49:23,163 INFO:main.py:781:main_driver:Setting up molecule.
2026-02-05 12:49:23,175 INFO:main.py:423:setup_molecule:Created biomolecule object with 499 residues and 4003 atoms.
2026-02-05 12:49:23,175 INFO:main.py:785:main_driver:Setting termini states for biomolecule chains.
2026-02-05 12:49:23,180 INFO:main.py:616:non_trivial:Loading forcefield.
2026-02-05 12:49:23,189 INFO:main.py:620:non_trivial:Loading hydrogen topology definitions.
2026-02-05 12:49:23,192 INFO:main.py:474:is_repairable:This biomolecule is clean.  No repair needed.
2026-02-05 12:49:23,192 INFO:main.py:635:non_trivial:Updating disulfide bridges.
2026-02-05 12:49:23,193 INFO:main.py:638:non_trivial:Debumping biomolecule.
2026-02-05 12:49:23,267 INFO:main.py:661:non_trivial:Adding hydrogens to biomolecule.
2026-02-05 12:49:23,460 INFO:main.py:664:non_trivial:Debumping biomolecule (again).
2026-02-05 12:49:23,723 INFO:main.py:666:non_trivial:Optimizing hydrogen bonds
2026-02-05 12:49:23,723 INFO:__init__.py:375:initialize_wat_optimization:Initializing water bonding optimization...
2026-02-05 12:49:23,803 INFO:main.py:678:non_trivial:Applying force field to biomolecule states.
2026-02-05 12:49:23,806 INFO:main.py:725:non_trivial:Regenerating headers.
2026-02-05 12:49:23,807 INFO:main.py:750:non_trivial:Regenerating PDB lines.
2026-02-05 12:49:23,830 WARNING:main.py:326:print_pqr:Ignoring 390 header lines in output.
