2026-02-05 12:30:47,725 INFO:main.py:246:print_splash_screen:PDB2PQR v3.7.1: biomolecular structure conversion software.
2026-02-05 12:30:47,726 INFO:main.py:248:print_splash_screen:Please cite:  Jurrus E, et al.  Improvements to the APBS biomolecular solvation software suite.  Protein Sci 27 112-128 (2018).
2026-02-05 12:30:47,726 INFO:main.py:248:print_splash_screen:Please cite:  Dolinsky TJ, et al.  PDB2PQR: expanding and upgrading automated preparation of biomolecular structures for molecular simulations. Nucleic Acids Res 35 W522-W525 (2007).
2026-02-05 12:30:47,726 INFO:main.py:770:main_driver:Checking and transforming input arguments.
2026-02-05 12:30:47,726 INFO:main.py:774:main_driver:Loading topology files.
2026-02-05 12:30:47,773 INFO:main.py:776:main_driver:Loading molecule: data/04_out/aligned_struct/Q9FLC8.aligned.pdb
2026-02-05 12:30:47,786 INFO:main.py:781:main_driver:Setting up molecule.
2026-02-05 12:30:47,798 INFO:main.py:423:setup_molecule:Created biomolecule object with 529 residues and 4197 atoms.
2026-02-05 12:30:47,798 INFO:main.py:785:main_driver:Setting termini states for biomolecule chains.
2026-02-05 12:30:47,805 INFO:main.py:616:non_trivial:Loading forcefield.
2026-02-05 12:30:47,811 INFO:main.py:620:non_trivial:Loading hydrogen topology definitions.
2026-02-05 12:30:47,815 INFO:main.py:474:is_repairable:This biomolecule is clean.  No repair needed.
2026-02-05 12:30:47,815 INFO:main.py:635:non_trivial:Updating disulfide bridges.
2026-02-05 12:30:47,815 INFO:main.py:638:non_trivial:Debumping biomolecule.
2026-02-05 12:30:47,896 INFO:main.py:661:non_trivial:Adding hydrogens to biomolecule.
2026-02-05 12:30:48,159 INFO:main.py:664:non_trivial:Debumping biomolecule (again).
2026-02-05 12:30:48,522 INFO:main.py:666:non_trivial:Optimizing hydrogen bonds
2026-02-05 12:30:48,522 INFO:__init__.py:375:initialize_wat_optimization:Initializing water bonding optimization...
2026-02-05 12:30:48,630 INFO:main.py:678:non_trivial:Applying force field to biomolecule states.
2026-02-05 12:30:48,635 INFO:main.py:725:non_trivial:Regenerating headers.
2026-02-05 12:30:48,636 INFO:main.py:750:non_trivial:Regenerating PDB lines.
2026-02-05 12:30:48,667 WARNING:main.py:326:print_pqr:Ignoring 391 header lines in output.
2026-02-05 12:49:26,936 INFO:main.py:246:print_splash_screen:PDB2PQR v3.7.1: biomolecular structure conversion software.
2026-02-05 12:49:26,936 INFO:main.py:248:print_splash_screen:Please cite:  Jurrus E, et al.  Improvements to the APBS biomolecular solvation software suite.  Protein Sci 27 112-128 (2018).
2026-02-05 12:49:26,936 INFO:main.py:248:print_splash_screen:Please cite:  Dolinsky TJ, et al.  PDB2PQR: expanding and upgrading automated preparation of biomolecular structures for molecular simulations. Nucleic Acids Res 35 W522-W525 (2007).
2026-02-05 12:49:26,936 INFO:main.py:770:main_driver:Checking and transforming input arguments.
2026-02-05 12:49:26,937 INFO:main.py:774:main_driver:Loading topology files.
2026-02-05 12:49:26,967 INFO:main.py:776:main_driver:Loading molecule: data/04_out/aligned_struct/Q9FLC8.aligned.pdb
2026-02-05 12:49:26,983 INFO:main.py:781:main_driver:Setting up molecule.
2026-02-05 12:49:26,993 INFO:main.py:423:setup_molecule:Created biomolecule object with 529 residues and 4197 atoms.
2026-02-05 12:49:26,994 INFO:main.py:785:main_driver:Setting termini states for biomolecule chains.
2026-02-05 12:49:27,006 INFO:main.py:616:non_trivial:Loading forcefield.
2026-02-05 12:49:27,012 INFO:main.py:620:non_trivial:Loading hydrogen topology definitions.
2026-02-05 12:49:27,020 INFO:main.py:474:is_repairable:This biomolecule is clean.  No repair needed.
2026-02-05 12:49:27,021 INFO:main.py:635:non_trivial:Updating disulfide bridges.
2026-02-05 12:49:27,021 INFO:main.py:638:non_trivial:Debumping biomolecule.
2026-02-05 12:49:27,084 INFO:main.py:661:non_trivial:Adding hydrogens to biomolecule.
2026-02-05 12:49:27,283 INFO:main.py:664:non_trivial:Debumping biomolecule (again).
2026-02-05 12:49:27,560 INFO:main.py:666:non_trivial:Optimizing hydrogen bonds
2026-02-05 12:49:27,560 INFO:__init__.py:375:initialize_wat_optimization:Initializing water bonding optimization...
2026-02-05 12:49:27,642 INFO:main.py:678:non_trivial:Applying force field to biomolecule states.
2026-02-05 12:49:27,645 INFO:main.py:725:non_trivial:Regenerating headers.
2026-02-05 12:49:27,646 INFO:main.py:750:non_trivial:Regenerating PDB lines.
2026-02-05 12:49:27,671 WARNING:main.py:326:print_pqr:Ignoring 391 header lines in output.
