2026-02-05 12:30:53,833 INFO:main.py:246:print_splash_screen:PDB2PQR v3.7.1: biomolecular structure conversion software.
2026-02-05 12:30:53,833 INFO:main.py:248:print_splash_screen:Please cite:  Jurrus E, et al.  Improvements to the APBS biomolecular solvation software suite.  Protein Sci 27 112-128 (2018).
2026-02-05 12:30:53,833 INFO:main.py:248:print_splash_screen:Please cite:  Dolinsky TJ, et al.  PDB2PQR: expanding and upgrading automated preparation of biomolecular structures for molecular simulations. Nucleic Acids Res 35 W522-W525 (2007).
2026-02-05 12:30:53,833 INFO:main.py:770:main_driver:Checking and transforming input arguments.
2026-02-05 12:30:53,833 INFO:main.py:774:main_driver:Loading topology files.
2026-02-05 12:30:53,875 INFO:main.py:776:main_driver:Loading molecule: data/04_out/aligned_struct/Q9LIP4.aligned.pdb
2026-02-05 12:30:53,891 INFO:main.py:781:main_driver:Setting up molecule.
2026-02-05 12:30:53,903 INFO:main.py:423:setup_molecule:Created biomolecule object with 500 residues and 4029 atoms.
2026-02-05 12:30:53,904 INFO:main.py:785:main_driver:Setting termini states for biomolecule chains.
2026-02-05 12:30:53,917 INFO:main.py:616:non_trivial:Loading forcefield.
2026-02-05 12:30:53,926 INFO:main.py:620:non_trivial:Loading hydrogen topology definitions.
2026-02-05 12:30:53,929 INFO:main.py:474:is_repairable:This biomolecule is clean.  No repair needed.
2026-02-05 12:30:53,929 INFO:main.py:635:non_trivial:Updating disulfide bridges.
2026-02-05 12:30:53,929 INFO:main.py:638:non_trivial:Debumping biomolecule.
2026-02-05 12:30:54,007 INFO:main.py:661:non_trivial:Adding hydrogens to biomolecule.
2026-02-05 12:30:54,259 INFO:main.py:664:non_trivial:Debumping biomolecule (again).
2026-02-05 12:30:54,606 INFO:main.py:666:non_trivial:Optimizing hydrogen bonds
2026-02-05 12:30:54,606 INFO:__init__.py:375:initialize_wat_optimization:Initializing water bonding optimization...
2026-02-05 12:30:54,708 INFO:main.py:678:non_trivial:Applying force field to biomolecule states.
2026-02-05 12:30:54,711 INFO:main.py:725:non_trivial:Regenerating headers.
2026-02-05 12:30:54,712 INFO:main.py:750:non_trivial:Regenerating PDB lines.
2026-02-05 12:30:54,741 WARNING:main.py:326:print_pqr:Ignoring 390 header lines in output.
2026-02-05 12:49:31,767 INFO:main.py:246:print_splash_screen:PDB2PQR v3.7.1: biomolecular structure conversion software.
2026-02-05 12:49:31,768 INFO:main.py:248:print_splash_screen:Please cite:  Jurrus E, et al.  Improvements to the APBS biomolecular solvation software suite.  Protein Sci 27 112-128 (2018).
2026-02-05 12:49:31,768 INFO:main.py:248:print_splash_screen:Please cite:  Dolinsky TJ, et al.  PDB2PQR: expanding and upgrading automated preparation of biomolecular structures for molecular simulations. Nucleic Acids Res 35 W522-W525 (2007).
2026-02-05 12:49:31,768 INFO:main.py:770:main_driver:Checking and transforming input arguments.
2026-02-05 12:49:31,769 INFO:main.py:774:main_driver:Loading topology files.
2026-02-05 12:49:31,799 INFO:main.py:776:main_driver:Loading molecule: data/04_out/aligned_struct/Q9LIP4.aligned.pdb
2026-02-05 12:49:31,811 INFO:main.py:781:main_driver:Setting up molecule.
2026-02-05 12:49:31,823 INFO:main.py:423:setup_molecule:Created biomolecule object with 500 residues and 4029 atoms.
2026-02-05 12:49:31,823 INFO:main.py:785:main_driver:Setting termini states for biomolecule chains.
2026-02-05 12:49:31,830 INFO:main.py:616:non_trivial:Loading forcefield.
2026-02-05 12:49:31,836 INFO:main.py:620:non_trivial:Loading hydrogen topology definitions.
2026-02-05 12:49:31,839 INFO:main.py:474:is_repairable:This biomolecule is clean.  No repair needed.
2026-02-05 12:49:31,840 INFO:main.py:635:non_trivial:Updating disulfide bridges.
2026-02-05 12:49:31,840 INFO:main.py:638:non_trivial:Debumping biomolecule.
2026-02-05 12:49:31,908 INFO:main.py:661:non_trivial:Adding hydrogens to biomolecule.
2026-02-05 12:49:32,099 INFO:main.py:664:non_trivial:Debumping biomolecule (again).
2026-02-05 12:49:32,366 INFO:main.py:666:non_trivial:Optimizing hydrogen bonds
2026-02-05 12:49:32,366 INFO:__init__.py:375:initialize_wat_optimization:Initializing water bonding optimization...
2026-02-05 12:49:32,445 INFO:main.py:678:non_trivial:Applying force field to biomolecule states.
2026-02-05 12:49:32,449 INFO:main.py:725:non_trivial:Regenerating headers.
2026-02-05 12:49:32,449 INFO:main.py:750:non_trivial:Regenerating PDB lines.
2026-02-05 12:49:32,473 WARNING:main.py:326:print_pqr:Ignoring 390 header lines in output.
