2026-02-05 12:30:55,061 INFO:main.py:246:print_splash_screen:PDB2PQR v3.7.1: biomolecular structure conversion software.
2026-02-05 12:30:55,061 INFO:main.py:248:print_splash_screen:Please cite:  Jurrus E, et al.  Improvements to the APBS biomolecular solvation software suite.  Protein Sci 27 112-128 (2018).
2026-02-05 12:30:55,061 INFO:main.py:248:print_splash_screen:Please cite:  Dolinsky TJ, et al.  PDB2PQR: expanding and upgrading automated preparation of biomolecular structures for molecular simulations. Nucleic Acids Res 35 W522-W525 (2007).
2026-02-05 12:30:55,061 INFO:main.py:770:main_driver:Checking and transforming input arguments.
2026-02-05 12:30:55,061 INFO:main.py:774:main_driver:Loading topology files.
2026-02-05 12:30:55,112 INFO:main.py:776:main_driver:Loading molecule: data/04_out/aligned_struct/Q9LIP5.aligned.pdb
2026-02-05 12:30:55,127 INFO:main.py:781:main_driver:Setting up molecule.
2026-02-05 12:30:55,138 INFO:main.py:423:setup_molecule:Created biomolecule object with 500 residues and 4029 atoms.
2026-02-05 12:30:55,138 INFO:main.py:785:main_driver:Setting termini states for biomolecule chains.
2026-02-05 12:30:55,145 INFO:main.py:616:non_trivial:Loading forcefield.
2026-02-05 12:30:55,151 INFO:main.py:620:non_trivial:Loading hydrogen topology definitions.
2026-02-05 12:30:55,155 INFO:main.py:474:is_repairable:This biomolecule is clean.  No repair needed.
2026-02-05 12:30:55,155 INFO:main.py:635:non_trivial:Updating disulfide bridges.
2026-02-05 12:30:55,155 INFO:main.py:638:non_trivial:Debumping biomolecule.
2026-02-05 12:30:55,235 INFO:main.py:661:non_trivial:Adding hydrogens to biomolecule.
2026-02-05 12:30:55,485 INFO:main.py:664:non_trivial:Debumping biomolecule (again).
2026-02-05 12:30:55,833 INFO:main.py:666:non_trivial:Optimizing hydrogen bonds
2026-02-05 12:30:55,833 INFO:__init__.py:375:initialize_wat_optimization:Initializing water bonding optimization...
2026-02-05 12:30:55,938 INFO:main.py:678:non_trivial:Applying force field to biomolecule states.
2026-02-05 12:30:55,942 INFO:main.py:725:non_trivial:Regenerating headers.
2026-02-05 12:30:55,943 INFO:main.py:750:non_trivial:Regenerating PDB lines.
2026-02-05 12:30:55,973 WARNING:main.py:326:print_pqr:Ignoring 391 header lines in output.
2026-02-05 12:49:32,712 INFO:main.py:246:print_splash_screen:PDB2PQR v3.7.1: biomolecular structure conversion software.
2026-02-05 12:49:32,713 INFO:main.py:248:print_splash_screen:Please cite:  Jurrus E, et al.  Improvements to the APBS biomolecular solvation software suite.  Protein Sci 27 112-128 (2018).
2026-02-05 12:49:32,713 INFO:main.py:248:print_splash_screen:Please cite:  Dolinsky TJ, et al.  PDB2PQR: expanding and upgrading automated preparation of biomolecular structures for molecular simulations. Nucleic Acids Res 35 W522-W525 (2007).
2026-02-05 12:49:32,713 INFO:main.py:770:main_driver:Checking and transforming input arguments.
2026-02-05 12:49:32,714 INFO:main.py:774:main_driver:Loading topology files.
2026-02-05 12:49:32,749 INFO:main.py:776:main_driver:Loading molecule: data/04_out/aligned_struct/Q9LIP5.aligned.pdb
2026-02-05 12:49:32,760 INFO:main.py:781:main_driver:Setting up molecule.
2026-02-05 12:49:32,776 INFO:main.py:423:setup_molecule:Created biomolecule object with 500 residues and 4029 atoms.
2026-02-05 12:49:32,777 INFO:main.py:785:main_driver:Setting termini states for biomolecule chains.
2026-02-05 12:49:32,785 INFO:main.py:616:non_trivial:Loading forcefield.
2026-02-05 12:49:32,790 INFO:main.py:620:non_trivial:Loading hydrogen topology definitions.
2026-02-05 12:49:32,793 INFO:main.py:474:is_repairable:This biomolecule is clean.  No repair needed.
2026-02-05 12:49:32,793 INFO:main.py:635:non_trivial:Updating disulfide bridges.
2026-02-05 12:49:32,794 INFO:main.py:638:non_trivial:Debumping biomolecule.
2026-02-05 12:49:32,869 INFO:main.py:661:non_trivial:Adding hydrogens to biomolecule.
2026-02-05 12:49:33,062 INFO:main.py:664:non_trivial:Debumping biomolecule (again).
2026-02-05 12:49:33,328 INFO:main.py:666:non_trivial:Optimizing hydrogen bonds
2026-02-05 12:49:33,329 INFO:__init__.py:375:initialize_wat_optimization:Initializing water bonding optimization...
2026-02-05 12:49:33,409 INFO:main.py:678:non_trivial:Applying force field to biomolecule states.
2026-02-05 12:49:33,412 INFO:main.py:725:non_trivial:Regenerating headers.
2026-02-05 12:49:33,413 INFO:main.py:750:non_trivial:Regenerating PDB lines.
2026-02-05 12:49:33,435 WARNING:main.py:326:print_pqr:Ignoring 391 header lines in output.
