2026-02-05 12:30:58,609 INFO:main.py:246:print_splash_screen:PDB2PQR v3.7.1: biomolecular structure conversion software.
2026-02-05 12:30:58,609 INFO:main.py:248:print_splash_screen:Please cite:  Jurrus E, et al.  Improvements to the APBS biomolecular solvation software suite.  Protein Sci 27 112-128 (2018).
2026-02-05 12:30:58,609 INFO:main.py:248:print_splash_screen:Please cite:  Dolinsky TJ, et al.  PDB2PQR: expanding and upgrading automated preparation of biomolecular structures for molecular simulations. Nucleic Acids Res 35 W522-W525 (2007).
2026-02-05 12:30:58,609 INFO:main.py:770:main_driver:Checking and transforming input arguments.
2026-02-05 12:30:58,610 INFO:main.py:774:main_driver:Loading topology files.
2026-02-05 12:30:58,650 INFO:main.py:776:main_driver:Loading molecule: data/04_out/aligned_struct/Q9LJY5.aligned.pdb
2026-02-05 12:30:58,664 INFO:main.py:781:main_driver:Setting up molecule.
2026-02-05 12:30:58,682 INFO:main.py:423:setup_molecule:Created biomolecule object with 515 residues and 4126 atoms.
2026-02-05 12:30:58,682 INFO:main.py:785:main_driver:Setting termini states for biomolecule chains.
2026-02-05 12:30:58,692 INFO:main.py:616:non_trivial:Loading forcefield.
2026-02-05 12:30:58,698 INFO:main.py:620:non_trivial:Loading hydrogen topology definitions.
2026-02-05 12:30:58,702 INFO:main.py:474:is_repairable:This biomolecule is clean.  No repair needed.
2026-02-05 12:30:58,702 INFO:main.py:635:non_trivial:Updating disulfide bridges.
2026-02-05 12:30:58,702 INFO:main.py:638:non_trivial:Debumping biomolecule.
2026-02-05 12:30:58,782 INFO:main.py:661:non_trivial:Adding hydrogens to biomolecule.
2026-02-05 12:30:59,041 INFO:main.py:664:non_trivial:Debumping biomolecule (again).
2026-02-05 12:30:59,391 INFO:main.py:666:non_trivial:Optimizing hydrogen bonds
2026-02-05 12:30:59,391 INFO:__init__.py:375:initialize_wat_optimization:Initializing water bonding optimization...
2026-02-05 12:30:59,496 INFO:main.py:678:non_trivial:Applying force field to biomolecule states.
2026-02-05 12:30:59,500 INFO:main.py:725:non_trivial:Regenerating headers.
2026-02-05 12:30:59,500 INFO:main.py:750:non_trivial:Regenerating PDB lines.
2026-02-05 12:30:59,532 WARNING:main.py:326:print_pqr:Ignoring 390 header lines in output.
2026-02-05 12:49:35,531 INFO:main.py:246:print_splash_screen:PDB2PQR v3.7.1: biomolecular structure conversion software.
2026-02-05 12:49:35,532 INFO:main.py:248:print_splash_screen:Please cite:  Jurrus E, et al.  Improvements to the APBS biomolecular solvation software suite.  Protein Sci 27 112-128 (2018).
2026-02-05 12:49:35,532 INFO:main.py:248:print_splash_screen:Please cite:  Dolinsky TJ, et al.  PDB2PQR: expanding and upgrading automated preparation of biomolecular structures for molecular simulations. Nucleic Acids Res 35 W522-W525 (2007).
2026-02-05 12:49:35,532 INFO:main.py:770:main_driver:Checking and transforming input arguments.
2026-02-05 12:49:35,532 INFO:main.py:774:main_driver:Loading topology files.
2026-02-05 12:49:35,570 INFO:main.py:776:main_driver:Loading molecule: data/04_out/aligned_struct/Q9LJY5.aligned.pdb
2026-02-05 12:49:35,580 INFO:main.py:781:main_driver:Setting up molecule.
2026-02-05 12:49:35,591 INFO:main.py:423:setup_molecule:Created biomolecule object with 515 residues and 4126 atoms.
2026-02-05 12:49:35,591 INFO:main.py:785:main_driver:Setting termini states for biomolecule chains.
2026-02-05 12:49:35,598 INFO:main.py:616:non_trivial:Loading forcefield.
2026-02-05 12:49:35,603 INFO:main.py:620:non_trivial:Loading hydrogen topology definitions.
2026-02-05 12:49:35,605 INFO:main.py:474:is_repairable:This biomolecule is clean.  No repair needed.
2026-02-05 12:49:35,605 INFO:main.py:635:non_trivial:Updating disulfide bridges.
2026-02-05 12:49:35,606 INFO:main.py:638:non_trivial:Debumping biomolecule.
2026-02-05 12:49:35,686 INFO:main.py:661:non_trivial:Adding hydrogens to biomolecule.
2026-02-05 12:49:35,886 INFO:main.py:664:non_trivial:Debumping biomolecule (again).
2026-02-05 12:49:36,155 INFO:main.py:666:non_trivial:Optimizing hydrogen bonds
2026-02-05 12:49:36,155 INFO:__init__.py:375:initialize_wat_optimization:Initializing water bonding optimization...
2026-02-05 12:49:36,236 INFO:main.py:678:non_trivial:Applying force field to biomolecule states.
2026-02-05 12:49:36,240 INFO:main.py:725:non_trivial:Regenerating headers.
2026-02-05 12:49:36,240 INFO:main.py:750:non_trivial:Regenerating PDB lines.
2026-02-05 12:49:36,264 WARNING:main.py:326:print_pqr:Ignoring 390 header lines in output.
