2026-02-05 12:30:59,808 INFO:main.py:246:print_splash_screen:PDB2PQR v3.7.1: biomolecular structure conversion software.
2026-02-05 12:30:59,808 INFO:main.py:248:print_splash_screen:Please cite:  Jurrus E, et al.  Improvements to the APBS biomolecular solvation software suite.  Protein Sci 27 112-128 (2018).
2026-02-05 12:30:59,808 INFO:main.py:248:print_splash_screen:Please cite:  Dolinsky TJ, et al.  PDB2PQR: expanding and upgrading automated preparation of biomolecular structures for molecular simulations. Nucleic Acids Res 35 W522-W525 (2007).
2026-02-05 12:30:59,808 INFO:main.py:770:main_driver:Checking and transforming input arguments.
2026-02-05 12:30:59,809 INFO:main.py:774:main_driver:Loading topology files.
2026-02-05 12:30:59,850 INFO:main.py:776:main_driver:Loading molecule: data/04_out/aligned_struct/Q9LJY7.aligned.pdb
2026-02-05 12:30:59,863 INFO:main.py:781:main_driver:Setting up molecule.
2026-02-05 12:30:59,877 INFO:main.py:423:setup_molecule:Created biomolecule object with 510 residues and 4080 atoms.
2026-02-05 12:30:59,878 INFO:main.py:785:main_driver:Setting termini states for biomolecule chains.
2026-02-05 12:30:59,885 INFO:main.py:616:non_trivial:Loading forcefield.
2026-02-05 12:30:59,891 INFO:main.py:620:non_trivial:Loading hydrogen topology definitions.
2026-02-05 12:30:59,894 INFO:main.py:474:is_repairable:This biomolecule is clean.  No repair needed.
2026-02-05 12:30:59,894 INFO:main.py:635:non_trivial:Updating disulfide bridges.
2026-02-05 12:30:59,895 INFO:main.py:638:non_trivial:Debumping biomolecule.
2026-02-05 12:30:59,980 INFO:main.py:661:non_trivial:Adding hydrogens to biomolecule.
2026-02-05 12:31:00,237 INFO:main.py:664:non_trivial:Debumping biomolecule (again).
2026-02-05 12:31:00,588 INFO:main.py:666:non_trivial:Optimizing hydrogen bonds
2026-02-05 12:31:00,588 INFO:__init__.py:375:initialize_wat_optimization:Initializing water bonding optimization...
2026-02-05 12:31:00,693 INFO:main.py:678:non_trivial:Applying force field to biomolecule states.
2026-02-05 12:31:00,697 INFO:main.py:725:non_trivial:Regenerating headers.
2026-02-05 12:31:00,698 INFO:main.py:750:non_trivial:Regenerating PDB lines.
2026-02-05 12:31:00,728 WARNING:main.py:326:print_pqr:Ignoring 390 header lines in output.
2026-02-05 12:49:36,525 INFO:main.py:246:print_splash_screen:PDB2PQR v3.7.1: biomolecular structure conversion software.
2026-02-05 12:49:36,526 INFO:main.py:248:print_splash_screen:Please cite:  Jurrus E, et al.  Improvements to the APBS biomolecular solvation software suite.  Protein Sci 27 112-128 (2018).
2026-02-05 12:49:36,526 INFO:main.py:248:print_splash_screen:Please cite:  Dolinsky TJ, et al.  PDB2PQR: expanding and upgrading automated preparation of biomolecular structures for molecular simulations. Nucleic Acids Res 35 W522-W525 (2007).
2026-02-05 12:49:36,526 INFO:main.py:770:main_driver:Checking and transforming input arguments.
2026-02-05 12:49:36,526 INFO:main.py:774:main_driver:Loading topology files.
2026-02-05 12:49:36,565 INFO:main.py:776:main_driver:Loading molecule: data/04_out/aligned_struct/Q9LJY7.aligned.pdb
2026-02-05 12:49:36,582 INFO:main.py:781:main_driver:Setting up molecule.
2026-02-05 12:49:36,590 INFO:main.py:423:setup_molecule:Created biomolecule object with 510 residues and 4080 atoms.
2026-02-05 12:49:36,590 INFO:main.py:785:main_driver:Setting termini states for biomolecule chains.
2026-02-05 12:49:36,603 INFO:main.py:616:non_trivial:Loading forcefield.
2026-02-05 12:49:36,608 INFO:main.py:620:non_trivial:Loading hydrogen topology definitions.
2026-02-05 12:49:36,611 INFO:main.py:474:is_repairable:This biomolecule is clean.  No repair needed.
2026-02-05 12:49:36,611 INFO:main.py:635:non_trivial:Updating disulfide bridges.
2026-02-05 12:49:36,611 INFO:main.py:638:non_trivial:Debumping biomolecule.
2026-02-05 12:49:36,676 INFO:main.py:661:non_trivial:Adding hydrogens to biomolecule.
2026-02-05 12:49:36,875 INFO:main.py:664:non_trivial:Debumping biomolecule (again).
2026-02-05 12:49:37,149 INFO:main.py:666:non_trivial:Optimizing hydrogen bonds
2026-02-05 12:49:37,150 INFO:__init__.py:375:initialize_wat_optimization:Initializing water bonding optimization...
2026-02-05 12:49:37,249 INFO:main.py:678:non_trivial:Applying force field to biomolecule states.
2026-02-05 12:49:37,252 INFO:main.py:725:non_trivial:Regenerating headers.
2026-02-05 12:49:37,252 INFO:main.py:750:non_trivial:Regenerating PDB lines.
2026-02-05 12:49:37,276 WARNING:main.py:326:print_pqr:Ignoring 390 header lines in output.
