2026-02-05 12:31:07,121 INFO:main.py:246:print_splash_screen:PDB2PQR v3.7.1: biomolecular structure conversion software.
2026-02-05 12:31:07,121 INFO:main.py:248:print_splash_screen:Please cite:  Jurrus E, et al.  Improvements to the APBS biomolecular solvation software suite.  Protein Sci 27 112-128 (2018).
2026-02-05 12:31:07,121 INFO:main.py:248:print_splash_screen:Please cite:  Dolinsky TJ, et al.  PDB2PQR: expanding and upgrading automated preparation of biomolecular structures for molecular simulations. Nucleic Acids Res 35 W522-W525 (2007).
2026-02-05 12:31:07,121 INFO:main.py:770:main_driver:Checking and transforming input arguments.
2026-02-05 12:31:07,121 INFO:main.py:774:main_driver:Loading topology files.
2026-02-05 12:31:07,159 INFO:main.py:776:main_driver:Loading molecule: data/04_out/aligned_struct/Q9LTL8.aligned.pdb
2026-02-05 12:31:07,171 INFO:main.py:781:main_driver:Setting up molecule.
2026-02-05 12:31:07,181 INFO:main.py:423:setup_molecule:Created biomolecule object with 498 residues and 4001 atoms.
2026-02-05 12:31:07,181 INFO:main.py:785:main_driver:Setting termini states for biomolecule chains.
2026-02-05 12:31:07,189 INFO:main.py:616:non_trivial:Loading forcefield.
2026-02-05 12:31:07,195 INFO:main.py:620:non_trivial:Loading hydrogen topology definitions.
2026-02-05 12:31:07,201 INFO:main.py:474:is_repairable:This biomolecule is clean.  No repair needed.
2026-02-05 12:31:07,202 INFO:main.py:635:non_trivial:Updating disulfide bridges.
2026-02-05 12:31:07,202 INFO:main.py:638:non_trivial:Debumping biomolecule.
2026-02-05 12:31:07,280 INFO:main.py:661:non_trivial:Adding hydrogens to biomolecule.
2026-02-05 12:31:07,532 INFO:main.py:664:non_trivial:Debumping biomolecule (again).
2026-02-05 12:31:07,877 INFO:main.py:666:non_trivial:Optimizing hydrogen bonds
2026-02-05 12:31:07,877 INFO:__init__.py:375:initialize_wat_optimization:Initializing water bonding optimization...
2026-02-05 12:31:07,980 INFO:main.py:678:non_trivial:Applying force field to biomolecule states.
2026-02-05 12:31:07,984 INFO:main.py:725:non_trivial:Regenerating headers.
2026-02-05 12:31:07,985 INFO:main.py:750:non_trivial:Regenerating PDB lines.
2026-02-05 12:31:08,014 WARNING:main.py:326:print_pqr:Ignoring 391 header lines in output.
2026-02-05 12:49:42,473 INFO:main.py:246:print_splash_screen:PDB2PQR v3.7.1: biomolecular structure conversion software.
2026-02-05 12:49:42,474 INFO:main.py:248:print_splash_screen:Please cite:  Jurrus E, et al.  Improvements to the APBS biomolecular solvation software suite.  Protein Sci 27 112-128 (2018).
2026-02-05 12:49:42,474 INFO:main.py:248:print_splash_screen:Please cite:  Dolinsky TJ, et al.  PDB2PQR: expanding and upgrading automated preparation of biomolecular structures for molecular simulations. Nucleic Acids Res 35 W522-W525 (2007).
2026-02-05 12:49:42,474 INFO:main.py:770:main_driver:Checking and transforming input arguments.
2026-02-05 12:49:42,474 INFO:main.py:774:main_driver:Loading topology files.
2026-02-05 12:49:42,515 INFO:main.py:776:main_driver:Loading molecule: data/04_out/aligned_struct/Q9LTL8.aligned.pdb
2026-02-05 12:49:42,531 INFO:main.py:781:main_driver:Setting up molecule.
2026-02-05 12:49:42,546 INFO:main.py:423:setup_molecule:Created biomolecule object with 498 residues and 4001 atoms.
2026-02-05 12:49:42,546 INFO:main.py:785:main_driver:Setting termini states for biomolecule chains.
2026-02-05 12:49:42,551 INFO:main.py:616:non_trivial:Loading forcefield.
2026-02-05 12:49:42,556 INFO:main.py:620:non_trivial:Loading hydrogen topology definitions.
2026-02-05 12:49:42,559 INFO:main.py:474:is_repairable:This biomolecule is clean.  No repair needed.
2026-02-05 12:49:42,559 INFO:main.py:635:non_trivial:Updating disulfide bridges.
2026-02-05 12:49:42,559 INFO:main.py:638:non_trivial:Debumping biomolecule.
2026-02-05 12:49:42,622 INFO:main.py:661:non_trivial:Adding hydrogens to biomolecule.
2026-02-05 12:49:42,819 INFO:main.py:664:non_trivial:Debumping biomolecule (again).
2026-02-05 12:49:43,089 INFO:main.py:666:non_trivial:Optimizing hydrogen bonds
2026-02-05 12:49:43,089 INFO:__init__.py:375:initialize_wat_optimization:Initializing water bonding optimization...
2026-02-05 12:49:43,171 INFO:main.py:678:non_trivial:Applying force field to biomolecule states.
2026-02-05 12:49:43,174 INFO:main.py:725:non_trivial:Regenerating headers.
2026-02-05 12:49:43,174 INFO:main.py:750:non_trivial:Regenerating PDB lines.
2026-02-05 12:49:43,198 WARNING:main.py:326:print_pqr:Ignoring 391 header lines in output.
