2026-02-05 12:31:10,695 INFO:main.py:246:print_splash_screen:PDB2PQR v3.7.1: biomolecular structure conversion software.
2026-02-05 12:31:10,695 INFO:main.py:248:print_splash_screen:Please cite:  Jurrus E, et al.  Improvements to the APBS biomolecular solvation software suite.  Protein Sci 27 112-128 (2018).
2026-02-05 12:31:10,696 INFO:main.py:248:print_splash_screen:Please cite:  Dolinsky TJ, et al.  PDB2PQR: expanding and upgrading automated preparation of biomolecular structures for molecular simulations. Nucleic Acids Res 35 W522-W525 (2007).
2026-02-05 12:31:10,696 INFO:main.py:770:main_driver:Checking and transforming input arguments.
2026-02-05 12:31:10,696 INFO:main.py:774:main_driver:Loading topology files.
2026-02-05 12:31:10,734 INFO:main.py:776:main_driver:Loading molecule: data/04_out/aligned_struct/Q9LTM2.aligned.pdb
2026-02-05 12:31:10,749 INFO:main.py:781:main_driver:Setting up molecule.
2026-02-05 12:31:10,759 INFO:main.py:423:setup_molecule:Created biomolecule object with 499 residues and 4018 atoms.
2026-02-05 12:31:10,760 INFO:main.py:785:main_driver:Setting termini states for biomolecule chains.
2026-02-05 12:31:10,767 INFO:main.py:616:non_trivial:Loading forcefield.
2026-02-05 12:31:10,773 INFO:main.py:620:non_trivial:Loading hydrogen topology definitions.
2026-02-05 12:31:10,776 INFO:main.py:474:is_repairable:This biomolecule is clean.  No repair needed.
2026-02-05 12:31:10,776 INFO:main.py:635:non_trivial:Updating disulfide bridges.
2026-02-05 12:31:10,777 INFO:main.py:638:non_trivial:Debumping biomolecule.
2026-02-05 12:31:10,853 INFO:main.py:661:non_trivial:Adding hydrogens to biomolecule.
2026-02-05 12:31:11,102 INFO:main.py:664:non_trivial:Debumping biomolecule (again).
2026-02-05 12:31:11,442 INFO:main.py:666:non_trivial:Optimizing hydrogen bonds
2026-02-05 12:31:11,443 INFO:__init__.py:375:initialize_wat_optimization:Initializing water bonding optimization...
2026-02-05 12:31:11,545 INFO:main.py:678:non_trivial:Applying force field to biomolecule states.
2026-02-05 12:31:11,549 INFO:main.py:725:non_trivial:Regenerating headers.
2026-02-05 12:31:11,550 INFO:main.py:750:non_trivial:Regenerating PDB lines.
2026-02-05 12:31:11,579 WARNING:main.py:326:print_pqr:Ignoring 391 header lines in output.
2026-02-05 12:49:45,440 INFO:main.py:246:print_splash_screen:PDB2PQR v3.7.1: biomolecular structure conversion software.
2026-02-05 12:49:45,441 INFO:main.py:248:print_splash_screen:Please cite:  Jurrus E, et al.  Improvements to the APBS biomolecular solvation software suite.  Protein Sci 27 112-128 (2018).
2026-02-05 12:49:45,441 INFO:main.py:248:print_splash_screen:Please cite:  Dolinsky TJ, et al.  PDB2PQR: expanding and upgrading automated preparation of biomolecular structures for molecular simulations. Nucleic Acids Res 35 W522-W525 (2007).
2026-02-05 12:49:45,441 INFO:main.py:770:main_driver:Checking and transforming input arguments.
2026-02-05 12:49:45,441 INFO:main.py:774:main_driver:Loading topology files.
2026-02-05 12:49:45,478 INFO:main.py:776:main_driver:Loading molecule: data/04_out/aligned_struct/Q9LTM2.aligned.pdb
2026-02-05 12:49:45,489 INFO:main.py:781:main_driver:Setting up molecule.
2026-02-05 12:49:45,501 INFO:main.py:423:setup_molecule:Created biomolecule object with 499 residues and 4018 atoms.
2026-02-05 12:49:45,501 INFO:main.py:785:main_driver:Setting termini states for biomolecule chains.
2026-02-05 12:49:45,506 INFO:main.py:616:non_trivial:Loading forcefield.
2026-02-05 12:49:45,512 INFO:main.py:620:non_trivial:Loading hydrogen topology definitions.
2026-02-05 12:49:45,515 INFO:main.py:474:is_repairable:This biomolecule is clean.  No repair needed.
2026-02-05 12:49:45,515 INFO:main.py:635:non_trivial:Updating disulfide bridges.
2026-02-05 12:49:45,515 INFO:main.py:638:non_trivial:Debumping biomolecule.
2026-02-05 12:49:45,587 INFO:main.py:661:non_trivial:Adding hydrogens to biomolecule.
2026-02-05 12:49:45,781 INFO:main.py:664:non_trivial:Debumping biomolecule (again).
2026-02-05 12:49:46,045 INFO:main.py:666:non_trivial:Optimizing hydrogen bonds
2026-02-05 12:49:46,045 INFO:__init__.py:375:initialize_wat_optimization:Initializing water bonding optimization...
2026-02-05 12:49:46,123 INFO:main.py:678:non_trivial:Applying force field to biomolecule states.
2026-02-05 12:49:46,126 INFO:main.py:725:non_trivial:Regenerating headers.
2026-02-05 12:49:46,127 INFO:main.py:750:non_trivial:Regenerating PDB lines.
2026-02-05 12:49:46,150 WARNING:main.py:326:print_pqr:Ignoring 391 header lines in output.
