2026-02-05 12:31:08,299 INFO:main.py:246:print_splash_screen:PDB2PQR v3.7.1: biomolecular structure conversion software.
2026-02-05 12:31:08,299 INFO:main.py:248:print_splash_screen:Please cite:  Jurrus E, et al.  Improvements to the APBS biomolecular solvation software suite.  Protein Sci 27 112-128 (2018).
2026-02-05 12:31:08,299 INFO:main.py:248:print_splash_screen:Please cite:  Dolinsky TJ, et al.  PDB2PQR: expanding and upgrading automated preparation of biomolecular structures for molecular simulations. Nucleic Acids Res 35 W522-W525 (2007).
2026-02-05 12:31:08,299 INFO:main.py:770:main_driver:Checking and transforming input arguments.
2026-02-05 12:31:08,299 INFO:main.py:774:main_driver:Loading topology files.
2026-02-05 12:31:08,336 INFO:main.py:776:main_driver:Loading molecule: data/04_out/aligned_struct/Q9LTM0.aligned.pdb
2026-02-05 12:31:08,358 INFO:main.py:781:main_driver:Setting up molecule.
2026-02-05 12:31:08,372 INFO:main.py:423:setup_molecule:Created biomolecule object with 501 residues and 4009 atoms.
2026-02-05 12:31:08,373 INFO:main.py:785:main_driver:Setting termini states for biomolecule chains.
2026-02-05 12:31:08,386 INFO:main.py:616:non_trivial:Loading forcefield.
2026-02-05 12:31:08,394 INFO:main.py:620:non_trivial:Loading hydrogen topology definitions.
2026-02-05 12:31:08,397 INFO:main.py:474:is_repairable:This biomolecule is clean.  No repair needed.
2026-02-05 12:31:08,397 INFO:main.py:635:non_trivial:Updating disulfide bridges.
2026-02-05 12:31:08,397 INFO:main.py:638:non_trivial:Debumping biomolecule.
2026-02-05 12:31:08,475 INFO:main.py:661:non_trivial:Adding hydrogens to biomolecule.
2026-02-05 12:31:08,726 INFO:main.py:664:non_trivial:Debumping biomolecule (again).
2026-02-05 12:31:09,069 INFO:main.py:666:non_trivial:Optimizing hydrogen bonds
2026-02-05 12:31:09,069 INFO:__init__.py:375:initialize_wat_optimization:Initializing water bonding optimization...
2026-02-05 12:31:09,173 INFO:main.py:678:non_trivial:Applying force field to biomolecule states.
2026-02-05 12:31:09,177 INFO:main.py:725:non_trivial:Regenerating headers.
2026-02-05 12:31:09,178 INFO:main.py:750:non_trivial:Regenerating PDB lines.
2026-02-05 12:31:09,208 WARNING:main.py:326:print_pqr:Ignoring 391 header lines in output.
2026-02-05 12:49:43,476 INFO:main.py:246:print_splash_screen:PDB2PQR v3.7.1: biomolecular structure conversion software.
2026-02-05 12:49:43,477 INFO:main.py:248:print_splash_screen:Please cite:  Jurrus E, et al.  Improvements to the APBS biomolecular solvation software suite.  Protein Sci 27 112-128 (2018).
2026-02-05 12:49:43,477 INFO:main.py:248:print_splash_screen:Please cite:  Dolinsky TJ, et al.  PDB2PQR: expanding and upgrading automated preparation of biomolecular structures for molecular simulations. Nucleic Acids Res 35 W522-W525 (2007).
2026-02-05 12:49:43,477 INFO:main.py:770:main_driver:Checking and transforming input arguments.
2026-02-05 12:49:43,477 INFO:main.py:774:main_driver:Loading topology files.
2026-02-05 12:49:43,521 INFO:main.py:776:main_driver:Loading molecule: data/04_out/aligned_struct/Q9LTM0.aligned.pdb
2026-02-05 12:49:43,533 INFO:main.py:781:main_driver:Setting up molecule.
2026-02-05 12:49:43,542 INFO:main.py:423:setup_molecule:Created biomolecule object with 501 residues and 4009 atoms.
2026-02-05 12:49:43,543 INFO:main.py:785:main_driver:Setting termini states for biomolecule chains.
2026-02-05 12:49:43,550 INFO:main.py:616:non_trivial:Loading forcefield.
2026-02-05 12:49:43,555 INFO:main.py:620:non_trivial:Loading hydrogen topology definitions.
2026-02-05 12:49:43,558 INFO:main.py:474:is_repairable:This biomolecule is clean.  No repair needed.
2026-02-05 12:49:43,558 INFO:main.py:635:non_trivial:Updating disulfide bridges.
2026-02-05 12:49:43,559 INFO:main.py:638:non_trivial:Debumping biomolecule.
2026-02-05 12:49:43,620 INFO:main.py:661:non_trivial:Adding hydrogens to biomolecule.
2026-02-05 12:49:43,814 INFO:main.py:664:non_trivial:Debumping biomolecule (again).
2026-02-05 12:49:44,078 INFO:main.py:666:non_trivial:Optimizing hydrogen bonds
2026-02-05 12:49:44,078 INFO:__init__.py:375:initialize_wat_optimization:Initializing water bonding optimization...
2026-02-05 12:49:44,157 INFO:main.py:678:non_trivial:Applying force field to biomolecule states.
2026-02-05 12:49:44,160 INFO:main.py:725:non_trivial:Regenerating headers.
2026-02-05 12:49:44,160 INFO:main.py:750:non_trivial:Regenerating PDB lines.
2026-02-05 12:49:44,185 WARNING:main.py:326:print_pqr:Ignoring 391 header lines in output.
