2026-02-05 12:31:14,420 INFO:main.py:246:print_splash_screen:PDB2PQR v3.7.1: biomolecular structure conversion software.
2026-02-05 12:31:14,420 INFO:main.py:248:print_splash_screen:Please cite:  Jurrus E, et al.  Improvements to the APBS biomolecular solvation software suite.  Protein Sci 27 112-128 (2018).
2026-02-05 12:31:14,420 INFO:main.py:248:print_splash_screen:Please cite:  Dolinsky TJ, et al.  PDB2PQR: expanding and upgrading automated preparation of biomolecular structures for molecular simulations. Nucleic Acids Res 35 W522-W525 (2007).
2026-02-05 12:31:14,420 INFO:main.py:770:main_driver:Checking and transforming input arguments.
2026-02-05 12:31:14,420 INFO:main.py:774:main_driver:Loading topology files.
2026-02-05 12:31:14,472 INFO:main.py:776:main_driver:Loading molecule: data/04_out/aligned_struct/Q9LTM6.aligned.pdb
2026-02-05 12:31:14,484 INFO:main.py:781:main_driver:Setting up molecule.
2026-02-05 12:31:14,495 INFO:main.py:423:setup_molecule:Created biomolecule object with 502 residues and 4030 atoms.
2026-02-05 12:31:14,495 INFO:main.py:785:main_driver:Setting termini states for biomolecule chains.
2026-02-05 12:31:14,502 INFO:main.py:616:non_trivial:Loading forcefield.
2026-02-05 12:31:14,509 INFO:main.py:620:non_trivial:Loading hydrogen topology definitions.
2026-02-05 12:31:14,512 INFO:main.py:474:is_repairable:This biomolecule is clean.  No repair needed.
2026-02-05 12:31:14,512 INFO:main.py:635:non_trivial:Updating disulfide bridges.
2026-02-05 12:31:14,513 INFO:main.py:638:non_trivial:Debumping biomolecule.
2026-02-05 12:31:14,591 INFO:main.py:661:non_trivial:Adding hydrogens to biomolecule.
2026-02-05 12:31:14,847 INFO:main.py:664:non_trivial:Debumping biomolecule (again).
2026-02-05 12:31:15,198 INFO:main.py:666:non_trivial:Optimizing hydrogen bonds
2026-02-05 12:31:15,198 INFO:__init__.py:375:initialize_wat_optimization:Initializing water bonding optimization...
2026-02-05 12:31:15,300 INFO:main.py:678:non_trivial:Applying force field to biomolecule states.
2026-02-05 12:31:15,304 INFO:main.py:725:non_trivial:Regenerating headers.
2026-02-05 12:31:15,305 INFO:main.py:750:non_trivial:Regenerating PDB lines.
2026-02-05 12:31:15,335 WARNING:main.py:326:print_pqr:Ignoring 390 header lines in output.
2026-02-05 12:49:48,301 INFO:main.py:246:print_splash_screen:PDB2PQR v3.7.1: biomolecular structure conversion software.
2026-02-05 12:49:48,302 INFO:main.py:248:print_splash_screen:Please cite:  Jurrus E, et al.  Improvements to the APBS biomolecular solvation software suite.  Protein Sci 27 112-128 (2018).
2026-02-05 12:49:48,302 INFO:main.py:248:print_splash_screen:Please cite:  Dolinsky TJ, et al.  PDB2PQR: expanding and upgrading automated preparation of biomolecular structures for molecular simulations. Nucleic Acids Res 35 W522-W525 (2007).
2026-02-05 12:49:48,302 INFO:main.py:770:main_driver:Checking and transforming input arguments.
2026-02-05 12:49:48,302 INFO:main.py:774:main_driver:Loading topology files.
2026-02-05 12:49:48,352 INFO:main.py:776:main_driver:Loading molecule: data/04_out/aligned_struct/Q9LTM6.aligned.pdb
2026-02-05 12:49:48,369 INFO:main.py:781:main_driver:Setting up molecule.
2026-02-05 12:49:48,381 INFO:main.py:423:setup_molecule:Created biomolecule object with 502 residues and 4030 atoms.
2026-02-05 12:49:48,381 INFO:main.py:785:main_driver:Setting termini states for biomolecule chains.
2026-02-05 12:49:48,392 INFO:main.py:616:non_trivial:Loading forcefield.
2026-02-05 12:49:48,397 INFO:main.py:620:non_trivial:Loading hydrogen topology definitions.
2026-02-05 12:49:48,400 INFO:main.py:474:is_repairable:This biomolecule is clean.  No repair needed.
2026-02-05 12:49:48,400 INFO:main.py:635:non_trivial:Updating disulfide bridges.
2026-02-05 12:49:48,400 INFO:main.py:638:non_trivial:Debumping biomolecule.
2026-02-05 12:49:48,468 INFO:main.py:661:non_trivial:Adding hydrogens to biomolecule.
2026-02-05 12:49:48,661 INFO:main.py:664:non_trivial:Debumping biomolecule (again).
2026-02-05 12:49:48,932 INFO:main.py:666:non_trivial:Optimizing hydrogen bonds
2026-02-05 12:49:48,932 INFO:__init__.py:375:initialize_wat_optimization:Initializing water bonding optimization...
2026-02-05 12:49:49,013 INFO:main.py:678:non_trivial:Applying force field to biomolecule states.
2026-02-05 12:49:49,016 INFO:main.py:725:non_trivial:Regenerating headers.
2026-02-05 12:49:49,016 INFO:main.py:750:non_trivial:Regenerating PDB lines.
2026-02-05 12:49:49,041 WARNING:main.py:326:print_pqr:Ignoring 390 header lines in output.
