2026-02-05 12:31:05,905 INFO:main.py:246:print_splash_screen:PDB2PQR v3.7.1: biomolecular structure conversion software.
2026-02-05 12:31:05,905 INFO:main.py:248:print_splash_screen:Please cite:  Jurrus E, et al.  Improvements to the APBS biomolecular solvation software suite.  Protein Sci 27 112-128 (2018).
2026-02-05 12:31:05,906 INFO:main.py:248:print_splash_screen:Please cite:  Dolinsky TJ, et al.  PDB2PQR: expanding and upgrading automated preparation of biomolecular structures for molecular simulations. Nucleic Acids Res 35 W522-W525 (2007).
2026-02-05 12:31:05,906 INFO:main.py:770:main_driver:Checking and transforming input arguments.
2026-02-05 12:31:05,906 INFO:main.py:774:main_driver:Loading topology files.
2026-02-05 12:31:05,953 INFO:main.py:776:main_driver:Loading molecule: data/04_out/aligned_struct/Q9LTL2.aligned.pdb
2026-02-05 12:31:05,967 INFO:main.py:781:main_driver:Setting up molecule.
2026-02-05 12:31:05,978 INFO:main.py:423:setup_molecule:Created biomolecule object with 501 residues and 4052 atoms.
2026-02-05 12:31:05,978 INFO:main.py:785:main_driver:Setting termini states for biomolecule chains.
2026-02-05 12:31:05,989 INFO:main.py:616:non_trivial:Loading forcefield.
2026-02-05 12:31:05,995 INFO:main.py:620:non_trivial:Loading hydrogen topology definitions.
2026-02-05 12:31:05,999 INFO:main.py:474:is_repairable:This biomolecule is clean.  No repair needed.
2026-02-05 12:31:05,999 INFO:main.py:635:non_trivial:Updating disulfide bridges.
2026-02-05 12:31:05,999 INFO:main.py:638:non_trivial:Debumping biomolecule.
2026-02-05 12:31:06,079 INFO:main.py:661:non_trivial:Adding hydrogens to biomolecule.
2026-02-05 12:31:06,333 INFO:main.py:664:non_trivial:Debumping biomolecule (again).
2026-02-05 12:31:06,679 INFO:main.py:666:non_trivial:Optimizing hydrogen bonds
2026-02-05 12:31:06,680 INFO:__init__.py:375:initialize_wat_optimization:Initializing water bonding optimization...
2026-02-05 12:31:06,783 INFO:main.py:678:non_trivial:Applying force field to biomolecule states.
2026-02-05 12:31:06,787 INFO:main.py:725:non_trivial:Regenerating headers.
2026-02-05 12:31:06,788 INFO:main.py:750:non_trivial:Regenerating PDB lines.
2026-02-05 12:31:06,818 WARNING:main.py:326:print_pqr:Ignoring 390 header lines in output.
2026-02-05 12:49:41,453 INFO:main.py:246:print_splash_screen:PDB2PQR v3.7.1: biomolecular structure conversion software.
2026-02-05 12:49:41,454 INFO:main.py:248:print_splash_screen:Please cite:  Jurrus E, et al.  Improvements to the APBS biomolecular solvation software suite.  Protein Sci 27 112-128 (2018).
2026-02-05 12:49:41,454 INFO:main.py:248:print_splash_screen:Please cite:  Dolinsky TJ, et al.  PDB2PQR: expanding and upgrading automated preparation of biomolecular structures for molecular simulations. Nucleic Acids Res 35 W522-W525 (2007).
2026-02-05 12:49:41,454 INFO:main.py:770:main_driver:Checking and transforming input arguments.
2026-02-05 12:49:41,454 INFO:main.py:774:main_driver:Loading topology files.
2026-02-05 12:49:41,492 INFO:main.py:776:main_driver:Loading molecule: data/04_out/aligned_struct/Q9LTL2.aligned.pdb
2026-02-05 12:49:41,510 INFO:main.py:781:main_driver:Setting up molecule.
2026-02-05 12:49:41,518 INFO:main.py:423:setup_molecule:Created biomolecule object with 501 residues and 4052 atoms.
2026-02-05 12:49:41,518 INFO:main.py:785:main_driver:Setting termini states for biomolecule chains.
2026-02-05 12:49:41,524 INFO:main.py:616:non_trivial:Loading forcefield.
2026-02-05 12:49:41,535 INFO:main.py:620:non_trivial:Loading hydrogen topology definitions.
2026-02-05 12:49:41,537 INFO:main.py:474:is_repairable:This biomolecule is clean.  No repair needed.
2026-02-05 12:49:41,537 INFO:main.py:635:non_trivial:Updating disulfide bridges.
2026-02-05 12:49:41,538 INFO:main.py:638:non_trivial:Debumping biomolecule.
2026-02-05 12:49:41,620 INFO:main.py:661:non_trivial:Adding hydrogens to biomolecule.
2026-02-05 12:49:41,814 INFO:main.py:664:non_trivial:Debumping biomolecule (again).
2026-02-05 12:49:42,083 INFO:main.py:666:non_trivial:Optimizing hydrogen bonds
2026-02-05 12:49:42,083 INFO:__init__.py:375:initialize_wat_optimization:Initializing water bonding optimization...
2026-02-05 12:49:42,163 INFO:main.py:678:non_trivial:Applying force field to biomolecule states.
2026-02-05 12:49:42,166 INFO:main.py:725:non_trivial:Regenerating headers.
2026-02-05 12:49:42,167 INFO:main.py:750:non_trivial:Regenerating PDB lines.
2026-02-05 12:49:42,190 WARNING:main.py:326:print_pqr:Ignoring 390 header lines in output.
