2026-02-05 12:31:24,263 INFO:main.py:246:print_splash_screen:PDB2PQR v3.7.1: biomolecular structure conversion software.
2026-02-05 12:31:24,264 INFO:main.py:248:print_splash_screen:Please cite:  Jurrus E, et al.  Improvements to the APBS biomolecular solvation software suite.  Protein Sci 27 112-128 (2018).
2026-02-05 12:31:24,264 INFO:main.py:248:print_splash_screen:Please cite:  Dolinsky TJ, et al.  PDB2PQR: expanding and upgrading automated preparation of biomolecular structures for molecular simulations. Nucleic Acids Res 35 W522-W525 (2007).
2026-02-05 12:31:24,264 INFO:main.py:770:main_driver:Checking and transforming input arguments.
2026-02-05 12:31:24,264 INFO:main.py:774:main_driver:Loading topology files.
2026-02-05 12:31:24,307 INFO:main.py:776:main_driver:Loading molecule: data/04_out/aligned_struct/Q9LVY7.aligned.pdb
2026-02-05 12:31:24,319 INFO:main.py:781:main_driver:Setting up molecule.
2026-02-05 12:31:24,328 INFO:main.py:423:setup_molecule:Created biomolecule object with 477 residues and 3870 atoms.
2026-02-05 12:31:24,329 INFO:main.py:785:main_driver:Setting termini states for biomolecule chains.
2026-02-05 12:31:24,335 INFO:main.py:616:non_trivial:Loading forcefield.
2026-02-05 12:31:24,341 INFO:main.py:620:non_trivial:Loading hydrogen topology definitions.
2026-02-05 12:31:24,344 INFO:main.py:474:is_repairable:This biomolecule is clean.  No repair needed.
2026-02-05 12:31:24,344 INFO:main.py:635:non_trivial:Updating disulfide bridges.
2026-02-05 12:31:24,344 INFO:main.py:638:non_trivial:Debumping biomolecule.
2026-02-05 12:31:24,418 INFO:main.py:661:non_trivial:Adding hydrogens to biomolecule.
2026-02-05 12:31:24,656 INFO:main.py:664:non_trivial:Debumping biomolecule (again).
2026-02-05 12:31:25,696 WARNING:debump.py:179:debump_biomolecule:WARNING: Unable to debump LEU A 330
2026-02-05 12:31:25,772 INFO:main.py:666:non_trivial:Optimizing hydrogen bonds
2026-02-05 12:31:25,772 INFO:__init__.py:375:initialize_wat_optimization:Initializing water bonding optimization...
2026-02-05 12:31:25,873 INFO:main.py:678:non_trivial:Applying force field to biomolecule states.
2026-02-05 12:31:25,877 INFO:main.py:725:non_trivial:Regenerating headers.
2026-02-05 12:31:25,878 INFO:main.py:750:non_trivial:Regenerating PDB lines.
2026-02-05 12:31:25,906 WARNING:main.py:326:print_pqr:Ignoring 391 header lines in output.
2026-02-05 12:49:56,119 INFO:main.py:246:print_splash_screen:PDB2PQR v3.7.1: biomolecular structure conversion software.
2026-02-05 12:49:56,119 INFO:main.py:248:print_splash_screen:Please cite:  Jurrus E, et al.  Improvements to the APBS biomolecular solvation software suite.  Protein Sci 27 112-128 (2018).
2026-02-05 12:49:56,119 INFO:main.py:248:print_splash_screen:Please cite:  Dolinsky TJ, et al.  PDB2PQR: expanding and upgrading automated preparation of biomolecular structures for molecular simulations. Nucleic Acids Res 35 W522-W525 (2007).
2026-02-05 12:49:56,119 INFO:main.py:770:main_driver:Checking and transforming input arguments.
2026-02-05 12:49:56,120 INFO:main.py:774:main_driver:Loading topology files.
2026-02-05 12:49:56,151 INFO:main.py:776:main_driver:Loading molecule: data/04_out/aligned_struct/Q9LVY7.aligned.pdb
2026-02-05 12:49:56,166 INFO:main.py:781:main_driver:Setting up molecule.
2026-02-05 12:49:56,177 INFO:main.py:423:setup_molecule:Created biomolecule object with 477 residues and 3870 atoms.
2026-02-05 12:49:56,177 INFO:main.py:785:main_driver:Setting termini states for biomolecule chains.
2026-02-05 12:49:56,187 INFO:main.py:616:non_trivial:Loading forcefield.
2026-02-05 12:49:56,194 INFO:main.py:620:non_trivial:Loading hydrogen topology definitions.
2026-02-05 12:49:56,198 INFO:main.py:474:is_repairable:This biomolecule is clean.  No repair needed.
2026-02-05 12:49:56,198 INFO:main.py:635:non_trivial:Updating disulfide bridges.
2026-02-05 12:49:56,198 INFO:main.py:638:non_trivial:Debumping biomolecule.
2026-02-05 12:49:56,265 INFO:main.py:661:non_trivial:Adding hydrogens to biomolecule.
2026-02-05 12:49:56,452 INFO:main.py:664:non_trivial:Debumping biomolecule (again).
2026-02-05 12:49:57,240 WARNING:debump.py:179:debump_biomolecule:WARNING: Unable to debump LEU A 330
2026-02-05 12:49:57,299 INFO:main.py:666:non_trivial:Optimizing hydrogen bonds
2026-02-05 12:49:57,299 INFO:__init__.py:375:initialize_wat_optimization:Initializing water bonding optimization...
2026-02-05 12:49:57,376 INFO:main.py:678:non_trivial:Applying force field to biomolecule states.
2026-02-05 12:49:57,379 INFO:main.py:725:non_trivial:Regenerating headers.
2026-02-05 12:49:57,380 INFO:main.py:750:non_trivial:Regenerating PDB lines.
2026-02-05 12:49:57,403 WARNING:main.py:326:print_pqr:Ignoring 391 header lines in output.
