2026-02-05 12:31:23,100 INFO:main.py:246:print_splash_screen:PDB2PQR v3.7.1: biomolecular structure conversion software.
2026-02-05 12:31:23,101 INFO:main.py:248:print_splash_screen:Please cite:  Jurrus E, et al.  Improvements to the APBS biomolecular solvation software suite.  Protein Sci 27 112-128 (2018).
2026-02-05 12:31:23,101 INFO:main.py:248:print_splash_screen:Please cite:  Dolinsky TJ, et al.  PDB2PQR: expanding and upgrading automated preparation of biomolecular structures for molecular simulations. Nucleic Acids Res 35 W522-W525 (2007).
2026-02-05 12:31:23,101 INFO:main.py:770:main_driver:Checking and transforming input arguments.
2026-02-05 12:31:23,101 INFO:main.py:774:main_driver:Loading topology files.
2026-02-05 12:31:23,152 INFO:main.py:776:main_driver:Loading molecule: data/04_out/aligned_struct/Q9LVD6.aligned.pdb
2026-02-05 12:31:23,165 INFO:main.py:781:main_driver:Setting up molecule.
2026-02-05 12:31:23,175 INFO:main.py:423:setup_molecule:Created biomolecule object with 491 residues and 3919 atoms.
2026-02-05 12:31:23,175 INFO:main.py:785:main_driver:Setting termini states for biomolecule chains.
2026-02-05 12:31:23,182 INFO:main.py:616:non_trivial:Loading forcefield.
2026-02-05 12:31:23,188 INFO:main.py:620:non_trivial:Loading hydrogen topology definitions.
2026-02-05 12:31:23,192 INFO:main.py:474:is_repairable:This biomolecule is clean.  No repair needed.
2026-02-05 12:31:23,192 INFO:main.py:635:non_trivial:Updating disulfide bridges.
2026-02-05 12:31:23,192 INFO:main.py:638:non_trivial:Debumping biomolecule.
2026-02-05 12:31:23,269 INFO:main.py:661:non_trivial:Adding hydrogens to biomolecule.
2026-02-05 12:31:23,514 INFO:main.py:664:non_trivial:Debumping biomolecule (again).
2026-02-05 12:31:23,853 INFO:main.py:666:non_trivial:Optimizing hydrogen bonds
2026-02-05 12:31:23,853 INFO:__init__.py:375:initialize_wat_optimization:Initializing water bonding optimization...
2026-02-05 12:31:23,952 INFO:main.py:678:non_trivial:Applying force field to biomolecule states.
2026-02-05 12:31:23,956 INFO:main.py:725:non_trivial:Regenerating headers.
2026-02-05 12:31:23,957 INFO:main.py:750:non_trivial:Regenerating PDB lines.
2026-02-05 12:31:23,986 WARNING:main.py:326:print_pqr:Ignoring 390 header lines in output.
2026-02-05 12:49:55,160 INFO:main.py:246:print_splash_screen:PDB2PQR v3.7.1: biomolecular structure conversion software.
2026-02-05 12:49:55,161 INFO:main.py:248:print_splash_screen:Please cite:  Jurrus E, et al.  Improvements to the APBS biomolecular solvation software suite.  Protein Sci 27 112-128 (2018).
2026-02-05 12:49:55,161 INFO:main.py:248:print_splash_screen:Please cite:  Dolinsky TJ, et al.  PDB2PQR: expanding and upgrading automated preparation of biomolecular structures for molecular simulations. Nucleic Acids Res 35 W522-W525 (2007).
2026-02-05 12:49:55,161 INFO:main.py:770:main_driver:Checking and transforming input arguments.
2026-02-05 12:49:55,161 INFO:main.py:774:main_driver:Loading topology files.
2026-02-05 12:49:55,191 INFO:main.py:776:main_driver:Loading molecule: data/04_out/aligned_struct/Q9LVD6.aligned.pdb
2026-02-05 12:49:55,200 INFO:main.py:781:main_driver:Setting up molecule.
2026-02-05 12:49:55,207 INFO:main.py:423:setup_molecule:Created biomolecule object with 491 residues and 3919 atoms.
2026-02-05 12:49:55,208 INFO:main.py:785:main_driver:Setting termini states for biomolecule chains.
2026-02-05 12:49:55,215 INFO:main.py:616:non_trivial:Loading forcefield.
2026-02-05 12:49:55,220 INFO:main.py:620:non_trivial:Loading hydrogen topology definitions.
2026-02-05 12:49:55,222 INFO:main.py:474:is_repairable:This biomolecule is clean.  No repair needed.
2026-02-05 12:49:55,222 INFO:main.py:635:non_trivial:Updating disulfide bridges.
2026-02-05 12:49:55,223 INFO:main.py:638:non_trivial:Debumping biomolecule.
2026-02-05 12:49:55,312 INFO:main.py:661:non_trivial:Adding hydrogens to biomolecule.
2026-02-05 12:49:55,502 INFO:main.py:664:non_trivial:Debumping biomolecule (again).
2026-02-05 12:49:55,767 INFO:main.py:666:non_trivial:Optimizing hydrogen bonds
2026-02-05 12:49:55,767 INFO:__init__.py:375:initialize_wat_optimization:Initializing water bonding optimization...
2026-02-05 12:49:55,843 INFO:main.py:678:non_trivial:Applying force field to biomolecule states.
2026-02-05 12:49:55,846 INFO:main.py:725:non_trivial:Regenerating headers.
2026-02-05 12:49:55,847 INFO:main.py:750:non_trivial:Regenerating PDB lines.
2026-02-05 12:49:55,871 WARNING:main.py:326:print_pqr:Ignoring 390 header lines in output.
