2026-02-05 12:31:33,711 INFO:main.py:246:print_splash_screen:PDB2PQR v3.7.1: biomolecular structure conversion software.
2026-02-05 12:31:33,711 INFO:main.py:248:print_splash_screen:Please cite:  Jurrus E, et al.  Improvements to the APBS biomolecular solvation software suite.  Protein Sci 27 112-128 (2018).
2026-02-05 12:31:33,711 INFO:main.py:248:print_splash_screen:Please cite:  Dolinsky TJ, et al.  PDB2PQR: expanding and upgrading automated preparation of biomolecular structures for molecular simulations. Nucleic Acids Res 35 W522-W525 (2007).
2026-02-05 12:31:33,711 INFO:main.py:770:main_driver:Checking and transforming input arguments.
2026-02-05 12:31:33,711 INFO:main.py:774:main_driver:Loading topology files.
2026-02-05 12:31:33,765 INFO:main.py:776:main_driver:Loading molecule: data/04_out/aligned_struct/Q9SAE3.aligned.pdb
2026-02-05 12:31:33,777 INFO:main.py:781:main_driver:Setting up molecule.
2026-02-05 12:31:33,787 INFO:main.py:423:setup_molecule:Created biomolecule object with 490 residues and 3980 atoms.
2026-02-05 12:31:33,787 INFO:main.py:785:main_driver:Setting termini states for biomolecule chains.
2026-02-05 12:31:33,794 INFO:main.py:616:non_trivial:Loading forcefield.
2026-02-05 12:31:33,800 INFO:main.py:620:non_trivial:Loading hydrogen topology definitions.
2026-02-05 12:31:33,804 INFO:main.py:474:is_repairable:This biomolecule is clean.  No repair needed.
2026-02-05 12:31:33,804 INFO:main.py:635:non_trivial:Updating disulfide bridges.
2026-02-05 12:31:33,804 INFO:main.py:638:non_trivial:Debumping biomolecule.
2026-02-05 12:31:33,884 INFO:main.py:661:non_trivial:Adding hydrogens to biomolecule.
2026-02-05 12:31:34,133 INFO:main.py:664:non_trivial:Debumping biomolecule (again).
2026-02-05 12:31:34,477 INFO:main.py:666:non_trivial:Optimizing hydrogen bonds
2026-02-05 12:31:34,477 INFO:__init__.py:375:initialize_wat_optimization:Initializing water bonding optimization...
2026-02-05 12:31:34,582 INFO:main.py:678:non_trivial:Applying force field to biomolecule states.
2026-02-05 12:31:34,586 INFO:main.py:725:non_trivial:Regenerating headers.
2026-02-05 12:31:34,586 INFO:main.py:750:non_trivial:Regenerating PDB lines.
2026-02-05 12:31:34,616 WARNING:main.py:326:print_pqr:Ignoring 391 header lines in output.
2026-02-05 12:50:03,575 INFO:main.py:246:print_splash_screen:PDB2PQR v3.7.1: biomolecular structure conversion software.
2026-02-05 12:50:03,576 INFO:main.py:248:print_splash_screen:Please cite:  Jurrus E, et al.  Improvements to the APBS biomolecular solvation software suite.  Protein Sci 27 112-128 (2018).
2026-02-05 12:50:03,576 INFO:main.py:248:print_splash_screen:Please cite:  Dolinsky TJ, et al.  PDB2PQR: expanding and upgrading automated preparation of biomolecular structures for molecular simulations. Nucleic Acids Res 35 W522-W525 (2007).
2026-02-05 12:50:03,576 INFO:main.py:770:main_driver:Checking and transforming input arguments.
2026-02-05 12:50:03,576 INFO:main.py:774:main_driver:Loading topology files.
2026-02-05 12:50:03,604 INFO:main.py:776:main_driver:Loading molecule: data/04_out/aligned_struct/Q9SAE3.aligned.pdb
2026-02-05 12:50:03,613 INFO:main.py:781:main_driver:Setting up molecule.
2026-02-05 12:50:03,624 INFO:main.py:423:setup_molecule:Created biomolecule object with 490 residues and 3980 atoms.
2026-02-05 12:50:03,624 INFO:main.py:785:main_driver:Setting termini states for biomolecule chains.
2026-02-05 12:50:03,630 INFO:main.py:616:non_trivial:Loading forcefield.
2026-02-05 12:50:03,635 INFO:main.py:620:non_trivial:Loading hydrogen topology definitions.
2026-02-05 12:50:03,637 INFO:main.py:474:is_repairable:This biomolecule is clean.  No repair needed.
2026-02-05 12:50:03,637 INFO:main.py:635:non_trivial:Updating disulfide bridges.
2026-02-05 12:50:03,638 INFO:main.py:638:non_trivial:Debumping biomolecule.
2026-02-05 12:50:03,721 INFO:main.py:661:non_trivial:Adding hydrogens to biomolecule.
2026-02-05 12:50:03,915 INFO:main.py:664:non_trivial:Debumping biomolecule (again).
2026-02-05 12:50:04,181 INFO:main.py:666:non_trivial:Optimizing hydrogen bonds
2026-02-05 12:50:04,181 INFO:__init__.py:375:initialize_wat_optimization:Initializing water bonding optimization...
2026-02-05 12:50:04,262 INFO:main.py:678:non_trivial:Applying force field to biomolecule states.
2026-02-05 12:50:04,265 INFO:main.py:725:non_trivial:Regenerating headers.
2026-02-05 12:50:04,266 INFO:main.py:750:non_trivial:Regenerating PDB lines.
2026-02-05 12:50:04,290 WARNING:main.py:326:print_pqr:Ignoring 391 header lines in output.
