2026-02-05 12:31:34,947 INFO:main.py:246:print_splash_screen:PDB2PQR v3.7.1: biomolecular structure conversion software.
2026-02-05 12:31:34,947 INFO:main.py:248:print_splash_screen:Please cite:  Jurrus E, et al.  Improvements to the APBS biomolecular solvation software suite.  Protein Sci 27 112-128 (2018).
2026-02-05 12:31:34,947 INFO:main.py:248:print_splash_screen:Please cite:  Dolinsky TJ, et al.  PDB2PQR: expanding and upgrading automated preparation of biomolecular structures for molecular simulations. Nucleic Acids Res 35 W522-W525 (2007).
2026-02-05 12:31:34,947 INFO:main.py:770:main_driver:Checking and transforming input arguments.
2026-02-05 12:31:34,948 INFO:main.py:774:main_driver:Loading topology files.
2026-02-05 12:31:35,026 INFO:main.py:776:main_driver:Loading molecule: data/04_out/aligned_struct/Q9SAE4.aligned.pdb
2026-02-05 12:31:35,039 INFO:main.py:781:main_driver:Setting up molecule.
2026-02-05 12:31:35,049 INFO:main.py:423:setup_molecule:Created biomolecule object with 490 residues and 3952 atoms.
2026-02-05 12:31:35,049 INFO:main.py:785:main_driver:Setting termini states for biomolecule chains.
2026-02-05 12:31:35,056 INFO:main.py:616:non_trivial:Loading forcefield.
2026-02-05 12:31:35,062 INFO:main.py:620:non_trivial:Loading hydrogen topology definitions.
2026-02-05 12:31:35,065 INFO:main.py:474:is_repairable:This biomolecule is clean.  No repair needed.
2026-02-05 12:31:35,065 INFO:main.py:635:non_trivial:Updating disulfide bridges.
2026-02-05 12:31:35,066 INFO:main.py:638:non_trivial:Debumping biomolecule.
2026-02-05 12:31:35,143 INFO:main.py:661:non_trivial:Adding hydrogens to biomolecule.
2026-02-05 12:31:35,395 INFO:main.py:664:non_trivial:Debumping biomolecule (again).
2026-02-05 12:31:35,740 INFO:main.py:666:non_trivial:Optimizing hydrogen bonds
2026-02-05 12:31:35,740 INFO:__init__.py:375:initialize_wat_optimization:Initializing water bonding optimization...
2026-02-05 12:31:35,842 INFO:main.py:678:non_trivial:Applying force field to biomolecule states.
2026-02-05 12:31:35,846 INFO:main.py:725:non_trivial:Regenerating headers.
2026-02-05 12:31:35,847 INFO:main.py:750:non_trivial:Regenerating PDB lines.
2026-02-05 12:31:35,875 WARNING:main.py:326:print_pqr:Ignoring 390 header lines in output.
2026-02-05 12:50:04,525 INFO:main.py:246:print_splash_screen:PDB2PQR v3.7.1: biomolecular structure conversion software.
2026-02-05 12:50:04,526 INFO:main.py:248:print_splash_screen:Please cite:  Jurrus E, et al.  Improvements to the APBS biomolecular solvation software suite.  Protein Sci 27 112-128 (2018).
2026-02-05 12:50:04,526 INFO:main.py:248:print_splash_screen:Please cite:  Dolinsky TJ, et al.  PDB2PQR: expanding and upgrading automated preparation of biomolecular structures for molecular simulations. Nucleic Acids Res 35 W522-W525 (2007).
2026-02-05 12:50:04,526 INFO:main.py:770:main_driver:Checking and transforming input arguments.
2026-02-05 12:50:04,526 INFO:main.py:774:main_driver:Loading topology files.
2026-02-05 12:50:04,555 INFO:main.py:776:main_driver:Loading molecule: data/04_out/aligned_struct/Q9SAE4.aligned.pdb
2026-02-05 12:50:04,568 INFO:main.py:781:main_driver:Setting up molecule.
2026-02-05 12:50:04,579 INFO:main.py:423:setup_molecule:Created biomolecule object with 490 residues and 3952 atoms.
2026-02-05 12:50:04,579 INFO:main.py:785:main_driver:Setting termini states for biomolecule chains.
2026-02-05 12:50:04,588 INFO:main.py:616:non_trivial:Loading forcefield.
2026-02-05 12:50:04,593 INFO:main.py:620:non_trivial:Loading hydrogen topology definitions.
2026-02-05 12:50:04,596 INFO:main.py:474:is_repairable:This biomolecule is clean.  No repair needed.
2026-02-05 12:50:04,596 INFO:main.py:635:non_trivial:Updating disulfide bridges.
2026-02-05 12:50:04,596 INFO:main.py:638:non_trivial:Debumping biomolecule.
2026-02-05 12:50:04,672 INFO:main.py:661:non_trivial:Adding hydrogens to biomolecule.
2026-02-05 12:50:04,864 INFO:main.py:664:non_trivial:Debumping biomolecule (again).
2026-02-05 12:50:05,124 INFO:main.py:666:non_trivial:Optimizing hydrogen bonds
2026-02-05 12:50:05,124 INFO:__init__.py:375:initialize_wat_optimization:Initializing water bonding optimization...
2026-02-05 12:50:05,202 INFO:main.py:678:non_trivial:Applying force field to biomolecule states.
2026-02-05 12:50:05,205 INFO:main.py:725:non_trivial:Regenerating headers.
2026-02-05 12:50:05,206 INFO:main.py:750:non_trivial:Regenerating PDB lines.
2026-02-05 12:50:05,230 WARNING:main.py:326:print_pqr:Ignoring 390 header lines in output.
