2026-02-05 12:31:38,628 INFO:main.py:246:print_splash_screen:PDB2PQR v3.7.1: biomolecular structure conversion software.
2026-02-05 12:31:38,628 INFO:main.py:248:print_splash_screen:Please cite:  Jurrus E, et al.  Improvements to the APBS biomolecular solvation software suite.  Protein Sci 27 112-128 (2018).
2026-02-05 12:31:38,628 INFO:main.py:248:print_splash_screen:Please cite:  Dolinsky TJ, et al.  PDB2PQR: expanding and upgrading automated preparation of biomolecular structures for molecular simulations. Nucleic Acids Res 35 W522-W525 (2007).
2026-02-05 12:31:38,628 INFO:main.py:770:main_driver:Checking and transforming input arguments.
2026-02-05 12:31:38,628 INFO:main.py:774:main_driver:Loading topology files.
2026-02-05 12:31:38,664 INFO:main.py:776:main_driver:Loading molecule: data/04_out/aligned_struct/Q9SD85.aligned.pdb
2026-02-05 12:31:38,675 INFO:main.py:781:main_driver:Setting up molecule.
2026-02-05 12:31:38,685 INFO:main.py:423:setup_molecule:Created biomolecule object with 513 residues and 4001 atoms.
2026-02-05 12:31:38,685 INFO:main.py:785:main_driver:Setting termini states for biomolecule chains.
2026-02-05 12:31:38,692 INFO:main.py:616:non_trivial:Loading forcefield.
2026-02-05 12:31:38,699 INFO:main.py:620:non_trivial:Loading hydrogen topology definitions.
2026-02-05 12:31:38,702 INFO:main.py:474:is_repairable:This biomolecule is clean.  No repair needed.
2026-02-05 12:31:38,702 INFO:main.py:635:non_trivial:Updating disulfide bridges.
2026-02-05 12:31:38,702 INFO:main.py:638:non_trivial:Debumping biomolecule.
2026-02-05 12:31:38,778 INFO:main.py:661:non_trivial:Adding hydrogens to biomolecule.
2026-02-05 12:31:39,026 INFO:main.py:664:non_trivial:Debumping biomolecule (again).
2026-02-05 12:31:39,366 INFO:main.py:666:non_trivial:Optimizing hydrogen bonds
2026-02-05 12:31:39,366 INFO:__init__.py:375:initialize_wat_optimization:Initializing water bonding optimization...
2026-02-05 12:31:39,466 INFO:main.py:678:non_trivial:Applying force field to biomolecule states.
2026-02-05 12:31:39,469 INFO:main.py:725:non_trivial:Regenerating headers.
2026-02-05 12:31:39,470 INFO:main.py:750:non_trivial:Regenerating PDB lines.
2026-02-05 12:31:39,499 WARNING:main.py:326:print_pqr:Ignoring 390 header lines in output.
2026-02-05 12:50:07,431 INFO:main.py:246:print_splash_screen:PDB2PQR v3.7.1: biomolecular structure conversion software.
2026-02-05 12:50:07,432 INFO:main.py:248:print_splash_screen:Please cite:  Jurrus E, et al.  Improvements to the APBS biomolecular solvation software suite.  Protein Sci 27 112-128 (2018).
2026-02-05 12:50:07,432 INFO:main.py:248:print_splash_screen:Please cite:  Dolinsky TJ, et al.  PDB2PQR: expanding and upgrading automated preparation of biomolecular structures for molecular simulations. Nucleic Acids Res 35 W522-W525 (2007).
2026-02-05 12:50:07,433 INFO:main.py:770:main_driver:Checking and transforming input arguments.
2026-02-05 12:50:07,433 INFO:main.py:774:main_driver:Loading topology files.
2026-02-05 12:50:07,469 INFO:main.py:776:main_driver:Loading molecule: data/04_out/aligned_struct/Q9SD85.aligned.pdb
2026-02-05 12:50:07,482 INFO:main.py:781:main_driver:Setting up molecule.
2026-02-05 12:50:07,496 INFO:main.py:423:setup_molecule:Created biomolecule object with 513 residues and 4001 atoms.
2026-02-05 12:50:07,496 INFO:main.py:785:main_driver:Setting termini states for biomolecule chains.
2026-02-05 12:50:07,502 INFO:main.py:616:non_trivial:Loading forcefield.
2026-02-05 12:50:07,511 INFO:main.py:620:non_trivial:Loading hydrogen topology definitions.
2026-02-05 12:50:07,513 INFO:main.py:474:is_repairable:This biomolecule is clean.  No repair needed.
2026-02-05 12:50:07,513 INFO:main.py:635:non_trivial:Updating disulfide bridges.
2026-02-05 12:50:07,514 INFO:main.py:638:non_trivial:Debumping biomolecule.
2026-02-05 12:50:07,575 INFO:main.py:661:non_trivial:Adding hydrogens to biomolecule.
2026-02-05 12:50:07,766 INFO:main.py:664:non_trivial:Debumping biomolecule (again).
2026-02-05 12:50:08,026 INFO:main.py:666:non_trivial:Optimizing hydrogen bonds
2026-02-05 12:50:08,026 INFO:__init__.py:375:initialize_wat_optimization:Initializing water bonding optimization...
2026-02-05 12:50:08,101 INFO:main.py:678:non_trivial:Applying force field to biomolecule states.
2026-02-05 12:50:08,104 INFO:main.py:725:non_trivial:Regenerating headers.
2026-02-05 12:50:08,105 INFO:main.py:750:non_trivial:Regenerating PDB lines.
2026-02-05 12:50:08,129 WARNING:main.py:326:print_pqr:Ignoring 390 header lines in output.
