2026-02-05 12:31:41,112 INFO:main.py:246:print_splash_screen:PDB2PQR v3.7.1: biomolecular structure conversion software.
2026-02-05 12:31:41,112 INFO:main.py:248:print_splash_screen:Please cite:  Jurrus E, et al.  Improvements to the APBS biomolecular solvation software suite.  Protein Sci 27 112-128 (2018).
2026-02-05 12:31:41,112 INFO:main.py:248:print_splash_screen:Please cite:  Dolinsky TJ, et al.  PDB2PQR: expanding and upgrading automated preparation of biomolecular structures for molecular simulations. Nucleic Acids Res 35 W522-W525 (2007).
2026-02-05 12:31:41,112 INFO:main.py:770:main_driver:Checking and transforming input arguments.
2026-02-05 12:31:41,112 INFO:main.py:774:main_driver:Loading topology files.
2026-02-05 12:31:41,154 INFO:main.py:776:main_driver:Loading molecule: data/04_out/aligned_struct/Q9SLP1.aligned.pdb
2026-02-05 12:31:41,168 INFO:main.py:781:main_driver:Setting up molecule.
2026-02-05 12:31:41,178 INFO:main.py:423:setup_molecule:Created biomolecule object with 534 residues and 4225 atoms.
2026-02-05 12:31:41,179 INFO:main.py:785:main_driver:Setting termini states for biomolecule chains.
2026-02-05 12:31:41,185 INFO:main.py:616:non_trivial:Loading forcefield.
2026-02-05 12:31:41,192 INFO:main.py:620:non_trivial:Loading hydrogen topology definitions.
2026-02-05 12:31:41,195 INFO:main.py:474:is_repairable:This biomolecule is clean.  No repair needed.
2026-02-05 12:31:41,196 INFO:main.py:635:non_trivial:Updating disulfide bridges.
2026-02-05 12:31:41,196 INFO:main.py:638:non_trivial:Debumping biomolecule.
2026-02-05 12:31:41,276 INFO:main.py:661:non_trivial:Adding hydrogens to biomolecule.
2026-02-05 12:31:41,538 INFO:main.py:664:non_trivial:Debumping biomolecule (again).
2026-02-05 12:31:41,897 INFO:main.py:666:non_trivial:Optimizing hydrogen bonds
2026-02-05 12:31:41,897 INFO:__init__.py:375:initialize_wat_optimization:Initializing water bonding optimization...
2026-02-05 12:31:42,003 INFO:main.py:678:non_trivial:Applying force field to biomolecule states.
2026-02-05 12:31:42,007 INFO:main.py:725:non_trivial:Regenerating headers.
2026-02-05 12:31:42,008 INFO:main.py:750:non_trivial:Regenerating PDB lines.
2026-02-05 12:31:42,039 WARNING:main.py:326:print_pqr:Ignoring 390 header lines in output.
2026-02-05 12:50:09,359 INFO:main.py:246:print_splash_screen:PDB2PQR v3.7.1: biomolecular structure conversion software.
2026-02-05 12:50:09,360 INFO:main.py:248:print_splash_screen:Please cite:  Jurrus E, et al.  Improvements to the APBS biomolecular solvation software suite.  Protein Sci 27 112-128 (2018).
2026-02-05 12:50:09,360 INFO:main.py:248:print_splash_screen:Please cite:  Dolinsky TJ, et al.  PDB2PQR: expanding and upgrading automated preparation of biomolecular structures for molecular simulations. Nucleic Acids Res 35 W522-W525 (2007).
2026-02-05 12:50:09,360 INFO:main.py:770:main_driver:Checking and transforming input arguments.
2026-02-05 12:50:09,360 INFO:main.py:774:main_driver:Loading topology files.
2026-02-05 12:50:09,396 INFO:main.py:776:main_driver:Loading molecule: data/04_out/aligned_struct/Q9SLP1.aligned.pdb
2026-02-05 12:50:09,407 INFO:main.py:781:main_driver:Setting up molecule.
2026-02-05 12:50:09,415 INFO:main.py:423:setup_molecule:Created biomolecule object with 534 residues and 4225 atoms.
2026-02-05 12:50:09,416 INFO:main.py:785:main_driver:Setting termini states for biomolecule chains.
2026-02-05 12:50:09,421 INFO:main.py:616:non_trivial:Loading forcefield.
2026-02-05 12:50:09,430 INFO:main.py:620:non_trivial:Loading hydrogen topology definitions.
2026-02-05 12:50:09,433 INFO:main.py:474:is_repairable:This biomolecule is clean.  No repair needed.
2026-02-05 12:50:09,433 INFO:main.py:635:non_trivial:Updating disulfide bridges.
2026-02-05 12:50:09,433 INFO:main.py:638:non_trivial:Debumping biomolecule.
2026-02-05 12:50:09,506 INFO:main.py:661:non_trivial:Adding hydrogens to biomolecule.
2026-02-05 12:50:09,707 INFO:main.py:664:non_trivial:Debumping biomolecule (again).
2026-02-05 12:50:09,984 INFO:main.py:666:non_trivial:Optimizing hydrogen bonds
2026-02-05 12:50:09,984 INFO:__init__.py:375:initialize_wat_optimization:Initializing water bonding optimization...
2026-02-05 12:50:10,066 INFO:main.py:678:non_trivial:Applying force field to biomolecule states.
2026-02-05 12:50:10,069 INFO:main.py:725:non_trivial:Regenerating headers.
2026-02-05 12:50:10,070 INFO:main.py:750:non_trivial:Regenerating PDB lines.
2026-02-05 12:50:10,095 WARNING:main.py:326:print_pqr:Ignoring 390 header lines in output.
