2026-02-05 12:31:42,438 INFO:main.py:246:print_splash_screen:PDB2PQR v3.7.1: biomolecular structure conversion software.
2026-02-05 12:31:42,438 INFO:main.py:248:print_splash_screen:Please cite:  Jurrus E, et al.  Improvements to the APBS biomolecular solvation software suite.  Protein Sci 27 112-128 (2018).
2026-02-05 12:31:42,438 INFO:main.py:248:print_splash_screen:Please cite:  Dolinsky TJ, et al.  PDB2PQR: expanding and upgrading automated preparation of biomolecular structures for molecular simulations. Nucleic Acids Res 35 W522-W525 (2007).
2026-02-05 12:31:42,438 INFO:main.py:770:main_driver:Checking and transforming input arguments.
2026-02-05 12:31:42,438 INFO:main.py:774:main_driver:Loading topology files.
2026-02-05 12:31:42,475 INFO:main.py:776:main_driver:Loading molecule: data/04_out/aligned_struct/Q9SMP5.aligned.pdb
2026-02-05 12:31:42,487 INFO:main.py:781:main_driver:Setting up molecule.
2026-02-05 12:31:42,497 INFO:main.py:423:setup_molecule:Created biomolecule object with 506 residues and 4014 atoms.
2026-02-05 12:31:42,497 INFO:main.py:785:main_driver:Setting termini states for biomolecule chains.
2026-02-05 12:31:42,505 INFO:main.py:616:non_trivial:Loading forcefield.
2026-02-05 12:31:42,511 INFO:main.py:620:non_trivial:Loading hydrogen topology definitions.
2026-02-05 12:31:42,514 INFO:main.py:474:is_repairable:This biomolecule is clean.  No repair needed.
2026-02-05 12:31:42,514 INFO:main.py:635:non_trivial:Updating disulfide bridges.
2026-02-05 12:31:42,515 INFO:main.py:638:non_trivial:Debumping biomolecule.
2026-02-05 12:31:42,592 INFO:main.py:661:non_trivial:Adding hydrogens to biomolecule.
2026-02-05 12:31:42,844 INFO:main.py:664:non_trivial:Debumping biomolecule (again).
2026-02-05 12:31:43,187 INFO:main.py:666:non_trivial:Optimizing hydrogen bonds
2026-02-05 12:31:43,187 INFO:__init__.py:375:initialize_wat_optimization:Initializing water bonding optimization...
2026-02-05 12:31:43,288 INFO:main.py:678:non_trivial:Applying force field to biomolecule states.
2026-02-05 12:31:43,292 INFO:main.py:725:non_trivial:Regenerating headers.
2026-02-05 12:31:43,293 INFO:main.py:750:non_trivial:Regenerating PDB lines.
2026-02-05 12:31:43,322 WARNING:main.py:326:print_pqr:Ignoring 390 header lines in output.
2026-02-05 12:50:10,317 INFO:main.py:246:print_splash_screen:PDB2PQR v3.7.1: biomolecular structure conversion software.
2026-02-05 12:50:10,317 INFO:main.py:248:print_splash_screen:Please cite:  Jurrus E, et al.  Improvements to the APBS biomolecular solvation software suite.  Protein Sci 27 112-128 (2018).
2026-02-05 12:50:10,318 INFO:main.py:248:print_splash_screen:Please cite:  Dolinsky TJ, et al.  PDB2PQR: expanding and upgrading automated preparation of biomolecular structures for molecular simulations. Nucleic Acids Res 35 W522-W525 (2007).
2026-02-05 12:50:10,318 INFO:main.py:770:main_driver:Checking and transforming input arguments.
2026-02-05 12:50:10,318 INFO:main.py:774:main_driver:Loading topology files.
2026-02-05 12:50:10,358 INFO:main.py:776:main_driver:Loading molecule: data/04_out/aligned_struct/Q9SMP5.aligned.pdb
2026-02-05 12:50:10,372 INFO:main.py:781:main_driver:Setting up molecule.
2026-02-05 12:50:10,385 INFO:main.py:423:setup_molecule:Created biomolecule object with 506 residues and 4014 atoms.
2026-02-05 12:50:10,386 INFO:main.py:785:main_driver:Setting termini states for biomolecule chains.
2026-02-05 12:50:10,391 INFO:main.py:616:non_trivial:Loading forcefield.
2026-02-05 12:50:10,398 INFO:main.py:620:non_trivial:Loading hydrogen topology definitions.
2026-02-05 12:50:10,403 INFO:main.py:474:is_repairable:This biomolecule is clean.  No repair needed.
2026-02-05 12:50:10,403 INFO:main.py:635:non_trivial:Updating disulfide bridges.
2026-02-05 12:50:10,404 INFO:main.py:638:non_trivial:Debumping biomolecule.
2026-02-05 12:50:10,479 INFO:main.py:661:non_trivial:Adding hydrogens to biomolecule.
2026-02-05 12:50:10,671 INFO:main.py:664:non_trivial:Debumping biomolecule (again).
2026-02-05 12:50:10,933 INFO:main.py:666:non_trivial:Optimizing hydrogen bonds
2026-02-05 12:50:10,933 INFO:__init__.py:375:initialize_wat_optimization:Initializing water bonding optimization...
2026-02-05 12:50:11,011 INFO:main.py:678:non_trivial:Applying force field to biomolecule states.
2026-02-05 12:50:11,014 INFO:main.py:725:non_trivial:Regenerating headers.
2026-02-05 12:50:11,015 INFO:main.py:750:non_trivial:Regenerating PDB lines.
2026-02-05 12:50:11,037 WARNING:main.py:326:print_pqr:Ignoring 390 header lines in output.
