2026-02-05 12:31:47,317 INFO:main.py:246:print_splash_screen:PDB2PQR v3.7.1: biomolecular structure conversion software.
2026-02-05 12:31:47,317 INFO:main.py:248:print_splash_screen:Please cite:  Jurrus E, et al.  Improvements to the APBS biomolecular solvation software suite.  Protein Sci 27 112-128 (2018).
2026-02-05 12:31:47,317 INFO:main.py:248:print_splash_screen:Please cite:  Dolinsky TJ, et al.  PDB2PQR: expanding and upgrading automated preparation of biomolecular structures for molecular simulations. Nucleic Acids Res 35 W522-W525 (2007).
2026-02-05 12:31:47,317 INFO:main.py:770:main_driver:Checking and transforming input arguments.
2026-02-05 12:31:47,318 INFO:main.py:774:main_driver:Loading topology files.
2026-02-05 12:31:47,357 INFO:main.py:776:main_driver:Loading molecule: data/04_out/aligned_struct/Q9STK9.aligned.pdb
2026-02-05 12:31:47,369 INFO:main.py:781:main_driver:Setting up molecule.
2026-02-05 12:31:47,379 INFO:main.py:423:setup_molecule:Created biomolecule object with 488 residues and 3935 atoms.
2026-02-05 12:31:47,379 INFO:main.py:785:main_driver:Setting termini states for biomolecule chains.
2026-02-05 12:31:47,385 INFO:main.py:616:non_trivial:Loading forcefield.
2026-02-05 12:31:47,392 INFO:main.py:620:non_trivial:Loading hydrogen topology definitions.
2026-02-05 12:31:47,395 INFO:main.py:474:is_repairable:This biomolecule is clean.  No repair needed.
2026-02-05 12:31:47,395 INFO:main.py:635:non_trivial:Updating disulfide bridges.
2026-02-05 12:31:47,395 INFO:main.py:638:non_trivial:Debumping biomolecule.
2026-02-05 12:31:47,472 INFO:main.py:661:non_trivial:Adding hydrogens to biomolecule.
2026-02-05 12:31:47,713 INFO:main.py:664:non_trivial:Debumping biomolecule (again).
2026-02-05 12:31:48,046 INFO:main.py:666:non_trivial:Optimizing hydrogen bonds
2026-02-05 12:31:48,046 INFO:__init__.py:375:initialize_wat_optimization:Initializing water bonding optimization...
2026-02-05 12:31:48,146 INFO:main.py:678:non_trivial:Applying force field to biomolecule states.
2026-02-05 12:31:48,150 INFO:main.py:725:non_trivial:Regenerating headers.
2026-02-05 12:31:48,151 INFO:main.py:750:non_trivial:Regenerating PDB lines.
2026-02-05 12:31:48,179 WARNING:main.py:326:print_pqr:Ignoring 391 header lines in output.
2026-02-05 12:50:14,153 INFO:main.py:246:print_splash_screen:PDB2PQR v3.7.1: biomolecular structure conversion software.
2026-02-05 12:50:14,155 INFO:main.py:248:print_splash_screen:Please cite:  Jurrus E, et al.  Improvements to the APBS biomolecular solvation software suite.  Protein Sci 27 112-128 (2018).
2026-02-05 12:50:14,155 INFO:main.py:248:print_splash_screen:Please cite:  Dolinsky TJ, et al.  PDB2PQR: expanding and upgrading automated preparation of biomolecular structures for molecular simulations. Nucleic Acids Res 35 W522-W525 (2007).
2026-02-05 12:50:14,155 INFO:main.py:770:main_driver:Checking and transforming input arguments.
2026-02-05 12:50:14,155 INFO:main.py:774:main_driver:Loading topology files.
2026-02-05 12:50:14,260 INFO:main.py:776:main_driver:Loading molecule: data/04_out/aligned_struct/Q9STK9.aligned.pdb
2026-02-05 12:50:14,277 INFO:main.py:781:main_driver:Setting up molecule.
2026-02-05 12:50:14,286 INFO:main.py:423:setup_molecule:Created biomolecule object with 488 residues and 3935 atoms.
2026-02-05 12:50:14,286 INFO:main.py:785:main_driver:Setting termini states for biomolecule chains.
2026-02-05 12:50:14,291 INFO:main.py:616:non_trivial:Loading forcefield.
2026-02-05 12:50:14,297 INFO:main.py:620:non_trivial:Loading hydrogen topology definitions.
2026-02-05 12:50:14,300 INFO:main.py:474:is_repairable:This biomolecule is clean.  No repair needed.
2026-02-05 12:50:14,300 INFO:main.py:635:non_trivial:Updating disulfide bridges.
2026-02-05 12:50:14,300 INFO:main.py:638:non_trivial:Debumping biomolecule.
2026-02-05 12:50:14,361 INFO:main.py:661:non_trivial:Adding hydrogens to biomolecule.
2026-02-05 12:50:14,552 INFO:main.py:664:non_trivial:Debumping biomolecule (again).
2026-02-05 12:50:14,814 INFO:main.py:666:non_trivial:Optimizing hydrogen bonds
2026-02-05 12:50:14,815 INFO:__init__.py:375:initialize_wat_optimization:Initializing water bonding optimization...
2026-02-05 12:50:14,893 INFO:main.py:678:non_trivial:Applying force field to biomolecule states.
2026-02-05 12:50:14,896 INFO:main.py:725:non_trivial:Regenerating headers.
2026-02-05 12:50:14,896 INFO:main.py:750:non_trivial:Regenerating PDB lines.
2026-02-05 12:50:14,919 WARNING:main.py:326:print_pqr:Ignoring 391 header lines in output.
