2026-02-05 12:31:58,297 INFO:main.py:246:print_splash_screen:PDB2PQR v3.7.1: biomolecular structure conversion software.
2026-02-05 12:31:58,297 INFO:main.py:248:print_splash_screen:Please cite:  Jurrus E, et al.  Improvements to the APBS biomolecular solvation software suite.  Protein Sci 27 112-128 (2018).
2026-02-05 12:31:58,297 INFO:main.py:248:print_splash_screen:Please cite:  Dolinsky TJ, et al.  PDB2PQR: expanding and upgrading automated preparation of biomolecular structures for molecular simulations. Nucleic Acids Res 35 W522-W525 (2007).
2026-02-05 12:31:58,297 INFO:main.py:770:main_driver:Checking and transforming input arguments.
2026-02-05 12:31:58,297 INFO:main.py:774:main_driver:Loading topology files.
2026-02-05 12:31:58,337 INFO:main.py:776:main_driver:Loading molecule: data/04_out/aligned_struct/Q9T0K2.aligned.pdb
2026-02-05 12:31:58,357 INFO:main.py:781:main_driver:Setting up molecule.
2026-02-05 12:31:58,372 INFO:main.py:423:setup_molecule:Created biomolecule object with 497 residues and 3971 atoms.
2026-02-05 12:31:58,372 INFO:main.py:785:main_driver:Setting termini states for biomolecule chains.
2026-02-05 12:31:58,379 INFO:main.py:616:non_trivial:Loading forcefield.
2026-02-05 12:31:58,386 INFO:main.py:620:non_trivial:Loading hydrogen topology definitions.
2026-02-05 12:31:58,389 INFO:main.py:474:is_repairable:This biomolecule is clean.  No repair needed.
2026-02-05 12:31:58,389 INFO:main.py:635:non_trivial:Updating disulfide bridges.
2026-02-05 12:31:58,389 INFO:main.py:638:non_trivial:Debumping biomolecule.
2026-02-05 12:31:58,468 INFO:main.py:661:non_trivial:Adding hydrogens to biomolecule.
2026-02-05 12:31:58,721 INFO:main.py:664:non_trivial:Debumping biomolecule (again).
2026-02-05 12:31:59,071 INFO:main.py:666:non_trivial:Optimizing hydrogen bonds
2026-02-05 12:31:59,071 INFO:__init__.py:375:initialize_wat_optimization:Initializing water bonding optimization...
2026-02-05 12:31:59,174 INFO:main.py:678:non_trivial:Applying force field to biomolecule states.
2026-02-05 12:31:59,179 INFO:main.py:725:non_trivial:Regenerating headers.
2026-02-05 12:31:59,179 INFO:main.py:750:non_trivial:Regenerating PDB lines.
2026-02-05 12:31:59,209 WARNING:main.py:326:print_pqr:Ignoring 390 header lines in output.
2026-02-05 12:50:22,905 INFO:main.py:246:print_splash_screen:PDB2PQR v3.7.1: biomolecular structure conversion software.
2026-02-05 12:50:22,906 INFO:main.py:248:print_splash_screen:Please cite:  Jurrus E, et al.  Improvements to the APBS biomolecular solvation software suite.  Protein Sci 27 112-128 (2018).
2026-02-05 12:50:22,906 INFO:main.py:248:print_splash_screen:Please cite:  Dolinsky TJ, et al.  PDB2PQR: expanding and upgrading automated preparation of biomolecular structures for molecular simulations. Nucleic Acids Res 35 W522-W525 (2007).
2026-02-05 12:50:22,906 INFO:main.py:770:main_driver:Checking and transforming input arguments.
2026-02-05 12:50:22,907 INFO:main.py:774:main_driver:Loading topology files.
2026-02-05 12:50:22,943 INFO:main.py:776:main_driver:Loading molecule: data/04_out/aligned_struct/Q9T0K2.aligned.pdb
2026-02-05 12:50:22,958 INFO:main.py:781:main_driver:Setting up molecule.
2026-02-05 12:50:22,967 INFO:main.py:423:setup_molecule:Created biomolecule object with 497 residues and 3971 atoms.
2026-02-05 12:50:22,968 INFO:main.py:785:main_driver:Setting termini states for biomolecule chains.
2026-02-05 12:50:22,973 INFO:main.py:616:non_trivial:Loading forcefield.
2026-02-05 12:50:22,978 INFO:main.py:620:non_trivial:Loading hydrogen topology definitions.
2026-02-05 12:50:22,981 INFO:main.py:474:is_repairable:This biomolecule is clean.  No repair needed.
2026-02-05 12:50:22,981 INFO:main.py:635:non_trivial:Updating disulfide bridges.
2026-02-05 12:50:22,981 INFO:main.py:638:non_trivial:Debumping biomolecule.
2026-02-05 12:50:23,056 INFO:main.py:661:non_trivial:Adding hydrogens to biomolecule.
2026-02-05 12:50:23,252 INFO:main.py:664:non_trivial:Debumping biomolecule (again).
2026-02-05 12:50:23,526 INFO:main.py:666:non_trivial:Optimizing hydrogen bonds
2026-02-05 12:50:23,526 INFO:__init__.py:375:initialize_wat_optimization:Initializing water bonding optimization...
2026-02-05 12:50:23,606 INFO:main.py:678:non_trivial:Applying force field to biomolecule states.
2026-02-05 12:50:23,609 INFO:main.py:725:non_trivial:Regenerating headers.
2026-02-05 12:50:23,610 INFO:main.py:750:non_trivial:Regenerating PDB lines.
2026-02-05 12:50:23,632 WARNING:main.py:326:print_pqr:Ignoring 390 header lines in output.
