2026-02-05 12:31:59,519 INFO:main.py:246:print_splash_screen:PDB2PQR v3.7.1: biomolecular structure conversion software.
2026-02-05 12:31:59,519 INFO:main.py:248:print_splash_screen:Please cite:  Jurrus E, et al.  Improvements to the APBS biomolecular solvation software suite.  Protein Sci 27 112-128 (2018).
2026-02-05 12:31:59,519 INFO:main.py:248:print_splash_screen:Please cite:  Dolinsky TJ, et al.  PDB2PQR: expanding and upgrading automated preparation of biomolecular structures for molecular simulations. Nucleic Acids Res 35 W522-W525 (2007).
2026-02-05 12:31:59,519 INFO:main.py:770:main_driver:Checking and transforming input arguments.
2026-02-05 12:31:59,519 INFO:main.py:774:main_driver:Loading topology files.
2026-02-05 12:31:59,572 INFO:main.py:776:main_driver:Loading molecule: data/04_out/aligned_struct/Q9XGT9.aligned.pdb
2026-02-05 12:31:59,586 INFO:main.py:781:main_driver:Setting up molecule.
2026-02-05 12:31:59,596 INFO:main.py:423:setup_molecule:Created biomolecule object with 511 residues and 4105 atoms.
2026-02-05 12:31:59,596 INFO:main.py:785:main_driver:Setting termini states for biomolecule chains.
2026-02-05 12:31:59,603 INFO:main.py:616:non_trivial:Loading forcefield.
2026-02-05 12:31:59,610 INFO:main.py:620:non_trivial:Loading hydrogen topology definitions.
2026-02-05 12:31:59,613 INFO:main.py:474:is_repairable:This biomolecule is clean.  No repair needed.
2026-02-05 12:31:59,613 INFO:main.py:635:non_trivial:Updating disulfide bridges.
2026-02-05 12:31:59,613 INFO:main.py:638:non_trivial:Debumping biomolecule.
2026-02-05 12:31:59,692 INFO:main.py:661:non_trivial:Adding hydrogens to biomolecule.
2026-02-05 12:31:59,950 INFO:main.py:664:non_trivial:Debumping biomolecule (again).
2026-02-05 12:32:00,302 INFO:main.py:666:non_trivial:Optimizing hydrogen bonds
2026-02-05 12:32:00,302 INFO:__init__.py:375:initialize_wat_optimization:Initializing water bonding optimization...
2026-02-05 12:32:00,407 INFO:main.py:678:non_trivial:Applying force field to biomolecule states.
2026-02-05 12:32:00,411 INFO:main.py:725:non_trivial:Regenerating headers.
2026-02-05 12:32:00,412 INFO:main.py:750:non_trivial:Regenerating PDB lines.
2026-02-05 12:32:00,441 WARNING:main.py:326:print_pqr:Ignoring 390 header lines in output.
2026-02-05 12:50:23,890 INFO:main.py:246:print_splash_screen:PDB2PQR v3.7.1: biomolecular structure conversion software.
2026-02-05 12:50:23,891 INFO:main.py:248:print_splash_screen:Please cite:  Jurrus E, et al.  Improvements to the APBS biomolecular solvation software suite.  Protein Sci 27 112-128 (2018).
2026-02-05 12:50:23,891 INFO:main.py:248:print_splash_screen:Please cite:  Dolinsky TJ, et al.  PDB2PQR: expanding and upgrading automated preparation of biomolecular structures for molecular simulations. Nucleic Acids Res 35 W522-W525 (2007).
2026-02-05 12:50:23,891 INFO:main.py:770:main_driver:Checking and transforming input arguments.
2026-02-05 12:50:23,891 INFO:main.py:774:main_driver:Loading topology files.
2026-02-05 12:50:23,919 INFO:main.py:776:main_driver:Loading molecule: data/04_out/aligned_struct/Q9XGT9.aligned.pdb
2026-02-05 12:50:23,931 INFO:main.py:781:main_driver:Setting up molecule.
2026-02-05 12:50:23,939 INFO:main.py:423:setup_molecule:Created biomolecule object with 511 residues and 4105 atoms.
2026-02-05 12:50:23,939 INFO:main.py:785:main_driver:Setting termini states for biomolecule chains.
2026-02-05 12:50:23,945 INFO:main.py:616:non_trivial:Loading forcefield.
2026-02-05 12:50:23,954 INFO:main.py:620:non_trivial:Loading hydrogen topology definitions.
2026-02-05 12:50:23,959 INFO:main.py:474:is_repairable:This biomolecule is clean.  No repair needed.
2026-02-05 12:50:23,959 INFO:main.py:635:non_trivial:Updating disulfide bridges.
2026-02-05 12:50:23,959 INFO:main.py:638:non_trivial:Debumping biomolecule.
2026-02-05 12:50:24,029 INFO:main.py:661:non_trivial:Adding hydrogens to biomolecule.
2026-02-05 12:50:24,227 INFO:main.py:664:non_trivial:Debumping biomolecule (again).
2026-02-05 12:50:24,496 INFO:main.py:666:non_trivial:Optimizing hydrogen bonds
2026-02-05 12:50:24,496 INFO:__init__.py:375:initialize_wat_optimization:Initializing water bonding optimization...
2026-02-05 12:50:24,577 INFO:main.py:678:non_trivial:Applying force field to biomolecule states.
2026-02-05 12:50:24,581 INFO:main.py:725:non_trivial:Regenerating headers.
2026-02-05 12:50:24,581 INFO:main.py:750:non_trivial:Regenerating PDB lines.
2026-02-05 12:50:24,606 WARNING:main.py:326:print_pqr:Ignoring 390 header lines in output.
