2026-02-05 12:32:00,786 INFO:main.py:246:print_splash_screen:PDB2PQR v3.7.1: biomolecular structure conversion software.
2026-02-05 12:32:00,787 INFO:main.py:248:print_splash_screen:Please cite:  Jurrus E, et al.  Improvements to the APBS biomolecular solvation software suite.  Protein Sci 27 112-128 (2018).
2026-02-05 12:32:00,787 INFO:main.py:248:print_splash_screen:Please cite:  Dolinsky TJ, et al.  PDB2PQR: expanding and upgrading automated preparation of biomolecular structures for molecular simulations. Nucleic Acids Res 35 W522-W525 (2007).
2026-02-05 12:32:00,787 INFO:main.py:770:main_driver:Checking and transforming input arguments.
2026-02-05 12:32:00,787 INFO:main.py:774:main_driver:Loading topology files.
2026-02-05 12:32:00,831 INFO:main.py:776:main_driver:Loading molecule: data/04_out/aligned_struct/Q9XHC6.aligned.pdb
2026-02-05 12:32:00,842 INFO:main.py:781:main_driver:Setting up molecule.
2026-02-05 12:32:00,853 INFO:main.py:423:setup_molecule:Created biomolecule object with 513 residues and 4100 atoms.
2026-02-05 12:32:00,853 INFO:main.py:785:main_driver:Setting termini states for biomolecule chains.
2026-02-05 12:32:00,860 INFO:main.py:616:non_trivial:Loading forcefield.
2026-02-05 12:32:00,866 INFO:main.py:620:non_trivial:Loading hydrogen topology definitions.
2026-02-05 12:32:00,869 INFO:main.py:474:is_repairable:This biomolecule is clean.  No repair needed.
2026-02-05 12:32:00,870 INFO:main.py:635:non_trivial:Updating disulfide bridges.
2026-02-05 12:32:00,870 INFO:main.py:638:non_trivial:Debumping biomolecule.
2026-02-05 12:32:00,949 INFO:main.py:661:non_trivial:Adding hydrogens to biomolecule.
2026-02-05 12:32:01,206 INFO:main.py:664:non_trivial:Debumping biomolecule (again).
2026-02-05 12:32:01,563 INFO:main.py:666:non_trivial:Optimizing hydrogen bonds
2026-02-05 12:32:01,563 INFO:__init__.py:375:initialize_wat_optimization:Initializing water bonding optimization...
2026-02-05 12:32:01,669 INFO:main.py:678:non_trivial:Applying force field to biomolecule states.
2026-02-05 12:32:01,673 INFO:main.py:725:non_trivial:Regenerating headers.
2026-02-05 12:32:01,674 INFO:main.py:750:non_trivial:Regenerating PDB lines.
2026-02-05 12:32:01,704 WARNING:main.py:326:print_pqr:Ignoring 390 header lines in output.
2026-02-05 12:50:24,888 INFO:main.py:246:print_splash_screen:PDB2PQR v3.7.1: biomolecular structure conversion software.
2026-02-05 12:50:24,889 INFO:main.py:248:print_splash_screen:Please cite:  Jurrus E, et al.  Improvements to the APBS biomolecular solvation software suite.  Protein Sci 27 112-128 (2018).
2026-02-05 12:50:24,889 INFO:main.py:248:print_splash_screen:Please cite:  Dolinsky TJ, et al.  PDB2PQR: expanding and upgrading automated preparation of biomolecular structures for molecular simulations. Nucleic Acids Res 35 W522-W525 (2007).
2026-02-05 12:50:24,889 INFO:main.py:770:main_driver:Checking and transforming input arguments.
2026-02-05 12:50:24,889 INFO:main.py:774:main_driver:Loading topology files.
2026-02-05 12:50:24,917 INFO:main.py:776:main_driver:Loading molecule: data/04_out/aligned_struct/Q9XHC6.aligned.pdb
2026-02-05 12:50:24,927 INFO:main.py:781:main_driver:Setting up molecule.
2026-02-05 12:50:24,935 INFO:main.py:423:setup_molecule:Created biomolecule object with 513 residues and 4100 atoms.
2026-02-05 12:50:24,935 INFO:main.py:785:main_driver:Setting termini states for biomolecule chains.
2026-02-05 12:50:24,943 INFO:main.py:616:non_trivial:Loading forcefield.
2026-02-05 12:50:24,948 INFO:main.py:620:non_trivial:Loading hydrogen topology definitions.
2026-02-05 12:50:24,957 INFO:main.py:474:is_repairable:This biomolecule is clean.  No repair needed.
2026-02-05 12:50:24,957 INFO:main.py:635:non_trivial:Updating disulfide bridges.
2026-02-05 12:50:24,957 INFO:main.py:638:non_trivial:Debumping biomolecule.
2026-02-05 12:50:25,020 INFO:main.py:661:non_trivial:Adding hydrogens to biomolecule.
2026-02-05 12:50:25,217 INFO:main.py:664:non_trivial:Debumping biomolecule (again).
2026-02-05 12:50:25,490 INFO:main.py:666:non_trivial:Optimizing hydrogen bonds
2026-02-05 12:50:25,491 INFO:__init__.py:375:initialize_wat_optimization:Initializing water bonding optimization...
2026-02-05 12:50:25,571 INFO:main.py:678:non_trivial:Applying force field to biomolecule states.
2026-02-05 12:50:25,575 INFO:main.py:725:non_trivial:Regenerating headers.
2026-02-05 12:50:25,575 INFO:main.py:750:non_trivial:Regenerating PDB lines.
2026-02-05 12:50:25,599 WARNING:main.py:326:print_pqr:Ignoring 390 header lines in output.
