2026-02-05 12:32:11,743 INFO:main.py:246:print_splash_screen:PDB2PQR v3.7.1: biomolecular structure conversion software.
2026-02-05 12:32:11,743 INFO:main.py:248:print_splash_screen:Please cite:  Jurrus E, et al.  Improvements to the APBS biomolecular solvation software suite.  Protein Sci 27 112-128 (2018).
2026-02-05 12:32:11,743 INFO:main.py:248:print_splash_screen:Please cite:  Dolinsky TJ, et al.  PDB2PQR: expanding and upgrading automated preparation of biomolecular structures for molecular simulations. Nucleic Acids Res 35 W522-W525 (2007).
2026-02-05 12:32:11,743 INFO:main.py:770:main_driver:Checking and transforming input arguments.
2026-02-05 12:32:11,745 INFO:main.py:774:main_driver:Loading topology files.
2026-02-05 12:32:11,804 INFO:main.py:776:main_driver:Loading molecule: data/04_out/aligned_struct/U5HKE8.aligned.pdb
2026-02-05 12:32:11,824 INFO:main.py:781:main_driver:Setting up molecule.
2026-02-05 12:32:11,835 INFO:main.py:423:setup_molecule:Created biomolecule object with 512 residues and 4124 atoms.
2026-02-05 12:32:11,835 INFO:main.py:785:main_driver:Setting termini states for biomolecule chains.
2026-02-05 12:32:11,842 INFO:main.py:616:non_trivial:Loading forcefield.
2026-02-05 12:32:11,848 INFO:main.py:620:non_trivial:Loading hydrogen topology definitions.
2026-02-05 12:32:11,852 INFO:main.py:474:is_repairable:This biomolecule is clean.  No repair needed.
2026-02-05 12:32:11,852 INFO:main.py:635:non_trivial:Updating disulfide bridges.
2026-02-05 12:32:11,852 INFO:main.py:638:non_trivial:Debumping biomolecule.
2026-02-05 12:32:11,932 INFO:main.py:661:non_trivial:Adding hydrogens to biomolecule.
2026-02-05 12:32:12,189 INFO:main.py:664:non_trivial:Debumping biomolecule (again).
2026-02-05 12:32:12,545 INFO:main.py:666:non_trivial:Optimizing hydrogen bonds
2026-02-05 12:32:12,545 INFO:__init__.py:375:initialize_wat_optimization:Initializing water bonding optimization...
2026-02-05 12:32:12,650 INFO:main.py:678:non_trivial:Applying force field to biomolecule states.
2026-02-05 12:32:12,654 INFO:main.py:725:non_trivial:Regenerating headers.
2026-02-05 12:32:12,655 INFO:main.py:750:non_trivial:Regenerating PDB lines.
2026-02-05 12:32:12,684 WARNING:main.py:326:print_pqr:Ignoring 390 header lines in output.
2026-02-05 12:50:33,631 INFO:main.py:246:print_splash_screen:PDB2PQR v3.7.1: biomolecular structure conversion software.
2026-02-05 12:50:33,632 INFO:main.py:248:print_splash_screen:Please cite:  Jurrus E, et al.  Improvements to the APBS biomolecular solvation software suite.  Protein Sci 27 112-128 (2018).
2026-02-05 12:50:33,632 INFO:main.py:248:print_splash_screen:Please cite:  Dolinsky TJ, et al.  PDB2PQR: expanding and upgrading automated preparation of biomolecular structures for molecular simulations. Nucleic Acids Res 35 W522-W525 (2007).
2026-02-05 12:50:33,632 INFO:main.py:770:main_driver:Checking and transforming input arguments.
2026-02-05 12:50:33,632 INFO:main.py:774:main_driver:Loading topology files.
2026-02-05 12:50:33,668 INFO:main.py:776:main_driver:Loading molecule: data/04_out/aligned_struct/U5HKE8.aligned.pdb
2026-02-05 12:50:33,681 INFO:main.py:781:main_driver:Setting up molecule.
2026-02-05 12:50:33,689 INFO:main.py:423:setup_molecule:Created biomolecule object with 512 residues and 4124 atoms.
2026-02-05 12:50:33,690 INFO:main.py:785:main_driver:Setting termini states for biomolecule chains.
2026-02-05 12:50:33,695 INFO:main.py:616:non_trivial:Loading forcefield.
2026-02-05 12:50:33,701 INFO:main.py:620:non_trivial:Loading hydrogen topology definitions.
2026-02-05 12:50:33,705 INFO:main.py:474:is_repairable:This biomolecule is clean.  No repair needed.
2026-02-05 12:50:33,705 INFO:main.py:635:non_trivial:Updating disulfide bridges.
2026-02-05 12:50:33,705 INFO:main.py:638:non_trivial:Debumping biomolecule.
2026-02-05 12:50:33,773 INFO:main.py:661:non_trivial:Adding hydrogens to biomolecule.
2026-02-05 12:50:33,974 INFO:main.py:664:non_trivial:Debumping biomolecule (again).
2026-02-05 12:50:34,247 INFO:main.py:666:non_trivial:Optimizing hydrogen bonds
2026-02-05 12:50:34,248 INFO:__init__.py:375:initialize_wat_optimization:Initializing water bonding optimization...
2026-02-05 12:50:34,328 INFO:main.py:678:non_trivial:Applying force field to biomolecule states.
2026-02-05 12:50:34,332 INFO:main.py:725:non_trivial:Regenerating headers.
2026-02-05 12:50:34,332 INFO:main.py:750:non_trivial:Regenerating PDB lines.
2026-02-05 12:50:34,356 WARNING:main.py:326:print_pqr:Ignoring 390 header lines in output.
