2026-02-05 12:32:13,027 INFO:main.py:246:print_splash_screen:PDB2PQR v3.7.1: biomolecular structure conversion software.
2026-02-05 12:32:13,027 INFO:main.py:248:print_splash_screen:Please cite:  Jurrus E, et al.  Improvements to the APBS biomolecular solvation software suite.  Protein Sci 27 112-128 (2018).
2026-02-05 12:32:13,027 INFO:main.py:248:print_splash_screen:Please cite:  Dolinsky TJ, et al.  PDB2PQR: expanding and upgrading automated preparation of biomolecular structures for molecular simulations. Nucleic Acids Res 35 W522-W525 (2007).
2026-02-05 12:32:13,027 INFO:main.py:770:main_driver:Checking and transforming input arguments.
2026-02-05 12:32:13,027 INFO:main.py:774:main_driver:Loading topology files.
2026-02-05 12:32:13,082 INFO:main.py:776:main_driver:Loading molecule: data/04_out/aligned_struct/W0FKI0.aligned.pdb
2026-02-05 12:32:13,093 INFO:main.py:781:main_driver:Setting up molecule.
2026-02-05 12:32:13,103 INFO:main.py:423:setup_molecule:Created biomolecule object with 503 residues and 3937 atoms.
2026-02-05 12:32:13,103 INFO:main.py:785:main_driver:Setting termini states for biomolecule chains.
2026-02-05 12:32:13,110 INFO:main.py:616:non_trivial:Loading forcefield.
2026-02-05 12:32:13,117 INFO:main.py:620:non_trivial:Loading hydrogen topology definitions.
2026-02-05 12:32:13,121 INFO:main.py:474:is_repairable:This biomolecule is clean.  No repair needed.
2026-02-05 12:32:13,121 INFO:main.py:635:non_trivial:Updating disulfide bridges.
2026-02-05 12:32:13,121 INFO:main.py:638:non_trivial:Debumping biomolecule.
2026-02-05 12:32:13,198 INFO:main.py:661:non_trivial:Adding hydrogens to biomolecule.
2026-02-05 12:32:13,444 INFO:main.py:664:non_trivial:Debumping biomolecule (again).
2026-02-05 12:32:13,783 INFO:main.py:666:non_trivial:Optimizing hydrogen bonds
2026-02-05 12:32:13,783 INFO:__init__.py:375:initialize_wat_optimization:Initializing water bonding optimization...
2026-02-05 12:32:13,882 INFO:main.py:678:non_trivial:Applying force field to biomolecule states.
2026-02-05 12:32:13,886 INFO:main.py:725:non_trivial:Regenerating headers.
2026-02-05 12:32:13,886 INFO:main.py:750:non_trivial:Regenerating PDB lines.
2026-02-05 12:32:13,915 WARNING:main.py:326:print_pqr:Ignoring 391 header lines in output.
2026-02-05 12:50:34,590 INFO:main.py:246:print_splash_screen:PDB2PQR v3.7.1: biomolecular structure conversion software.
2026-02-05 12:50:34,591 INFO:main.py:248:print_splash_screen:Please cite:  Jurrus E, et al.  Improvements to the APBS biomolecular solvation software suite.  Protein Sci 27 112-128 (2018).
2026-02-05 12:50:34,591 INFO:main.py:248:print_splash_screen:Please cite:  Dolinsky TJ, et al.  PDB2PQR: expanding and upgrading automated preparation of biomolecular structures for molecular simulations. Nucleic Acids Res 35 W522-W525 (2007).
2026-02-05 12:50:34,591 INFO:main.py:770:main_driver:Checking and transforming input arguments.
2026-02-05 12:50:34,591 INFO:main.py:774:main_driver:Loading topology files.
2026-02-05 12:50:34,620 INFO:main.py:776:main_driver:Loading molecule: data/04_out/aligned_struct/W0FKI0.aligned.pdb
2026-02-05 12:50:34,640 INFO:main.py:781:main_driver:Setting up molecule.
2026-02-05 12:50:34,651 INFO:main.py:423:setup_molecule:Created biomolecule object with 503 residues and 3937 atoms.
2026-02-05 12:50:34,652 INFO:main.py:785:main_driver:Setting termini states for biomolecule chains.
2026-02-05 12:50:34,657 INFO:main.py:616:non_trivial:Loading forcefield.
2026-02-05 12:50:34,663 INFO:main.py:620:non_trivial:Loading hydrogen topology definitions.
2026-02-05 12:50:34,667 INFO:main.py:474:is_repairable:This biomolecule is clean.  No repair needed.
2026-02-05 12:50:34,667 INFO:main.py:635:non_trivial:Updating disulfide bridges.
2026-02-05 12:50:34,668 INFO:main.py:638:non_trivial:Debumping biomolecule.
2026-02-05 12:50:34,744 INFO:main.py:661:non_trivial:Adding hydrogens to biomolecule.
2026-02-05 12:50:34,934 INFO:main.py:664:non_trivial:Debumping biomolecule (again).
2026-02-05 12:50:35,192 INFO:main.py:666:non_trivial:Optimizing hydrogen bonds
2026-02-05 12:50:35,192 INFO:__init__.py:375:initialize_wat_optimization:Initializing water bonding optimization...
2026-02-05 12:50:35,268 INFO:main.py:678:non_trivial:Applying force field to biomolecule states.
2026-02-05 12:50:35,271 INFO:main.py:725:non_trivial:Regenerating headers.
2026-02-05 12:50:35,272 INFO:main.py:750:non_trivial:Regenerating PDB lines.
2026-02-05 12:50:35,294 WARNING:main.py:326:print_pqr:Ignoring 391 header lines in output.
