2026-02-05 12:32:14,261 INFO:main.py:246:print_splash_screen:PDB2PQR v3.7.1: biomolecular structure conversion software.
2026-02-05 12:32:14,261 INFO:main.py:248:print_splash_screen:Please cite:  Jurrus E, et al.  Improvements to the APBS biomolecular solvation software suite.  Protein Sci 27 112-128 (2018).
2026-02-05 12:32:14,261 INFO:main.py:248:print_splash_screen:Please cite:  Dolinsky TJ, et al.  PDB2PQR: expanding and upgrading automated preparation of biomolecular structures for molecular simulations. Nucleic Acids Res 35 W522-W525 (2007).
2026-02-05 12:32:14,261 INFO:main.py:770:main_driver:Checking and transforming input arguments.
2026-02-05 12:32:14,262 INFO:main.py:774:main_driver:Loading topology files.
2026-02-05 12:32:14,304 INFO:main.py:776:main_driver:Loading molecule: data/04_out/aligned_struct/W8JDE2.aligned.pdb
2026-02-05 12:32:14,317 INFO:main.py:781:main_driver:Setting up molecule.
2026-02-05 12:32:14,328 INFO:main.py:423:setup_molecule:Created biomolecule object with 516 residues and 4053 atoms.
2026-02-05 12:32:14,328 INFO:main.py:785:main_driver:Setting termini states for biomolecule chains.
2026-02-05 12:32:14,335 INFO:main.py:616:non_trivial:Loading forcefield.
2026-02-05 12:32:14,342 INFO:main.py:620:non_trivial:Loading hydrogen topology definitions.
2026-02-05 12:32:14,345 INFO:main.py:474:is_repairable:This biomolecule is clean.  No repair needed.
2026-02-05 12:32:14,345 INFO:main.py:635:non_trivial:Updating disulfide bridges.
2026-02-05 12:32:14,346 INFO:main.py:638:non_trivial:Debumping biomolecule.
2026-02-05 12:32:14,423 INFO:main.py:661:non_trivial:Adding hydrogens to biomolecule.
2026-02-05 12:32:14,682 INFO:main.py:664:non_trivial:Debumping biomolecule (again).
2026-02-05 12:32:15,034 INFO:main.py:666:non_trivial:Optimizing hydrogen bonds
2026-02-05 12:32:15,035 INFO:__init__.py:375:initialize_wat_optimization:Initializing water bonding optimization...
2026-02-05 12:32:15,138 INFO:main.py:678:non_trivial:Applying force field to biomolecule states.
2026-02-05 12:32:15,143 INFO:main.py:725:non_trivial:Regenerating headers.
2026-02-05 12:32:15,143 INFO:main.py:750:non_trivial:Regenerating PDB lines.
2026-02-05 12:32:15,173 WARNING:main.py:326:print_pqr:Ignoring 390 header lines in output.
2026-02-05 12:50:35,527 INFO:main.py:246:print_splash_screen:PDB2PQR v3.7.1: biomolecular structure conversion software.
2026-02-05 12:50:35,528 INFO:main.py:248:print_splash_screen:Please cite:  Jurrus E, et al.  Improvements to the APBS biomolecular solvation software suite.  Protein Sci 27 112-128 (2018).
2026-02-05 12:50:35,528 INFO:main.py:248:print_splash_screen:Please cite:  Dolinsky TJ, et al.  PDB2PQR: expanding and upgrading automated preparation of biomolecular structures for molecular simulations. Nucleic Acids Res 35 W522-W525 (2007).
2026-02-05 12:50:35,528 INFO:main.py:770:main_driver:Checking and transforming input arguments.
2026-02-05 12:50:35,528 INFO:main.py:774:main_driver:Loading topology files.
2026-02-05 12:50:35,558 INFO:main.py:776:main_driver:Loading molecule: data/04_out/aligned_struct/W8JDE2.aligned.pdb
2026-02-05 12:50:35,568 INFO:main.py:781:main_driver:Setting up molecule.
2026-02-05 12:50:35,577 INFO:main.py:423:setup_molecule:Created biomolecule object with 516 residues and 4053 atoms.
2026-02-05 12:50:35,578 INFO:main.py:785:main_driver:Setting termini states for biomolecule chains.
2026-02-05 12:50:35,584 INFO:main.py:616:non_trivial:Loading forcefield.
2026-02-05 12:50:35,590 INFO:main.py:620:non_trivial:Loading hydrogen topology definitions.
2026-02-05 12:50:35,592 INFO:main.py:474:is_repairable:This biomolecule is clean.  No repair needed.
2026-02-05 12:50:35,592 INFO:main.py:635:non_trivial:Updating disulfide bridges.
2026-02-05 12:50:35,592 INFO:main.py:638:non_trivial:Debumping biomolecule.
2026-02-05 12:50:35,676 INFO:main.py:661:non_trivial:Adding hydrogens to biomolecule.
2026-02-05 12:50:35,877 INFO:main.py:664:non_trivial:Debumping biomolecule (again).
2026-02-05 12:50:36,148 INFO:main.py:666:non_trivial:Optimizing hydrogen bonds
2026-02-05 12:50:36,148 INFO:__init__.py:375:initialize_wat_optimization:Initializing water bonding optimization...
2026-02-05 12:50:36,226 INFO:main.py:678:non_trivial:Applying force field to biomolecule states.
2026-02-05 12:50:36,229 INFO:main.py:725:non_trivial:Regenerating headers.
2026-02-05 12:50:36,230 INFO:main.py:750:non_trivial:Regenerating PDB lines.
2026-02-05 12:50:36,254 WARNING:main.py:326:print_pqr:Ignoring 390 header lines in output.
