2026-02-05 12:32:15,531 INFO:main.py:246:print_splash_screen:PDB2PQR v3.7.1: biomolecular structure conversion software.
2026-02-05 12:32:15,531 INFO:main.py:248:print_splash_screen:Please cite:  Jurrus E, et al.  Improvements to the APBS biomolecular solvation software suite.  Protein Sci 27 112-128 (2018).
2026-02-05 12:32:15,531 INFO:main.py:248:print_splash_screen:Please cite:  Dolinsky TJ, et al.  PDB2PQR: expanding and upgrading automated preparation of biomolecular structures for molecular simulations. Nucleic Acids Res 35 W522-W525 (2007).
2026-02-05 12:32:15,531 INFO:main.py:770:main_driver:Checking and transforming input arguments.
2026-02-05 12:32:15,531 INFO:main.py:774:main_driver:Loading topology files.
2026-02-05 12:32:15,575 INFO:main.py:776:main_driver:Loading molecule: data/04_out/aligned_struct/X2EW55.aligned.pdb
2026-02-05 12:32:15,587 INFO:main.py:781:main_driver:Setting up molecule.
2026-02-05 12:32:15,596 INFO:main.py:423:setup_molecule:Created biomolecule object with 499 residues and 3995 atoms.
2026-02-05 12:32:15,597 INFO:main.py:785:main_driver:Setting termini states for biomolecule chains.
2026-02-05 12:32:15,604 INFO:main.py:616:non_trivial:Loading forcefield.
2026-02-05 12:32:15,610 INFO:main.py:620:non_trivial:Loading hydrogen topology definitions.
2026-02-05 12:32:15,613 INFO:main.py:474:is_repairable:This biomolecule is clean.  No repair needed.
2026-02-05 12:32:15,613 INFO:main.py:635:non_trivial:Updating disulfide bridges.
2026-02-05 12:32:15,613 INFO:main.py:638:non_trivial:Debumping biomolecule.
2026-02-05 12:32:15,690 INFO:main.py:661:non_trivial:Adding hydrogens to biomolecule.
2026-02-05 12:32:15,934 INFO:main.py:664:non_trivial:Debumping biomolecule (again).
2026-02-05 12:32:16,276 INFO:main.py:666:non_trivial:Optimizing hydrogen bonds
2026-02-05 12:32:16,276 INFO:__init__.py:375:initialize_wat_optimization:Initializing water bonding optimization...
2026-02-05 12:32:16,376 INFO:main.py:678:non_trivial:Applying force field to biomolecule states.
2026-02-05 12:32:16,380 INFO:main.py:725:non_trivial:Regenerating headers.
2026-02-05 12:32:16,381 INFO:main.py:750:non_trivial:Regenerating PDB lines.
2026-02-05 12:32:16,410 WARNING:main.py:326:print_pqr:Ignoring 391 header lines in output.
2026-02-05 12:50:36,506 INFO:main.py:246:print_splash_screen:PDB2PQR v3.7.1: biomolecular structure conversion software.
2026-02-05 12:50:36,507 INFO:main.py:248:print_splash_screen:Please cite:  Jurrus E, et al.  Improvements to the APBS biomolecular solvation software suite.  Protein Sci 27 112-128 (2018).
2026-02-05 12:50:36,507 INFO:main.py:248:print_splash_screen:Please cite:  Dolinsky TJ, et al.  PDB2PQR: expanding and upgrading automated preparation of biomolecular structures for molecular simulations. Nucleic Acids Res 35 W522-W525 (2007).
2026-02-05 12:50:36,507 INFO:main.py:770:main_driver:Checking and transforming input arguments.
2026-02-05 12:50:36,507 INFO:main.py:774:main_driver:Loading topology files.
2026-02-05 12:50:36,541 INFO:main.py:776:main_driver:Loading molecule: data/04_out/aligned_struct/X2EW55.aligned.pdb
2026-02-05 12:50:36,552 INFO:main.py:781:main_driver:Setting up molecule.
2026-02-05 12:50:36,561 INFO:main.py:423:setup_molecule:Created biomolecule object with 499 residues and 3995 atoms.
2026-02-05 12:50:36,561 INFO:main.py:785:main_driver:Setting termini states for biomolecule chains.
2026-02-05 12:50:36,567 INFO:main.py:616:non_trivial:Loading forcefield.
2026-02-05 12:50:36,571 INFO:main.py:620:non_trivial:Loading hydrogen topology definitions.
2026-02-05 12:50:36,577 INFO:main.py:474:is_repairable:This biomolecule is clean.  No repair needed.
2026-02-05 12:50:36,577 INFO:main.py:635:non_trivial:Updating disulfide bridges.
2026-02-05 12:50:36,578 INFO:main.py:638:non_trivial:Debumping biomolecule.
2026-02-05 12:50:36,648 INFO:main.py:661:non_trivial:Adding hydrogens to biomolecule.
2026-02-05 12:50:36,837 INFO:main.py:664:non_trivial:Debumping biomolecule (again).
2026-02-05 12:50:37,101 INFO:main.py:666:non_trivial:Optimizing hydrogen bonds
2026-02-05 12:50:37,101 INFO:__init__.py:375:initialize_wat_optimization:Initializing water bonding optimization...
2026-02-05 12:50:37,179 INFO:main.py:678:non_trivial:Applying force field to biomolecule states.
2026-02-05 12:50:37,182 INFO:main.py:725:non_trivial:Regenerating headers.
2026-02-05 12:50:37,182 INFO:main.py:750:non_trivial:Regenerating PDB lines.
2026-02-05 12:50:37,205 WARNING:main.py:326:print_pqr:Ignoring 391 header lines in output.
